#
# A fatal error has been detected by the Java Runtime Environment:
#
#  SIGSEGV (0xb) at pc=0x00007f86d6fa4f13, pid=13263, tid=0x00007f86d505a700
#
# JRE version: OpenJDK Runtime Environment (8.0_76-b03) (build 1.8.0_76-release-b03)
# Java VM: OpenJDK 64-Bit Server VM (25.76-b03 mixed mode linux-amd64 compressed oops)
# Problematic frame:
# V  [libjvm.so+0x484f13]  oopDesc::size()+0x43
#
# Failed to write core dump. Core dumps have been disabled. To enable core dumping, try "ulimit -c unlimited" before starting Java again
#
# If you would like to submit a bug report, please visit:
#   http://bugreport.java.com/bugreport/crash.jsp
#

---------------  T H R E A D  ---------------

Current thread (0x00007f86d001f000):  GCTaskThread [stack: 0x00007f86d4f5a000,0x00007f86d505b000] [id=13267]

siginfo: si_signo: 11 (SIGSEGV), si_code: 1 (SEGV_MAPERR), si_addr: 0x00000000000000d0

Registers:
RAX=0x00007f86d79b9b80, RBX=0x00000000c0070b08, RCX=0x0000000000000003, RDX=0x00000000000000c8
RSP=0x00007f86d5059be0, RBP=0x00007f86d5059be0, RSI=0x0000000000000001, RDI=0x00000000c0070b08
R8 =0x00000000c0070b08, R9 =0x0000000000000004, R10=0x00007f86d79e31a0, R11=0x0800000000000000
R12=0x00007f86d0077a70, R13=0x0000000100008bf8, R14=0x00000000c024c3b8, R15=0x00000000c024c3d8
RIP=0x00007f86d6fa4f13, EFLAGS=0x0000000000010202, CSGSFS=0x0000000000000033, ERR=0x0000000000000004
  TRAPNO=0x000000000000000e

Top of Stack: (sp=0x00007f86d5059be0)
0x00007f86d5059be0:   00007f86d5059c50 00007f86d710e520
0x00007f86d5059bf0:   00007f86d79e31a0 00007f86d0077ab0
0x00007f86d5059c00:   00000000c024c380 0000000100008c00
0x00007f86d5059c10:   00007f86d79e31a0 0000000000000002
0x00007f86d5059c20:   00007f86d0077a70 00007f86d79df230
0x00007f86d5059c30:   00007f86d002a260 00007f86d0077a70
0x00007f86d5059c40:   00007f86d001f550 00007f86d001f500
0x00007f86d5059c50:   00007f86d5059d20 00007f86d73c0252
0x00007f86d5059c60:   00007f86d5059cd0 00007f86d0077b00
0x00007f86d5059c70:   00007f86d0077b30 00000000efec1a08
0x00007f86d5059c80:   00007f86d0077a80 0000000000000000
0x00007f86d5059c90:   00007f86d0077ab0 00000000fab4cab0
0x00007f86d5059ca0:   00007f86d5059d10 00007f86d73d02b2
0x00007f86d5059cb0:   00000000c024c380 0000000000000c00
0x00007f86d5059cc0:   0000000000000000 0000000000000000
0x00007f86d5059cd0:   00007f86d5059d00 00007f8668008000
0x00007f86d5059ce0:   00007f86d5059d01 00007f86d7a1d401
0x00007f86d5059cf0:   0000000000000000 00007f86d001f540
0x00007f86d5059d00:   00007f86d002a260 00007f86d0077a70
0x00007f86d5059d10:   00007f86d001f550 00007f86d001f500
0x00007f86d5059d20:   00007f86d5059e00 00007f86d73a511c
0x00007f86d5059d30:   0000000000000000 00007f86d5059d50
0x00007f86d5059d40:   00000000000003d8 00007f86d001f928
0x00007f86d5059d50:   00007f86d799ee70 00007f86d001e700
0x00007f86d5059d60:   00007f86d0077a70 0000000000000000
0x00007f86d5059d70:   00007f86d7997740 00007f86d001f000
0x00007f86d5059d80:   00007f86d5059d50 00007f86d7328f00
0x00007f86d5059d90:   00007f86d79976a0 00007f86d001f000
0x00007f86d5059da0:   00007f86d5059d50 00007f86d7997680
0x00007f86d5059db0:   00007f86d001e800 00007f86d5059d50
0x00007f86d5059dc0:   00007f86d001e701 00007f86d001e760
0x00007f86d5059dd0:   00007f86d5059e00 0000000000000001 

Instructions: (pc=0x00007f86d6fa4f13)
0x00007f86d6fa4ef3:   c1 f8 03 5d c3 0f 1f 84 00 00 00 00 00 48 8d 05
0x00007f86d6fa4f03:   79 4c a1 00 8b 57 08 8b 48 08 48 d3 e2 48 03 10
0x00007f86d6fa4f13:   8b 42 08 83 f8 00 7f d4 75 1b 0f 1f 00 48 8b 02
0x00007f86d6fa4f23:   48 89 fe 48 89 d7 5d 48 8b 80 e8 00 00 00 ff e0 

Register to memory mapping:

RAX=0x00007f86d79b9b80: <offset 0xe99b80> in /usr/local/android-studio/jre/jre/lib/amd64/server/libjvm.so at 0x00007f86d6b20000
RBX=0x00000000c0070b08 is pointing into object: 0x00000000c0070b00
[Ljava.lang.Class; 
 - klass: 'java/lang/Class'[]
 - length: 0
RCX=0x0000000000000003 is an unknown value
RDX=0x00000000000000c8 is an unknown value
RSP=0x00007f86d5059be0 is an unknown value
RBP=0x00007f86d5059be0 is an unknown value
RSI=0x0000000000000001 is an unknown value
RDI=0x00000000c0070b08 is pointing into object: 0x00000000c0070b00
[Ljava.lang.Class; 
 - klass: 'java/lang/Class'[]
 - length: 0
R8 =0x00000000c0070b08 is pointing into object: 0x00000000c0070b00
[Ljava.lang.Class; 
 - klass: 'java/lang/Class'[]
 - length: 0
R9 =0x0000000000000004 is an unknown value
R10=0x00007f86d79e31a0: <offset 0xec31a0> in /usr/local/android-studio/jre/jre/lib/amd64/server/libjvm.so at 0x00007f86d6b20000
R11=0x0800000000000000 is an unknown value
R12=0x00007f86d0077a70 is an unknown value
R13=0x0000000100008bf8 is pointing into metadata
R14=0x00000000c024c3b8 is pointing into object: 0x00000000c024c380
java.lang.reflect.Method 
 - klass: 'java/lang/reflect/Method'
R15=0x00000000c024c3d8 is an oop
[Ljava.lang.Class; 
 - klass: 'java/lang/Class'[]
 - length: 0


Stack: [0x00007f86d4f5a000,0x00007f86d505b000],  sp=0x00007f86d5059be0,  free space=1022k
Native frames: (J=compiled Java code, j=interpreted, Vv=VM code, C=native code)
V  [libjvm.so+0x484f13]  oopDesc::size()+0x43
V  [libjvm.so+0x5ee520]  InstanceKlass::oop_follow_contents(ParCompactionManager*, oopDesc*)+0x2f0
V  [libjvm.so+0x8a0252]  ParCompactionManager::follow_marking_stacks()+0x402
V  [libjvm.so+0x88511c]  ThreadRootsMarkingTask::do_it(GCTaskManager*, unsigned int)+0x12c
V  [libjvm.so+0x57ef02]  GCTaskThread::run()+0x162
V  [libjvm.so+0x8425b2]  java_start(Thread*)+0xf2


---------------  P R O C E S S  ---------------

Java Threads: ( => current thread )
  0x00007f8668d97000 JavaThread "File lock request listener" [_thread_in_native, id=13294, stack(0x00007f86a98a1000,0x00007f86a99a2000)]
  0x00007f8668cb6000 JavaThread "process reaper" daemon [_thread_blocked, id=13293, stack(0x00007f86a9ba2000,0x00007f86a9bdb000)]
  0x00007f8668013000 JavaThread "Stdin handler" [_thread_blocked, id=13291, stack(0x00007f86aa654000,0x00007f86aa755000)]
  0x00007f8668008000 JavaThread "Asynchronous log dispatcher for org.gradle.launcher.daemon.server.DefaultDaemonConnection@6e28c91f" [_thread_blocked, id=13290, stack(0x00007f86aa755000,0x00007f86aa856000)]
  0x00007f866c009800 JavaThread "Daemon worker" [_thread_blocked, id=13287, stack(0x00007f86aa856000,0x00007f86aa957000)]
  0x00007f866c008000 JavaThread "Cancel handler" [_thread_blocked, id=13286, stack(0x00007f86aa957000,0x00007f86aaa58000)]
  0x00007f866c003800 JavaThread "Handler for socket connection from /127.0.0.1:33348 to /127.0.0.1:47842" [_thread_in_native, id=13285, stack(0x00007f86aaa58000,0x00007f86aab59000)]
  0x00007f867403c800 JavaThread "Daemon" [_thread_blocked, id=13284, stack(0x00007f86aab59000,0x00007f86aac5a000)]
  0x00007f86d0c2e800 JavaThread "pool-1-thread-1" [_thread_blocked, id=13283, stack(0x00007f86aac5a000,0x00007f86aad5b000)]
  0x00007f86d0c09000 JavaThread "Incoming local TCP Connector on port 33348" [_thread_in_native, id=13282, stack(0x00007f86aaf62000,0x00007f86ab063000)]
  0x00007f86d00e6800 JavaThread "Service Thread" daemon [_thread_blocked, id=13280, stack(0x00007f86b0631000,0x00007f86b0732000)]
  0x00007f86d00c1800 JavaThread "C1 CompilerThread2" daemon [_thread_blocked, id=13279, stack(0x00007f86b0732000,0x00007f86b0833000)]
  0x00007f86d00c0000 JavaThread "C2 CompilerThread1" daemon [_thread_blocked, id=13278, stack(0x00007f86b0833000,0x00007f86b0934000)]
  0x00007f86d00bd000 JavaThread "C2 CompilerThread0" daemon [_thread_blocked, id=13277, stack(0x00007f86b0934000,0x00007f86b0a35000)]
  0x00007f86d00bb800 JavaThread "Signal Dispatcher" daemon [_thread_blocked, id=13276, stack(0x00007f86b0a35000,0x00007f86b0b36000)]
  0x00007f86d0087800 JavaThread "Finalizer" daemon [_thread_blocked, id=13275, stack(0x00007f86b14f5000,0x00007f86b15f6000)]
  0x00007f86d0083000 JavaThread "Reference Handler" daemon [_thread_blocked, id=13274, stack(0x00007f86b15f6000,0x00007f86b16f7000)]
  0x00007f86d000a000 JavaThread "main" [_thread_blocked, id=13266, stack(0x00007f86d8515000,0x00007f86d8616000)]

Other Threads:
  0x00007f86d007b000 VMThread [stack: 0x00007f86b16f7000,0x00007f86b17f8000] [id=13273]
  0x00007f86d00e9000 WatcherThread [stack: 0x00007f86b0530000,0x00007f86b0631000] [id=13281]

=>0x00007f86d001f000 (exited) GCTaskThread [stack: 0x00007f86d4f5a000,0x00007f86d505b000] [id=13267]

VM state:at safepoint (normal execution)

VM Mutex/Monitor currently owned by a thread:  ([mutex/lock_event])
[0x00007f86d0006330] Threads_lock - owner thread: 0x00007f86d007b000
[0x00007f86d0006830] Heap_lock - owner thread: 0x00007f866c009800

Heap:
 PSYoungGen      total 266752K, used 10747K [0x00000000eab00000, 0x0000000100000000, 0x0000000100000000)
  eden space 256000K, 0% used [0x00000000eab00000,0x00000000eab00000,0x00000000fa500000)
  from space 10752K, 99% used [0x00000000fa500000,0x00000000faf7ee10,0x00000000faf80000)
  to   space 14848K, 0% used [0x00000000ff180000,0x00000000ff180000,0x0000000100000000)
 ParOldGen       total 89600K, used 9212K [0x00000000c0000000, 0x00000000c5780000, 0x00000000eab00000)
  object space 89600K, 10% used [0x00000000c0000000,0x00000000c08ff120,0x00000000c5780000)
 Metaspace       used 34732K, capacity 35330K, committed 35496K, reserved 1079296K
  class space    used 4662K, capacity 4862K, committed 4864K, reserved 1048576K

Card table byte_map: [0x00007f86d51b1000,0x00007f86d53b2000] byte_map_base: 0x00007f86d4bb1000

Marking Bits: (ParMarkBitMap*) 0x00007f86d79e31a0
 Begin Bits: [0x00007f86b2000000, 0x00007f86b3000000)
 End Bits:   [0x00007f86b3000000, 0x00007f86b4000000)

Polling page: 0x00007f86d8633000

CodeCache: size=245760Kb used=12086Kb max_used=12086Kb free=233673Kb
 bounds [0x00007f86c1000000, 0x00007f86c1be0000, 0x00007f86d0000000]
 total_blobs=4328 nmethods=3676 adapters=567
 compilation: enabled

Compilation events (10 events):
Event: 3,560 Thread 0x00007f86d00c1800 nmethod 3693 0x00007f86c1bc4b90 code [0x00007f86c1bc4d20, 0x00007f86c1bc5148]
Event: 3,561 Thread 0x00007f86d00c1800 3694       3       sun.security.jca.ProviderList::getProvider (22 bytes)
Event: 3,561 Thread 0x00007f86d00c1800 nmethod 3694 0x00007f86c1bc4650 code [0x00007f86c1bc47c0, 0x00007f86c1bc4a48]
Event: 3,561 Thread 0x00007f86d00c1800 3695       3       sun.security.util.ObjectIdentifier::pack (219 bytes)
Event: 3,561 Thread 0x00007f86d00c1800 nmethod 3695 0x00007f86c1bc3ad0 code [0x00007f86c1bc3c80, 0x00007f86c1bc42c8]
Event: 3,562 Thread 0x00007f86d00c1800 3696  s    3       java.io.ByteArrayInputStream::available (10 bytes)
Event: 3,563 Thread 0x00007f86d00c1800 nmethod 3696 0x00007f86c1bc3610 code [0x00007f86c1bc3780, 0x00007f86c1bc3a30]
Event: 3,563 Thread 0x00007f86d00c1800 3697       3       java.io.ByteArrayInputStream::mark (9 bytes)
Event: 3,563 Thread 0x00007f86d00c1800 nmethod 3697 0x00007f86c1bc3310 code [0x00007f86c1bc3460, 0x00007f86c1bc35b0]
Event: 3,563 Thread 0x00007f86d00c1800 3698   !   3       java.security.Provider$Service::newInstance (416 bytes)

GC Heap History (10 events):
Event: 1,517 GC heap after
Heap after GC invocations=2 (full 0):
 PSYoungGen      total 139776K, used 10751K [0x00000000eab00000, 0x00000000f3e00000, 0x0000000100000000)
  eden space 129024K, 0% used [0x00000000eab00000,0x00000000eab00000,0x00000000f2900000)
  from space 10752K, 99% used [0x00000000f3380000,0x00000000f3dfffe8,0x00000000f3e00000)
  to   space 10752K, 0% used [0x00000000f2900000,0x00000000f2900000,0x00000000f3380000)
 ParOldGen       total 172032K, used 2475K [0x00000000c0000000, 0x00000000ca800000, 0x00000000eab00000)
  object space 172032K, 1% used [0x00000000c0000000,0x00000000c026ad28,0x00000000ca800000)
 Metaspace       used 20353K, capacity 20716K, committed 20736K, reserved 1067008K
  class space    used 2716K, capacity 2815K, committed 2816K, reserved 1048576K
}
Event: 1,593 GC heap before
{Heap before GC invocations=3 (full 0):
 PSYoungGen      total 139776K, used 19091K [0x00000000eab00000, 0x00000000f3e00000, 0x0000000100000000)
  eden space 129024K, 6% used [0x00000000eab00000,0x00000000eb324e00,0x00000000f2900000)
  from space 10752K, 99% used [0x00000000f3380000,0x00000000f3dfffe8,0x00000000f3e00000)
  to   space 10752K, 0% used [0x00000000f2900000,0x00000000f2900000,0x00000000f3380000)
 ParOldGen       total 172032K, used 2475K [0x00000000c0000000, 0x00000000ca800000, 0x00000000eab00000)
  object space 172032K, 1% used [0x00000000c0000000,0x00000000c026ad28,0x00000000ca800000)
 Metaspace       used 20898K, capacity 21186K, committed 21296K, reserved 1067008K
  class space    used 2788K, capacity 2885K, committed 2944K, reserved 1048576K
Event: 1,614 GC heap after
Heap after GC invocations=3 (full 0):
 PSYoungGen      total 139776K, used 8084K [0x00000000eab00000, 0x00000000fbc00000, 0x0000000100000000)
  eden space 129024K, 0% used [0x00000000eab00000,0x00000000eab00000,0x00000000f2900000)
  from space 10752K, 75% used [0x00000000f2900000,0x00000000f30e5040,0x00000000f3380000)
  to   space 10752K, 0% used [0x00000000fb180000,0x00000000fb180000,0x00000000fbc00000)
 ParOldGen       total 172032K, used 2483K [0x00000000c0000000, 0x00000000ca800000, 0x00000000eab00000)
  object space 172032K, 1% used [0x00000000c0000000,0x00000000c026cd28,0x00000000ca800000)
 Metaspace       used 20898K, capacity 21186K, committed 21296K, reserved 1067008K
  class space    used 2788K, capacity 2885K, committed 2944K, reserved 1048576K
}
Event: 1,614 GC heap before
{Heap before GC invocations=4 (full 1):
 PSYoungGen      total 139776K, used 8084K [0x00000000eab00000, 0x00000000fbc00000, 0x0000000100000000)
  eden space 129024K, 0% used [0x00000000eab00000,0x00000000eab00000,0x00000000f2900000)
  from space 10752K, 75% used [0x00000000f2900000,0x00000000f30e5040,0x00000000f3380000)
  to   space 10752K, 0% used [0x00000000fb180000,0x00000000fb180000,0x00000000fbc00000)
 ParOldGen       total 172032K, used 2483K [0x00000000c0000000, 0x00000000ca800000, 0x00000000eab00000)
  object space 172032K, 1% used [0x00000000c0000000,0x00000000c026cd28,0x00000000ca800000)
 Metaspace       used 20898K, capacity 21186K, committed 21296K, reserved 1067008K
  class space    used 2788K, capacity 2885K, committed 2944K, reserved 1048576K
Event: 1,654 GC heap after
Heap after GC invocations=4 (full 1):
 PSYoungGen      total 139776K, used 0K [0x00000000eab00000, 0x00000000fbc00000, 0x0000000100000000)
  eden space 129024K, 0% used [0x00000000eab00000,0x00000000eab00000,0x00000000f2900000)
  from space 10752K, 0% used [0x00000000f2900000,0x00000000f2900000,0x00000000f3380000)
  to   space 10752K, 0% used [0x00000000fb180000,0x00000000fb180000,0x00000000fbc00000)
 ParOldGen       total 89600K, used 7875K [0x00000000c0000000, 0x00000000c5780000, 0x00000000eab00000)
  object space 89600K, 8% used [0x00000000c0000000,0x00000000c07b0ff8,0x00000000c5780000)
 Metaspace       used 20898K, capacity 21186K, committed 21296K, reserved 1067008K
  class space    used 2788K, capacity 2885K, committed 2944K, reserved 1048576K
}
Event: 2,687 GC heap before
{Heap before GC invocations=5 (full 1):
 PSYoungGen      total 139776K, used 129024K [0x00000000eab00000, 0x00000000fbc00000, 0x0000000100000000)
  eden space 129024K, 100% used [0x00000000eab00000,0x00000000f2900000,0x00000000f2900000)
  from space 10752K, 0% used [0x00000000f2900000,0x00000000f2900000,0x00000000f3380000)
  to   space 10752K, 0% used [0x00000000fb180000,0x00000000fb180000,0x00000000fbc00000)
 ParOldGen       total 89600K, used 7875K [0x00000000c0000000, 0x00000000c5780000, 0x00000000eab00000)
  object space 89600K, 8% used [0x00000000c0000000,0x00000000c07b0ff8,0x00000000c5780000)
 Metaspace       used 27439K, capacity 27982K, committed 28288K, reserved 1073152K
  class space    used 3748K, capacity 3883K, committed 3968K, reserved 1048576K
Event: 2,703 GC heap after
Heap after GC invocations=5 (full 1):
 PSYoungGen      total 233472K, used 8429K [0x00000000eab00000, 0x00000000fba00000, 0x0000000100000000)
  eden space 224768K, 0% used [0x00000000eab00000,0x00000000eab00000,0x00000000f8680000)
  from space 8704K, 96% used [0x00000000fb180000,0x00000000fb9bb710,0x00000000fba00000)
  to   space 10752K, 0% used [0x00000000fa500000,0x00000000fa500000,0x00000000faf80000)
 ParOldGen       total 89600K, used 7883K [0x00000000c0000000, 0x00000000c5780000, 0x00000000eab00000)
  object space 89600K, 8% used [0x00000000c0000000,0x00000000c07b2ff8,0x00000000c5780000)
 Metaspace       used 27439K, capacity 27982K, committed 28288K, reserved 1073152K
  class space    used 3748K, capacity 3883K, committed 3968K, reserved 1048576K
}
Event: 3,565 GC heap before
{Heap before GC invocations=6 (full 1):
 PSYoungGen      total 233472K, used 109676K [0x00000000eab00000, 0x00000000fba00000, 0x0000000100000000)
  eden space 224768K, 45% used [0x00000000eab00000,0x00000000f0ddfca0,0x00000000f8680000)
  from space 8704K, 96% used [0x00000000fb180000,0x00000000fb9bb710,0x00000000fba00000)
  to   space 10752K, 0% used [0x00000000fa500000,0x00000000fa500000,0x00000000faf80000)
 ParOldGen       total 89600K, used 7883K [0x00000000c0000000, 0x00000000c5780000, 0x00000000eab00000)
  object space 89600K, 8% used [0x00000000c0000000,0x00000000c07b2ff8,0x00000000c5780000)
 Metaspace       used 34732K, capacity 35330K, committed 35496K, reserved 1079296K
  class space    used 4662K, capacity 4862K, committed 4864K, reserved 1048576K
Event: 3,582 GC heap after
Heap after GC invocations=6 (full 1):
 PSYoungGen      total 266752K, used 10747K [0x00000000eab00000, 0x0000000100000000, 0x0000000100000000)
  eden space 256000K, 0% used [0x00000000eab00000,0x00000000eab00000,0x00000000fa500000)
  from space 10752K, 99% used [0x00000000fa500000,0x00000000faf7ee10,0x00000000faf80000)
  to   space 14848K, 0% used [0x00000000ff180000,0x00000000ff180000,0x0000000100000000)
 ParOldGen       total 89600K, used 9212K [0x00000000c0000000, 0x00000000c5780000, 0x00000000eab00000)
  object space 89600K, 10% used [0x00000000c0000000,0x00000000c08ff120,0x00000000c5780000)
 Metaspace       used 34732K, capacity 35330K, committed 35496K, reserved 1079296K
  class space    used 4662K, capacity 4862K, committed 4864K, reserved 1048576K
}
Event: 3,582 GC heap before
{Heap before GC invocations=7 (full 2):
 PSYoungGen      total 266752K, used 10747K [0x00000000eab00000, 0x0000000100000000, 0x0000000100000000)
  eden space 256000K, 0% used [0x00000000eab00000,0x00000000eab00000,0x00000000fa500000)
  from space 10752K, 99% used [0x00000000fa500000,0x00000000faf7ee10,0x00000000faf80000)
  to   space 14848K, 0% used [0x00000000ff180000,0x00000000ff180000,0x0000000100000000)
 ParOldGen       total 89600K, used 9212K [0x00000000c0000000, 0x00000000c5780000, 0x00000000eab00000)
  object space 89600K, 10% used [0x00000000c0000000,0x00000000c08ff120,0x00000000c5780000)
 Metaspace       used 34732K, capacity 35330K, committed 35496K, reserved 1079296K
  class space    used 4662K, capacity 4862K, committed 4864K, reserved 1048576K

Deoptimization events (10 events):
Event: 2,956 Thread 0x00007f866c009800 Uncommon trap: reason=bimorphic action=maybe_recompile pc=0x00007f86c1899658 method=java.lang.ClassLoader.getPackage(Ljava/lang/String;)Ljava/lang/Package; @ 47
Event: 3,056 Thread 0x00007f866c009800 Uncommon trap: reason=class_check action=maybe_recompile pc=0x00007f86c196a450 method=java.security.MessageDigest$Delegate.engineUpdate([BII)V @ 7
Event: 3,057 Thread 0x00007f866c009800 Uncommon trap: reason=unstable_if action=reinterpret pc=0x00007f86c195eb40 method=sun.security.provider.DigestBase.engineUpdate([BII)V @ 35
Event: 3,110 Thread 0x00007f866c009800 Uncommon trap: reason=class_check action=maybe_recompile pc=0x00007f86c196a450 method=java.security.MessageDigest$Delegate.engineUpdate([BII)V @ 7
Event: 3,110 Thread 0x00007f866c009800 Uncommon trap: reason=class_check action=maybe_recompile pc=0x00007f86c196a450 method=java.security.MessageDigest$Delegate.engineUpdate([BII)V @ 7
Event: 3,272 Thread 0x00007f866c009800 Uncommon trap: reason=unstable_if action=reinterpret pc=0x00007f86c16811f0 method=java.util.HashMap.putVal(ILjava/lang/Object;Ljava/lang/Object;ZZ)Ljava/lang/Object; @ 162
Event: 3,272 Thread 0x00007f866c009800 Uncommon trap: reason=unstable_if action=reinterpret pc=0x00007f86c16c5b54 method=java.util.HashMap.putVal(ILjava/lang/Object;Ljava/lang/Object;ZZ)Ljava/lang/Object; @ 162
Event: 3,272 Thread 0x00007f866c009800 Uncommon trap: reason=unstable_if action=reinterpret pc=0x00007f86c16cb778 method=java.util.HashMap.putVal(ILjava/lang/Object;Ljava/lang/Object;ZZ)Ljava/lang/Object; @ 162
Event: 3,273 Thread 0x00007f866c009800 Uncommon trap: reason=unstable_if action=reinterpret pc=0x00007f86c12a1154 method=java.util.HashMap.resize()[Ljava/util/HashMap$Node; @ 206
Event: 3,563 Thread 0x00007f866c009800 Uncommon trap: reason=unstable_if action=reinterpret pc=0x00007f86c140f570 method=java.lang.StringCoding.decode(Ljava/lang/String;[BII)[C @ 51

Internal exceptions (10 events):
Event: 2,950 Thread 0x00007f866c009800 Exception <a 'java/lang/ClassNotFoundException': org/gradle/api/plugins/ObjectConfigurationActionBeanInfo> (0x00000000ec0a6a08) thrown at [/ssd/Android/AOSP-openjdk/external/jetbrains/jdk/hotspot/src/share/vm/classfile/systemDictionary.cpp, line 210]
Event: 2,951 Thread 0x00007f866c009800 Exception <a 'java/lang/ClassNotFoundException': org/gradle/api/plugins/ObjectConfigurationActionCustomizer> (0x00000000ec0cc3a8) thrown at [/ssd/Android/AOSP-openjdk/external/jetbrains/jdk/hotspot/src/share/vm/classfile/systemDictionary.cpp, line 210]
Event: 3,193 Thread 0x00007f866c009800 Exception <a 'java/lang/ClassNotFoundException': org/gradle/api/plugins/BasePluginConventionBeanInfo> (0x00000000ed9d0db0) thrown at [/ssd/Android/AOSP-openjdk/external/jetbrains/jdk/hotspot/src/share/vm/classfile/systemDictionary.cpp, line 210]
Event: 3,194 Thread 0x00007f866c009800 Exception <a 'java/lang/ClassNotFoundException': org/gradle/api/plugins/BasePluginConventionCustomizer> (0x00000000eda03ed0) thrown at [/ssd/Android/AOSP-openjdk/external/jetbrains/jdk/hotspot/src/share/vm/classfile/systemDictionary.cpp, line 210]
Event: 3,395 Thread 0x00007f866c009800 Exception <a 'java/lang/ClassNotFoundException': org/gradle/api/plugins/JavaPluginConventionBeanInfo> (0x00000000efc9a8b0) thrown at [/ssd/Android/AOSP-openjdk/external/jetbrains/jdk/hotspot/src/share/vm/classfile/systemDictionary.cpp, line 210]
Event: 3,396 Thread 0x00007f866c009800 Exception <a 'java/lang/ClassNotFoundException': org/gradle/api/plugins/JavaPluginConventionCustomizer> (0x00000000efccd7e8) thrown at [/ssd/Android/AOSP-openjdk/external/jetbrains/jdk/hotspot/src/share/vm/classfile/systemDictionary.cpp, line 210]
Event: 3,502 Thread 0x00007f866c009800 Exception <a 'java/lang/ClassNotFoundException': com/android/build/gradle/internal/api/DefaultAndroidSourceSet_DecoratedBeanInfo> (0x00000000f0794b98) thrown at [/ssd/Android/AOSP-openjdk/external/jetbrains/jdk/hotspot/src/share/vm/classfile/systemDiction
Event: 3,502 Thread 0x00007f866c009800 Exception <a 'java/lang/ClassNotFoundException': com/android/build/gradle/internal/api/DefaultAndroidSourceSetBeanInfo> (0x00000000f07a8828) thrown at [/ssd/Android/AOSP-openjdk/external/jetbrains/jdk/hotspot/src/share/vm/classfile/systemDictionary.cpp, l
Event: 3,502 Thread 0x00007f866c009800 Exception <a 'java/lang/ClassNotFoundException': com/android/build/gradle/internal/api/DefaultAndroidSourceSetCustomizer> (0x00000000f07bc7f8) thrown at [/ssd/Android/AOSP-openjdk/external/jetbrains/jdk/hotspot/src/share/vm/classfile/systemDictionary.cpp,
Event: 3,503 Thread 0x00007f866c009800 Exception <a 'java/lang/ClassNotFoundException': com/android/build/gradle/internal/api/DefaultAndroidSourceSet_DecoratedCustomizer> (0x00000000f080f568) thrown at [/ssd/Android/AOSP-openjdk/external/jetbrains/jdk/hotspot/src/share/vm/classfile/systemDicti

Events (10 events):
Event: 3,563 loading class sun/security/x509/RFC822Name done
Event: 3,563 Thread 0x00007f866c009800 Uncommon trap: trap_request=0xffffff65 fr.pc=0x00007f86c140f570
Event: 3,563 Thread 0x00007f866c009800 DEOPT PACKING pc=0x00007f86c140f570 sp=0x00007f86aa94dd50
Event: 3,563 Thread 0x00007f866c009800 DEOPT UNPACKING pc=0x00007f86c1004f69 sp=0x00007f86aa94dc90 mode 2
Event: 3,564 loading class sun/nio/cs/US_ASCII$Decoder
Event: 3,564 loading class sun/nio/cs/US_ASCII$Decoder done
Event: 3,564 Executing VM operation: Deoptimize
Event: 3,564 Executing VM operation: Deoptimize done
Event: 3,565 loading class sun/security/pkcs/SignerInfo
Event: 3,565 Executing VM operation: CollectForMetadataAllocation


Dynamic libraries:
00400000-00401000 r-xp 00000000 08:01 117965799                          /usr/local/android-studio/jre/bin/java
00600000-00601000 r--p 00000000 08:01 117965799                          /usr/local/android-studio/jre/bin/java
00601000-00602000 rw-p 00001000 08:01 117965799                          /usr/local/android-studio/jre/bin/java
00cc3000-00ce4000 rw-p 00000000 00:00 0                                  [heap]
c0000000-c5780000 rw-p 00000000 00:00 0 
c5780000-eab00000 ---p 00000000 00:00 0 
eab00000-100000000 rw-p 00000000 00:00 0 
100000000-1004c0000 rw-p 00000000 00:00 0 
1004c0000-140000000 ---p 00000000 00:00 0 
7f8654000000-7f8654021000 rw-p 00000000 00:00 0 
7f8654021000-7f8658000000 ---p 00000000 00:00 0 
7f8658000000-7f8658021000 rw-p 00000000 00:00 0 
7f8658021000-7f865c000000 ---p 00000000 00:00 0 
7f865c000000-7f865c021000 rw-p 00000000 00:00 0 
7f865c021000-7f8660000000 ---p 00000000 00:00 0 
7f8660000000-7f8660021000 rw-p 00000000 00:00 0 
7f8660021000-7f8664000000 ---p 00000000 00:00 0 
7f8664000000-7f8664021000 rw-p 00000000 00:00 0 
7f8664021000-7f8668000000 ---p 00000000 00:00 0 
7f8668000000-7f866930c000 rw-p 00000000 00:00 0 
7f866930c000-7f866c000000 ---p 00000000 00:00 0 
7f866c000000-7f866c021000 rw-p 00000000 00:00 0 
7f866c021000-7f8670000000 ---p 00000000 00:00 0 
7f8670000000-7f8670021000 rw-p 00000000 00:00 0 
7f8670021000-7f8674000000 ---p 00000000 00:00 0 
7f8674000000-7f8674071000 rw-p 00000000 00:00 0 
7f8674071000-7f8678000000 ---p 00000000 00:00 0 
7f8678000000-7f8678021000 rw-p 00000000 00:00 0 
7f8678021000-7f867c000000 ---p 00000000 00:00 0 
7f867c000000-7f867c021000 rw-p 00000000 00:00 0 
7f867c021000-7f8680000000 ---p 00000000 00:00 0 
7f8680000000-7f8680021000 rw-p 00000000 00:00 0 
7f8680021000-7f8684000000 ---p 00000000 00:00 0 
7f8684000000-7f868562e000 rw-p 00000000 00:00 0 
7f868562e000-7f8688000000 ---p 00000000 00:00 0 
7f8688000000-7f8688b23000 rw-p 00000000 00:00 0 
7f8688b23000-7f868c000000 ---p 00000000 00:00 0 
7f868c000000-7f868c021000 rw-p 00000000 00:00 0 
7f868c021000-7f8690000000 ---p 00000000 00:00 0 
7f8690000000-7f8690f66000 rw-p 00000000 00:00 0 
7f8690f66000-7f8694000000 ---p 00000000 00:00 0 
7f8694000000-7f8694021000 rw-p 00000000 00:00 0 
7f8694021000-7f8698000000 ---p 00000000 00:00 0 
7f8698000000-7f8698021000 rw-p 00000000 00:00 0 
7f8698021000-7f869c000000 ---p 00000000 00:00 0 
7f869c000000-7f869c021000 rw-p 00000000 00:00 0 
7f869c021000-7f86a0000000 ---p 00000000 00:00 0 
7f86a0000000-7f86a0021000 rw-p 00000000 00:00 0 
7f86a0021000-7f86a4000000 ---p 00000000 00:00 0 
7f86a4000000-7f86a4021000 rw-p 00000000 00:00 0 
7f86a4021000-7f86a8000000 ---p 00000000 00:00 0 
7f86a8f08000-7f86a90f2000 rw-p 00000000 00:00 0 
7f86a90f2000-7f86a9108000 ---p 00000000 00:00 0 
7f86a9108000-7f86a9308000 rw-p 00000000 00:00 0 
7f86a9308000-7f86a9508000 rw-p 00000000 00:00 0 
7f86a9508000-7f86a9533000 r--s 001fc000 08:01 118490580                  /usr/local/android-studio/gradle/m2repository/com/google/guava/guava/18.0/guava-18.0.jar
7f86a9533000-7f86a9534000 r--s 00001000 08:01 118490667                  /usr/local/android-studio/gradle/m2repository/com/android/tools/annotations/25.2.0/annotations-25.2.0.jar
7f86a9534000-7f86a9546000 r--s 000b3000 08:01 118620225                  /usr/local/android-studio/gradle/m2repository/com/android/tools/external/com-intellij/uast/145.597.3/uast-145.597.3.jar
7f86a9546000-7f86a954e000 r--s 000a8000 08:01 118620218                  /usr/local/android-studio/gradle/m2repository/com/android/tools/external/lombok/lombok-ast/0.2.3/lombok-ast-0.2.3.jar
7f86a954e000-7f86a9550000 r--s 0000d000 08:01 118620386                  /usr/local/android-studio/gradle/m2repository/commons-codec/commons-codec/1.4/commons-codec-1.4.jar
7f86a9550000-7f86a9552000 r--s 0000d000 08:01 118490242                  /usr/local/android-studio/gradle/m2repository/commons-logging/commons-logging/1.1.1/commons-logging-1.1.1.jar
7f86a9552000-7f86a9557000 r--s 00028000 08:01 118490467                  /usr/local/android-studio/gradle/m2repository/org/apache/httpcomponents/httpcore/4.1/httpcore-4.1.jar
7f86a9557000-7f86a955b000 r--s 0002f000 08:01 118490610                  /usr/local/android-studio/gradle/m2repository/com/google/jimfs/jimfs/1.1/jimfs-1.1.jar
7f86a955b000-7f86a955c000 r--s 00004000 08:01 118490543                  /usr/local/android-studio/gradle/m2repository/com/intellij/annotations/12.0/annotations-12.0.jar
7f86a955c000-7f86a955d000 r--s 00004000 08:01 118490289                  /usr/local/android-studio/gradle/m2repository/org/ow2/asm/asm-analysis/5.0.4/asm-analysis-5.0.4.jar
7f86a955d000-7f86a9561000 r--s 0003b000 08:01 118620288                  /usr/local/android-studio/gradle/m2repository/com/android/tools/lint/lint-api/25.2.0/lint-api-25.2.0.jar
7f86a9561000-7f86a9562000 r--s 0000a000 08:01 118620348                  /usr/local/android-studio/gradle/m2repository/net/sf/kxml/kxml2/2.3.0/kxml2-2.3.0.jar
7f86a9562000-7f86a9564000 r--s 00005000 08:01 118490458                  /usr/local/android-studio/gradle/m2repository/org/apache/httpcomponents/httpmime/4.1/httpmime-4.1.jar
7f86a9564000-7f86a956c000 r--s 0004e000 08:01 118490478                  /usr/local/android-studio/gradle/m2repository/org/apache/httpcomponents/httpclient/4.1.1/httpclient-4.1.1.jar
7f86a956c000-7f86a9573000 r--s 00053000 08:01 118490490                  /usr/local/android-studio/gradle/m2repository/org/apache/commons/commons-compress/1.8.1/commons-compress-1.8.1.jar
7f86a9573000-7f86a9578000 r--s 0002a000 08:01 118490598                  /usr/local/android-studio/gradle/m2repository/com/google/code/gson/gson/2.2.4/gson-2.2.4.jar
7f86a9578000-7f86a957d000 r--s 0002d000 08:01 118620230                  /usr/local/android-studio/gradle/m2repository/com/android/tools/repository/25.2.0/repository-25.2.0.jar
7f86a957d000-7f86a957e000 r--s 00005000 08:01 118620193                  /usr/local/android-studio/gradle/m2repository/com/android/tools/dvlib/25.2.0/dvlib-25.2.0.jar
7f86a957e000-7f86a9581000 r--s 00014000 08:01 118490781                  /usr/local/android-studio/gradle/m2repository/com/android/tools/layoutlib/layoutlib-api/25.2.0/layoutlib-api-25.2.0.jar
7f86a9581000-7f86a9586000 r--s 00058000 08:01 118490264                  /usr/local/android-studio/gradle/m2repository/org/ow2/asm/asm-debug-all/5.0.1/asm-debug-all-5.0.1.jar
7f86a9586000-7f86a9596000 r--s 000d6000 08:01 118620360                  /usr/local/android-studio/gradle/m2repository/net/sf/proguard/proguard-base/5.2.1/proguard-base-5.2.1.jar
7f86a9596000-7f86a9599000 r--s 00033000 08:01 118490550                  /usr/local/android-studio/gradle/m2repository/com/googlecode/juniversalchardet/juniversalchardet/1.0.3/juniversalchardet-1.0.3.jar
7f86a9599000-7f86a959d000 r--s 0002a000 08:01 118490235                  /usr/local/android-studio/gradle/m2repository/commons-io/commons-io/2.4/commons-io-2.4.jar
7f86a959d000-7f86a95b4000 r--s 00154000 08:01 118490403                  /usr/local/android-studio/gradle/m2repository/org/antlr/antlr4/4.5.3/antlr4-4.5.3.jar
7f86a95b4000-7f86a95b5000 r--s 00002000 08:01 118490628                  /usr/local/android-studio/gradle/m2repository/com/android/databinding/baseLibrary/2.2.0/baseLibrary-2.2.0.jar
7f86a95b5000-7f86a95c8000 r--s 00236000 08:01 118490348                  /usr/local/android-studio/gradle/m2repository/org/eclipse/jdt/core/compiler/ecj/4.5.1/ecj-4.5.1.jar
7f86a95c8000-7f86a95cf000 r--s 000c3000 08:01 118620259                  /usr/local/android-studio/gradle/m2repository/com/android/tools/lint/lint-checks/25.2.0/lint-checks-25.2.0.jar
7f86a95cf000-7f86a95d1000 r--s 00006000 08:01 118490303                  /usr/local/android-studio/gradle/m2repository/org/ow2/asm/asm-tree/5.0.4/asm-tree-5.0.4.jar
7f86a95d1000-7f86a9604000 r--s 00203000 08:01 118490410                  /usr/local/android-studio/gradle/m2repository/org/bouncycastle/bcprov-jdk15on/1.48/bcprov-jdk15on-1.48.jar
7f86a9604000-7f86a9612000 r--s 00081000 08:01 118490415                  /usr/local/android-studio/gradle/m2repository/org/bouncycastle/bcpkix-jdk15on/1.48/bcpkix-jdk15on-1.48.jar
7f86a9612000-7f86a9614000 r--s 00002000 08:01 118490558                  /usr/local/android-studio/gradle/m2repository/com/squareup/javawriter/2.5.0/javawriter-2.5.0.jar
7f86a9614000-7f86a9615000 r--s 00002000 08:01 118620237                  /usr/local/android-studio/gradle/m2repository/com/android/tools/analytics-library/tracker/25.2.0/tracker-25.2.0.jar
7f86a9615000-7f86a9617000 r--s 00003000 08:01 118620245                  /usr/local/android-studio/gradle/m2repository/com/android/tools/analytics-library/shared/25.2.0/shared-25.2.0.jar
7f86a9617000-7f86a9624000 r--s 000ed000 08:01 118620241                  /usr/local/android-studio/gradle/m2repository/com/android/tools/analytics-library/protos/25.2.0/protos-25.2.0.jar
7f86a9624000-7f86a9625000 r--s 00001000 08:01 118490788                  /usr/local/android-studio/gradle/m2repository/com/android/tools/jill/jill-api/0.10.0/jill-api-0.10.0.jar
7f86a9625000-7f86a9627000 r--s 00003000 08:01 118620315                  /usr/local/android-studio/gradle/m2repository/com/android/tools/jack/jack-api/0.11.0/jack-api-0.11.0.jar
7f86a9627000-7f86a962c000 r--s 0004a000 08:01 118620167                  /usr/local/android-studio/gradle/m2repository/com/android/tools/ddms/ddmlib/25.2.0/ddmlib-25.2.0.jar
7f86a962c000-7f86a962f000 r--s 00021000 08:01 118490724                  /usr/local/android-studio/gradle/m2repository/com/android/tools/build/manifest-merger/25.2.0/manifest-merger-25.2.0.jar
7f86a962f000-7f86a9631000 r--s 0001c000 08:01 118620332                  /usr/local/android-studio/gradle/m2repository/com/android/tools/common/25.2.0/common-25.2.0.jar
7f86a9631000-7f86a963a000 r--s 00083000 08:01 118490805                  /usr/local/android-studio/gradle/m2repository/com/android/tools/sdk-common/25.2.0/sdk-common-25.2.0.jar
7f86a963a000-7f86a9645000 r--s 0008e000 08:01 118620303                  /usr/local/android-studio/gradle/m2repository/com/android/tools/sdklib/25.2.0/sdklib-25.2.0.jar
7f86a9645000-7f86a9646000 r--s 00002000 08:01 118490697                  /usr/local/android-studio/gradle/m2repository/com/android/tools/build/builder-test-api/2.2.0/builder-test-api-2.2.0.jar
7f86a9646000-7f86a9649000 r--s 00005000 08:01 118490753                  /usr/local/android-studio/gradle/m2repository/com/android/tools/build/builder-model/2.2.0/builder-model-2.2.0.jar
7f86a9649000-7f86a9651000 r--s 0007b000 08:01 118490590                  /usr/local/android-studio/gradle/m2repository/com/google/protobuf/protobuf-java/2.5.0/protobuf-java-2.5.0.jar
7f86a9651000-7f86a9653000 r--s 0000f000 08:01 118620341                  /usr/local/android-studio/gradle/m2repository/net/sf/jopt-simple/jopt-simple/4.9/jopt-simple-4.9.jar
7f86a9653000-7f86a9657000 r--s 0001f000 08:01 118490446                  /usr/local/android-studio/gradle/m2repository/org/jacoco/org.jacoco.report/0.7.5.201505241946/org.jacoco.report-0.7.5.201505241946.jar
7f86a9657000-7f86a965b000 r--s 0001d000 08:01 118490431                  /usr/local/android-studio/gradle/m2repository/org/jacoco/org.jacoco.core/0.7.5.201505241946/org.jacoco.core-0.7.5.201505241946.jar
7f86a965b000-7f86a965c000 r--s 00002000 08:01 118620376                  /usr/local/android-studio/gradle/m2repository/net/sf/proguard/proguard-gradle/5.2.1/proguard-gradle-5.2.1.jar
7f86a965c000-7f86a965e000 r--s 00009000 08:01 118490312                  /usr/local/android-studio/gradle/m2repository/org/ow2/asm/asm-commons/5.0.4/asm-commons-5.0.4.jar
7f86a965e000-7f86a9660000 r--s 0000c000 08:01 118490335                  /usr/local/android-studio/gradle/m2repository/org/ow2/asm/asm/5.0.4/asm-5.0.4.jar
7f86a9660000-7f86a9664000 r--s 0002b000 08:01 118490650                  /usr/local/android-studio/gradle/m2repository/com/android/databinding/compilerCommon/2.2.0/compilerCommon-2.2.0.jar
7f86a9664000-7f86a9665000 r--s 00002000 08:01 118490711                  /usr/local/android-studio/gradle/m2repository/com/android/tools/build/gradle-api/2.2.0/gradle-api-2.2.0.jar
7f86a9665000-7f86a9666000 r--s 00000000 08:01 118490741                  /usr/local/android-studio/gradle/m2repository/com/android/tools/build/transform-api/2.0.0-deprecated-use-gradle-api/transform-api-2.0.0-deprecated-use-gradle-api.jar
7f86a9666000-7f86a966b000 r--s 00053000 08:01 118620274                  /usr/local/android-studio/gradle/m2repository/com/android/tools/lint/lint/25.2.0/lint-25.2.0.jar
7f86a966b000-7f86a9682000 r--s 0015d000 08:01 118490685                  /usr/local/android-studio/gradle/m2repository/com/android/tools/build/builder/2.2.0/builder-2.2.0.jar
7f86a9682000-7f86a969f000 r--s 0019c000 08:01 118490734                  /usr/local/android-studio/gradle/m2repository/com/android/tools/build/gradle-core/2.2.0/gradle-core-2.2.0.jar
7f86a969f000-7f86a96a1000 r--s 0000d000 08:01 118490764                  /usr/local/android-studio/gradle/m2repository/com/android/tools/build/gradle/2.2.0/gradle-2.2.0.jar
7f86a96a1000-7f86a98a1000 rw-p 00000000 00:00 0 
7f86a98a1000-7f86a98a4000 ---p 00000000 00:00 0 
7f86a98a4000-7f86a9ba2000 rw-p 00000000 00:00 0 
7f86a9ba2000-7f86a9ba5000 ---p 00000000 00:00 0 
7f86a9ba5000-7f86a9bdb000 rw-p 00000000 00:00 0 
7f86a9bdb000-7f86a9bdc000 r--p 00000000 00:00 0 
7f86a9bdc000-7f86a9ddc000 rw-p 00000000 00:00 0 
7f86a9ddc000-7f86a9fdc000 rw-p 00000000 00:00 0 
7f86a9fdc000-7f86aa1dc000 rw-p 00000000 00:00 0 
7f86aa1dc000-7f86aa3dc000 rw-p 00000000 00:00 0 
7f86aa3dc000-7f86aa5dc000 rw-p 00000000 00:00 0 
7f86aa5dc000-7f86aa654000 r--s 010eb000 08:01 117965764                  /usr/local/android-studio/jre/lib/tools.jar
7f86aa654000-7f86aa657000 ---p 00000000 00:00 0 
7f86aa657000-7f86aa755000 rw-p 00000000 00:00 0 
7f86aa755000-7f86aa758000 ---p 00000000 00:00 0 
7f86aa758000-7f86aa856000 rw-p 00000000 00:00 0 
7f86aa856000-7f86aa859000 ---p 00000000 00:00 0 
7f86aa859000-7f86aa957000 rw-p 00000000 00:00 0 
7f86aa957000-7f86aa95a000 ---p 00000000 00:00 0 
7f86aa95a000-7f86aaa58000 rw-p 00000000 00:00 0 
7f86aaa58000-7f86aaa5b000 ---p 00000000 00:00 0 
7f86aaa5b000-7f86aab59000 rw-p 00000000 00:00 0 
7f86aab59000-7f86aab5c000 ---p 00000000 00:00 0 
7f86aab5c000-7f86aac5a000 rw-p 00000000 00:00 0 
7f86aac5a000-7f86aac5d000 ---p 00000000 00:00 0 
7f86aac5d000-7f86aaf5b000 rw-p 00000000 00:00 0 
7f86aaf5b000-7f86aaf62000 r--s 00000000 08:01 4197132                    /usr/lib/x86_64-linux-gnu/gconv/gconv-modules.cache
7f86aaf62000-7f86aaf65000 ---p 00000000 00:00 0 
7f86aaf65000-7f86ab063000 rw-p 00000000 00:00 0 
7f86ab063000-7f86ab06c000 r-xp 00000000 08:01 117965900                  /usr/local/android-studio/jre/jre/lib/amd64/libmanagement.so
7f86ab06c000-7f86ab26b000 ---p 00009000 08:01 117965900                  /usr/local/android-studio/jre/jre/lib/amd64/libmanagement.so
7f86ab26b000-7f86ab26c000 r--p 00008000 08:01 117965900                  /usr/local/android-studio/jre/jre/lib/amd64/libmanagement.so
7f86ab26c000-7f86ab26d000 rw-p 00009000 08:01 117965900                  /usr/local/android-studio/jre/jre/lib/amd64/libmanagement.so
7f86ab26d000-7f86ab271000 r--s 00097000 08:01 117965874                  /usr/local/android-studio/jre/jre/lib/jsse.jar
7f86ab271000-7f86ab273000 r--s 00007000 08:01 118490098                  /usr/local/android-studio/gradle/gradle-2.14.1/lib/plugins/gradle-tooling-api-builders-2.14.1.jar
7f86ab273000-7f86ab276000 r--s 00008000 08:01 118490092                  /usr/local/android-studio/gradle/gradle-2.14.1/lib/plugins/gradle-testing-native-2.14.1.jar
7f86ab276000-7f86ab278000 r--s 00009000 08:01 118490173                  /usr/local/android-studio/gradle/gradle-2.14.1/lib/plugins/hamcrest-core-1.3.jar
7f86ab278000-7f86ab27e000 r--s 00033000 08:01 118490103                  /usr/local/android-studio/gradle/gradle-2.14.1/lib/plugins/snakeyaml-1.6.jar
7f86ab27e000-7f86ab280000 r--s 00006000 08:01 118490124                  /usr/local/android-studio/gradle/gradle-2.14.1/lib/plugins/jcommander-1.12.jar
7f86ab280000-7f86ab285000 r--s 00040000 08:01 118490101                  /usr/local/android-studio/gradle/gradle-2.14.1/lib/plugins/bsh-2.0b4.jar
7f86ab285000-7f86ab28e000 r--s 00089000 08:01 118490127                  /usr/local/android-studio/gradle/gradle-2.14.1/lib/plugins/testng-6.3.1.jar
7f86ab28e000-7f86ab296000 r--s 00045000 08:01 118490132                  /usr/local/android-studio/gradle/gradle-2.14.1/lib/plugins/junit-4.12.jar
7f86ab296000-7f86ab29c000 r--s 0002e000 08:01 118490108                  /usr/local/android-studio/gradle/gradle-2.14.1/lib/plugins/gradle-testing-jvm-2.14.1.jar
7f86ab29c000-7f86ab2a1000 r--s 00015000 08:01 118490117                  /usr/local/android-studio/gradle/gradle-2.14.1/lib/plugins/gradle-testing-base-2.14.1.jar
7f86ab2a1000-7f86ab2a2000 r--s 00002000 08:01 118490130                  /usr/local/android-studio/gradle/gradle-2.14.1/lib/plugins/sonar-batch-bootstrapper-2.9.jar
7f86ab2a2000-7f86ab2a5000 r--s 00015000 08:01 118490107                  /usr/local/android-studio/gradle/gradle-2.14.1/lib/plugins/gradle-sonar-2.14.1.jar
7f86ab2a5000-7f86ab2ac000 r--s 00038000 08:01 118490148                  /usr/local/android-studio/gradle/gradle-2.14.1/lib/plugins/bcpg-jdk15on-1.51.jar
7f86ab2ac000-7f86ab2ae000 r--s 0000d000 08:01 118490154                  /usr/local/android-studio/gradle/gradle-2.14.1/lib/plugins/gradle-signing-2.14.1.jar
7f86ab2ae000-7f86ab2b1000 r--s 00009000 08:01 118490137                  /usr/local/android-studio/gradle/gradle-2.14.1/lib/plugins/gradle-scala-2.14.1.jar
7f86ab2b1000-7f86ab2b2000 r--s 00004000 08:01 118490161                  /usr/local/android-studio/gradle/gradle-2.14.1/lib/plugins/gradle-resources-sftp-2.14.1.jar
7f86ab2b2000-7f86ab2c2000 r--s 00088000 08:01 118490114                  /usr/local/android-studio/gradle/gradle-2.14.1/lib/plugins/joda-time-2.8.2.jar
7f86ab2c2000-7f86ab2d3000 r--s 000cf000 08:01 118490180                  /usr/local/android-studio/gradle/gradle-2.14.1/lib/plugins/jackson-databind-2.3.2.jar
7f86ab2d3000-7f86ab2d5000 r--s 00007000 08:01 118490143                  /usr/local/android-studio/gradle/gradle-2.14.1/lib/plugins/jackson-annotations-2.3.2.jar
7f86ab2d5000-7f86ab2d8000 r--s 0002e000 08:01 118490150                  /usr/local/android-studio/gradle/gradle-2.14.1/lib/plugins/jackson-core-2.3.2.jar
7f86ab2d8000-7f86ab2e3000 r--s 0006b000 08:01 118490197                  /usr/local/android-studio/gradle/gradle-2.14.1/lib/plugins/aws-java-sdk-core-1.9.19.jar
7f86ab2e3000-7f86ab2e9000 r--s 00036000 08:01 118490142                  /usr/local/android-studio/gradle/gradle-2.14.1/lib/plugins/aws-java-sdk-kms-1.9.19.jar
7f86ab2e9000-7f86ab2f4000 r--s 00079000 08:01 118490129                  /usr/local/android-studio/gradle/gradle-2.14.1/lib/plugins/aws-java-sdk-s3-1.9.19.jar
7f86ab2f4000-7f86ab2f5000 r--s 00003000 08:01 118490176                  /usr/local/android-studio/gradle/gradle-2.14.1/lib/plugins/gradle-resources-s3-2.14.1.jar
7f86ab2f5000-7f86ab2f7000 r--s 00005000 08:01 118490171                  /usr/local/android-studio/gradle/gradle-2.14.1/lib/plugins/jatl-0.2.2.jar
7f86ab2f7000-7f86ab2f9000 r--s 0000f000 08:01 118490188                  /usr/local/android-studio/gradle/gradle-2.14.1/lib/plugins/gradle-reporting-2.14.1.jar
7f86ab2f9000-7f86ab2fb000 r--s 00002000 08:01 118490147                  /usr/local/android-studio/gradle/gradle-2.14.1/lib/plugins/gradle-publish-2.14.1.jar
7f86ab2fb000-7f86ab2fd000 r--s 00009000 08:01 118490120                  /usr/local/android-studio/gradle/gradle-2.14.1/lib/plugins/commons-cli-1.2.jar
7f86ab2fd000-7f86ab303000 r--s 00033000 08:01 118490131                  /usr/local/android-studio/gradle/gradle-2.14.1/lib/plugins/gradle-plugins-2.14.1.jar
7f86ab303000-7f86ab305000 r--s 00007000 08:01 118490095                  /usr/local/android-studio/gradle/gradle-2.14.1/lib/plugins/gradle-plugin-development-2.14.1.jar
7f86ab305000-7f86ab30b000 r--s 0002a000 08:01 118490153                  /usr/local/android-studio/gradle/gradle-2.14.1/lib/plugins/gradle-platform-play-2.14.1.jar
7f86ab30b000-7f86ab318000 r--s 0004d000 08:01 118490152                  /usr/local/android-studio/gradle/gradle-2.14.1/lib/plugins/gradle-platform-native-2.14.1.jar
7f86ab318000-7f86ab31c000 r--s 0001a000 08:01 118490174                  /usr/local/android-studio/gradle/gradle-2.14.1/lib/plugins/gradle-platform-jvm-2.14.1.jar
7f86ab31c000-7f86ab323000 r--s 00029000 08:01 118490123                  /usr/local/android-studio/gradle/gradle-2.14.1/lib/plugins/gradle-platform-base-2.14.1.jar
7f86ab323000-7f86ab344000 r--s 001c3000 08:01 118490099                  /usr/local/android-studio/gradle/gradle-2.14.1/lib/plugins/bndlib-2.4.0.jar
7f86ab344000-7f86ab346000 r--s 00003000 08:01 118490179                  /usr/local/android-studio/gradle/gradle-2.14.1/lib/plugins/gradle-osgi-2.14.1.jar
7f86ab346000-7f86ab349000 r--s 0000c000 08:01 118490183                  /usr/local/android-studio/gradle/gradle-2.14.1/lib/plugins/pmaven-groovy-0.8-20100325.jar
7f86ab349000-7f86ab34f000 r--s 00022000 08:01 118490122                  /usr/local/android-studio/gradle/gradle-2.14.1/lib/plugins/gradle-maven-2.14.1.jar
7f86ab34f000-7f86ab351000 r--s 0000a000 08:01 118490104                  /usr/local/android-studio/gradle/gradle-2.14.1/lib/plugins/gradle-language-scala-2.14.1.jar
7f86ab351000-7f86ab367000 r-xp 00000000 08:01 22286661                   /lib/x86_64-linux-gnu/libgcc_s.so.1
7f86ab367000-7f86ab566000 ---p 00016000 08:01 22286661                   /lib/x86_64-linux-gnu/libgcc_s.so.1
7f86ab566000-7f86ab567000 rw-p 00015000 08:01 22286661                   /lib/x86_64-linux-gnu/libgcc_s.so.1
7f86ab567000-7f86ab6d9000 r-xp 00000000 08:01 3934337                    /usr/lib/x86_64-linux-gnu/libstdc++.so.6.0.21
7f86ab6d9000-7f86ab8d9000 ---p 00172000 08:01 3934337                    /usr/lib/x86_64-linux-gnu/libstdc++.so.6.0.21
7f86ab8d9000-7f86ab8e3000 r--p 00172000 08:01 3934337                    /usr/lib/x86_64-linux-gnu/libstdc++.so.6.0.21
7f86ab8e3000-7f86ab8e5000 rw-p 0017c000 08:01 3934337                    /usr/lib/x86_64-linux-gnu/libstdc++.so.6.0.21
7f86ab8e5000-7f86ab8e9000 rw-p 00000000 00:00 0 
7f86ab8e9000-7f86ab8ed000 r-xp 00000000 08:01 119145394                  /home/n3v10t/.gradle/native/19/linux-amd64/libnative-platform.so
7f86ab8ed000-7f86abaec000 ---p 00004000 08:01 119145394                  /home/n3v10t/.gradle/native/19/linux-amd64/libnative-platform.so
7f86abaec000-7f86abaed000 rw-p 00003000 08:01 119145394                  /home/n3v10t/.gradle/native/19/linux-amd64/libnative-platform.so
7f86abaed000-7f86abafe000 r-xp 00000000 08:01 117965888                  /usr/local/android-studio/jre/jre/lib/amd64/libnio.so
7f86abafe000-7f86abcfd000 ---p 00011000 08:01 117965888                  /usr/local/android-studio/jre/jre/lib/amd64/libnio.so
7f86abcfd000-7f86abcfe000 r--p 00010000 08:01 117965888                  /usr/local/android-studio/jre/jre/lib/amd64/libnio.so
7f86abcfe000-7f86abcff000 rw-p 00011000 08:01 117965888                  /usr/local/android-studio/jre/jre/lib/amd64/libnio.so
7f86abcff000-7f86ac000000 rw-p 00000000 00:00 0 
7f86ac000000-7f86ac021000 rw-p 00000000 00:00 0 
7f86ac021000-7f86b0000000 ---p 00000000 00:00 0 
7f86b0000000-7f86b0001000 r--s 00004000 08:01 118490169                  /usr/local/android-studio/gradle/gradle-2.14.1/lib/plugins/pmaven-common-0.8-20100325.jar
7f86b0001000-7f86b0007000 r--s 0001a000 08:01 118490109                  /usr/local/android-studio/gradle/gradle-2.14.1/lib/plugins/gradle-language-native-2.14.1.jar
7f86b0007000-7f86b0009000 r--s 00008000 08:01 118490097                  /usr/local/android-studio/gradle/gradle-2.14.1/lib/plugins/gradle-language-jvm-2.14.1.jar
7f86b0009000-7f86b000f000 r--s 00024000 08:01 118490170                  /usr/local/android-studio/gradle/gradle-2.14.1/lib/plugins/gradle-language-java-2.14.1.jar
7f86b000f000-7f86b0011000 r--s 0000a000 08:01 118490151                  /usr/local/android-studio/gradle/gradle-2.14.1/lib/plugins/gradle-language-groovy-2.14.1.jar
7f86b0011000-7f86b0014000 r--s 0001e000 08:01 118490091                  /usr/local/android-studio/gradle/gradle-2.14.1/lib/plugins/jsp-api-2.1-6.1.14.jar
7f86b0014000-7f86b0037000 r--s 00344000 08:01 118490144                  /usr/local/android-studio/gradle/gradle-2.14.1/lib/plugins/core-3.1.1.jar
7f86b0037000-7f86b0038000 r--s 00006000 08:01 118490181                  /usr/local/android-studio/gradle/gradle-2.14.1/lib/plugins/jetty-naming-6.1.25.jar
7f86b0038000-7f86b0039000 r--s 00002000 08:01 118490139                  /usr/local/android-studio/gradle/gradle-2.14.1/lib/plugins/geronimo-annotation_1.0_spec-1.0.jar
7f86b0039000-7f86b003b000 r--s 00002000 08:01 118490177                  /usr/local/android-studio/gradle/gradle-2.14.1/lib/plugins/jetty-annotations-6.1.25.jar
7f86b003b000-7f86b004c000 r--s 000ea000 08:01 118490190                  /usr/local/android-studio/gradle/gradle-2.14.1/lib/plugins/jsp-2.1-6.1.14.jar
7f86b004c000-7f86b004e000 r--s 0000d000 08:01 118490145                  /usr/local/android-studio/gradle/gradle-2.14.1/lib/plugins/jetty-plus-6.1.25.jar
7f86b004e000-7f86b0050000 r--s 0001f000 08:01 118490204                  /usr/local/android-studio/gradle/gradle-2.14.1/lib/plugins/servlet-api-2.5-20081211.jar
7f86b0050000-7f86b0054000 r--s 00028000 08:01 118490125                  /usr/local/android-studio/gradle/gradle-2.14.1/lib/plugins/jetty-util-6.1.25.jar
7f86b0054000-7f86b005b000 r--s 0007d000 08:01 118490133                  /usr/local/android-studio/gradle/gradle-2.14.1/lib/plugins/jetty-6.1.25.jar
7f86b005b000-7f86b005d000 r--s 00009000 08:01 118490186                  /usr/local/android-studio/gradle/gradle-2.14.1/lib/plugins/gradle-jetty-2.14.1.jar
7f86b005d000-7f86b0064000 r--s 00035000 08:01 118490200                  /usr/local/android-studio/gradle/gradle-2.14.1/lib/plugins/simple-4.1.21.jar
7f86b0064000-7f86b0070000 r--s 00100000 08:01 118490115                  /usr/local/android-studio/gradle/gradle-2.14.1/lib/plugins/rhino-1.7R3.jar
7f86b0070000-7f86b0074000 r--s 00011000 08:01 118490168                  /usr/local/android-studio/gradle/gradle-2.14.1/lib/plugins/gradle-javascript-2.14.1.jar
7f86b0074000-7f86b0076000 r--s 0000c000 08:01 118490202                  /usr/local/android-studio/gradle/gradle-2.14.1/lib/plugins/gradle-jacoco-2.14.1.jar
7f86b0076000-7f86b0079000 r--s 0000e000 08:01 118490199                  /usr/local/android-studio/gradle/gradle-2.14.1/lib/plugins/gradle-ivy-2.14.1.jar
7f86b0079000-7f86b007a000 r--s 00002000 08:01 118490191                  /usr/local/android-studio/gradle/gradle-2.14.1/lib/plugins/gradle-ide-play-2.14.1.jar
7f86b007a000-7f86b007f000 r--s 0002b000 08:01 118490187                  /usr/local/android-studio/gradle/gradle-2.14.1/lib/plugins/gradle-ide-native-2.14.1.jar
7f86b007f000-7f86b008a000 r--s 00066000 08:01 118490105                  /usr/local/android-studio/gradle/gradle-2.14.1/lib/plugins/gradle-ide-2.14.1.jar
7f86b008a000-7f86b008b000 r--s 00008000 08:01 118490102                  /usr/local/android-studio/gradle/gradle-2.14.1/lib/plugins/gradle-ear-2.14.1.jar
7f86b008b000-7f86b0091000 r--s 00032000 08:01 118490113                  /usr/local/android-studio/gradle/gradle-2.14.1/lib/plugins/gradle-diagnostics-2.14.1.jar
7f86b0091000-7f86b0095000 r--s 00021000 08:01 118490189                  /usr/local/android-studio/gradle/gradle-2.14.1/lib/plugins/gradle-code-quality-2.14.1.jar
7f86b0095000-7f86b0099000 r--s 0001f000 08:01 118490112                  /usr/local/android-studio/gradle/gradle-2.14.1/lib/plugins/gradle-build-init-2.14.1.jar
7f86b0099000-7f86b00a0000 r--s 0008e000 08:01 118490196                  /usr/local/android-studio/gradle/gradle-2.14.1/lib/plugins/gradle-build-comparison-2.14.1.jar
7f86b00a0000-7f86b00a2000 r--s 00008000 08:01 118490172                  /usr/local/android-studio/gradle/gradle-2.14.1/lib/plugins/gradle-antlr-2.14.1.jar
7f86b00a2000-7f86b00a4000 r--s 00004000 08:01 118490198                  /usr/local/android-studio/gradle/gradle-2.14.1/lib/plugins/gradle-announce-2.14.1.jar
7f86b00a4000-7f86b00bc000 r--s 00115000 08:01 118490136                  /usr/local/android-studio/gradle/gradle-2.14.1/lib/plugins/xercesImpl-2.9.1.jar
7f86b00bc000-7f86b00c4000 r--s 00028000 08:01 118490164                  /usr/local/android-studio/gradle/gradle-2.14.1/lib/plugins/xml-apis-1.3.04.jar
7f86b00c4000-7f86b00ca000 r--s 0005b000 08:01 118490155                  /usr/local/android-studio/gradle/gradle-2.14.1/lib/plugins/jcifs-1.3.17.jar
7f86b00ca000-7f86b00d1000 r--s 00049000 08:01 118490166                  /usr/local/android-studio/gradle/gradle-2.14.1/lib/plugins/httpcore-4.4.4.jar
7f86b00d1000-7f86b00d7000 r--s 00033000 08:01 118490111                  /usr/local/android-studio/gradle/gradle-2.14.1/lib/plugins/commons-codec-1.6.jar
7f86b00d7000-7f86b00da000 r--s 0001c000 08:01 118490106                  /usr/local/android-studio/gradle/gradle-2.14.1/lib/plugins/nekohtml-1.9.14.jar
7f86b00da000-7f86b00e7000 r--s 000a4000 08:01 118490184                  /usr/local/android-studio/gradle/gradle-2.14.1/lib/plugins/httpclient-4.4.1.jar
7f86b00e7000-7f86b00e9000 r--s 0000a000 08:01 118490093                  /usr/local/android-studio/gradle/gradle-2.14.1/lib/plugins/gradle-resources-http-2.14.1.jar
7f86b00e9000-7f86b00ed000 r--s 00014000 08:01 118490158                  /usr/local/android-studio/gradle/gradle-2.14.1/lib/plugins/gradle-plugin-use-2.14.1.jar
7f86b00ed000-7f86b00ee000 r--s 00000000 08:01 118490049                  /usr/local/android-studio/gradle/gradle-2.14.1/lib/gradle-installation-beacon-2.14.1.jar
7f86b00ee000-7f86b00ef000 r--s 00007000 08:01 118490121                  /usr/local/android-studio/gradle/gradle-2.14.1/lib/plugins/wagon-http-shared4-2.4.jar
7f86b00ef000-7f86b00f3000 r--s 00033000 08:01 118490175                  /usr/local/android-studio/gradle/gradle-2.14.1/lib/plugins/plexus-utils-2.0.6.jar
7f86b00f3000-7f86b00f7000 r--s 00021000 08:01 118490157                  /usr/local/android-studio/gradle/gradle-2.14.1/lib/plugins/maven-model-builder-3.0.4.jar
7f86b00f7000-7f86b00f8000 r--s 00002000 08:01 118490110                  /usr/local/android-studio/gradle/gradle-2.14.1/lib/plugins/wagon-file-2.4.jar
7f86b00f8000-7f86b00fa000 r--s 00002000 08:01 118490167                  /usr/local/android-studio/gradle/gradle-2.14.1/lib/plugins/plexus-cipher-1.7.jar
7f86b00fa000-7f86b00fd000 r--s 00013000 08:01 118490203                  /usr/local/android-studio/gradle/gradle-2.14.1/lib/plugins/aether-api-1.13.1.jar
7f86b00fd000-7f86b00ff000 r--s 0000a000 08:01 118490126                  /usr/local/android-studio/gradle/gradle-2.14.1/lib/plugins/maven-settings-3.0.4.jar
7f86b00ff000-7f86b0101000 r--s 0000d000 08:01 118490159                  /usr/local/android-studio/gradle/gradle-2.14.1/lib/plugins/plexus-interpolation-1.14.jar
7f86b0101000-7f86b0103000 r--s 0000b000 08:01 118490182                  /usr/local/android-studio/gradle/gradle-2.14.1/lib/plugins/maven-artifact-3.0.4.jar
7f86b0103000-7f86b010a000 r--s 0002e000 08:01 118490118                  /usr/local/android-studio/gradle/gradle-2.14.1/lib/plugins/plexus-container-default-1.5.5.jar
7f86b010a000-7f86b010c000 r--s 0000b000 08:01 118490146                  /usr/local/android-studio/gradle/gradle-2.14.1/lib/plugins/maven-plugin-api-3.0.4.jar
7f86b010c000-7f86b010e000 r--s 00000000 08:01 118490149                  /usr/local/android-studio/gradle/gradle-2.14.1/lib/plugins/plexus-component-annotations-1.5.5.jar
7f86b010e000-7f86b0114000 r--s 0003f000 08:01 118490160                  /usr/local/android-studio/gradle/gradle-2.14.1/lib/plugins/maven-compat-3.0.4.jar
7f86b0114000-7f86b0117000 r--s 00008000 08:01 118490134                  /usr/local/android-studio/gradle/gradle-2.14.1/lib/plugins/maven-settings-builder-3.0.4.jar
7f86b0117000-7f86b0118000 r--s 00002000 08:01 118490090                  /usr/local/android-studio/gradle/gradle-2.14.1/lib/plugins/wagon-http-2.4.jar
7f86b0118000-7f86b011a000 r--s 00026000 08:01 118490201                  /usr/local/android-studio/gradle/gradle-2.14.1/lib/plugins/maven-model-3.0.4.jar
7f86b011a000-7f86b011c000 r--s 00006000 08:01 118490178                  /usr/local/android-studio/gradle/gradle-2.14.1/lib/plugins/aether-connector-wagon-1.13.1.jar
7f86b011c000-7f86b011e000 r--s 0000a000 08:01 118490119                  /usr/local/android-studio/gradle/gradle-2.14.1/lib/plugins/plexus-classworlds-2.4.jar
7f86b011e000-7f86b0120000 r--s 00006000 08:01 118490162                  /usr/local/android-studio/gradle/gradle-2.14.1/lib/plugins/maven-repository-metadata-3.0.4.jar
7f86b0120000-7f86b0122000 r--s 0000c000 08:01 118490138                  /usr/local/android-studio/gradle/gradle-2.14.1/lib/plugins/maven-aether-provider-3.0.4.jar
7f86b0122000-7f86b0124000 r--s 0000b000 08:01 118490128                  /usr/local/android-studio/gradle/gradle-2.14.1/lib/plugins/wagon-provider-api-2.4.jar
7f86b0124000-7f86b0125000 r--s 00003000 08:01 118490094                  /usr/local/android-studio/gradle/gradle-2.14.1/lib/plugins/aether-spi-1.13.1.jar
7f86b0125000-7f86b0129000 r--s 0001c000 08:01 118490192                  /usr/local/android-studio/gradle/gradle-2.14.1/lib/plugins/aether-util-1.13.1.jar
7f86b0129000-7f86b012c000 r--s 0001d000 08:01 118490156                  /usr/local/android-studio/gradle/gradle-2.14.1/lib/plugins/aether-impl-1.13.1.jar
7f86b012c000-7f86b012d000 r--s 00006000 08:01 118490163                  /usr/local/android-studio/gradle/gradle-2.14.1/lib/plugins/plexus-sec-dispatcher-1.3.jar
7f86b012d000-7f86b0132000 r--s 00040000 08:01 118490096                  /usr/local/android-studio/gradle/gradle-2.14.1/lib/plugins/jsch-0.1.53.jar
7f86b0132000-7f86b0172000 r--s 00277000 08:01 118490100                  /usr/local/android-studio/gradle/gradle-2.14.1/lib/plugins/bcprov-jdk15on-1.51.jar
7f86b0172000-7f86b0176000 r--s 0001d000 08:01 118490141                  /usr/local/android-studio/gradle/gradle-2.14.1/lib/plugins/xbean-reflect-3.4.jar
7f86b0176000-7f86b0182000 r--s 0007d000 08:01 118490165                  /usr/local/android-studio/gradle/gradle-2.14.1/lib/plugins/maven-core-3.0.4.jar
7f86b0182000-7f86b0187000 r--s 0002a000 08:01 118490135                  /usr/local/android-studio/gradle/gradle-2.14.1/lib/plugins/gson-2.2.4.jar
7f86b0187000-7f86b0196000 r--s 000d9000 08:01 118490116                  /usr/local/android-studio/gradle/gradle-2.14.1/lib/plugins/ivy-2.2.0.jar
7f86b0196000-7f86b01b2000 r--s 000d3000 08:01 118490140                  /usr/local/android-studio/gradle/gradle-2.14.1/lib/plugins/gradle-dependency-management-2.14.1.jar
7f86b01b2000-7f86b01c9000 r-xp 00000000 08:01 117965886                  /usr/local/android-studio/jre/jre/lib/amd64/libnet.so
7f86b01c9000-7f86b03c8000 ---p 00017000 08:01 117965886                  /usr/local/android-studio/jre/jre/lib/amd64/libnet.so
7f86b03c8000-7f86b03c9000 r--p 00016000 08:01 117965886                  /usr/local/android-studio/jre/jre/lib/amd64/libnet.so
7f86b03c9000-7f86b03ca000 rw-p 00017000 08:01 117965886                  /usr/local/android-studio/jre/jre/lib/amd64/libnet.so
7f86b03ca000-7f86b03cc000 r--s 00005000 08:01 118490059                  /usr/local/android-studio/gradle/gradle-2.14.1/lib/gradle-wrapper-2.14.1.jar
7f86b03cc000-7f86b03da000 r--s 0004f000 08:01 118490044                  /usr/local/android-studio/gradle/gradle-2.14.1/lib/gradle-tooling-api-2.14.1.jar
7f86b03da000-7f86b03dc000 r--s 00002000 08:01 118490048                  /usr/local/android-studio/gradle/gradle-2.14.1/lib/gradle-open-api-2.14.1.jar
7f86b03dc000-7f86b03e2000 r--s 00032000 08:01 118490082                  /usr/local/android-studio/gradle/gradle-2.14.1/lib/jaxen-1.1.jar
7f86b03e2000-7f86b03e7000 r--s 00048000 08:01 118490047                  /usr/local/android-studio/gradle/gradle-2.14.1/lib/dom4j-1.6.1.jar
7f86b03e7000-7f86b03f2000 r--s 00059000 08:01 118490076                  /usr/local/android-studio/gradle/gradle-2.14.1/lib/gradle-ui-2.14.1.jar
7f86b03f2000-7f86b03f5000 r--s 0000b000 08:01 118490205                  /usr/local/android-studio/gradle/gradle-2.14.1/lib/gradle-resources-2.14.1.jar
7f86b03f5000-7f86b03f7000 r--s 00003000 08:01 118490085                  /usr/local/android-studio/gradle/gradle-2.14.1/lib/jcl-over-slf4j-1.7.10.jar
7f86b03f7000-7f86b03f8000 r--s 00005000 08:01 118490079                  /usr/local/android-studio/gradle/gradle-2.14.1/lib/log4j-over-slf4j-1.7.10.jar
7f86b03f8000-7f86b03fa000 r--s 00000000 08:01 118490206                  /usr/local/android-studio/gradle/gradle-2.14.1/lib/jul-to-slf4j-1.7.10.jar
7f86b03fa000-7f86b03ff000 r--s 0001c000 08:01 118490057                  /usr/local/android-studio/gradle/gradle-2.14.1/lib/gradle-logging-2.14.1.jar
7f86b03ff000-7f86b0401000 r--s 00007000 08:01 118490088                  /usr/local/android-studio/gradle/gradle-2.14.1/lib/objenesis-1.2.jar
7f86b0401000-7f86b0403000 r--s 00000000 08:01 118490052                  /usr/local/android-studio/gradle/gradle-2.14.1/lib/minlog-1.2.jar
7f86b0403000-7f86b0405000 r--s 0000f000 08:01 118490063                  /usr/local/android-studio/gradle/gradle-2.14.1/lib/reflectasm-1.07-shaded.jar
7f86b0405000-7f86b0409000 r--s 00026000 08:01 118490077                  /usr/local/android-studio/gradle/gradle-2.14.1/lib/kryo-2.20.jar
7f86b0409000-7f86b040f000 r--s 00025000 08:01 118490046                  /usr/local/android-studio/gradle/gradle-2.14.1/lib/gradle-messaging-2.14.1.jar
7f86b040f000-7f86b0410000 r--s 00003000 08:01 118490084                  /usr/local/android-studio/gradle/gradle-2.14.1/lib/native-platform-freebsd-amd64-0.10.jar
7f86b0410000-7f86b0411000 r--s 00003000 08:01 118490066                  /usr/local/android-studio/gradle/gradle-2.14.1/lib/native-platform-freebsd-i386-0.10.jar
7f86b0411000-7f86b0412000 r--s 00005000 08:01 118490054                  /usr/local/android-studio/gradle/gradle-2.14.1/lib/native-platform-windows-i386-0.10.jar
7f86b0412000-7f86b0413000 r--s 00005000 08:01 118490053                  /usr/local/android-studio/gradle/gradle-2.14.1/lib/native-platform-windows-amd64-0.10.jar
7f86b0413000-7f86b0414000 r--s 00003000 08:01 118490067                  /usr/local/android-studio/gradle/gradle-2.14.1/lib/native-platform-linux-i386-0.10.jar
7f86b0414000-7f86b0415000 r--s 00003000 08:01 118490051                  /usr/local/android-studio/gradle/gradle-2.14.1/lib/native-platform-linux-amd64-0.10.jar
7f86b0415000-7f86b0416000 r--s 00002000 08:01 118490050                  /usr/local/android-studio/gradle/gradle-2.14.1/lib/native-platform-osx-amd64-0.10.jar
7f86b0416000-7f86b0417000 r--s 00002000 08:01 118490080                  /usr/local/android-studio/gradle/gradle-2.14.1/lib/native-platform-osx-i386-0.10.jar
7f86b0417000-7f86b0419000 r--s 00008000 08:01 118490081                  /usr/local/android-studio/gradle/gradle-2.14.1/lib/jansi-1.2.1.jar
7f86b0419000-7f86b041c000 r--s 0000d000 08:01 118490075                  /usr/local/android-studio/gradle/gradle-2.14.1/lib/native-platform-0.10.jar
7f86b041c000-7f86b0420000 r--s 000e4000 08:01 118490074                  /usr/local/android-studio/gradle/gradle-2.14.1/lib/jna-3.2.7.jar
7f86b0420000-7f86b0422000 r--s 00009000 08:01 118490086                  /usr/local/android-studio/gradle/gradle-2.14.1/lib/gradle-native-2.14.1.jar
7f86b0422000-7f86b0424000 r--s 00005000 08:01 118490087                  /usr/local/android-studio/gradle/gradle-2.14.1/lib/gradle-cli-2.14.1.jar
7f86b0424000-7f86b0426000 r--s 00007000 08:01 118490056                  /usr/local/android-studio/gradle/gradle-2.14.1/lib/gradle-model-groovy-2.14.1.jar
7f86b0426000-7f86b0427000 r--s 00006000 08:01 118490071                  /usr/local/android-studio/gradle/gradle-2.14.1/lib/gradle-base-services-groovy-2.14.1.jar
7f86b0427000-7f86b0436000 r--s 00080000 08:01 118490072                  /usr/local/android-studio/gradle/gradle-2.14.1/lib/gradle-model-core-2.14.1.jar
7f86b0436000-7f86b0443000 r--s 00083000 08:01 118490207                  /usr/local/android-studio/gradle/gradle-2.14.1/lib/commons-collections-3.2.2.jar
7f86b0443000-7f86b04b2000 r--s 0063e000 08:01 118490209                  /usr/local/android-studio/gradle/gradle-2.14.1/lib/groovy-all-2.4.4.jar
7f86b04b2000-7f86b04da000 r--s 001cf000 08:01 118490060                  /usr/local/android-studio/gradle/gradle-2.14.1/lib/guava-jdk5-17.0.jar
7f86b04da000-7f86b04f9000 r--s 001d1000 08:01 118490058                  /usr/local/android-studio/gradle/gradle-2.14.1/lib/ant-1.9.6.jar
7f86b04f9000-7f86b0530000 r--s 001bd000 08:01 118490061                  /usr/local/android-studio/gradle/gradle-2.14.1/lib/gradle-core-2.14.1.jar
7f86b0530000-7f86b0531000 ---p 00000000 00:00 0 
7f86b0531000-7f86b0631000 rw-p 00000000 00:00 0 
7f86b0631000-7f86b0634000 ---p 00000000 00:00 0 
7f86b0634000-7f86b0732000 rw-p 00000000 00:00 0 
7f86b0732000-7f86b0735000 ---p 00000000 00:00 0 
7f86b0735000-7f86b0833000 rw-p 00000000 00:00 0 
7f86b0833000-7f86b0836000 ---p 00000000 00:00 0 
7f86b0836000-7f86b0934000 rw-p 00000000 00:00 0 
7f86b0934000-7f86b0937000 ---p 00000000 00:00 0 
7f86b0937000-7f86b0a35000 rw-p 00000000 00:00 0 
7f86b0a35000-7f86b0a38000 ---p 00000000 00:00 0 
7f86b0a38000-7f86b0b36000 rw-p 00000000 00:00 0 
7f86b0b36000-7f86b14f5000 r--p 00000000 08:01 3939084                    /usr/lib/locale/locale-archive
7f86b14f5000-7f86b14f8000 ---p 00000000 00:00 0 
7f86b14f8000-7f86b15f6000 rw-p 00000000 00:00 0 
7f86b15f6000-7f86b15f9000 ---p 00000000 00:00 0 
7f86b15f9000-7f86b16f7000 rw-p 00000000 00:00 0 
7f86b16f7000-7f86b16f8000 ---p 00000000 00:00 0 
7f86b16f8000-7f86b4000000 rw-p 00000000 00:00 0 
7f86b4000000-7f86b4021000 rw-p 00000000 00:00 0 
7f86b4021000-7f86b8000000 ---p 00000000 00:00 0 
7f86b8000000-7f86b8028000 rw-p 00000000 00:00 0 
7f86b8028000-7f86bc000000 ---p 00000000 00:00 0 
7f86bc000000-7f86bc28a000 rw-p 00000000 00:00 0 
7f86bc28a000-7f86c0000000 ---p 00000000 00:00 0 
7f86c0000000-7f86c0001000 r--s 00002000 08:01 118490064                  /usr/local/android-studio/gradle/gradle-2.14.1/lib/gradle-docs-2.14.1.jar
7f86c0001000-7f86c0002000 r--s 00000000 08:01 118490208                  /usr/local/android-studio/gradle/gradle-2.14.1/lib/javax.inject-1.jar
7f86c0002000-7f86c0006000 r--s 00027000 08:01 118490078                  /usr/local/android-studio/gradle/gradle-2.14.1/lib/commons-io-2.2.jar
7f86c0006000-7f86c000b000 r--s 00038000 08:01 118490068                  /usr/local/android-studio/gradle/gradle-2.14.1/lib/asm-all-5.1.jar
7f86c000b000-7f86c0dbd000 rw-p 00000000 00:00 0 
7f86c0dbd000-7f86c0f8a000 r--s 03bec000 08:01 117965856                  /usr/local/android-studio/jre/jre/lib/rt.jar
7f86c0f8a000-7f86c1000000 rw-p 00000000 00:00 0 
7f86c1000000-7f86c1be0000 rwxp 00000000 00:00 0 
7f86c1be0000-7f86d0000000 ---p 00000000 00:00 0 
7f86d0000000-7f86d0c35000 rw-p 00000000 00:00 0 
7f86d0c35000-7f86d4000000 ---p 00000000 00:00 0 
7f86d4000000-7f86d4008000 r--s 0003a000 08:01 118490069                  /usr/local/android-studio/gradle/gradle-2.14.1/lib/gradle-base-services-2.14.1.jar
7f86d4008000-7f86d4a55000 rw-p 00000000 00:00 0 
7f86d4a55000-7f86d4a56000 ---p 00000000 00:00 0 
7f86d4a56000-7f86d4b56000 rw-p 00000000 00:00 0 
7f86d4b56000-7f86d4b57000 ---p 00000000 00:00 0 
7f86d4b57000-7f86d4c57000 rw-p 00000000 00:00 0 
7f86d4c57000-7f86d4c58000 ---p 00000000 00:00 0 
7f86d4c58000-7f86d4d58000 rw-p 00000000 00:00 0 
7f86d4d58000-7f86d4d59000 ---p 00000000 00:00 0 
7f86d4d59000-7f86d4e59000 rw-p 00000000 00:00 0 
7f86d4e59000-7f86d4e5a000 ---p 00000000 00:00 0 
7f86d4e5a000-7f86d4f5a000 rw-p 00000000 00:00 0 
7f86d4f5a000-7f86d4f5b000 ---p 00000000 00:00 0 
7f86d4f5b000-7f86d5087000 rw-p 00000000 00:00 0 
7f86d5087000-7f86d51b1000 ---p 00000000 00:00 0 
7f86d51b1000-7f86d51dd000 rw-p 00000000 00:00 0 
7f86d51dd000-7f86d5306000 ---p 00000000 00:00 0 
7f86d5306000-7f86d53b1000 rw-p 00000000 00:00 0 
7f86d53b1000-7f86d53e2000 rw-p 00000000 00:00 0 
7f86d53e2000-7f86d5772000 ---p 00000000 00:00 0 
7f86d5772000-7f86d578c000 r-xp 00000000 08:01 117965883                  /usr/local/android-studio/jre/jre/lib/amd64/libzip.so
7f86d578c000-7f86d598c000 ---p 0001a000 08:01 117965883                  /usr/local/android-studio/jre/jre/lib/amd64/libzip.so
7f86d598c000-7f86d598d000 r--p 0001a000 08:01 117965883                  /usr/local/android-studio/jre/jre/lib/amd64/libzip.so
7f86d598d000-7f86d598e000 rw-p 0001b000 08:01 117965883                  /usr/local/android-studio/jre/jre/lib/amd64/libzip.so
7f86d598e000-7f86d5999000 r-xp 00000000 08:01 22286722                   /lib/x86_64-linux-gnu/libnss_files-2.23.so
7f86d5999000-7f86d5b98000 ---p 0000b000 08:01 22286722                   /lib/x86_64-linux-gnu/libnss_files-2.23.so
7f86d5b98000-7f86d5b99000 r--p 0000a000 08:01 22286722                   /lib/x86_64-linux-gnu/libnss_files-2.23.so
7f86d5b99000-7f86d5b9a000 rw-p 0000b000 08:01 22286722                   /lib/x86_64-linux-gnu/libnss_files-2.23.so
7f86d5b9a000-7f86d5ba0000 rw-p 00000000 00:00 0 
7f86d5ba0000-7f86d5bab000 r-xp 00000000 08:01 22286732                   /lib/x86_64-linux-gnu/libnss_nis-2.23.so
7f86d5bab000-7f86d5daa000 ---p 0000b000 08:01 22286732                   /lib/x86_64-linux-gnu/libnss_nis-2.23.so
7f86d5daa000-7f86d5dab000 r--p 0000a000 08:01 22286732                   /lib/x86_64-linux-gnu/libnss_nis-2.23.so
7f86d5dab000-7f86d5dac000 rw-p 0000b000 08:01 22286732                   /lib/x86_64-linux-gnu/libnss_nis-2.23.so
7f86d5dac000-7f86d5dc2000 r-xp 00000000 08:01 22286716                   /lib/x86_64-linux-gnu/libnsl-2.23.so
7f86d5dc2000-7f86d5fc1000 ---p 00016000 08:01 22286716                   /lib/x86_64-linux-gnu/libnsl-2.23.so
7f86d5fc1000-7f86d5fc2000 r--p 00015000 08:01 22286716                   /lib/x86_64-linux-gnu/libnsl-2.23.so
7f86d5fc2000-7f86d5fc3000 rw-p 00016000 08:01 22286716                   /lib/x86_64-linux-gnu/libnsl-2.23.so
7f86d5fc3000-7f86d5fc5000 rw-p 00000000 00:00 0 
7f86d5fc5000-7f86d5fcd000 r-xp 00000000 08:01 22286718                   /lib/x86_64-linux-gnu/libnss_compat-2.23.so
7f86d5fcd000-7f86d61cc000 ---p 00008000 08:01 22286718                   /lib/x86_64-linux-gnu/libnss_compat-2.23.so
7f86d61cc000-7f86d61cd000 r--p 00007000 08:01 22286718                   /lib/x86_64-linux-gnu/libnss_compat-2.23.so
7f86d61cd000-7f86d61ce000 rw-p 00008000 08:01 22286718                   /lib/x86_64-linux-gnu/libnss_compat-2.23.so
7f86d61ce000-7f86d61fb000 r-xp 00000000 08:01 117965893                  /usr/local/android-studio/jre/jre/lib/amd64/libjava.so
7f86d61fb000-7f86d63fa000 ---p 0002d000 08:01 117965893                  /usr/local/android-studio/jre/jre/lib/amd64/libjava.so
7f86d63fa000-7f86d63fb000 r--p 0002c000 08:01 117965893                  /usr/local/android-studio/jre/jre/lib/amd64/libjava.so
7f86d63fb000-7f86d63fd000 rw-p 0002d000 08:01 117965893                  /usr/local/android-studio/jre/jre/lib/amd64/libjava.so
7f86d63fd000-7f86d640d000 r-xp 00000000 08:01 117965909                  /usr/local/android-studio/jre/jre/lib/amd64/libverify.so
7f86d640d000-7f86d660c000 ---p 00010000 08:01 117965909                  /usr/local/android-studio/jre/jre/lib/amd64/libverify.so
7f86d660c000-7f86d660e000 r--p 0000f000 08:01 117965909                  /usr/local/android-studio/jre/jre/lib/amd64/libverify.so
7f86d660e000-7f86d660f000 rw-p 00011000 08:01 117965909                  /usr/local/android-studio/jre/jre/lib/amd64/libverify.so
7f86d660f000-7f86d6616000 r-xp 00000000 08:01 22286777                   /lib/x86_64-linux-gnu/librt-2.23.so
7f86d6616000-7f86d6815000 ---p 00007000 08:01 22286777                   /lib/x86_64-linux-gnu/librt-2.23.so
7f86d6815000-7f86d6816000 r--p 00006000 08:01 22286777                   /lib/x86_64-linux-gnu/librt-2.23.so
7f86d6816000-7f86d6817000 rw-p 00007000 08:01 22286777                   /lib/x86_64-linux-gnu/librt-2.23.so
7f86d6817000-7f86d691f000 r-xp 00000000 08:01 22286693                   /lib/x86_64-linux-gnu/libm-2.23.so
7f86d691f000-7f86d6b1e000 ---p 00108000 08:01 22286693                   /lib/x86_64-linux-gnu/libm-2.23.so
7f86d6b1e000-7f86d6b1f000 r--p 00107000 08:01 22286693                   /lib/x86_64-linux-gnu/libm-2.23.so
7f86d6b1f000-7f86d6b20000 rw-p 00108000 08:01 22286693                   /lib/x86_64-linux-gnu/libm-2.23.so
7f86d6b20000-7f86d7706000 r-xp 00000000 08:01 117965913                  /usr/local/android-studio/jre/jre/lib/amd64/server/libjvm.so
7f86d7706000-7f86d7906000 ---p 00be6000 08:01 117965913                  /usr/local/android-studio/jre/jre/lib/amd64/server/libjvm.so
7f86d7906000-7f86d79a5000 r--p 00be6000 08:01 117965913                  /usr/local/android-studio/jre/jre/lib/amd64/server/libjvm.so
7f86d79a5000-7f86d79ce000 rw-p 00c85000 08:01 117965913                  /usr/local/android-studio/jre/jre/lib/amd64/server/libjvm.so
7f86d79ce000-7f86d7a10000 rw-p 00000000 00:00 0 
7f86d7a10000-7f86d7a28000 r-xp 00000000 08:01 22286769                   /lib/x86_64-linux-gnu/libpthread-2.23.so
7f86d7a28000-7f86d7c27000 ---p 00018000 08:01 22286769                   /lib/x86_64-linux-gnu/libpthread-2.23.so
7f86d7c27000-7f86d7c28000 r--p 00017000 08:01 22286769                   /lib/x86_64-linux-gnu/libpthread-2.23.so
7f86d7c28000-7f86d7c29000 rw-p 00018000 08:01 22286769                   /lib/x86_64-linux-gnu/libpthread-2.23.so
7f86d7c29000-7f86d7c2d000 rw-p 00000000 00:00 0 
7f86d7c2d000-7f86d7c30000 r-xp 00000000 08:01 22286647                   /lib/x86_64-linux-gnu/libdl-2.23.so
7f86d7c30000-7f86d7e2f000 ---p 00003000 08:01 22286647                   /lib/x86_64-linux-gnu/libdl-2.23.so
7f86d7e2f000-7f86d7e30000 r--p 00002000 08:01 22286647                   /lib/x86_64-linux-gnu/libdl-2.23.so
7f86d7e30000-7f86d7e31000 rw-p 00003000 08:01 22286647                   /lib/x86_64-linux-gnu/libdl-2.23.so
7f86d7e31000-7f86d7ff1000 r-xp 00000000 08:01 22286623                   /lib/x86_64-linux-gnu/libc-2.23.so
7f86d7ff1000-7f86d81f0000 ---p 001c0000 08:01 22286623                   /lib/x86_64-linux-gnu/libc-2.23.so
7f86d81f0000-7f86d81f4000 r--p 001bf000 08:01 22286623                   /lib/x86_64-linux-gnu/libc-2.23.so
7f86d81f4000-7f86d81f6000 rw-p 001c3000 08:01 22286623                   /lib/x86_64-linux-gnu/libc-2.23.so
7f86d81f6000-7f86d81fa000 rw-p 00000000 00:00 0 
7f86d81fa000-7f86d8210000 r-xp 00000000 08:01 117965773                  /usr/local/android-studio/jre/lib/amd64/jli/libjli.so
7f86d8210000-7f86d840f000 ---p 00016000 08:01 117965773                  /usr/local/android-studio/jre/lib/amd64/jli/libjli.so
7f86d840f000-7f86d8410000 r--p 00015000 08:01 117965773                  /usr/local/android-studio/jre/lib/amd64/jli/libjli.so
7f86d8410000-7f86d8411000 rw-p 00016000 08:01 117965773                  /usr/local/android-studio/jre/lib/amd64/jli/libjli.so
7f86d8411000-7f86d8437000 r-xp 00000000 08:01 22286595                   /lib/x86_64-linux-gnu/ld-2.23.so
7f86d8437000-7f86d843c000 r--s 00041000 08:01 118490070                  /usr/local/android-studio/gradle/gradle-2.14.1/lib/commons-lang-2.6.jar
7f86d843c000-7f86d8515000 rw-p 00000000 00:00 0 
7f86d8515000-7f86d8518000 ---p 00000000 00:00 0 
7f86d8518000-7f86d861a000 rw-p 00000000 00:00 0 
7f86d861a000-7f86d861b000 r--s 00000000 08:01 118490062                  /usr/local/android-studio/gradle/gradle-2.14.1/lib/jcip-annotations-1.0.jar
7f86d861b000-7f86d861c000 r--s 00001000 08:01 118490083                  /usr/local/android-studio/gradle/gradle-2.14.1/lib/gradle-process-services-2.14.1.jar
7f86d861c000-7f86d861d000 r--s 00000000 08:01 118490045                  /usr/local/android-studio/gradle/gradle-2.14.1/lib/gradle-jvm-services-2.14.1.jar
7f86d861d000-7f86d861e000 r--s 00007000 08:01 118490055                  /usr/local/android-studio/gradle/gradle-2.14.1/lib/slf4j-api-1.7.10.jar
7f86d861e000-7f86d861f000 r--s 00004000 08:01 118490073                  /usr/local/android-studio/gradle/gradle-2.14.1/lib/ant-launcher-1.9.6.jar
7f86d861f000-7f86d862a000 r--s 00051000 08:01 118490065                  /usr/local/android-studio/gradle/gradle-2.14.1/lib/gradle-launcher-2.14.1.jar
7f86d862a000-7f86d8632000 rw-s 00000000 08:01 106696354                  /tmp/hsperfdata_n3v10t/13263
7f86d8632000-7f86d8633000 rw-p 00000000 00:00 0 
7f86d8633000-7f86d8634000 ---p 00000000 00:00 0 
7f86d8634000-7f86d8636000 rw-p 00000000 00:00 0 
7f86d8636000-7f86d8637000 r--p 00025000 08:01 22286595                   /lib/x86_64-linux-gnu/ld-2.23.so
7f86d8637000-7f86d8638000 rw-p 00026000 08:01 22286595                   /lib/x86_64-linux-gnu/ld-2.23.so
7f86d8638000-7f86d8639000 rw-p 00000000 00:00 0 
7ffdfd7a2000-7ffdfd7c3000 rw-p 00000000 00:00 0                          [stack]
7ffdfd7d0000-7ffdfd7d2000 r--p 00000000 00:00 0                          [vvar]
7ffdfd7d2000-7ffdfd7d4000 r-xp 00000000 00:00 0                          [vdso]
ffffffffff600000-ffffffffff601000 r-xp 00000000 00:00 0                  [vsyscall]

VM Arguments:
jvm_args: -XX:MaxPermSize=256m -XX:+HeapDumpOnOutOfMemoryError -Xmx1024m -Dfile.encoding=UTF-8 -Duser.country=US -Duser.language=en -Duser.variant 
java_command: org.gradle.launcher.daemon.bootstrap.GradleDaemon 2.14.1
java_class_path (initial): /usr/local/android-studio/gradle/gradle-2.14.1/lib/gradle-launcher-2.14.1.jar
Launcher Type: SUN_STANDARD

Environment Variables:
PATH=/home/n3v10t/bin:/home/n3v10t/.local/bin:/usr/local/sbin:/usr/local/bin:/usr/sbin:/usr/bin:/sbin:/bin:/usr/games:/usr/local/games:/snap/bin
LD_LIBRARY_PATH=.:
SHELL=/bin/bash
DISPLAY=:0

Signal Handlers:
SIGSEGV: [libjvm.so+0x9daac0], sa_mask[0]=11111111011111111101111111111110, sa_flags=SA_RESTART|SA_SIGINFO
SIGBUS: [libjvm.so+0x9daac0], sa_mask[0]=11111111011111111101111111111110, sa_flags=SA_RESTART|SA_SIGINFO
SIGFPE: [libjvm.so+0x840d90], sa_mask[0]=11111111011111111101111111111110, sa_flags=SA_RESTART|SA_SIGINFO
SIGPIPE: [libjvm.so+0x840d90], sa_mask[0]=11111111011111111101111111111110, sa_flags=SA_RESTART|SA_SIGINFO
SIGXFSZ: [libjvm.so+0x840d90], sa_mask[0]=11111111011111111101111111111110, sa_flags=SA_RESTART|SA_SIGINFO
SIGILL: [libjvm.so+0x840d90], sa_mask[0]=11111111011111111101111111111110, sa_flags=SA_RESTART|SA_SIGINFO
SIGUSR1: SIG_DFL, sa_mask[0]=00000000000000000000000000000000, sa_flags=none
SIGUSR2: [libjvm.so+0x840c60], sa_mask[0]=00100000000000000000000000000000, sa_flags=SA_RESTART|SA_SIGINFO
SIGHUP: [libjvm.so+0x840e50], sa_mask[0]=11111111011111111101111111111110, sa_flags=SA_RESTART|SA_SIGINFO
SIGINT: [libjvm.so+0x840e50], sa_mask[0]=11111111011111111101111111111110, sa_flags=SA_RESTART|SA_SIGINFO
SIGTERM: [libjvm.so+0x840e50], sa_mask[0]=11111111011111111101111111111110, sa_flags=SA_RESTART|SA_SIGINFO
SIGQUIT: [libjvm.so+0x840e50], sa_mask[0]=11111111011111111101111111111110, sa_flags=SA_RESTART|SA_SIGINFO


---------------  S Y S T E M  ---------------

OS:DISTRIB_ID=Ubuntu
DISTRIB_RELEASE=16.04
DISTRIB_CODENAME=xenial
DISTRIB_DESCRIPTION="Ubuntu 16.04.1 LTS"

uname:Linux 4.4.0-38-generic #57-Ubuntu SMP Tue Sep 6 15:42:33 UTC 2016 x86_64
libc:glibc 2.23 NPTL 2.23 
rlimit: STACK 8192k, CORE 0k, NPROC 63772, NOFILE 65536, AS infinity
load average:0,52 1,26 1,44

/proc/meminfo:
MemTotal:       16431444 kB
MemFree:         8632704 kB
MemAvailable:   12081020 kB
Buffers:          208628 kB
Cached:          3430644 kB
SwapCached:            0 kB
Active:          5144132 kB
Inactive:        2255924 kB
Active(anon):    3762256 kB
Inactive(anon):    54656 kB
Active(file):    1381876 kB
Inactive(file):  2201268 kB
Unevictable:          64 kB
Mlocked:              64 kB
SwapTotal:      16774140 kB
SwapFree:       16774140 kB
Dirty:             31808 kB
Writeback:             0 kB
AnonPages:       3773320 kB
Mapped:           349568 kB
Shmem:             56132 kB
Slab:             247568 kB
SReclaimable:     202484 kB
SUnreclaim:        45084 kB
KernelStack:       12000 kB
PageTables:        48196 kB
NFS_Unstable:          0 kB
Bounce:                0 kB
WritebackTmp:          0 kB
CommitLimit:    24989860 kB
Committed_AS:    8788052 kB
VmallocTotal:   34359738367 kB
VmallocUsed:           0 kB
VmallocChunk:          0 kB
HardwareCorrupted:     0 kB
AnonHugePages:   2469888 kB
CmaTotal:              0 kB
CmaFree:               0 kB
HugePages_Total:       0
HugePages_Free:        0
HugePages_Rsvd:        0
HugePages_Surp:        0
Hugepagesize:       2048 kB
DirectMap4k:      234048 kB
DirectMap2M:     9201664 kB
DirectMap1G:     7340032 kB


CPU:total 6 (6 cores per cpu, 1 threads per core) family 16 model 10 stepping 0, cmov, cx8, fxsr, mmx, sse, sse2, sse3, popcnt, mmxext, 3dnowpref, lzcnt, sse4a, tsc, tscinvbit, tscinv

/proc/cpuinfo:
processor	: 0
vendor_id	: AuthenticAMD
cpu family	: 16
model		: 10
model name	: AMD Phenom(tm) II X6 1090T Processor
stepping	: 0
microcode	: 0x10000bf
cpu MHz		: 2400.000
cache size	: 512 KB
physical id	: 0
siblings	: 6
core id		: 0
cpu cores	: 6
apicid		: 0
initial apicid	: 0
fpu		: yes
fpu_exception	: yes
cpuid level	: 6
wp		: yes
flags		: fpu vme de pse tsc msr pae mce cx8 apic sep mtrr pge mca cmov pat pse36 clflush mmx fxsr sse sse2 ht syscall nx mmxext fxsr_opt pdpe1gb rdtscp lm 3dnowext 3dnow constant_tsc rep_good nopl nonstop_tsc extd_apicid aperfmperf pni monitor cx16 popcnt lahf_lm cmp_legacy svm extapic cr8_legacy abm sse4a misalignsse 3dnowprefetch osvw ibs skinit wdt cpb hw_pstate vmmcall npt lbrv svm_lock nrip_save pausefilter
bugs		: tlb_mmatch apic_c1e fxsave_leak sysret_ss_attrs
bogomips	: 7449.04
TLB size	: 1024 4K pages
clflush size	: 64
cache_alignment	: 64
address sizes	: 48 bits physical, 48 bits virtual
power management: ts ttp tm stc 100mhzsteps hwpstate cpb

processor	: 1
vendor_id	: AuthenticAMD
cpu family	: 16
model		: 10
model name	: AMD Phenom(tm) II X6 1090T Processor
stepping	: 0
microcode	: 0x10000bf
cpu MHz		: 2400.000
cache size	: 512 KB
physical id	: 0
siblings	: 6
core id		: 1
cpu cores	: 6
apicid		: 1
initial apicid	: 1
fpu		: yes
fpu_exception	: yes
cpuid level	: 6
wp		: yes
flags		: fpu vme de pse tsc msr pae mce cx8 apic sep mtrr pge mca cmov pat pse36 clflush mmx fxsr sse sse2 ht syscall nx mmxext fxsr_opt pdpe1gb rdtscp lm 3dnowext 3dnow constant_tsc rep_good nopl nonstop_tsc extd_apicid aperfmperf pni monitor cx16 popcnt lahf_lm cmp_legacy svm extapic cr8_legacy abm sse4a misalignsse 3dnowprefetch osvw ibs skinit wdt cpb hw_pstate vmmcall npt lbrv svm_lock nrip_save pausefilter
bugs		: tlb_mmatch apic_c1e fxsave_leak sysret_ss_attrs
bogomips	: 7449.04
TLB size	: 1024 4K pages
clflush size	: 64
cache_alignment	: 64
address sizes	: 48 bits physical, 48 bits virtual
power management: ts ttp tm stc 100mhzsteps hwpstate cpb

processor	: 2
vendor_id	: AuthenticAMD
cpu family	: 16
model		: 10
model name	: AMD Phenom(tm) II X6 1090T Processor
stepping	: 0
microcode	: 0x10000bf
cpu MHz		: 2400.000
cache size	: 512 KB
physical id	: 0
siblings	: 6
core id		: 2
cpu cores	: 6
apicid		: 2
initial apicid	: 2
fpu		: yes
fpu_exception	: yes
cpuid level	: 6
wp		: yes
flags		: fpu vme de pse tsc msr pae mce cx8 apic sep mtrr pge mca cmov pat pse36 clflush mmx fxsr sse sse2 ht syscall nx mmxext fxsr_opt pdpe1gb rdtscp lm 3dnowext 3dnow constant_tsc rep_good nopl nonstop_tsc extd_apicid aperfmperf pni monitor cx16 popcnt lahf_lm cmp_legacy svm extapic cr8_legacy abm sse4a misalignsse 3dnowprefetch osvw ibs skinit wdt cpb hw_pstate vmmcall npt lbrv svm_lock nrip_save pausefilter
bugs		: tlb_mmatch apic_c1e fxsave_leak sysret_ss_attrs
bogomips	: 7449.04
TLB size	: 1024 4K pages
clflush size	: 64
cache_alignment	: 64
address sizes	: 48 bits physical, 48 bits virtual
power management: ts ttp tm stc 100mhzsteps hwpstate cpb

processor	: 3
vendor_id	: AuthenticAMD
cpu family	: 16
model		: 10
model name	: AMD Phenom(tm) II X6 1090T Processor
stepping	: 0
microcode	: 0x10000bf
cpu MHz		: 3200.000
cache size	: 512 KB
physical id	: 0
siblings	: 6
core id		: 3
cpu cores	: 6
apicid		: 3
initial apicid	: 3
fpu		: yes
fpu_exception	: yes
cpuid level	: 6
wp		: yes
flags		: fpu vme de pse tsc msr pae mce cx8 apic sep mtrr pge mca cmov pat pse36 clflush mmx fxsr sse sse2 ht syscall nx mmxext fxsr_opt pdpe1gb rdtscp lm 3dnowext 3dnow constant_tsc rep_good nopl nonstop_tsc extd_apicid aperfmperf pni monitor cx16 popcnt lahf_lm cmp_legacy svm extapic cr8_legacy abm sse4a misalignsse 3dnowprefetch osvw ibs skinit wdt cpb hw_pstate vmmcall npt lbrv svm_lock nrip_save pausefilter
bugs		: tlb_mmatch apic_c1e fxsave_leak sysret_ss_attrs
bogomips	: 7449.04
TLB size	: 1024 4K pages
clflush size	: 64
cache_alignment	: 64
address sizes	: 48 bits physical, 48 bits virtual
power management: ts ttp tm stc 100mhzsteps hwpstate cpb

processor	: 4
vendor_id	: AuthenticAMD
cpu family	: 16
model		: 10
model name	: AMD Phenom(tm) II X6 1090T Processor
stepping	: 0
microcode	: 0x10000bf
cpu MHz		: 2400.000
cache size	: 512 KB
physical id	: 0
siblings	: 6
core id		: 4
cpu cores	: 6
apicid		: 4
initial apicid	: 4
fpu		: yes
fpu_exception	: yes
cpuid level	: 6
wp		: yes
flags		: fpu vme de pse tsc msr pae mce cx8 apic sep mtrr pge mca cmov pat pse36 clflush mmx fxsr sse sse2 ht syscall nx mmxext fxsr_opt pdpe1gb rdtscp lm 3dnowext 3dnow constant_tsc rep_good nopl nonstop_tsc extd_apicid aperfmperf pni monitor cx16 popcnt lahf_lm cmp_legacy svm extapic cr8_legacy abm sse4a misalignsse 3dnowprefetch osvw ibs skinit wdt cpb hw_pstate vmmcall npt lbrv svm_lock nrip_save pausefilter
bugs		: tlb_mmatch apic_c1e fxsave_leak sysret_ss_attrs
bogomips	: 7449.04
TLB size	: 1024 4K pages
clflush size	: 64
cache_alignment	: 64
address sizes	: 48 bits physical, 48 bits virtual
power management: ts ttp tm stc 100mhzsteps hwpstate cpb

processor	: 5
vendor_id	: AuthenticAMD
cpu family	: 16
model		: 10
model name	: AMD Phenom(tm) II X6 1090T Processor
stepping	: 0
microcode	: 0x10000bf
cpu MHz		: 2400.000
cache size	: 512 KB
physical id	: 0
siblings	: 6
core id		: 5
cpu cores	: 6
apicid		: 5
initial apicid	: 5
fpu		: yes
fpu_exception	: yes
cpuid level	: 6
wp		: yes
flags		: fpu vme de pse tsc msr pae mce cx8 apic sep mtrr pge mca cmov pat pse36 clflush mmx fxsr sse sse2 ht syscall nx mmxext fxsr_opt pdpe1gb rdtscp lm 3dnowext 3dnow constant_tsc rep_good nopl nonstop_tsc extd_apicid aperfmperf pni monitor cx16 popcnt lahf_lm cmp_legacy svm extapic cr8_legacy abm sse4a misalignsse 3dnowprefetch osvw ibs skinit wdt cpb hw_pstate vmmcall npt lbrv svm_lock nrip_save pausefilter
bugs		: tlb_mmatch apic_c1e fxsave_leak sysret_ss_attrs
bogomips	: 7449.04
TLB size	: 1024 4K pages
clflush size	: 64
cache_alignment	: 64
address sizes	: 48 bits physical, 48 bits virtual
power management: ts ttp tm stc 100mhzsteps hwpstate cpb



Memory: 4k page, physical 16431444k(8632704k free), swap 16774140k(16774140k free)

vm_info: OpenJDK 64-Bit Server VM (25.76-b03) for linux-amd64 JRE (1.8.0_76-release-b03), built on Jun 29 2016 09:39:19 by "builder" with gcc 4.8.4

time: Wed Oct  5 19:27:27 2016
elapsed time: 3 seconds (0d 0h 0m 3s)

