#
# A fatal error has been detected by the Java Runtime Environment:
#
#  SIGSEGV (0xb) at pc=0x00007fbed59a9002, pid=5157, tid=0x00007fbec010b700
#
# JRE version: OpenJDK Runtime Environment (8.0_76-b03) (build 1.8.0_76-release-b03)
# Java VM: OpenJDK 64-Bit Server VM (25.76-b03 mixed mode linux-amd64 compressed oops)
# Problematic frame:
# V  [libjvm.so+0x8b0002]  oopDesc* PSPromotionManager::copy_to_survivor_space<false>(oopDesc*)+0x2e2
#
# Failed to write core dump. Core dumps have been disabled. To enable core dumping, try "ulimit -c unlimited" before starting Java again
#
# If you would like to submit a bug report, please visit:
#   http://bugreport.java.com/bugreport/crash.jsp
#

---------------  T H R E A D  ---------------

Current thread (0x00007fbed0027800):  GCTaskThread [stack: 0x00007fbec000b000,0x00007fbec010c000] [id=5164]

siginfo: si_signo: 11 (SIGSEGV), si_code: 1 (SEGV_MAPERR), si_addr: 0x00000000000000e8

Registers:
RAX=0x0000000000000000, RBX=0x00000000fa44d2b0, RCX=0x0000000000000000, RDX=0x00007fbed5f92b80
RSP=0x00007fbec010ac60, RBP=0x00007fbec010acc0, RSI=0x00000000fa44d2b0, RDI=0x000000010034b740
R8 =0x0000003b7ad73309, R9 =0x0000000000a690e8, R10=0x0000000000a690d8, R11=0x00007fbed5fbc6c0
R12=0x00000000f99e40d8, R13=0x0000000000000000, R14=0x00007fbed0078b40, R15=0x00007fbed5f92b90
RIP=0x00007fbed59a9002, EFLAGS=0x0000000000010246, CSGSFS=0x0000000000000033, ERR=0x0000000000000004
  TRAPNO=0x000000000000000e

Top of Stack: (sp=0x00007fbec010ac60)
0x00007fbec010ac60:   00007fbec212e3d0 00000000c204d5d8
0x00007fbec010ac70:   0000000000000015 0000003b7ad73309
0x00007fbec010ac80:   00000000f99dda40 0000000000001000
0x00007fbec010ac90:   00007fbed5ff453f 00007fbed0078b40
0x00007fbec010aca0:   00000000f99e40d8 0000000000000000
0x00007fbec010acb0:   00007fbed0078bd8 00007fbed5f92b90
0x00007fbec010acc0:   00007fbec010ad30 00007fbed59a8808
0x00007fbec010acd0:   00007fbec010ad30 00007fbed0078ba8
0x00007fbec010ace0:   00007fbec010ad30 00007fbed57008b1
0x00007fbec010acf0:   0000000000000000 00000000c1fb23f0
0x00007fbec010ad00:   00007fbed0028c28 00000000c1fb2400
0x00007fbec010ad10:   00007fbec0620d92 00007fbed00178f0
0x00007fbec010ad20:   00007fbec0620e01 00007fbec0620d92
0x00007fbec010ad30:   00007fbec010add0 00007fbed54c886f
0x00007fbec010ad40:   00007fbec0620e00 00007fbec0620d81
0x00007fbec010ad50:   0000000000000300 0000000000000180
0x00007fbec010ad60:   00000000c2151490 00007fbec0621080
0x00007fbec010ad70:   00000000c1fc0008 00007fbec0621a8b
0x00007fbec010ad80:   00000000c1fb2408 00007fbed0078b40
0x00007fbec010ad90:   00007fbec0620d92 00007fbed0017630
0x00007fbec010ada0:   00007fbec010add0 00007fbed002a230
0x00007fbec010adb0:   00007fbed0078b40 00007fbed5b56398
0x00007fbec010adc0:   00007fbed0027800 00007fbed5fb14d8
0x00007fbec010add0:   00007fbec010ae00 00007fbed59ac4bb
0x00007fbec010ade0:   0000000000000006 00007fbe84b23db0
0x00007fbec010adf0:   0000000000000001 00007fbed002a230
0x00007fbec010ae00:   00007fbec010af10 00007fbed5677f02
0x00007fbec010ae10:   00000000000003d8 00007fbed00284d8
0x00007fbec010ae20:   00007fbed0028100 00007fbec010aea0
0x00007fbec010ae30:   00007fbed00280b0 00007fbed00280f0
0x00007fbec010ae40:   00007fbec010ae50 0000000000000000
0x00007fbec010ae50:   0000000000000000 00007fbed0028c00 

Instructions: (pc=0x00007fbed59a9002)
0x00007fbed59a8fe2:   3a 8b 4f 08 83 f9 00 0f 8f 7d fd ff ff 0f 85 3b
0x00007fbed59a8ff2:   02 00 00 0f 1f 00 48 8b 07 4c 89 45 b8 48 89 de
0x00007fbed59a9002:   ff 90 e8 00 00 00 4c 8b 45 b8 e9 69 fd ff ff 0f
0x00007fbed59a9012:   1f 80 00 00 00 00 41 80 7e 59 00 75 6e 48 8d 05 

Register to memory mapping:

RAX=0x0000000000000000 is an unknown value
RBX=0x00000000fa44d2b0 is an oop

[error occurred during error reporting (printing register info), id 0xb]

Stack: [0x00007fbec000b000,0x00007fbec010c000],  sp=0x00007fbec010ac60,  free space=1023k
Native frames: (J=compiled Java code, j=interpreted, Vv=VM code, C=native code)
V  [libjvm.so+0x8b0002]  oopDesc* PSPromotionManager::copy_to_survivor_space<false>(oopDesc*)+0x2e2
V  [libjvm.so+0x8af808]  PSPromotionManager::drain_stacks_depth(bool)+0x6f8
V  [libjvm.so+0x3cf86f]  CardTableExtension::scavenge_contents_parallel(ObjectStartArray*, MutableSpace*, HeapWord*, PSPromotionManager*, unsigned int, unsigned int)+0x8df
V  [libjvm.so+0x8b34bb]  OldToYoungRootsTask::do_it(GCTaskManager*, unsigned int)+0x4b
V  [libjvm.so+0x57ef02]  GCTaskThread::run()+0x162
V  [libjvm.so+0x8425b2]  java_start(Thread*)+0xf2


---------------  P R O C E S S  ---------------

Java Threads: ( => current thread )
  0x00007fbe1010e000 JavaThread "pool-184-thread-1" [_thread_blocked, id=15694, stack(0x00007fbdfb34b000,0x00007fbdfb44c000)]
  0x00007fbe0c001800 JavaThread "process reaper" daemon [_thread_blocked, id=15209, stack(0x00007fbea0004000,0x00007fbea003d000)]
  0x00007fbe20003800 JavaThread "process reaper" daemon [_thread_blocked, id=15208, stack(0x00007fbdfa692000,0x00007fbdfa6cb000)]
  0x00007fbe2400a800 JavaThread "process reaper" daemon [_thread_blocked, id=15207, stack(0x00007fbdfa356000,0x00007fbdfa38f000)]
  0x00007fbe1c001800 JavaThread "process reaper" daemon [_thread_blocked, id=15204, stack(0x00007fbea003d000,0x00007fbea0076000)]
  0x00007fbe4c002000 JavaThread "process reaper" daemon [_thread_blocked, id=15201, stack(0x00007fbea0d83000,0x00007fbea0dbc000)]
  0x00007fbe28006800 JavaThread "process reaper" daemon [_thread_blocked, id=15200, stack(0x00007fbdfb64c000,0x00007fbdfb685000)]
  0x00007fbe1004e800 JavaThread "process reaper" daemon [_thread_blocked, id=15194, stack(0x00007fbdf9ee0000,0x00007fbdf9f19000)]
  0x00007fbe1804b800 JavaThread "process reaper" daemon [_thread_blocked, id=15191, stack(0x00007fbea0ebd000,0x00007fbea0ef6000)]
  0x00007fbe14005000 JavaThread "process reaper" daemon [_thread_blocked, id=15187, stack(0x00007fbeb017b000,0x00007fbeb01b4000)]
  0x00007fbe14001800 JavaThread "process reaper" daemon [_thread_blocked, id=15167, stack(0x00007fbdf97f6000,0x00007fbdf982f000)]
  0x00007fbe1004e000 JavaThread "pool-179-thread-6" [_thread_blocked, id=15160, stack(0x00007fbea0a80000,0x00007fbea0b81000)]
  0x00007fbe10042800 JavaThread "pool-179-thread-5" [_thread_blocked, id=15151, stack(0x00007fbeb0d2e000,0x00007fbeb0e2f000)]
  0x00007fbe10041800 JavaThread "pool-179-thread-4" [_thread_blocked, id=15149, stack(0x00007fbea087e000,0x00007fbea097f000)]
  0x00007fbe10041000 JavaThread "pool-179-thread-3" [_thread_blocked, id=15147, stack(0x00007fbeb0c2d000,0x00007fbeb0d2e000)]
  0x00007fbe10184000 JavaThread "pool-179-thread-2" [_thread_blocked, id=15145, stack(0x00007fbea0f68000,0x00007fbea1069000)]
  0x00007fbe10183000 JavaThread "pool-179-thread-1" [_thread_blocked, id=15144, stack(0x00007fbea0379000,0x00007fbea047a000)]
  0x00007fbe10034800 JavaThread "Stdin handler" [_thread_blocked, id=15142, stack(0x00007fbdfb9fa000,0x00007fbdfbafb000)]
  0x00007fbe10002800 JavaThread "Asynchronous log dispatcher for org.gradle.launcher.daemon.server.DefaultDaemonConnection@1315b5a2" [_thread_blocked, id=15141, stack(0x00007fbdf92f1000,0x00007fbdf93f2000)]
  0x00007fbe7000c800 JavaThread "Cancel handler" [_thread_blocked, id=15138, stack(0x00007fbeb0e2f000,0x00007fbeb0f30000)]
  0x00007fbe70009000 JavaThread "Handler for socket connection from /127.0.0.1:33647 to /127.0.0.1:37774" [_thread_in_native, id=15137, stack(0x00007fbdfaf0c000,0x00007fbdfb00d000)]
  0x00007fbdfc001800 JavaThread "process reaper" daemon [_thread_blocked, id=13759, stack(0x00007fbdfb8c0000,0x00007fbdfb8f9000)]
  0x00007fbe60002000 JavaThread "process reaper" daemon [_thread_blocked, id=13745, stack(0x00007fbdfa11b000,0x00007fbdfa154000)]
  0x00007fbe5400a000 JavaThread "process reaper" daemon [_thread_blocked, id=13738, stack(0x00007fbdf9d6d000,0x00007fbdf9da6000)]
  0x00007fbe5c56c000 JavaThread "process reaper" daemon [_thread_blocked, id=13662, stack(0x00007fbdf9ea7000,0x00007fbdf9ee0000)]
  0x00007fbe70003800 JavaThread "Daemon worker Thread 29" [_thread_blocked, id=13651, stack(0x00007fbeb0f30000,0x00007fbeb1031000)]
  0x00007fbe78036800 JavaThread "Daemon Thread 29" [_thread_blocked, id=13648, stack(0x00007fbeb1132000,0x00007fbeb1233000)]
  0x00007fbe50006000 JavaThread "pool-7-thread-4" [_thread_blocked, id=6072, stack(0x00007fbea0dbc000,0x00007fbea0ebd000)]
  0x00007fbe44016000 JavaThread "pool-7-thread-3" [_thread_blocked, id=6063, stack(0x00007fbdf94f3000,0x00007fbdf95f4000)]
  0x00007fbe3c003800 JavaThread "pool-7-thread-2" [_thread_blocked, id=6062, stack(0x00007fbdf9da6000,0x00007fbdf9ea7000)]
  0x00007fbe44018800 JavaThread "pool-7-thread-1" [_thread_blocked, id=5203, stack(0x00007fbea23cb000,0x00007fbea24cc000)]
  0x00007fbe5cae7000 JavaThread "File lock request listener" [_thread_in_native, id=5189, stack(0x00007fbeb007a000,0x00007fbeb017b000)]
  0x00007fbed0c04800 JavaThread "pool-1-thread-1" [_thread_blocked, id=5177, stack(0x00007fbeb1433000,0x00007fbeb1534000)]
  0x00007fbed0bc9800 JavaThread "Incoming local TCP Connector on port 33647" [_thread_in_native, id=5176, stack(0x00007fbeb153b000,0x00007fbeb163c000)]
  0x00007fbed00cc800 JavaThread "Service Thread" daemon [_thread_blocked, id=5174, stack(0x00007fbeb2b36000,0x00007fbeb2c37000)]
  0x00007fbed00c1800 JavaThread "C1 CompilerThread2" daemon [_thread_blocked, id=5173, stack(0x00007fbeb2c37000,0x00007fbeb2d38000)]
  0x00007fbed00c0000 JavaThread "C2 CompilerThread1" daemon [_thread_blocked, id=5172, stack(0x00007fbeb2d38000,0x00007fbeb2e39000)]
  0x00007fbed00bd000 JavaThread "C2 CompilerThread0" daemon [_thread_blocked, id=5171, stack(0x00007fbeb2e39000,0x00007fbeb2f3a000)]
  0x00007fbed00bb800 JavaThread "Signal Dispatcher" daemon [_thread_blocked, id=5170, stack(0x00007fbeb2f3a000,0x00007fbeb303b000)]
  0x00007fbed0087800 JavaThread "Finalizer" daemon [_thread_blocked, id=5169, stack(0x00007fbeb39fa000,0x00007fbeb3afb000)]
  0x00007fbed0083000 JavaThread "Reference Handler" daemon [_thread_blocked, id=5168, stack(0x00007fbeb3afb000,0x00007fbeb3bfc000)]
  0x00007fbed000a000 JavaThread "main" [_thread_blocked, id=5158, stack(0x00007fbed6aed000,0x00007fbed6bee000)]

Other Threads:
  0x00007fbed007b000 VMThread [stack: 0x00007fbeb3bfc000,0x00007fbeb3cfd000] [id=5167]
  0x00007fbed00cf000 WatcherThread [stack: 0x00007fbeb2a35000,0x00007fbeb2b36000] [id=5175]

=>0x00007fbed0027800 (exited) GCTaskThread [stack: 0x00007fbec000b000,0x00007fbec010c000] [id=5164]

VM state:at safepoint (normal execution)

VM Mutex/Monitor currently owned by a thread:  ([mutex/lock_event])
[0x00007fbed0006330] Threads_lock - owner thread: 0x00007fbed007b000
[0x00007fbed0006830] Heap_lock - owner thread: 0x00007fbe70003800

Heap:
 PSYoungGen      total 245760K, used 244867K [0x00000000eab00000, 0x00000000fb880000, 0x0000000100000000)
  eden space 234496K, 99% used [0x00000000eab00000,0x00000000f8f24f30,0x00000000f9000000)
  from space 11264K, 99% used [0x00000000f9e00000,0x00000000fa8fbd38,0x00000000fa900000)
  to   space 14336K, 85% used [0x00000000f9000000,0x00000000f9bebb78,0x00000000f9e00000)
 ParOldGen       total 168448K, used 34125K [0x00000000c0000000, 0x00000000ca480000, 0x00000000eab00000)
  object space 168448K, 20% used [0x00000000c0000000,0x00000000c2153490,0x00000000ca480000)
 Metaspace       used 69991K, capacity 76468K, committed 77184K, reserved 1116160K
  class space    used 8830K, capacity 9492K, committed 9856K, reserved 1048576K

Card table byte_map: [0x00007fbec0611000,0x00007fbec0812000] byte_map_base: 0x00007fbec0011000

Marking Bits: (ParMarkBitMap*) 0x00007fbed5fbc1a0
 Begin Bits: [0x00007fbeba000000, 0x00007fbebb000000)
 End Bits:   [0x00007fbebb000000, 0x00007fbebc000000)

Polling page: 0x00007fbed6c0c000

CodeCache: size=245760Kb used=59861Kb max_used=59872Kb free=185899Kb
 bounds [0x00007fbec0bd2000, 0x00007fbec46b2000, 0x00007fbecfbd2000]
 total_blobs=17398 nmethods=16659 adapters=652
 compilation: enabled

Compilation events (10 events):
Event: 12944,005 Thread 0x00007fbed00c1800 nmethod 22067 0x00007fbec46a2490 code [0x00007fbec46a2640, 0x00007fbec46a2ce8]
Event: 12944,005 Thread 0x00007fbed00c1800 22068       3       java.util.TreeMap$NavigableSubMap::absHighFence (44 bytes)
Event: 12944,005 Thread 0x00007fbed00c1800 nmethod 22068 0x00007fbec46a0950 code [0x00007fbec46a0ae0, 0x00007fbec46a0e78]
Event: 12944,006 Thread 0x00007fbed00c0000 nmethod 22062 0x00007fbec46acf90 code [0x00007fbec46ad200, 0x00007fbec46ae450]
Event: 12944,006 Thread 0x00007fbed00c0000 22061       4       com.sun.tools.javac.model.FilteredMemberList$1::hasNext (64 bytes)
Event: 12944,006 Thread 0x00007fbed00c0000 nmethod 22061 0x00007fbec2ff9f90 code [0x00007fbec2ffa0e0, 0x00007fbec2ffa158]
Event: 12944,006 Thread 0x00007fbed00c0000 22008       4       com.sun.tools.javac.code.Lint::augment (58 bytes)
Event: 12944,015 Thread 0x00007fbed00c0000 nmethod 22008 0x00007fbec469fb50 code [0x00007fbec469fd20, 0x00007fbec46a02c8]
Event: 12944,015 Thread 0x00007fbed00c0000 22038       4       com.sun.tools.javac.util.Bits::excl (72 bytes)
Event: 12944,018 Thread 0x00007fbed00c0000 nmethod 22038 0x00007fbec46aaf50 code [0x00007fbec46ab0c0, 0x00007fbec46ab3d8]

GC Heap History (10 events):
Event: 12893,258 GC heap after
Heap after GC invocations=85 (full 26):
 PSYoungGen      total 235008K, used 3376K [0x00000000eab00000, 0x00000000fa780000, 0x0000000100000000)
  eden space 231424K, 0% used [0x00000000eab00000,0x00000000eab00000,0x00000000f8d00000)
  from space 3584K, 94% used [0x00000000f9780000,0x00000000f9acc020,0x00000000f9b00000)
  to   space 12800K, 0% used [0x00000000f9b00000,0x00000000f9b00000,0x00000000fa780000)
 ParOldGen       total 168448K, used 30171K [0x00000000c0000000, 0x00000000ca480000, 0x00000000eab00000)
  object space 168448K, 17% used [0x00000000c0000000,0x00000000c1d76da8,0x00000000ca480000)
 Metaspace       used 70071K, capacity 76502K, committed 76928K, reserved 1116160K
  class space    used 8845K, capacity 9506K, committed 9856K, reserved 1048576K
}
Event: 12893,258 GC heap before
{Heap before GC invocations=86 (full 27):
 PSYoungGen      total 235008K, used 3376K [0x00000000eab00000, 0x00000000fa780000, 0x0000000100000000)
  eden space 231424K, 0% used [0x00000000eab00000,0x00000000eab00000,0x00000000f8d00000)
  from space 3584K, 94% used [0x00000000f9780000,0x00000000f9acc020,0x00000000f9b00000)
  to   space 12800K, 0% used [0x00000000f9b00000,0x00000000f9b00000,0x00000000fa780000)
 ParOldGen       total 168448K, used 30171K [0x00000000c0000000, 0x00000000ca480000, 0x00000000eab00000)
  object space 168448K, 17% used [0x00000000c0000000,0x00000000c1d76da8,0x00000000ca480000)
 Metaspace       used 70071K, capacity 76502K, committed 76928K, reserved 1116160K
  class space    used 8845K, capacity 9506K, committed 9856K, reserved 1048576K
Event: 12893,444 GC heap after
Heap after GC invocations=86 (full 27):
 PSYoungGen      total 235008K, used 0K [0x00000000eab00000, 0x00000000fa780000, 0x0000000100000000)
  eden space 231424K, 0% used [0x00000000eab00000,0x00000000eab00000,0x00000000f8d00000)
  from space 3584K, 0% used [0x00000000f9780000,0x00000000f9780000,0x00000000f9b00000)
  to   space 12800K, 0% used [0x00000000f9b00000,0x00000000f9b00000,0x00000000fa780000)
 ParOldGen       total 168448K, used 30073K [0x00000000c0000000, 0x00000000ca480000, 0x00000000eab00000)
  object space 168448K, 17% used [0x00000000c0000000,0x00000000c1d5e660,0x00000000ca480000)
 Metaspace       used 69377K, capacity 75342K, committed 76928K, reserved 1116160K
  class space    used 8740K, capacity 9317K, committed 9856K, reserved 1048576K
}
Event: 12926,841 GC heap before
{Heap before GC invocations=87 (full 27):
 PSYoungGen      total 235008K, used 231424K [0x00000000eab00000, 0x00000000fa780000, 0x0000000100000000)
  eden space 231424K, 100% used [0x00000000eab00000,0x00000000f8d00000,0x00000000f8d00000)
  from space 3584K, 0% used [0x00000000f9780000,0x00000000f9780000,0x00000000f9b00000)
  to   space 12800K, 0% used [0x00000000f9b00000,0x00000000f9b00000,0x00000000fa780000)
 ParOldGen       total 168448K, used 30073K [0x00000000c0000000, 0x00000000ca480000, 0x00000000eab00000)
  object space 168448K, 17% used [0x00000000c0000000,0x00000000c1d5e660,0x00000000ca480000)
 Metaspace       used 69757K, capacity 76070K, committed 77184K, reserved 1116160K
  class space    used 8803K, capacity 9417K, committed 9856K, reserved 1048576K
Event: 12926,851 GC heap after
Heap after GC invocations=87 (full 27):
 PSYoungGen      total 246784K, used 4832K [0x00000000eab00000, 0x00000000fa800000, 0x0000000100000000)
  eden space 233984K, 0% used [0x00000000eab00000,0x00000000eab00000,0x00000000f8f80000)
  from space 12800K, 37% used [0x00000000f9b00000,0x00000000f9fb8010,0x00000000fa780000)
  to   space 11776K, 0% used [0x00000000f8f80000,0x00000000f8f80000,0x00000000f9b00000)
 ParOldGen       total 168448K, used 30081K [0x00000000c0000000, 0x00000000ca480000, 0x00000000eab00000)
  object space 168448K, 17% used [0x00000000c0000000,0x00000000c1d60660,0x00000000ca480000)
 Metaspace       used 69757K, capacity 76070K, committed 77184K, reserved 1116160K
  class space    used 8803K, capacity 9417K, committed 9856K, reserved 1048576K
}
Event: 12942,469 GC heap before
{Heap before GC invocations=88 (full 27):
 PSYoungGen      total 246784K, used 238816K [0x00000000eab00000, 0x00000000fa800000, 0x0000000100000000)
  eden space 233984K, 100% used [0x00000000eab00000,0x00000000f8f80000,0x00000000f8f80000)
  from space 12800K, 37% used [0x00000000f9b00000,0x00000000f9fb8010,0x00000000fa780000)
  to   space 11776K, 0% used [0x00000000f8f80000,0x00000000f8f80000,0x00000000f9b00000)
 ParOldGen       total 168448K, used 30081K [0x00000000c0000000, 0x00000000ca480000, 0x00000000eab00000)
  object space 168448K, 17% used [0x00000000c0000000,0x00000000c1d60660,0x00000000ca480000)
 Metaspace       used 69824K, capacity 76194K, committed 77184K, reserved 1116160K
  class space    used 8814K, capacity 9431K, committed 9856K, reserved 1048576K
Event: 12942,474 GC heap after
Heap after GC invocations=88 (full 27):
 PSYoungGen      total 245760K, used 5088K [0x00000000eab00000, 0x00000000fa900000, 0x0000000100000000)
  eden space 233984K, 0% used [0x00000000eab00000,0x00000000eab00000,0x00000000f8f80000)
  from space 11776K, 43% used [0x00000000f8f80000,0x00000000f9478010,0x00000000f9b00000)
  to   space 11264K, 0% used [0x00000000f9e00000,0x00000000f9e00000,0x00000000fa900000)
 ParOldGen       total 168448K, used 30089K [0x00000000c0000000, 0x00000000ca480000, 0x00000000eab00000)
  object space 168448K, 17% used [0x00000000c0000000,0x00000000c1d62660,0x00000000ca480000)
 Metaspace       used 69824K, capacity 76194K, committed 77184K, reserved 1116160K
  class space    used 8814K, capacity 9431K, committed 9856K, reserved 1048576K
}
Event: 12943,341 GC heap before
{Heap before GC invocations=89 (full 27):
 PSYoungGen      total 245760K, used 239072K [0x00000000eab00000, 0x00000000fa900000, 0x0000000100000000)
  eden space 233984K, 100% used [0x00000000eab00000,0x00000000f8f80000,0x00000000f8f80000)
  from space 11776K, 43% used [0x00000000f8f80000,0x00000000f9478010,0x00000000f9b00000)
  to   space 11264K, 0% used [0x00000000f9e00000,0x00000000f9e00000,0x00000000fa900000)
 ParOldGen       total 168448K, used 30089K [0x00000000c0000000, 0x00000000ca480000, 0x00000000eab00000)
  object space 168448K, 17% used [0x00000000c0000000,0x00000000c1d62660,0x00000000ca480000)
 Metaspace       used 69928K, capacity 76390K, committed 77184K, reserved 1116160K
  class space    used 8823K, capacity 9479K, committed 9856K, reserved 1048576K
Event: 12943,360 GC heap after
Heap after GC invocations=89 (full 27):
 PSYoungGen      total 245760K, used 11247K [0x00000000eab00000, 0x00000000fb880000, 0x0000000100000000)
  eden space 234496K, 0% used [0x00000000eab00000,0x00000000eab00000,0x00000000f9000000)
  from space 11264K, 99% used [0x00000000f9e00000,0x00000000fa8fbd38,0x00000000fa900000)
  to   space 14336K, 0% used [0x00000000f9000000,0x00000000f9000000,0x00000000f9e00000)
 ParOldGen       total 168448K, used 34117K [0x00000000c0000000, 0x00000000ca480000, 0x00000000eab00000)
  object space 168448K, 20% used [0x00000000c0000000,0x00000000c2151490,0x00000000ca480000)
 Metaspace       used 69928K, capacity 76390K, committed 77184K, reserved 1116160K
  class space    used 8823K, capacity 9479K, committed 9856K, reserved 1048576K
}
Event: 12944,036 GC heap before
{Heap before GC invocations=90 (full 27):
 PSYoungGen      total 245760K, used 244867K [0x00000000eab00000, 0x00000000fb880000, 0x0000000100000000)
  eden space 234496K, 99% used [0x00000000eab00000,0x00000000f8f24f30,0x00000000f9000000)
  from space 11264K, 99% used [0x00000000f9e00000,0x00000000fa8fbd38,0x00000000fa900000)
  to   space 14336K, 0% used [0x00000000f9000000,0x00000000f9000000,0x00000000f9e00000)
 ParOldGen       total 168448K, used 34117K [0x00000000c0000000, 0x00000000ca480000, 0x00000000eab00000)
  object space 168448K, 20% used [0x00000000c0000000,0x00000000c2151490,0x00000000ca480000)
 Metaspace       used 69991K, capacity 76468K, committed 77184K, reserved 1116160K
  class space    used 8830K, capacity 9492K, committed 9856K, reserved 1048576K

Deoptimization events (10 events):
Event: 12943,875 Thread 0x00007fbe70003800 Uncommon trap: reason=array_check action=maybe_recompile pc=0x00007fbec315a88c method=java.util.ComparableTimSort.mergeHi(IIII)V @ 245
Event: 12943,875 Thread 0x00007fbe70003800 Uncommon trap: reason=array_check action=maybe_recompile pc=0x00007fbec315a88c method=java.util.ComparableTimSort.mergeHi(IIII)V @ 245
Event: 12943,875 Thread 0x00007fbe70003800 Uncommon trap: reason=array_check action=maybe_recompile pc=0x00007fbec26c2f60 method=java.util.ComparableTimSort.mergeLo(IIII)V @ 81
Event: 12943,875 Thread 0x00007fbe70003800 Uncommon trap: reason=array_check action=maybe_recompile pc=0x00007fbec37e5f50 method=java.util.ComparableTimSort.mergeHi(IIII)V @ 245
Event: 12943,876 Thread 0x00007fbe70003800 Uncommon trap: reason=array_check action=maybe_recompile pc=0x00007fbec0d2469c method=java.util.ComparableTimSort.mergeLo(IIII)V @ 240
Event: 12943,965 Thread 0x00007fbe70003800 Uncommon trap: reason=predicate action=maybe_recompile pc=0x00007fbec3bb2c10 method=com.android.ide.common.res2.DataMerger.mergeData(Lcom/android/ide/common/res2/MergeConsumer;Z)V @ 84
Event: 12943,975 Thread 0x00007fbe70003800 Uncommon trap: reason=class_check action=maybe_recompile pc=0x00007fbec4016868 method=com.android.ide.common.res2.DataSet.appendToXml(Lorg/w3c/dom/Node;Lorg/w3c/dom/Document;Lcom/android/ide/common/res2/MergeConsumer;Z)V @ 117
Event: 12943,982 Thread 0x00007fbe70003800 Uncommon trap: reason=class_check action=maybe_recompile pc=0x00007fbec446808c method=java.util.stream.AbstractPipeline.copyIntoWithCancel(Ljava/util/stream/Sink;Ljava/util/Spliterator;)V @ 19
Event: 12943,982 Thread 0x00007fbe70003800 Uncommon trap: reason=class_check action=maybe_recompile pc=0x00007fbec446808c method=java.util.stream.AbstractPipeline.copyIntoWithCancel(Ljava/util/stream/Sink;Ljava/util/Spliterator;)V @ 19
Event: 12943,982 Thread 0x00007fbe70003800 Uncommon trap: reason=class_check action=maybe_recompile pc=0x00007fbec446808c method=java.util.stream.AbstractPipeline.copyIntoWithCancel(Ljava/util/stream/Sink;Ljava/util/Spliterator;)V @ 19

Internal exceptions (10 events):
Event: 12942,337 Thread 0x00007fbe70003800 Exception <a 'java/lang/ClassNotFoundException': asLocalRepo771_12fuvolgcs5sqebhgsmabaf3aBeanInfo> (0x00000000f4da0f08) thrown at [/ssd/Android/AOSP-openjdk/external/jetbrains/jdk/hotspot/src/share/vm/classfile/systemDictionary.cpp, line 210]
Event: 12942,337 Thread 0x00007fbe70003800 Exception <a 'java/lang/ClassNotFoundException': asLocalRepo771_12fuvolgcs5sqebhgsmabaf3aCustomizer> (0x00000000f4daac50) thrown at [/ssd/Android/AOSP-openjdk/external/jetbrains/jdk/hotspot/src/share/vm/classfile/systemDictionary.cpp, line 210]
Event: 12942,778 Thread 0x00007fbe70003800 Implicit null exception at 0x00007fbec163b96e to 0x00007fbec163ea65
Event: 12942,778 Thread 0x00007fbe70003800 Implicit null exception at 0x00007fbec3a9e0c9 to 0x00007fbec3aa0299
Event: 12942,778 Thread 0x00007fbe70003800 Implicit null exception at 0x00007fbec155c331 to 0x00007fbec155c82d
Event: 12942,778 Thread 0x00007fbe70003800 Implicit null exception at 0x00007fbec141428c to 0x00007fbec141468d
Event: 12942,807 Thread 0x00007fbe70003800 Implicit null exception at 0x00007fbec18bb657 to 0x00007fbec18bc0d5
Event: 12943,482 Thread 0x00007fbe70003800 Implicit null exception at 0x00007fbec3009c8a to 0x00007fbec3009f4f
Event: 12943,484 Thread 0x00007fbe70003800 Implicit null exception at 0x00007fbec3e52cfa to 0x00007fbec3e5303f
Event: 12943,975 Thread 0x00007fbe1004e000 Exception <a 'sun/nio/fs/UnixException'> (0x00000000eb32f3e8) thrown at [/ssd/Android/AOSP-openjdk/external/jetbrains/jdk/hotspot/src/share/vm/prims/jni.cpp, line 709]

Events (10 events):
Event: 12943,997 Thread 0x00007fbe1010e000 Thread added: 0x00007fbe1010e000
Event: 12943,998 Executing VM operation: RevokeBias
Event: 12943,999 Executing VM operation: RevokeBias done
Event: 12944,003 Executing VM operation: RevokeBias
Event: 12944,003 Executing VM operation: RevokeBias done
Event: 12944,008 Executing VM operation: RevokeBias
Event: 12944,008 Executing VM operation: RevokeBias done
Event: 12944,009 Executing VM operation: RevokeBias
Event: 12944,010 Executing VM operation: RevokeBias done
Event: 12944,036 Executing VM operation: ParallelGCFailedAllocation


Dynamic libraries:
00400000-00401000 r-xp 00000000 08:01 117965799                          /usr/local/android-studio/jre/bin/java
00600000-00601000 r--p 00000000 08:01 117965799                          /usr/local/android-studio/jre/bin/java
00601000-00602000 rw-p 00001000 08:01 117965799                          /usr/local/android-studio/jre/bin/java
0166d000-0168e000 rw-p 00000000 00:00 0                                  [heap]
c0000000-ca480000 rw-p 00000000 00:00 0 
ca480000-eab00000 ---p 00000000 00:00 0 
eab00000-fb880000 rw-p 00000000 00:00 0 
fb880000-100000000 ---p 00000000 00:00 0 
100000000-1009a0000 rw-p 00000000 00:00 0 
1009a0000-140000000 ---p 00000000 00:00 0 
7fbdf92f1000-7fbdf92f4000 ---p 00000000 00:00 0 
7fbdf92f4000-7fbdf93f2000 rw-p 00000000 00:00 0 
7fbdf93f2000-7fbdf93f5000 ---p 00000000 00:00 0 
7fbdf93f5000-7fbdf94f3000 rw-p 00000000 00:00 0 
7fbdf94f3000-7fbdf94f6000 ---p 00000000 00:00 0 
7fbdf94f6000-7fbdf95f4000 rw-p 00000000 00:00 0 
7fbdf97f6000-7fbdf97f9000 ---p 00000000 00:00 0 
7fbdf97f9000-7fbdf982f000 rw-p 00000000 00:00 0 
7fbdf9a31000-7fbdf9a34000 ---p 00000000 00:00 0 
7fbdf9a34000-7fbdf9a6a000 rw-p 00000000 00:00 0 
7fbdf9a6a000-7fbdf9a6d000 ---p 00000000 00:00 0 
7fbdf9a6d000-7fbdf9b6b000 rw-p 00000000 00:00 0 
7fbdf9b6b000-7fbdf9b6e000 ---p 00000000 00:00 0 
7fbdf9b6e000-7fbdf9c6c000 rw-p 00000000 00:00 0 
7fbdf9c6c000-7fbdf9c6f000 ---p 00000000 00:00 0 
7fbdf9c6f000-7fbdf9d6d000 rw-p 00000000 00:00 0 
7fbdf9d6d000-7fbdf9d70000 ---p 00000000 00:00 0 
7fbdf9d70000-7fbdf9da6000 rw-p 00000000 00:00 0 
7fbdf9da6000-7fbdf9da9000 ---p 00000000 00:00 0 
7fbdf9da9000-7fbdf9ea7000 rw-p 00000000 00:00 0 
7fbdf9ea7000-7fbdf9eaa000 ---p 00000000 00:00 0 
7fbdf9eaa000-7fbdf9ee0000 rw-p 00000000 00:00 0 
7fbdf9ee0000-7fbdf9ee3000 ---p 00000000 00:00 0 
7fbdf9ee3000-7fbdf9f19000 rw-p 00000000 00:00 0 
7fbdf9f19000-7fbdf9f1c000 ---p 00000000 00:00 0 
7fbdf9f1c000-7fbdfa01a000 rw-p 00000000 00:00 0 
7fbdfa11b000-7fbdfa11e000 ---p 00000000 00:00 0 
7fbdfa11e000-7fbdfa154000 rw-p 00000000 00:00 0 
7fbdfa255000-7fbdfa258000 ---p 00000000 00:00 0 
7fbdfa258000-7fbdfa356000 rw-p 00000000 00:00 0 
7fbdfa356000-7fbdfa359000 ---p 00000000 00:00 0 
7fbdfa359000-7fbdfa38f000 rw-p 00000000 00:00 0 
7fbdfa38f000-7fbdfa392000 ---p 00000000 00:00 0 
7fbdfa392000-7fbdfa490000 rw-p 00000000 00:00 0 
7fbdfa490000-7fbdfa493000 ---p 00000000 00:00 0 
7fbdfa493000-7fbdfa591000 rw-p 00000000 00:00 0 
7fbdfa591000-7fbdfa594000 ---p 00000000 00:00 0 
7fbdfa594000-7fbdfa692000 rw-p 00000000 00:00 0 
7fbdfa692000-7fbdfa695000 ---p 00000000 00:00 0 
7fbdfa695000-7fbdfa6cb000 rw-p 00000000 00:00 0 
7fbdfa704000-7fbdfa707000 ---p 00000000 00:00 0 
7fbdfa707000-7fbdfa805000 rw-p 00000000 00:00 0 
7fbdfa805000-7fbdfa808000 ---p 00000000 00:00 0 
7fbdfa808000-7fbdfa906000 rw-p 00000000 00:00 0 
7fbdfa906000-7fbdfa909000 ---p 00000000 00:00 0 
7fbdfa909000-7fbdfaa07000 rw-p 00000000 00:00 0 
7fbdfaa07000-7fbdfaa0a000 ---p 00000000 00:00 0 
7fbdfaa0a000-7fbdfab08000 rw-p 00000000 00:00 0 
7fbdfab08000-7fbdfab0b000 ---p 00000000 00:00 0 
7fbdfab0b000-7fbdfac09000 rw-p 00000000 00:00 0 
7fbdfac09000-7fbdfac0c000 ---p 00000000 00:00 0 
7fbdfac0c000-7fbdfad0a000 rw-p 00000000 00:00 0 
7fbdfad0a000-7fbdfad0d000 ---p 00000000 00:00 0 
7fbdfad0d000-7fbdfae0b000 rw-p 00000000 00:00 0 
7fbdfae0b000-7fbdfae0e000 ---p 00000000 00:00 0 
7fbdfae0e000-7fbdfaf0c000 rw-p 00000000 00:00 0 
7fbdfaf0c000-7fbdfaf0f000 ---p 00000000 00:00 0 
7fbdfaf0f000-7fbdfb00d000 rw-p 00000000 00:00 0 
7fbdfb00d000-7fbdfb010000 ---p 00000000 00:00 0 
7fbdfb010000-7fbdfb10e000 rw-p 00000000 00:00 0 
7fbdfb10e000-7fbdfb111000 ---p 00000000 00:00 0 
7fbdfb111000-7fbdfb147000 rw-p 00000000 00:00 0 
7fbdfb149000-7fbdfb14c000 ---p 00000000 00:00 0 
7fbdfb14c000-7fbdfb24a000 rw-p 00000000 00:00 0 
7fbdfb24a000-7fbdfb24d000 ---p 00000000 00:00 0 
7fbdfb24d000-7fbdfb34b000 rw-p 00000000 00:00 0 
7fbdfb34b000-7fbdfb34e000 ---p 00000000 00:00 0 
7fbdfb34e000-7fbdfb60c000 rw-p 00000000 00:00 0 
7fbdfb60c000-7fbdfb64c000 ---p 00000000 00:00 0 
7fbdfb64c000-7fbdfb64f000 ---p 00000000 00:00 0 
7fbdfb64f000-7fbdfb685000 rw-p 00000000 00:00 0 
7fbdfb685000-7fbdfb688000 ---p 00000000 00:00 0 
7fbdfb688000-7fbdfb786000 rw-p 00000000 00:00 0 
7fbdfb786000-7fbdfb789000 ---p 00000000 00:00 0 
7fbdfb789000-7fbdfb887000 rw-p 00000000 00:00 0 
7fbdfb8c0000-7fbdfb8c3000 ---p 00000000 00:00 0 
7fbdfb8c3000-7fbdfb8f9000 rw-p 00000000 00:00 0 
7fbdfb8f9000-7fbdfb8fc000 ---p 00000000 00:00 0 
7fbdfb8fc000-7fbdfb9fa000 rw-p 00000000 00:00 0 
7fbdfb9fa000-7fbdfb9fd000 ---p 00000000 00:00 0 
7fbdfb9fd000-7fbdfbafb000 rw-p 00000000 00:00 0 
7fbdfbafd000-7fbdfbb00000 ---p 00000000 00:00 0 
7fbdfbb00000-7fbdfbdfe000 rw-p 00000000 00:00 0 
7fbdfbdfe000-7fbdfbe01000 ---p 00000000 00:00 0 
7fbdfbe01000-7fbdfbeff000 rw-p 00000000 00:00 0 
7fbdfbeff000-7fbdfbf02000 ---p 00000000 00:00 0 
7fbdfbf02000-7fbdfc000000 rw-p 00000000 00:00 0 
7fbdfc000000-7fbdfc021000 rw-p 00000000 00:00 0 
7fbdfc021000-7fbe00000000 ---p 00000000 00:00 0 
7fbe00000000-7fbe0008c000 rw-p 00000000 00:00 0 
7fbe0008c000-7fbe04000000 ---p 00000000 00:00 0 
7fbe04000000-7fbe0472e000 rw-p 00000000 00:00 0 
7fbe0472e000-7fbe08000000 ---p 00000000 00:00 0 
7fbe08000000-7fbe08085000 rw-p 00000000 00:00 0 
7fbe08085000-7fbe0c000000 ---p 00000000 00:00 0 
7fbe0c000000-7fbe0c112000 rw-p 00000000 00:00 0 
7fbe0c112000-7fbe10000000 ---p 00000000 00:00 0 
7fbe10000000-7fbe1023f000 rw-p 00000000 00:00 0 
7fbe1023f000-7fbe14000000 ---p 00000000 00:00 0 
7fbe14000000-7fbe14021000 rw-p 00000000 00:00 0 
7fbe14021000-7fbe18000000 ---p 00000000 00:00 0 
7fbe18000000-7fbe181d7000 rw-p 00000000 00:00 0 
7fbe181d7000-7fbe1c000000 ---p 00000000 00:00 0 
7fbe1c000000-7fbe1c10a000 rw-p 00000000 00:00 0 
7fbe1c10a000-7fbe20000000 ---p 00000000 00:00 0 
7fbe20000000-7fbe20021000 rw-p 00000000 00:00 0 
7fbe20021000-7fbe24000000 ---p 00000000 00:00 0 
7fbe24000000-7fbe24021000 rw-p 00000000 00:00 0 
7fbe24021000-7fbe28000000 ---p 00000000 00:00 0 
7fbe28000000-7fbe2810e000 rw-p 00000000 00:00 0 
7fbe2810e000-7fbe2c000000 ---p 00000000 00:00 0 
7fbe2c000000-7fbe2c021000 rw-p 00000000 00:00 0 
7fbe2c021000-7fbe30000000 ---p 00000000 00:00 0 
7fbe30000000-7fbe30021000 rw-p 00000000 00:00 0 
7fbe30021000-7fbe34000000 ---p 00000000 00:00 0 
7fbe34000000-7fbe3410c000 rw-p 00000000 00:00 0 
7fbe3410c000-7fbe38000000 ---p 00000000 00:00 0 
7fbe38000000-7fbe38021000 rw-p 00000000 00:00 0 
7fbe38021000-7fbe3c000000 ---p 00000000 00:00 0 
7fbe3c000000-7fbe3c021000 rw-p 00000000 00:00 0 
7fbe3c021000-7fbe40000000 ---p 00000000 00:00 0 
7fbe40000000-7fbe4010f000 rw-p 00000000 00:00 0 
7fbe4010f000-7fbe44000000 ---p 00000000 00:00 0 
7fbe44000000-7fbe44025000 rw-p 00000000 00:00 0 
7fbe44025000-7fbe48000000 ---p 00000000 00:00 0 
7fbe48000000-7fbe48021000 rw-p 00000000 00:00 0 
7fbe48021000-7fbe4c000000 ---p 00000000 00:00 0 
7fbe4c000000-7fbe4c021000 rw-p 00000000 00:00 0 
7fbe4c021000-7fbe50000000 ---p 00000000 00:00 0 
7fbe50000000-7fbe50021000 rw-p 00000000 00:00 0 
7fbe50021000-7fbe54000000 ---p 00000000 00:00 0 
7fbe54000000-7fbe54021000 rw-p 00000000 00:00 0 
7fbe54021000-7fbe58000000 ---p 00000000 00:00 0 
7fbe58000000-7fbe58021000 rw-p 00000000 00:00 0 
7fbe58021000-7fbe5c000000 ---p 00000000 00:00 0 
7fbe5c000000-7fbe5dafe000 rw-p 00000000 00:00 0 
7fbe5dafe000-7fbe60000000 ---p 00000000 00:00 0 
7fbe60000000-7fbe60021000 rw-p 00000000 00:00 0 
7fbe60021000-7fbe64000000 ---p 00000000 00:00 0 
7fbe64000000-7fbe647ac000 rw-p 00000000 00:00 0 
7fbe647ac000-7fbe68000000 ---p 00000000 00:00 0 
7fbe68000000-7fbe68021000 rw-p 00000000 00:00 0 
7fbe68021000-7fbe6c000000 ---p 00000000 00:00 0 
7fbe6c000000-7fbe6c021000 rw-p 00000000 00:00 0 
7fbe6c021000-7fbe70000000 ---p 00000000 00:00 0 
7fbe70000000-7fbe7003c000 rw-p 00000000 00:00 0 
7fbe7003c000-7fbe74000000 ---p 00000000 00:00 0 
7fbe74000000-7fbe74021000 rw-p 00000000 00:00 0 
7fbe74021000-7fbe78000000 ---p 00000000 00:00 0 
7fbe78000000-7fbe78071000 rw-p 00000000 00:00 0 
7fbe78071000-7fbe7c000000 ---p 00000000 00:00 0 
7fbe7c000000-7fbe7d04e000 rw-p 00000000 00:00 0 
7fbe7d04e000-7fbe80000000 ---p 00000000 00:00 0 
7fbe80000000-7fbe80021000 rw-p 00000000 00:00 0 
7fbe80021000-7fbe84000000 ---p 00000000 00:00 0 
7fbe84000000-7fbe85861000 rw-p 00000000 00:00 0 
7fbe85861000-7fbe88000000 ---p 00000000 00:00 0 
7fbe88000000-7fbe897ba000 rw-p 00000000 00:00 0 
7fbe897ba000-7fbe8c000000 ---p 00000000 00:00 0 
7fbe8c000000-7fbe8c021000 rw-p 00000000 00:00 0 
7fbe8c021000-7fbe90000000 ---p 00000000 00:00 0 
7fbe90000000-7fbe90021000 rw-p 00000000 00:00 0 
7fbe90021000-7fbe94000000 ---p 00000000 00:00 0 
7fbe94000000-7fbe941eb000 rw-p 00000000 00:00 0 
7fbe941eb000-7fbe98000000 ---p 00000000 00:00 0 
7fbe98000000-7fbe98021000 rw-p 00000000 00:00 0 
7fbe98021000-7fbe9c000000 ---p 00000000 00:00 0 
7fbe9c000000-7fbe9c021000 rw-p 00000000 00:00 0 
7fbe9c021000-7fbea0000000 ---p 00000000 00:00 0 
7fbea0004000-7fbea0007000 ---p 00000000 00:00 0 
7fbea0007000-7fbea003d000 rw-p 00000000 00:00 0 
7fbea003d000-7fbea0040000 ---p 00000000 00:00 0 
7fbea0040000-7fbea0076000 rw-p 00000000 00:00 0 
7fbea0078000-7fbea0278000 rw-p 00000000 00:00 0 
7fbea0278000-7fbea027b000 ---p 00000000 00:00 0 
7fbea027b000-7fbea0379000 rw-p 00000000 00:00 0 
7fbea0379000-7fbea037c000 ---p 00000000 00:00 0 
7fbea037c000-7fbea047a000 rw-p 00000000 00:00 0 
7fbea047a000-7fbea047d000 ---p 00000000 00:00 0 
7fbea047d000-7fbea057b000 rw-p 00000000 00:00 0 
7fbea057d000-7fbea0580000 ---p 00000000 00:00 0 
7fbea0580000-7fbea087e000 rw-p 00000000 00:00 0 
7fbea087e000-7fbea0881000 ---p 00000000 00:00 0 
7fbea0881000-7fbea097f000 rw-p 00000000 00:00 0 
7fbea097f000-7fbea0982000 ---p 00000000 00:00 0 
7fbea0982000-7fbea0a80000 rw-p 00000000 00:00 0 
7fbea0a80000-7fbea0a83000 ---p 00000000 00:00 0 
7fbea0a83000-7fbea0b81000 rw-p 00000000 00:00 0 
7fbea0b81000-7fbea0b84000 ---p 00000000 00:00 0 
7fbea0b84000-7fbea0c82000 rw-p 00000000 00:00 0 
7fbea0c82000-7fbea0c85000 ---p 00000000 00:00 0 
7fbea0c85000-7fbea0d83000 rw-p 00000000 00:00 0 
7fbea0d83000-7fbea0d86000 ---p 00000000 00:00 0 
7fbea0d86000-7fbea0dbc000 rw-p 00000000 00:00 0 
7fbea0dbc000-7fbea0dbf000 ---p 00000000 00:00 0 
7fbea0dbf000-7fbea0ebd000 rw-p 00000000 00:00 0 
7fbea0ebd000-7fbea0ec0000 ---p 00000000 00:00 0 
7fbea0ec0000-7fbea0ef6000 rw-p 00000000 00:00 0 
7fbea0ef6000-7fbea0ef9000 ---p 00000000 00:00 0 
7fbea0ef9000-7fbea0f2f000 rw-p 00000000 00:00 0 
7fbea0f68000-7fbea0f6b000 ---p 00000000 00:00 0 
7fbea0f6b000-7fbea1069000 rw-p 00000000 00:00 0 
7fbea106b000-7fbea126b000 rw-p 00000000 00:00 0 
7fbea126b000-7fbea146b000 rw-p 00000000 00:00 0 
7fbea146b000-7fbea1471000 r--s 0003a000 08:01 117965845                  /usr/local/android-studio/jre/jre/lib/ext/sunjce_provider.jar
7fbea1471000-7fbea14a7000 r-xp 00000000 08:01 117965882                  /usr/local/android-studio/jre/jre/lib/amd64/libsunec.so
7fbea14a7000-7fbea16a6000 ---p 00036000 08:01 117965882                  /usr/local/android-studio/jre/jre/lib/amd64/libsunec.so
7fbea16a6000-7fbea16ab000 r--p 00035000 08:01 117965882                  /usr/local/android-studio/jre/jre/lib/amd64/libsunec.so
7fbea16ab000-7fbea16ad000 rw-p 0003a000 08:01 117965882                  /usr/local/android-studio/jre/jre/lib/amd64/libsunec.so
7fbea16ad000-7fbea16be000 rw-p 00000000 00:00 0 
7fbea16be000-7fbea16bf000 r--s 00008000 08:01 117965849                  /usr/local/android-studio/jre/jre/lib/ext/sunec.jar
7fbea16bf000-7fbea16c3000 r--s 00037000 08:01 117965847                  /usr/local/android-studio/jre/jre/lib/ext/sunpkcs11.jar
7fbea16c3000-7fbea16c6000 r--s 00015000 08:01 117965922                  /usr/local/android-studio/jre/jre/lib/jce.jar
7fbea16c6000-7fbea18c6000 rw-p 00000000 00:00 0 
7fbea18c6000-7fbea18c9000 ---p 00000000 00:00 0 
7fbea18c9000-7fbea19c7000 rw-p 00000000 00:00 0 
7fbea19c7000-7fbea19ca000 ---p 00000000 00:00 0 
7fbea19ca000-7fbea1cc8000 rw-p 00000000 00:00 0 
7fbea1cc8000-7fbea1ec8000 rw-p 00000000 00:00 0 
7fbea1ec8000-7fbea20c8000 rw-p 00000000 00:00 0 
7fbea20c8000-7fbea20cb000 ---p 00000000 00:00 0 
7fbea20cb000-7fbea21c9000 rw-p 00000000 00:00 0 
7fbea21cb000-7fbea23cb000 rw-p 00000000 00:00 0 
7fbea23cb000-7fbea23ce000 ---p 00000000 00:00 0 
7fbea23ce000-7fbea24cc000 rw-p 00000000 00:00 0 
7fbea24cc000-7fbea24cf000 ---p 00000000 00:00 0 
7fbea24cf000-7fbea25cd000 rw-p 00000000 00:00 0 
7fbea25cd000-7fbea25d0000 ---p 00000000 00:00 0 
7fbea25d0000-7fbea28ce000 rw-p 00000000 00:00 0 
7fbea28ce000-7fbea2ace000 rw-p 00000000 00:00 0 
7fbea2ace000-7fbea2cce000 rw-p 00000000 00:00 0 
7fbea2cce000-7fbea2ece000 rw-p 00000000 00:00 0 
7fbea2ece000-7fbea30ce000 rw-p 00000000 00:00 0 
7fbea30ce000-7fbea30e1000 r--s 00344000 08:01 117965822                  /usr/local/android-studio/jre/jre/lib/resources.jar
7fbea30e1000-7fbea32e1000 rw-p 00000000 00:00 0 
7fbea32e1000-7fbea34e1000 rw-p 00000000 00:00 0 
7fbea34e1000-7fbea36e1000 rw-p 00000000 00:00 0 
7fbea36e1000-7fbea38e1000 rw-p 00000000 00:00 0 
7fbea38e1000-7fbea3ae1000 rw-p 00000000 00:00 0 
7fbea3ae1000-7fbea3b0c000 r--s 001fc000 08:01 118490580                  /usr/local/android-studio/gradle/m2repository/com/google/guava/guava/18.0/guava-18.0.jar
7fbea3b0c000-7fbea3b0d000 r--s 00001000 08:01 118490667                  /usr/local/android-studio/gradle/m2repository/com/android/tools/annotations/25.2.0/annotations-25.2.0.jar
7fbea3b0d000-7fbea3b1f000 r--s 000b3000 08:01 118620225                  /usr/local/android-studio/gradle/m2repository/com/android/tools/external/com-intellij/uast/145.597.3/uast-145.597.3.jar
7fbea3b1f000-7fbea3b27000 r--s 000a8000 08:01 118620218                  /usr/local/android-studio/gradle/m2repository/com/android/tools/external/lombok/lombok-ast/0.2.3/lombok-ast-0.2.3.jar
7fbea3b27000-7fbea3b29000 r--s 0000d000 08:01 118620386                  /usr/local/android-studio/gradle/m2repository/commons-codec/commons-codec/1.4/commons-codec-1.4.jar
7fbea3b29000-7fbea3b2b000 r--s 0000d000 08:01 118490242                  /usr/local/android-studio/gradle/m2repository/commons-logging/commons-logging/1.1.1/commons-logging-1.1.1.jar
7fbea3b2b000-7fbea3b30000 r--s 00028000 08:01 118490467                  /usr/local/android-studio/gradle/m2repository/org/apache/httpcomponents/httpcore/4.1/httpcore-4.1.jar
7fbea3b30000-7fbea3b34000 r--s 0002f000 08:01 118490610                  /usr/local/android-studio/gradle/m2repository/com/google/jimfs/jimfs/1.1/jimfs-1.1.jar
7fbea3b34000-7fbea3b35000 r--s 00004000 08:01 118490543                  /usr/local/android-studio/gradle/m2repository/com/intellij/annotations/12.0/annotations-12.0.jar
7fbea3b35000-7fbea3b36000 r--s 00004000 08:01 118490289                  /usr/local/android-studio/gradle/m2repository/org/ow2/asm/asm-analysis/5.0.4/asm-analysis-5.0.4.jar
7fbea3b36000-7fbea3b3a000 r--s 0003b000 08:01 118620288                  /usr/local/android-studio/gradle/m2repository/com/android/tools/lint/lint-api/25.2.0/lint-api-25.2.0.jar
7fbea3b3a000-7fbea3b3b000 r--s 0000a000 08:01 118620348                  /usr/local/android-studio/gradle/m2repository/net/sf/kxml/kxml2/2.3.0/kxml2-2.3.0.jar
7fbea3b3b000-7fbea3b3d000 r--s 00005000 08:01 118490458                  /usr/local/android-studio/gradle/m2repository/org/apache/httpcomponents/httpmime/4.1/httpmime-4.1.jar
7fbea3b3d000-7fbea3b45000 r--s 0004e000 08:01 118490478                  /usr/local/android-studio/gradle/m2repository/org/apache/httpcomponents/httpclient/4.1.1/httpclient-4.1.1.jar
7fbea3b45000-7fbea3b4c000 r--s 00053000 08:01 118490490                  /usr/local/android-studio/gradle/m2repository/org/apache/commons/commons-compress/1.8.1/commons-compress-1.8.1.jar
7fbea3b4c000-7fbea3b51000 r--s 0002a000 08:01 118490598                  /usr/local/android-studio/gradle/m2repository/com/google/code/gson/gson/2.2.4/gson-2.2.4.jar
7fbea3b51000-7fbea3b56000 r--s 0002d000 08:01 118620230                  /usr/local/android-studio/gradle/m2repository/com/android/tools/repository/25.2.0/repository-25.2.0.jar
7fbea3b56000-7fbea3b57000 r--s 00005000 08:01 118620193                  /usr/local/android-studio/gradle/m2repository/com/android/tools/dvlib/25.2.0/dvlib-25.2.0.jar
7fbea3b57000-7fbea3b5a000 r--s 00014000 08:01 118490781                  /usr/local/android-studio/gradle/m2repository/com/android/tools/layoutlib/layoutlib-api/25.2.0/layoutlib-api-25.2.0.jar
7fbea3b5a000-7fbea3b5f000 r--s 00058000 08:01 118490264                  /usr/local/android-studio/gradle/m2repository/org/ow2/asm/asm-debug-all/5.0.1/asm-debug-all-5.0.1.jar
7fbea3b5f000-7fbea3b6f000 r--s 000d6000 08:01 118620360                  /usr/local/android-studio/gradle/m2repository/net/sf/proguard/proguard-base/5.2.1/proguard-base-5.2.1.jar
7fbea3b6f000-7fbea3b72000 r--s 00033000 08:01 118490550                  /usr/local/android-studio/gradle/m2repository/com/googlecode/juniversalchardet/juniversalchardet/1.0.3/juniversalchardet-1.0.3.jar
7fbea3b72000-7fbea3b76000 r--s 0002a000 08:01 118490235                  /usr/local/android-studio/gradle/m2repository/commons-io/commons-io/2.4/commons-io-2.4.jar
7fbea3b76000-7fbea3b8d000 r--s 00154000 08:01 118490403                  /usr/local/android-studio/gradle/m2repository/org/antlr/antlr4/4.5.3/antlr4-4.5.3.jar
7fbea3b8d000-7fbea3b8e000 r--s 00002000 08:01 118490628                  /usr/local/android-studio/gradle/m2repository/com/android/databinding/baseLibrary/2.2.0/baseLibrary-2.2.0.jar
7fbea3b8e000-7fbea3ba1000 r--s 00236000 08:01 118490348                  /usr/local/android-studio/gradle/m2repository/org/eclipse/jdt/core/compiler/ecj/4.5.1/ecj-4.5.1.jar
7fbea3ba1000-7fbea3ba8000 r--s 000c3000 08:01 118620259                  /usr/local/android-studio/gradle/m2repository/com/android/tools/lint/lint-checks/25.2.0/lint-checks-25.2.0.jar
7fbea3ba8000-7fbea3baa000 r--s 00006000 08:01 118490303                  /usr/local/android-studio/gradle/m2repository/org/ow2/asm/asm-tree/5.0.4/asm-tree-5.0.4.jar
7fbea3baa000-7fbea3bdd000 r--s 00203000 08:01 118490410                  /usr/local/android-studio/gradle/m2repository/org/bouncycastle/bcprov-jdk15on/1.48/bcprov-jdk15on-1.48.jar
7fbea3bdd000-7fbea3beb000 r--s 00081000 08:01 118490415                  /usr/local/android-studio/gradle/m2repository/org/bouncycastle/bcpkix-jdk15on/1.48/bcpkix-jdk15on-1.48.jar
7fbea3beb000-7fbea3bed000 r--s 00002000 08:01 118490558                  /usr/local/android-studio/gradle/m2repository/com/squareup/javawriter/2.5.0/javawriter-2.5.0.jar
7fbea3bed000-7fbea3bee000 r--s 00002000 08:01 118620237                  /usr/local/android-studio/gradle/m2repository/com/android/tools/analytics-library/tracker/25.2.0/tracker-25.2.0.jar
7fbea3bee000-7fbea3bf0000 r--s 00003000 08:01 118620245                  /usr/local/android-studio/gradle/m2repository/com/android/tools/analytics-library/shared/25.2.0/shared-25.2.0.jar
7fbea3bf0000-7fbea3bfd000 r--s 000ed000 08:01 118620241                  /usr/local/android-studio/gradle/m2repository/com/android/tools/analytics-library/protos/25.2.0/protos-25.2.0.jar
7fbea3bfd000-7fbea3bfe000 r--s 00001000 08:01 118490788                  /usr/local/android-studio/gradle/m2repository/com/android/tools/jill/jill-api/0.10.0/jill-api-0.10.0.jar
7fbea3bfe000-7fbea3c00000 r--s 00003000 08:01 118620315                  /usr/local/android-studio/gradle/m2repository/com/android/tools/jack/jack-api/0.11.0/jack-api-0.11.0.jar
7fbea3c00000-7fbea3e00000 rw-p 00000000 00:00 0 
7fbea3e00000-7fbea4000000 rw-p 00000000 00:00 0 
7fbea4000000-7fbea4032000 rw-p 00000000 00:00 0 
7fbea4032000-7fbea8000000 ---p 00000000 00:00 0 
7fbea8000000-7fbea828a000 rw-p 00000000 00:00 0 
7fbea828a000-7fbeac000000 ---p 00000000 00:00 0 
7fbeac000000-7fbeac022000 rw-p 00000000 00:00 0 
7fbeac022000-7fbeb0000000 ---p 00000000 00:00 0 
7fbeb0000000-7fbeb0005000 r--s 0004a000 08:01 118620167                  /usr/local/android-studio/gradle/m2repository/com/android/tools/ddms/ddmlib/25.2.0/ddmlib-25.2.0.jar
7fbeb0005000-7fbeb0008000 r--s 00021000 08:01 118490724                  /usr/local/android-studio/gradle/m2repository/com/android/tools/build/manifest-merger/25.2.0/manifest-merger-25.2.0.jar
7fbeb0008000-7fbeb000a000 r--s 0001c000 08:01 118620332                  /usr/local/android-studio/gradle/m2repository/com/android/tools/common/25.2.0/common-25.2.0.jar
7fbeb000a000-7fbeb0013000 r--s 00083000 08:01 118490805                  /usr/local/android-studio/gradle/m2repository/com/android/tools/sdk-common/25.2.0/sdk-common-25.2.0.jar
7fbeb0013000-7fbeb001e000 r--s 0008e000 08:01 118620303                  /usr/local/android-studio/gradle/m2repository/com/android/tools/sdklib/25.2.0/sdklib-25.2.0.jar
7fbeb001e000-7fbeb001f000 r--s 00002000 08:01 118490697                  /usr/local/android-studio/gradle/m2repository/com/android/tools/build/builder-test-api/2.2.0/builder-test-api-2.2.0.jar
7fbeb001f000-7fbeb0022000 r--s 00005000 08:01 118490753                  /usr/local/android-studio/gradle/m2repository/com/android/tools/build/builder-model/2.2.0/builder-model-2.2.0.jar
7fbeb0022000-7fbeb002a000 r--s 0007b000 08:01 118490590                  /usr/local/android-studio/gradle/m2repository/com/google/protobuf/protobuf-java/2.5.0/protobuf-java-2.5.0.jar
7fbeb002a000-7fbeb002c000 r--s 0000f000 08:01 118620341                  /usr/local/android-studio/gradle/m2repository/net/sf/jopt-simple/jopt-simple/4.9/jopt-simple-4.9.jar
7fbeb002c000-7fbeb0030000 r--s 0001f000 08:01 118490446                  /usr/local/android-studio/gradle/m2repository/org/jacoco/org.jacoco.report/0.7.5.201505241946/org.jacoco.report-0.7.5.201505241946.jar
7fbeb0030000-7fbeb0034000 r--s 0001d000 08:01 118490431                  /usr/local/android-studio/gradle/m2repository/org/jacoco/org.jacoco.core/0.7.5.201505241946/org.jacoco.core-0.7.5.201505241946.jar
7fbeb0034000-7fbeb0035000 r--s 00002000 08:01 118620376                  /usr/local/android-studio/gradle/m2repository/net/sf/proguard/proguard-gradle/5.2.1/proguard-gradle-5.2.1.jar
7fbeb0035000-7fbeb0037000 r--s 00009000 08:01 118490312                  /usr/local/android-studio/gradle/m2repository/org/ow2/asm/asm-commons/5.0.4/asm-commons-5.0.4.jar
7fbeb0037000-7fbeb0039000 r--s 0000c000 08:01 118490335                  /usr/local/android-studio/gradle/m2repository/org/ow2/asm/asm/5.0.4/asm-5.0.4.jar
7fbeb0039000-7fbeb003d000 r--s 0002b000 08:01 118490650                  /usr/local/android-studio/gradle/m2repository/com/android/databinding/compilerCommon/2.2.0/compilerCommon-2.2.0.jar
7fbeb003d000-7fbeb003e000 r--s 00002000 08:01 118490711                  /usr/local/android-studio/gradle/m2repository/com/android/tools/build/gradle-api/2.2.0/gradle-api-2.2.0.jar
7fbeb003e000-7fbeb003f000 r--s 00000000 08:01 118490741                  /usr/local/android-studio/gradle/m2repository/com/android/tools/build/transform-api/2.0.0-deprecated-use-gradle-api/transform-api-2.0.0-deprecated-use-gradle-api.jar
7fbeb003f000-7fbeb0044000 r--s 00053000 08:01 118620274                  /usr/local/android-studio/gradle/m2repository/com/android/tools/lint/lint/25.2.0/lint-25.2.0.jar
7fbeb0044000-7fbeb005b000 r--s 0015d000 08:01 118490685                  /usr/local/android-studio/gradle/m2repository/com/android/tools/build/builder/2.2.0/builder-2.2.0.jar
7fbeb005b000-7fbeb0078000 r--s 0019c000 08:01 118490734                  /usr/local/android-studio/gradle/m2repository/com/android/tools/build/gradle-core/2.2.0/gradle-core-2.2.0.jar
7fbeb0078000-7fbeb007a000 r--s 0000d000 08:01 118490764                  /usr/local/android-studio/gradle/m2repository/com/android/tools/build/gradle/2.2.0/gradle-2.2.0.jar
7fbeb007a000-7fbeb007d000 ---p 00000000 00:00 0 
7fbeb007d000-7fbeb017b000 rw-p 00000000 00:00 0 
7fbeb017b000-7fbeb017e000 ---p 00000000 00:00 0 
7fbeb017e000-7fbeb01b4000 rw-p 00000000 00:00 0 
7fbeb01b4000-7fbeb01b5000 r--p 00000000 00:00 0 
7fbeb01b5000-7fbeb03b5000 rw-p 00000000 00:00 0 
7fbeb03b5000-7fbeb05b5000 rw-p 00000000 00:00 0 
7fbeb05b5000-7fbeb07b5000 rw-p 00000000 00:00 0 
7fbeb07b5000-7fbeb09b5000 rw-p 00000000 00:00 0 
7fbeb09b5000-7fbeb0bb5000 rw-p 00000000 00:00 0 
7fbeb0bb5000-7fbeb0c2d000 r--s 010eb000 08:01 117965764                  /usr/local/android-studio/jre/lib/tools.jar
7fbeb0c2d000-7fbeb0c30000 ---p 00000000 00:00 0 
7fbeb0c30000-7fbeb0d2e000 rw-p 00000000 00:00 0 
7fbeb0d2e000-7fbeb0d31000 ---p 00000000 00:00 0 
7fbeb0d31000-7fbeb0e2f000 rw-p 00000000 00:00 0 
7fbeb0e2f000-7fbeb0e32000 ---p 00000000 00:00 0 
7fbeb0e32000-7fbeb0f30000 rw-p 00000000 00:00 0 
7fbeb0f30000-7fbeb0f33000 ---p 00000000 00:00 0 
7fbeb0f33000-7fbeb1031000 rw-p 00000000 00:00 0 
7fbeb1031000-7fbeb1034000 ---p 00000000 00:00 0 
7fbeb1034000-7fbeb1132000 rw-p 00000000 00:00 0 
7fbeb1132000-7fbeb1135000 ---p 00000000 00:00 0 
7fbeb1135000-7fbeb1433000 rw-p 00000000 00:00 0 
7fbeb1433000-7fbeb1436000 ---p 00000000 00:00 0 
7fbeb1436000-7fbeb1534000 rw-p 00000000 00:00 0 
7fbeb1534000-7fbeb153b000 r--s 00000000 08:01 4197132                    /usr/lib/x86_64-linux-gnu/gconv/gconv-modules.cache
7fbeb153b000-7fbeb153e000 ---p 00000000 00:00 0 
7fbeb153e000-7fbeb163c000 rw-p 00000000 00:00 0 
7fbeb163c000-7fbeb1645000 r-xp 00000000 08:01 117965900                  /usr/local/android-studio/jre/jre/lib/amd64/libmanagement.so
7fbeb1645000-7fbeb1844000 ---p 00009000 08:01 117965900                  /usr/local/android-studio/jre/jre/lib/amd64/libmanagement.so
7fbeb1844000-7fbeb1845000 r--p 00008000 08:01 117965900                  /usr/local/android-studio/jre/jre/lib/amd64/libmanagement.so
7fbeb1845000-7fbeb1846000 rw-p 00009000 08:01 117965900                  /usr/local/android-studio/jre/jre/lib/amd64/libmanagement.so
7fbeb1846000-7fbeb184a000 r--s 00097000 08:01 117965874                  /usr/local/android-studio/jre/jre/lib/jsse.jar
7fbeb184a000-7fbeb184c000 r--s 00007000 08:01 118490098                  /usr/local/android-studio/gradle/gradle-2.14.1/lib/plugins/gradle-tooling-api-builders-2.14.1.jar
7fbeb184c000-7fbeb184f000 r--s 00008000 08:01 118490092                  /usr/local/android-studio/gradle/gradle-2.14.1/lib/plugins/gradle-testing-native-2.14.1.jar
7fbeb184f000-7fbeb1851000 r--s 00009000 08:01 118490173                  /usr/local/android-studio/gradle/gradle-2.14.1/lib/plugins/hamcrest-core-1.3.jar
7fbeb1851000-7fbeb1857000 r--s 00033000 08:01 118490103                  /usr/local/android-studio/gradle/gradle-2.14.1/lib/plugins/snakeyaml-1.6.jar
7fbeb1857000-7fbeb1859000 r--s 00006000 08:01 118490124                  /usr/local/android-studio/gradle/gradle-2.14.1/lib/plugins/jcommander-1.12.jar
7fbeb1859000-7fbeb185e000 r--s 00040000 08:01 118490101                  /usr/local/android-studio/gradle/gradle-2.14.1/lib/plugins/bsh-2.0b4.jar
7fbeb185e000-7fbeb1867000 r--s 00089000 08:01 118490127                  /usr/local/android-studio/gradle/gradle-2.14.1/lib/plugins/testng-6.3.1.jar
7fbeb1867000-7fbeb186f000 r--s 00045000 08:01 118490132                  /usr/local/android-studio/gradle/gradle-2.14.1/lib/plugins/junit-4.12.jar
7fbeb186f000-7fbeb1875000 r--s 0002e000 08:01 118490108                  /usr/local/android-studio/gradle/gradle-2.14.1/lib/plugins/gradle-testing-jvm-2.14.1.jar
7fbeb1875000-7fbeb187a000 r--s 00015000 08:01 118490117                  /usr/local/android-studio/gradle/gradle-2.14.1/lib/plugins/gradle-testing-base-2.14.1.jar
7fbeb187a000-7fbeb187b000 r--s 00002000 08:01 118490130                  /usr/local/android-studio/gradle/gradle-2.14.1/lib/plugins/sonar-batch-bootstrapper-2.9.jar
7fbeb187b000-7fbeb187e000 r--s 00015000 08:01 118490107                  /usr/local/android-studio/gradle/gradle-2.14.1/lib/plugins/gradle-sonar-2.14.1.jar
7fbeb187e000-7fbeb1885000 r--s 00038000 08:01 118490148                  /usr/local/android-studio/gradle/gradle-2.14.1/lib/plugins/bcpg-jdk15on-1.51.jar
7fbeb1885000-7fbeb1887000 r--s 0000d000 08:01 118490154                  /usr/local/android-studio/gradle/gradle-2.14.1/lib/plugins/gradle-signing-2.14.1.jar
7fbeb1887000-7fbeb188a000 r--s 00009000 08:01 118490137                  /usr/local/android-studio/gradle/gradle-2.14.1/lib/plugins/gradle-scala-2.14.1.jar
7fbeb188a000-7fbeb188b000 r--s 00004000 08:01 118490161                  /usr/local/android-studio/gradle/gradle-2.14.1/lib/plugins/gradle-resources-sftp-2.14.1.jar
7fbeb188b000-7fbeb189b000 r--s 00088000 08:01 118490114                  /usr/local/android-studio/gradle/gradle-2.14.1/lib/plugins/joda-time-2.8.2.jar
7fbeb189b000-7fbeb18ac000 r--s 000cf000 08:01 118490180                  /usr/local/android-studio/gradle/gradle-2.14.1/lib/plugins/jackson-databind-2.3.2.jar
7fbeb18ac000-7fbeb18ae000 r--s 00007000 08:01 118490143                  /usr/local/android-studio/gradle/gradle-2.14.1/lib/plugins/jackson-annotations-2.3.2.jar
7fbeb18ae000-7fbeb18b1000 r--s 0002e000 08:01 118490150                  /usr/local/android-studio/gradle/gradle-2.14.1/lib/plugins/jackson-core-2.3.2.jar
7fbeb18b1000-7fbeb18bc000 r--s 0006b000 08:01 118490197                  /usr/local/android-studio/gradle/gradle-2.14.1/lib/plugins/aws-java-sdk-core-1.9.19.jar
7fbeb18bc000-7fbeb18c2000 r--s 00036000 08:01 118490142                  /usr/local/android-studio/gradle/gradle-2.14.1/lib/plugins/aws-java-sdk-kms-1.9.19.jar
7fbeb18c2000-7fbeb18cd000 r--s 00079000 08:01 118490129                  /usr/local/android-studio/gradle/gradle-2.14.1/lib/plugins/aws-java-sdk-s3-1.9.19.jar
7fbeb18cd000-7fbeb18ce000 r--s 00003000 08:01 118490176                  /usr/local/android-studio/gradle/gradle-2.14.1/lib/plugins/gradle-resources-s3-2.14.1.jar
7fbeb18ce000-7fbeb18d0000 r--s 00005000 08:01 118490171                  /usr/local/android-studio/gradle/gradle-2.14.1/lib/plugins/jatl-0.2.2.jar
7fbeb18d0000-7fbeb18d2000 r--s 0000f000 08:01 118490188                  /usr/local/android-studio/gradle/gradle-2.14.1/lib/plugins/gradle-reporting-2.14.1.jar
7fbeb18d2000-7fbeb18d4000 r--s 00002000 08:01 118490147                  /usr/local/android-studio/gradle/gradle-2.14.1/lib/plugins/gradle-publish-2.14.1.jar
7fbeb18d4000-7fbeb18d6000 r--s 00009000 08:01 118490120                  /usr/local/android-studio/gradle/gradle-2.14.1/lib/plugins/commons-cli-1.2.jar
7fbeb18d6000-7fbeb18dc000 r--s 00033000 08:01 118490131                  /usr/local/android-studio/gradle/gradle-2.14.1/lib/plugins/gradle-plugins-2.14.1.jar
7fbeb18dc000-7fbeb18de000 r--s 00007000 08:01 118490095                  /usr/local/android-studio/gradle/gradle-2.14.1/lib/plugins/gradle-plugin-development-2.14.1.jar
7fbeb18de000-7fbeb18e4000 r--s 0002a000 08:01 118490153                  /usr/local/android-studio/gradle/gradle-2.14.1/lib/plugins/gradle-platform-play-2.14.1.jar
7fbeb18e4000-7fbeb18f1000 r--s 0004d000 08:01 118490152                  /usr/local/android-studio/gradle/gradle-2.14.1/lib/plugins/gradle-platform-native-2.14.1.jar
7fbeb18f1000-7fbeb18f5000 r--s 0001a000 08:01 118490174                  /usr/local/android-studio/gradle/gradle-2.14.1/lib/plugins/gradle-platform-jvm-2.14.1.jar
7fbeb18f5000-7fbeb18fc000 r--s 00029000 08:01 118490123                  /usr/local/android-studio/gradle/gradle-2.14.1/lib/plugins/gradle-platform-base-2.14.1.jar
7fbeb18fc000-7fbeb191d000 r--s 001c3000 08:01 118490099                  /usr/local/android-studio/gradle/gradle-2.14.1/lib/plugins/bndlib-2.4.0.jar
7fbeb191d000-7fbeb191f000 r--s 00003000 08:01 118490179                  /usr/local/android-studio/gradle/gradle-2.14.1/lib/plugins/gradle-osgi-2.14.1.jar
7fbeb191f000-7fbeb1922000 r--s 0000c000 08:01 118490183                  /usr/local/android-studio/gradle/gradle-2.14.1/lib/plugins/pmaven-groovy-0.8-20100325.jar
7fbeb1922000-7fbeb1923000 r--s 00004000 08:01 118490169                  /usr/local/android-studio/gradle/gradle-2.14.1/lib/plugins/pmaven-common-0.8-20100325.jar
7fbeb1923000-7fbeb1929000 r--s 00022000 08:01 118490122                  /usr/local/android-studio/gradle/gradle-2.14.1/lib/plugins/gradle-maven-2.14.1.jar
7fbeb1929000-7fbeb192b000 r--s 0000a000 08:01 118490104                  /usr/local/android-studio/gradle/gradle-2.14.1/lib/plugins/gradle-language-scala-2.14.1.jar
7fbeb192b000-7fbeb1931000 r--s 0001a000 08:01 118490109                  /usr/local/android-studio/gradle/gradle-2.14.1/lib/plugins/gradle-language-native-2.14.1.jar
7fbeb1931000-7fbeb1933000 r--s 00008000 08:01 118490097                  /usr/local/android-studio/gradle/gradle-2.14.1/lib/plugins/gradle-language-jvm-2.14.1.jar
7fbeb1933000-7fbeb1939000 r--s 00024000 08:01 118490170                  /usr/local/android-studio/gradle/gradle-2.14.1/lib/plugins/gradle-language-java-2.14.1.jar
7fbeb1939000-7fbeb193b000 r--s 0000a000 08:01 118490151                  /usr/local/android-studio/gradle/gradle-2.14.1/lib/plugins/gradle-language-groovy-2.14.1.jar
7fbeb193b000-7fbeb193e000 r--s 0001e000 08:01 118490091                  /usr/local/android-studio/gradle/gradle-2.14.1/lib/plugins/jsp-api-2.1-6.1.14.jar
7fbeb193e000-7fbeb1961000 r--s 00344000 08:01 118490144                  /usr/local/android-studio/gradle/gradle-2.14.1/lib/plugins/core-3.1.1.jar
7fbeb1961000-7fbeb1962000 r--s 00006000 08:01 118490181                  /usr/local/android-studio/gradle/gradle-2.14.1/lib/plugins/jetty-naming-6.1.25.jar
7fbeb1962000-7fbeb1963000 r--s 00002000 08:01 118490139                  /usr/local/android-studio/gradle/gradle-2.14.1/lib/plugins/geronimo-annotation_1.0_spec-1.0.jar
7fbeb1963000-7fbeb1965000 r--s 00002000 08:01 118490177                  /usr/local/android-studio/gradle/gradle-2.14.1/lib/plugins/jetty-annotations-6.1.25.jar
7fbeb1965000-7fbeb1976000 r--s 000ea000 08:01 118490190                  /usr/local/android-studio/gradle/gradle-2.14.1/lib/plugins/jsp-2.1-6.1.14.jar
7fbeb1976000-7fbeb1978000 r--s 0000d000 08:01 118490145                  /usr/local/android-studio/gradle/gradle-2.14.1/lib/plugins/jetty-plus-6.1.25.jar
7fbeb1978000-7fbeb197a000 r--s 0001f000 08:01 118490204                  /usr/local/android-studio/gradle/gradle-2.14.1/lib/plugins/servlet-api-2.5-20081211.jar
7fbeb197a000-7fbeb197e000 r--s 00028000 08:01 118490125                  /usr/local/android-studio/gradle/gradle-2.14.1/lib/plugins/jetty-util-6.1.25.jar
7fbeb197e000-7fbeb1985000 r--s 0007d000 08:01 118490133                  /usr/local/android-studio/gradle/gradle-2.14.1/lib/plugins/jetty-6.1.25.jar
7fbeb1985000-7fbeb1987000 r--s 00009000 08:01 118490186                  /usr/local/android-studio/gradle/gradle-2.14.1/lib/plugins/gradle-jetty-2.14.1.jar
7fbeb1987000-7fbeb198e000 r--s 00035000 08:01 118490200                  /usr/local/android-studio/gradle/gradle-2.14.1/lib/plugins/simple-4.1.21.jar
7fbeb198e000-7fbeb199a000 r--s 00100000 08:01 118490115                  /usr/local/android-studio/gradle/gradle-2.14.1/lib/plugins/rhino-1.7R3.jar
7fbeb199a000-7fbeb199e000 r--s 00011000 08:01 118490168                  /usr/local/android-studio/gradle/gradle-2.14.1/lib/plugins/gradle-javascript-2.14.1.jar
7fbeb199e000-7fbeb19a0000 r--s 0000c000 08:01 118490202                  /usr/local/android-studio/gradle/gradle-2.14.1/lib/plugins/gradle-jacoco-2.14.1.jar
7fbeb19a0000-7fbeb19a3000 r--s 0000e000 08:01 118490199                  /usr/local/android-studio/gradle/gradle-2.14.1/lib/plugins/gradle-ivy-2.14.1.jar
7fbeb19a3000-7fbeb19a4000 r--s 00002000 08:01 118490191                  /usr/local/android-studio/gradle/gradle-2.14.1/lib/plugins/gradle-ide-play-2.14.1.jar
7fbeb19a4000-7fbeb19a9000 r--s 0002b000 08:01 118490187                  /usr/local/android-studio/gradle/gradle-2.14.1/lib/plugins/gradle-ide-native-2.14.1.jar
7fbeb19a9000-7fbeb19b4000 r--s 00066000 08:01 118490105                  /usr/local/android-studio/gradle/gradle-2.14.1/lib/plugins/gradle-ide-2.14.1.jar
7fbeb19b4000-7fbeb19b5000 r--s 00008000 08:01 118490102                  /usr/local/android-studio/gradle/gradle-2.14.1/lib/plugins/gradle-ear-2.14.1.jar
7fbeb19b5000-7fbeb19bb000 r--s 00032000 08:01 118490113                  /usr/local/android-studio/gradle/gradle-2.14.1/lib/plugins/gradle-diagnostics-2.14.1.jar
7fbeb19bb000-7fbeb19bf000 r--s 00021000 08:01 118490189                  /usr/local/android-studio/gradle/gradle-2.14.1/lib/plugins/gradle-code-quality-2.14.1.jar
7fbeb19bf000-7fbeb19c3000 r--s 0001f000 08:01 118490112                  /usr/local/android-studio/gradle/gradle-2.14.1/lib/plugins/gradle-build-init-2.14.1.jar
7fbeb19c3000-7fbeb19ca000 r--s 0008e000 08:01 118490196                  /usr/local/android-studio/gradle/gradle-2.14.1/lib/plugins/gradle-build-comparison-2.14.1.jar
7fbeb19ca000-7fbeb19cc000 r--s 00008000 08:01 118490172                  /usr/local/android-studio/gradle/gradle-2.14.1/lib/plugins/gradle-antlr-2.14.1.jar
7fbeb19cc000-7fbeb19ce000 r--s 00004000 08:01 118490198                  /usr/local/android-studio/gradle/gradle-2.14.1/lib/plugins/gradle-announce-2.14.1.jar
7fbeb19ce000-7fbeb19e6000 r--s 00115000 08:01 118490136                  /usr/local/android-studio/gradle/gradle-2.14.1/lib/plugins/xercesImpl-2.9.1.jar
7fbeb19e6000-7fbeb19ee000 r--s 00028000 08:01 118490164                  /usr/local/android-studio/gradle/gradle-2.14.1/lib/plugins/xml-apis-1.3.04.jar
7fbeb19ee000-7fbeb19f4000 r--s 0005b000 08:01 118490155                  /usr/local/android-studio/gradle/gradle-2.14.1/lib/plugins/jcifs-1.3.17.jar
7fbeb19f4000-7fbeb19fb000 r--s 00049000 08:01 118490166                  /usr/local/android-studio/gradle/gradle-2.14.1/lib/plugins/httpcore-4.4.4.jar
7fbeb19fb000-7fbeb1a01000 r--s 00033000 08:01 118490111                  /usr/local/android-studio/gradle/gradle-2.14.1/lib/plugins/commons-codec-1.6.jar
7fbeb1a01000-7fbeb1a04000 r--s 0001c000 08:01 118490106                  /usr/local/android-studio/gradle/gradle-2.14.1/lib/plugins/nekohtml-1.9.14.jar
7fbeb1a04000-7fbeb1a11000 r--s 000a4000 08:01 118490184                  /usr/local/android-studio/gradle/gradle-2.14.1/lib/plugins/httpclient-4.4.1.jar
7fbeb1a11000-7fbeb1a13000 r--s 0000a000 08:01 118490093                  /usr/local/android-studio/gradle/gradle-2.14.1/lib/plugins/gradle-resources-http-2.14.1.jar
7fbeb1a13000-7fbeb1a17000 r--s 00014000 08:01 118490158                  /usr/local/android-studio/gradle/gradle-2.14.1/lib/plugins/gradle-plugin-use-2.14.1.jar
7fbeb1a17000-7fbeb1a18000 r--s 00000000 08:01 118490049                  /usr/local/android-studio/gradle/gradle-2.14.1/lib/gradle-installation-beacon-2.14.1.jar
7fbeb1a18000-7fbeb1a19000 r--s 00007000 08:01 118490121                  /usr/local/android-studio/gradle/gradle-2.14.1/lib/plugins/wagon-http-shared4-2.4.jar
7fbeb1a19000-7fbeb1a1d000 r--s 00033000 08:01 118490175                  /usr/local/android-studio/gradle/gradle-2.14.1/lib/plugins/plexus-utils-2.0.6.jar
7fbeb1a1d000-7fbeb1a21000 r--s 00021000 08:01 118490157                  /usr/local/android-studio/gradle/gradle-2.14.1/lib/plugins/maven-model-builder-3.0.4.jar
7fbeb1a21000-7fbeb1a22000 r--s 00002000 08:01 118490110                  /usr/local/android-studio/gradle/gradle-2.14.1/lib/plugins/wagon-file-2.4.jar
7fbeb1a22000-7fbeb1a24000 r--s 00002000 08:01 118490167                  /usr/local/android-studio/gradle/gradle-2.14.1/lib/plugins/plexus-cipher-1.7.jar
7fbeb1a24000-7fbeb1a27000 r--s 00013000 08:01 118490203                  /usr/local/android-studio/gradle/gradle-2.14.1/lib/plugins/aether-api-1.13.1.jar
7fbeb1a27000-7fbeb1a29000 r--s 0000a000 08:01 118490126                  /usr/local/android-studio/gradle/gradle-2.14.1/lib/plugins/maven-settings-3.0.4.jar
7fbeb1a29000-7fbeb1a2b000 r--s 0000d000 08:01 118490159                  /usr/local/android-studio/gradle/gradle-2.14.1/lib/plugins/plexus-interpolation-1.14.jar
7fbeb1a2b000-7fbeb1a2d000 r--s 0000b000 08:01 118490182                  /usr/local/android-studio/gradle/gradle-2.14.1/lib/plugins/maven-artifact-3.0.4.jar
7fbeb1a2d000-7fbeb1a34000 r--s 0002e000 08:01 118490118                  /usr/local/android-studio/gradle/gradle-2.14.1/lib/plugins/plexus-container-default-1.5.5.jar
7fbeb1a34000-7fbeb1a36000 r--s 0000b000 08:01 118490146                  /usr/local/android-studio/gradle/gradle-2.14.1/lib/plugins/maven-plugin-api-3.0.4.jar
7fbeb1a36000-7fbeb1a38000 r--s 00000000 08:01 118490149                  /usr/local/android-studio/gradle/gradle-2.14.1/lib/plugins/plexus-component-annotations-1.5.5.jar
7fbeb1a38000-7fbeb1a3e000 r--s 0003f000 08:01 118490160                  /usr/local/android-studio/gradle/gradle-2.14.1/lib/plugins/maven-compat-3.0.4.jar
7fbeb1a3e000-7fbeb1a41000 r--s 00008000 08:01 118490134                  /usr/local/android-studio/gradle/gradle-2.14.1/lib/plugins/maven-settings-builder-3.0.4.jar
7fbeb1a41000-7fbeb1a43000 r--s 00026000 08:01 118490201                  /usr/local/android-studio/gradle/gradle-2.14.1/lib/plugins/maven-model-3.0.4.jar
7fbeb1a43000-7fbeb1a45000 r--s 00006000 08:01 118490178                  /usr/local/android-studio/gradle/gradle-2.14.1/lib/plugins/aether-connector-wagon-1.13.1.jar
7fbeb1a45000-7fbeb1a47000 r--s 0000a000 08:01 118490119                  /usr/local/android-studio/gradle/gradle-2.14.1/lib/plugins/plexus-classworlds-2.4.jar
7fbeb1a47000-7fbeb1a49000 r--s 00006000 08:01 118490162                  /usr/local/android-studio/gradle/gradle-2.14.1/lib/plugins/maven-repository-metadata-3.0.4.jar
7fbeb1a49000-7fbeb1a4b000 r--s 0000c000 08:01 118490138                  /usr/local/android-studio/gradle/gradle-2.14.1/lib/plugins/maven-aether-provider-3.0.4.jar
7fbeb1a4b000-7fbeb1a4d000 r--s 0000b000 08:01 118490128                  /usr/local/android-studio/gradle/gradle-2.14.1/lib/plugins/wagon-provider-api-2.4.jar
7fbeb1a4d000-7fbeb1a51000 r--s 0001c000 08:01 118490192                  /usr/local/android-studio/gradle/gradle-2.14.1/lib/plugins/aether-util-1.13.1.jar
7fbeb1a51000-7fbeb1a54000 r--s 0001d000 08:01 118490156                  /usr/local/android-studio/gradle/gradle-2.14.1/lib/plugins/aether-impl-1.13.1.jar
7fbeb1a54000-7fbeb1a59000 r--s 00040000 08:01 118490096                  /usr/local/android-studio/gradle/gradle-2.14.1/lib/plugins/jsch-0.1.53.jar
7fbeb1a59000-7fbeb1a99000 r--s 00277000 08:01 118490100                  /usr/local/android-studio/gradle/gradle-2.14.1/lib/plugins/bcprov-jdk15on-1.51.jar
7fbeb1a99000-7fbeb1aa5000 r--s 0007d000 08:01 118490165                  /usr/local/android-studio/gradle/gradle-2.14.1/lib/plugins/maven-core-3.0.4.jar
7fbeb1aa5000-7fbeb1ac1000 r--s 000d3000 08:01 118490140                  /usr/local/android-studio/gradle/gradle-2.14.1/lib/plugins/gradle-dependency-management-2.14.1.jar
7fbeb1ac1000-7fbeb1ad7000 r-xp 00000000 08:01 22286661                   /lib/x86_64-linux-gnu/libgcc_s.so.1
7fbeb1ad7000-7fbeb1cd6000 ---p 00016000 08:01 22286661                   /lib/x86_64-linux-gnu/libgcc_s.so.1
7fbeb1cd6000-7fbeb1cd7000 rw-p 00015000 08:01 22286661                   /lib/x86_64-linux-gnu/libgcc_s.so.1
7fbeb1cd7000-7fbeb1e49000 r-xp 00000000 08:01 3934337                    /usr/lib/x86_64-linux-gnu/libstdc++.so.6.0.21
7fbeb1e49000-7fbeb2049000 ---p 00172000 08:01 3934337                    /usr/lib/x86_64-linux-gnu/libstdc++.so.6.0.21
7fbeb2049000-7fbeb2053000 r--p 00172000 08:01 3934337                    /usr/lib/x86_64-linux-gnu/libstdc++.so.6.0.21
7fbeb2053000-7fbeb2055000 rw-p 0017c000 08:01 3934337                    /usr/lib/x86_64-linux-gnu/libstdc++.so.6.0.21
7fbeb2055000-7fbeb2059000 rw-p 00000000 00:00 0 
7fbeb2059000-7fbeb205a000 r--s 00002000 08:01 118490090                  /usr/local/android-studio/gradle/gradle-2.14.1/lib/plugins/wagon-http-2.4.jar
7fbeb205a000-7fbeb205b000 r--s 00003000 08:01 118490094                  /usr/local/android-studio/gradle/gradle-2.14.1/lib/plugins/aether-spi-1.13.1.jar
7fbeb205b000-7fbeb205c000 r--s 00006000 08:01 118490163                  /usr/local/android-studio/gradle/gradle-2.14.1/lib/plugins/plexus-sec-dispatcher-1.3.jar
7fbeb205c000-7fbeb2060000 r--s 0001d000 08:01 118490141                  /usr/local/android-studio/gradle/gradle-2.14.1/lib/plugins/xbean-reflect-3.4.jar
7fbeb2060000-7fbeb2065000 r--s 0002a000 08:01 118490135                  /usr/local/android-studio/gradle/gradle-2.14.1/lib/plugins/gson-2.2.4.jar
7fbeb2065000-7fbeb2074000 r--s 000d9000 08:01 118490116                  /usr/local/android-studio/gradle/gradle-2.14.1/lib/plugins/ivy-2.2.0.jar
7fbeb2074000-7fbeb2078000 r-xp 00000000 08:01 119145394                  /home/n3v10t/.gradle/native/19/linux-amd64/libnative-platform.so
7fbeb2078000-7fbeb2277000 ---p 00004000 08:01 119145394                  /home/n3v10t/.gradle/native/19/linux-amd64/libnative-platform.so
7fbeb2277000-7fbeb2278000 rw-p 00003000 08:01 119145394                  /home/n3v10t/.gradle/native/19/linux-amd64/libnative-platform.so
7fbeb2278000-7fbeb2289000 r-xp 00000000 08:01 117965888                  /usr/local/android-studio/jre/jre/lib/amd64/libnio.so
7fbeb2289000-7fbeb2488000 ---p 00011000 08:01 117965888                  /usr/local/android-studio/jre/jre/lib/amd64/libnio.so
7fbeb2488000-7fbeb2489000 r--p 00010000 08:01 117965888                  /usr/local/android-studio/jre/jre/lib/amd64/libnio.so
7fbeb2489000-7fbeb248a000 rw-p 00011000 08:01 117965888                  /usr/local/android-studio/jre/jre/lib/amd64/libnio.so
7fbeb248a000-7fbeb278b000 rw-p 00000000 00:00 0 
7fbeb278b000-7fbeb27a2000 r-xp 00000000 08:01 117965886                  /usr/local/android-studio/jre/jre/lib/amd64/libnet.so
7fbeb27a2000-7fbeb29a1000 ---p 00017000 08:01 117965886                  /usr/local/android-studio/jre/jre/lib/amd64/libnet.so
7fbeb29a1000-7fbeb29a2000 r--p 00016000 08:01 117965886                  /usr/local/android-studio/jre/jre/lib/amd64/libnet.so
7fbeb29a2000-7fbeb29a3000 rw-p 00017000 08:01 117965886                  /usr/local/android-studio/jre/jre/lib/amd64/libnet.so
7fbeb29a3000-7fbeb29a5000 r--s 00005000 08:01 118490059                  /usr/local/android-studio/gradle/gradle-2.14.1/lib/gradle-wrapper-2.14.1.jar
7fbeb29a5000-7fbeb29b3000 r--s 0004f000 08:01 118490044                  /usr/local/android-studio/gradle/gradle-2.14.1/lib/gradle-tooling-api-2.14.1.jar
7fbeb29b3000-7fbeb29b5000 r--s 00002000 08:01 118490048                  /usr/local/android-studio/gradle/gradle-2.14.1/lib/gradle-open-api-2.14.1.jar
7fbeb29b5000-7fbeb29bb000 r--s 00032000 08:01 118490082                  /usr/local/android-studio/gradle/gradle-2.14.1/lib/jaxen-1.1.jar
7fbeb29bb000-7fbeb29c6000 r--s 00059000 08:01 118490076                  /usr/local/android-studio/gradle/gradle-2.14.1/lib/gradle-ui-2.14.1.jar
7fbeb29c6000-7fbeb2a35000 r--s 0063e000 08:01 118490209                  /usr/local/android-studio/gradle/gradle-2.14.1/lib/groovy-all-2.4.4.jar
7fbeb2a35000-7fbeb2a36000 ---p 00000000 00:00 0 
7fbeb2a36000-7fbeb2b36000 rw-p 00000000 00:00 0 
7fbeb2b36000-7fbeb2b39000 ---p 00000000 00:00 0 
7fbeb2b39000-7fbeb2c37000 rw-p 00000000 00:00 0 
7fbeb2c37000-7fbeb2c3a000 ---p 00000000 00:00 0 
7fbeb2c3a000-7fbeb2d38000 rw-p 00000000 00:00 0 
7fbeb2d38000-7fbeb2d3b000 ---p 00000000 00:00 0 
7fbeb2d3b000-7fbeb2e39000 rw-p 00000000 00:00 0 
7fbeb2e39000-7fbeb2e3c000 ---p 00000000 00:00 0 
7fbeb2e3c000-7fbeb2f3a000 rw-p 00000000 00:00 0 
7fbeb2f3a000-7fbeb2f3d000 ---p 00000000 00:00 0 
7fbeb2f3d000-7fbeb303b000 rw-p 00000000 00:00 0 
7fbeb303b000-7fbeb39fa000 r--p 00000000 08:01 3939084                    /usr/lib/locale/locale-archive
7fbeb39fa000-7fbeb39fd000 ---p 00000000 00:00 0 
7fbeb39fd000-7fbeb3afb000 rw-p 00000000 00:00 0 
7fbeb3afb000-7fbeb3afe000 ---p 00000000 00:00 0 
7fbeb3afe000-7fbeb3bfc000 rw-p 00000000 00:00 0 
7fbeb3bfc000-7fbeb3bfd000 ---p 00000000 00:00 0 
7fbeb3bfd000-7fbeb4000000 rw-p 00000000 00:00 0 
7fbeb4000000-7fbeb404d000 rw-p 00000000 00:00 0 
7fbeb404d000-7fbeb8000000 ---p 00000000 00:00 0 
7fbeb8000000-7fbeb8005000 r--s 00048000 08:01 118490047                  /usr/local/android-studio/gradle/gradle-2.14.1/lib/dom4j-1.6.1.jar
7fbeb8005000-7fbeb8008000 r--s 0000b000 08:01 118490205                  /usr/local/android-studio/gradle/gradle-2.14.1/lib/gradle-resources-2.14.1.jar
7fbeb8008000-7fbeb800a000 r--s 00003000 08:01 118490085                  /usr/local/android-studio/gradle/gradle-2.14.1/lib/jcl-over-slf4j-1.7.10.jar
7fbeb800a000-7fbeb800b000 r--s 00005000 08:01 118490079                  /usr/local/android-studio/gradle/gradle-2.14.1/lib/log4j-over-slf4j-1.7.10.jar
7fbeb800b000-7fbeb800d000 r--s 00000000 08:01 118490206                  /usr/local/android-studio/gradle/gradle-2.14.1/lib/jul-to-slf4j-1.7.10.jar
7fbeb800d000-7fbeb8012000 r--s 0001c000 08:01 118490057                  /usr/local/android-studio/gradle/gradle-2.14.1/lib/gradle-logging-2.14.1.jar
7fbeb8012000-7fbeb8014000 r--s 00007000 08:01 118490088                  /usr/local/android-studio/gradle/gradle-2.14.1/lib/objenesis-1.2.jar
7fbeb8014000-7fbeb8016000 r--s 00000000 08:01 118490052                  /usr/local/android-studio/gradle/gradle-2.14.1/lib/minlog-1.2.jar
7fbeb8016000-7fbeb8018000 r--s 0000f000 08:01 118490063                  /usr/local/android-studio/gradle/gradle-2.14.1/lib/reflectasm-1.07-shaded.jar
7fbeb8018000-7fbeb801c000 r--s 00026000 08:01 118490077                  /usr/local/android-studio/gradle/gradle-2.14.1/lib/kryo-2.20.jar
7fbeb801c000-7fbeb8022000 r--s 00025000 08:01 118490046                  /usr/local/android-studio/gradle/gradle-2.14.1/lib/gradle-messaging-2.14.1.jar
7fbeb8022000-7fbeb8023000 r--s 00003000 08:01 118490084                  /usr/local/android-studio/gradle/gradle-2.14.1/lib/native-platform-freebsd-amd64-0.10.jar
7fbeb8023000-7fbeb8024000 r--s 00003000 08:01 118490066                  /usr/local/android-studio/gradle/gradle-2.14.1/lib/native-platform-freebsd-i386-0.10.jar
7fbeb8024000-7fbeb8025000 r--s 00005000 08:01 118490054                  /usr/local/android-studio/gradle/gradle-2.14.1/lib/native-platform-windows-i386-0.10.jar
7fbeb8025000-7fbeb8026000 r--s 00005000 08:01 118490053                  /usr/local/android-studio/gradle/gradle-2.14.1/lib/native-platform-windows-amd64-0.10.jar
7fbeb8026000-7fbeb8027000 r--s 00003000 08:01 118490067                  /usr/local/android-studio/gradle/gradle-2.14.1/lib/native-platform-linux-i386-0.10.jar
7fbeb8027000-7fbeb8028000 r--s 00003000 08:01 118490051                  /usr/local/android-studio/gradle/gradle-2.14.1/lib/native-platform-linux-amd64-0.10.jar
7fbeb8028000-7fbeb8029000 r--s 00002000 08:01 118490050                  /usr/local/android-studio/gradle/gradle-2.14.1/lib/native-platform-osx-amd64-0.10.jar
7fbeb8029000-7fbeb802b000 r--s 00008000 08:01 118490081                  /usr/local/android-studio/gradle/gradle-2.14.1/lib/jansi-1.2.1.jar
7fbeb802b000-7fbeb802e000 r--s 0000d000 08:01 118490075                  /usr/local/android-studio/gradle/gradle-2.14.1/lib/native-platform-0.10.jar
7fbeb802e000-7fbeb8032000 r--s 000e4000 08:01 118490074                  /usr/local/android-studio/gradle/gradle-2.14.1/lib/jna-3.2.7.jar
7fbeb8032000-7fbeb8034000 r--s 00009000 08:01 118490086                  /usr/local/android-studio/gradle/gradle-2.14.1/lib/gradle-native-2.14.1.jar
7fbeb8034000-7fbeb8036000 r--s 00005000 08:01 118490087                  /usr/local/android-studio/gradle/gradle-2.14.1/lib/gradle-cli-2.14.1.jar
7fbeb8036000-7fbeb8045000 r--s 00080000 08:01 118490072                  /usr/local/android-studio/gradle/gradle-2.14.1/lib/gradle-model-core-2.14.1.jar
7fbeb8045000-7fbeb8052000 r--s 00083000 08:01 118490207                  /usr/local/android-studio/gradle/gradle-2.14.1/lib/commons-collections-3.2.2.jar
7fbeb8052000-7fbeb8057000 r--s 00038000 08:01 118490068                  /usr/local/android-studio/gradle/gradle-2.14.1/lib/asm-all-5.1.jar
7fbeb8057000-7fbeb805c000 r--s 00041000 08:01 118490070                  /usr/local/android-studio/gradle/gradle-2.14.1/lib/commons-lang-2.6.jar
7fbeb805c000-7fbeb8084000 r--s 001cf000 08:01 118490060                  /usr/local/android-studio/gradle/gradle-2.14.1/lib/guava-jdk5-17.0.jar
7fbeb8084000-7fbeb80a3000 r--s 001d1000 08:01 118490058                  /usr/local/android-studio/gradle/gradle-2.14.1/lib/ant-1.9.6.jar
7fbeb80a3000-7fbeb80da000 r--s 001bd000 08:01 118490061                  /usr/local/android-studio/gradle/gradle-2.14.1/lib/gradle-core-2.14.1.jar
7fbeb80da000-7fbeb93bd000 rw-p 00000000 00:00 0 
7fbeb93bd000-7fbeb958a000 r--s 03bec000 08:01 117965856                  /usr/local/android-studio/jre/jre/lib/rt.jar
7fbeb958a000-7fbebc000000 rw-p 00000000 00:00 0 
7fbebc000000-7fbebc021000 rw-p 00000000 00:00 0 
7fbebc021000-7fbec0000000 ---p 00000000 00:00 0 
7fbec0000000-7fbec0001000 r--s 00002000 08:01 118490080                  /usr/local/android-studio/gradle/gradle-2.14.1/lib/native-platform-osx-i386-0.10.jar
7fbec0001000-7fbec0003000 r--s 00007000 08:01 118490056                  /usr/local/android-studio/gradle/gradle-2.14.1/lib/gradle-model-groovy-2.14.1.jar
7fbec0003000-7fbec000b000 r--s 0003a000 08:01 118490069                  /usr/local/android-studio/gradle/gradle-2.14.1/lib/gradle-base-services-2.14.1.jar
7fbec000b000-7fbec000c000 ---p 00000000 00:00 0 
7fbec000c000-7fbec010c000 rw-p 00000000 00:00 0 
7fbec010c000-7fbec010d000 ---p 00000000 00:00 0 
7fbec010d000-7fbec020d000 rw-p 00000000 00:00 0 
7fbec020d000-7fbec020e000 ---p 00000000 00:00 0 
7fbec020e000-7fbec030e000 rw-p 00000000 00:00 0 
7fbec030e000-7fbec030f000 ---p 00000000 00:00 0 
7fbec030f000-7fbec040f000 rw-p 00000000 00:00 0 
7fbec040f000-7fbec0410000 ---p 00000000 00:00 0 
7fbec0410000-7fbec0510000 rw-p 00000000 00:00 0 
7fbec0510000-7fbec0511000 ---p 00000000 00:00 0 
7fbec0511000-7fbec0664000 rw-p 00000000 00:00 0 
7fbec0664000-7fbec0766000 ---p 00000000 00:00 0 
7fbec0766000-7fbec07ee000 rw-p 00000000 00:00 0 
7fbec07ee000-7fbec0811000 ---p 00000000 00:00 0 
7fbec0811000-7fbec08fe000 rw-p 00000000 00:00 0 
7fbec08fe000-7fbec0bd2000 ---p 00000000 00:00 0 
7fbec0bd2000-7fbec46b2000 rwxp 00000000 00:00 0 
7fbec46b2000-7fbecfbd2000 ---p 00000000 00:00 0 
7fbecfbd2000-7fbecfbec000 r-xp 00000000 08:01 117965883                  /usr/local/android-studio/jre/jre/lib/amd64/libzip.so
7fbecfbec000-7fbecfdec000 ---p 0001a000 08:01 117965883                  /usr/local/android-studio/jre/jre/lib/amd64/libzip.so
7fbecfdec000-7fbecfded000 r--p 0001a000 08:01 117965883                  /usr/local/android-studio/jre/jre/lib/amd64/libzip.so
7fbecfded000-7fbecfdee000 rw-p 0001b000 08:01 117965883                  /usr/local/android-studio/jre/jre/lib/amd64/libzip.so
7fbecfdee000-7fbecfdf9000 r-xp 00000000 08:01 22286722                   /lib/x86_64-linux-gnu/libnss_files-2.23.so
7fbecfdf9000-7fbecfff8000 ---p 0000b000 08:01 22286722                   /lib/x86_64-linux-gnu/libnss_files-2.23.so
7fbecfff8000-7fbecfff9000 r--p 0000a000 08:01 22286722                   /lib/x86_64-linux-gnu/libnss_files-2.23.so
7fbecfff9000-7fbecfffa000 rw-p 0000b000 08:01 22286722                   /lib/x86_64-linux-gnu/libnss_files-2.23.so
7fbecfffa000-7fbed0000000 rw-p 00000000 00:00 0 
7fbed0000000-7fbed0c0c000 rw-p 00000000 00:00 0 
7fbed0c0c000-7fbed4000000 ---p 00000000 00:00 0 
7fbed4000000-7fbed4001000 r--s 00006000 08:01 118490071                  /usr/local/android-studio/gradle/gradle-2.14.1/lib/gradle-base-services-groovy-2.14.1.jar
7fbed4001000-7fbed4002000 r--s 00002000 08:01 118490064                  /usr/local/android-studio/gradle/gradle-2.14.1/lib/gradle-docs-2.14.1.jar
7fbed4002000-7fbed4076000 rw-p 00000000 00:00 0 
7fbed4076000-7fbed4179000 ---p 00000000 00:00 0 
7fbed4179000-7fbed4184000 r-xp 00000000 08:01 22286732                   /lib/x86_64-linux-gnu/libnss_nis-2.23.so
7fbed4184000-7fbed4383000 ---p 0000b000 08:01 22286732                   /lib/x86_64-linux-gnu/libnss_nis-2.23.so
7fbed4383000-7fbed4384000 r--p 0000a000 08:01 22286732                   /lib/x86_64-linux-gnu/libnss_nis-2.23.so
7fbed4384000-7fbed4385000 rw-p 0000b000 08:01 22286732                   /lib/x86_64-linux-gnu/libnss_nis-2.23.so
7fbed4385000-7fbed439b000 r-xp 00000000 08:01 22286716                   /lib/x86_64-linux-gnu/libnsl-2.23.so
7fbed439b000-7fbed459a000 ---p 00016000 08:01 22286716                   /lib/x86_64-linux-gnu/libnsl-2.23.so
7fbed459a000-7fbed459b000 r--p 00015000 08:01 22286716                   /lib/x86_64-linux-gnu/libnsl-2.23.so
7fbed459b000-7fbed459c000 rw-p 00016000 08:01 22286716                   /lib/x86_64-linux-gnu/libnsl-2.23.so
7fbed459c000-7fbed459e000 rw-p 00000000 00:00 0 
7fbed459e000-7fbed45a6000 r-xp 00000000 08:01 22286718                   /lib/x86_64-linux-gnu/libnss_compat-2.23.so
7fbed45a6000-7fbed47a5000 ---p 00008000 08:01 22286718                   /lib/x86_64-linux-gnu/libnss_compat-2.23.so
7fbed47a5000-7fbed47a6000 r--p 00007000 08:01 22286718                   /lib/x86_64-linux-gnu/libnss_compat-2.23.so
7fbed47a6000-7fbed47a7000 rw-p 00008000 08:01 22286718                   /lib/x86_64-linux-gnu/libnss_compat-2.23.so
7fbed47a7000-7fbed47d4000 r-xp 00000000 08:01 117965893                  /usr/local/android-studio/jre/jre/lib/amd64/libjava.so
7fbed47d4000-7fbed49d3000 ---p 0002d000 08:01 117965893                  /usr/local/android-studio/jre/jre/lib/amd64/libjava.so
7fbed49d3000-7fbed49d4000 r--p 0002c000 08:01 117965893                  /usr/local/android-studio/jre/jre/lib/amd64/libjava.so
7fbed49d4000-7fbed49d6000 rw-p 0002d000 08:01 117965893                  /usr/local/android-studio/jre/jre/lib/amd64/libjava.so
7fbed49d6000-7fbed49e6000 r-xp 00000000 08:01 117965909                  /usr/local/android-studio/jre/jre/lib/amd64/libverify.so
7fbed49e6000-7fbed4be5000 ---p 00010000 08:01 117965909                  /usr/local/android-studio/jre/jre/lib/amd64/libverify.so
7fbed4be5000-7fbed4be7000 r--p 0000f000 08:01 117965909                  /usr/local/android-studio/jre/jre/lib/amd64/libverify.so
7fbed4be7000-7fbed4be8000 rw-p 00011000 08:01 117965909                  /usr/local/android-studio/jre/jre/lib/amd64/libverify.so
7fbed4be8000-7fbed4bef000 r-xp 00000000 08:01 22286777                   /lib/x86_64-linux-gnu/librt-2.23.so
7fbed4bef000-7fbed4dee000 ---p 00007000 08:01 22286777                   /lib/x86_64-linux-gnu/librt-2.23.so
7fbed4dee000-7fbed4def000 r--p 00006000 08:01 22286777                   /lib/x86_64-linux-gnu/librt-2.23.so
7fbed4def000-7fbed4df0000 rw-p 00007000 08:01 22286777                   /lib/x86_64-linux-gnu/librt-2.23.so
7fbed4df0000-7fbed4ef8000 r-xp 00000000 08:01 22286693                   /lib/x86_64-linux-gnu/libm-2.23.so
7fbed4ef8000-7fbed50f7000 ---p 00108000 08:01 22286693                   /lib/x86_64-linux-gnu/libm-2.23.so
7fbed50f7000-7fbed50f8000 r--p 00107000 08:01 22286693                   /lib/x86_64-linux-gnu/libm-2.23.so
7fbed50f8000-7fbed50f9000 rw-p 00108000 08:01 22286693                   /lib/x86_64-linux-gnu/libm-2.23.so
7fbed50f9000-7fbed5cdf000 r-xp 00000000 08:01 117965913                  /usr/local/android-studio/jre/jre/lib/amd64/server/libjvm.so
7fbed5cdf000-7fbed5edf000 ---p 00be6000 08:01 117965913                  /usr/local/android-studio/jre/jre/lib/amd64/server/libjvm.so
7fbed5edf000-7fbed5f7e000 r--p 00be6000 08:01 117965913                  /usr/local/android-studio/jre/jre/lib/amd64/server/libjvm.so
7fbed5f7e000-7fbed5fa7000 rw-p 00c85000 08:01 117965913                  /usr/local/android-studio/jre/jre/lib/amd64/server/libjvm.so
7fbed5fa7000-7fbed5fe9000 rw-p 00000000 00:00 0 
7fbed5fe9000-7fbed6001000 r-xp 00000000 08:01 22286769                   /lib/x86_64-linux-gnu/libpthread-2.23.so
7fbed6001000-7fbed6200000 ---p 00018000 08:01 22286769                   /lib/x86_64-linux-gnu/libpthread-2.23.so
7fbed6200000-7fbed6201000 r--p 00017000 08:01 22286769                   /lib/x86_64-linux-gnu/libpthread-2.23.so
7fbed6201000-7fbed6202000 rw-p 00018000 08:01 22286769                   /lib/x86_64-linux-gnu/libpthread-2.23.so
7fbed6202000-7fbed6206000 rw-p 00000000 00:00 0 
7fbed6206000-7fbed6209000 r-xp 00000000 08:01 22286647                   /lib/x86_64-linux-gnu/libdl-2.23.so
7fbed6209000-7fbed6408000 ---p 00003000 08:01 22286647                   /lib/x86_64-linux-gnu/libdl-2.23.so
7fbed6408000-7fbed6409000 r--p 00002000 08:01 22286647                   /lib/x86_64-linux-gnu/libdl-2.23.so
7fbed6409000-7fbed640a000 rw-p 00003000 08:01 22286647                   /lib/x86_64-linux-gnu/libdl-2.23.so
7fbed640a000-7fbed65ca000 r-xp 00000000 08:01 22286623                   /lib/x86_64-linux-gnu/libc-2.23.so
7fbed65ca000-7fbed67c9000 ---p 001c0000 08:01 22286623                   /lib/x86_64-linux-gnu/libc-2.23.so
7fbed67c9000-7fbed67cd000 r--p 001bf000 08:01 22286623                   /lib/x86_64-linux-gnu/libc-2.23.so
7fbed67cd000-7fbed67cf000 rw-p 001c3000 08:01 22286623                   /lib/x86_64-linux-gnu/libc-2.23.so
7fbed67cf000-7fbed67d3000 rw-p 00000000 00:00 0 
7fbed67d3000-7fbed67e9000 r-xp 00000000 08:01 117965773                  /usr/local/android-studio/jre/lib/amd64/jli/libjli.so
7fbed67e9000-7fbed69e8000 ---p 00016000 08:01 117965773                  /usr/local/android-studio/jre/lib/amd64/jli/libjli.so
7fbed69e8000-7fbed69e9000 r--p 00015000 08:01 117965773                  /usr/local/android-studio/jre/lib/amd64/jli/libjli.so
7fbed69e9000-7fbed69ea000 rw-p 00016000 08:01 117965773                  /usr/local/android-studio/jre/lib/amd64/jli/libjli.so
7fbed69ea000-7fbed6a10000 r-xp 00000000 08:01 22286595                   /lib/x86_64-linux-gnu/ld-2.23.so
7fbed6a10000-7fbed6a14000 r--s 00027000 08:01 118490078                  /usr/local/android-studio/gradle/gradle-2.14.1/lib/commons-io-2.2.jar
7fbed6a14000-7fbed6aed000 rw-p 00000000 00:00 0 
7fbed6aed000-7fbed6af0000 ---p 00000000 00:00 0 
7fbed6af0000-7fbed6bf2000 rw-p 00000000 00:00 0 
7fbed6bf2000-7fbed6bf3000 r--s 00000000 08:01 118490208                  /usr/local/android-studio/gradle/gradle-2.14.1/lib/javax.inject-1.jar
7fbed6bf3000-7fbed6bf4000 r--s 00000000 08:01 118490062                  /usr/local/android-studio/gradle/gradle-2.14.1/lib/jcip-annotations-1.0.jar
7fbed6bf4000-7fbed6bf5000 r--s 00001000 08:01 118490083                  /usr/local/android-studio/gradle/gradle-2.14.1/lib/gradle-process-services-2.14.1.jar
7fbed6bf5000-7fbed6bf6000 r--s 00000000 08:01 118490045                  /usr/local/android-studio/gradle/gradle-2.14.1/lib/gradle-jvm-services-2.14.1.jar
7fbed6bf6000-7fbed6bf7000 r--s 00007000 08:01 118490055                  /usr/local/android-studio/gradle/gradle-2.14.1/lib/slf4j-api-1.7.10.jar
7fbed6bf7000-7fbed6bf8000 r--s 00004000 08:01 118490073                  /usr/local/android-studio/gradle/gradle-2.14.1/lib/ant-launcher-1.9.6.jar
7fbed6bf8000-7fbed6c03000 r--s 00051000 08:01 118490065                  /usr/local/android-studio/gradle/gradle-2.14.1/lib/gradle-launcher-2.14.1.jar
7fbed6c03000-7fbed6c0b000 rw-s 00000000 08:01 106827180                  /tmp/hsperfdata_n3v10t/5157
7fbed6c0b000-7fbed6c0c000 rw-p 00000000 00:00 0 
7fbed6c0c000-7fbed6c0d000 ---p 00000000 00:00 0 
7fbed6c0d000-7fbed6c0f000 rw-p 00000000 00:00 0 
7fbed6c0f000-7fbed6c10000 r--p 00025000 08:01 22286595                   /lib/x86_64-linux-gnu/ld-2.23.so
7fbed6c10000-7fbed6c11000 rw-p 00026000 08:01 22286595                   /lib/x86_64-linux-gnu/ld-2.23.so
7fbed6c11000-7fbed6c12000 rw-p 00000000 00:00 0 
7ffedc01b000-7ffedc03c000 rw-p 00000000 00:00 0                          [stack]
7ffedc1b4000-7ffedc1b6000 r--p 00000000 00:00 0                          [vvar]
7ffedc1b6000-7ffedc1b8000 r-xp 00000000 00:00 0                          [vdso]
ffffffffff600000-ffffffffff601000 r-xp 00000000 00:00 0                  [vsyscall]

VM Arguments:
jvm_args: -XX:MaxPermSize=256m -XX:+HeapDumpOnOutOfMemoryError -Xmx1024m -Dfile.encoding=UTF-8 -Duser.country=US -Duser.language=en -Duser.variant 
java_command: org.gradle.launcher.daemon.bootstrap.GradleDaemon 2.14.1
java_class_path (initial): /usr/local/android-studio/gradle/gradle-2.14.1/lib/gradle-launcher-2.14.1.jar
Launcher Type: SUN_STANDARD

Environment Variables:
PATH=/home/n3v10t/bin:/home/n3v10t/.local/bin:/usr/local/sbin:/usr/local/bin:/usr/sbin:/usr/bin:/sbin:/bin:/usr/games:/usr/local/games:/snap/bin
LD_LIBRARY_PATH=.:
SHELL=/bin/bash
DISPLAY=:0

Signal Handlers:
SIGSEGV: [libjvm.so+0x9daac0], sa_mask[0]=11111111011111111101111111111110, sa_flags=SA_RESTART|SA_SIGINFO
SIGBUS: [libjvm.so+0x9daac0], sa_mask[0]=11111111011111111101111111111110, sa_flags=SA_RESTART|SA_SIGINFO
SIGFPE: [libjvm.so+0x840d90], sa_mask[0]=11111111011111111101111111111110, sa_flags=SA_RESTART|SA_SIGINFO
SIGPIPE: [libjvm.so+0x840d90], sa_mask[0]=11111111011111111101111111111110, sa_flags=SA_RESTART|SA_SIGINFO
SIGXFSZ: [libjvm.so+0x840d90], sa_mask[0]=11111111011111111101111111111110, sa_flags=SA_RESTART|SA_SIGINFO
SIGILL: [libjvm.so+0x840d90], sa_mask[0]=11111111011111111101111111111110, sa_flags=SA_RESTART|SA_SIGINFO
SIGUSR1: SIG_DFL, sa_mask[0]=00000000000000000000000000000000, sa_flags=none
SIGUSR2: [libjvm.so+0x840c60], sa_mask[0]=00100000000000000000000000000000, sa_flags=SA_RESTART|SA_SIGINFO
SIGHUP: [libjvm.so+0x840e50], sa_mask[0]=11111111011111111101111111111110, sa_flags=SA_RESTART|SA_SIGINFO
SIGINT: [libjvm.so+0x840e50], sa_mask[0]=11111111011111111101111111111110, sa_flags=SA_RESTART|SA_SIGINFO
SIGTERM: [libjvm.so+0x840e50], sa_mask[0]=11111111011111111101111111111110, sa_flags=SA_RESTART|SA_SIGINFO
SIGQUIT: [libjvm.so+0x840e50], sa_mask[0]=11111111011111111101111111111110, sa_flags=SA_RESTART|SA_SIGINFO


---------------  S Y S T E M  ---------------

OS:DISTRIB_ID=Ubuntu
DISTRIB_RELEASE=16.04
DISTRIB_CODENAME=xenial
DISTRIB_DESCRIPTION="Ubuntu 16.04.1 LTS"

uname:Linux 4.4.0-38-generic #57-Ubuntu SMP Tue Sep 6 15:42:33 UTC 2016 x86_64
libc:glibc 2.23 NPTL 2.23 
rlimit: STACK 8192k, CORE 0k, NPROC 63772, NOFILE 65536, AS infinity
load average:3,73 1,32 0,76

/proc/meminfo:
MemTotal:       16431444 kB
MemFree:         5414560 kB
MemAvailable:    9197904 kB
Buffers:          209592 kB
Cached:          4089872 kB
SwapCached:            0 kB
Active:          8259252 kB
Inactive:        2277840 kB
Active(anon):    6239436 kB
Inactive(anon):   430052 kB
Active(file):    2019816 kB
Inactive(file):  1847788 kB
Unevictable:          64 kB
Mlocked:              64 kB
SwapTotal:      16774140 kB
SwapFree:       16774140 kB
Dirty:             48284 kB
Writeback:             0 kB
AnonPages:       6237988 kB
Mapped:           805436 kB
Shmem:            431584 kB
Slab:             302448 kB
SReclaimable:     253052 kB
SUnreclaim:        49396 kB
KernelStack:       15760 kB
PageTables:        70508 kB
NFS_Unstable:          0 kB
Bounce:                0 kB
WritebackTmp:          0 kB
CommitLimit:    24989860 kB
Committed_AS:   14513424 kB
VmallocTotal:   34359738367 kB
VmallocUsed:           0 kB
VmallocChunk:          0 kB
HardwareCorrupted:     0 kB
AnonHugePages:   3948544 kB
CmaTotal:              0 kB
CmaFree:               0 kB
HugePages_Total:       0
HugePages_Free:        0
HugePages_Rsvd:        0
HugePages_Surp:        0
Hugepagesize:       2048 kB
DirectMap4k:      213568 kB
DirectMap2M:    10270720 kB
DirectMap1G:     6291456 kB


CPU:total 6 (6 cores per cpu, 1 threads per core) family 16 model 10 stepping 0, cmov, cx8, fxsr, mmx, sse, sse2, sse3, popcnt, mmxext, 3dnowpref, lzcnt, sse4a, tsc, tscinvbit, tscinv

/proc/cpuinfo:
processor	: 0
vendor_id	: AuthenticAMD
cpu family	: 16
model		: 10
model name	: AMD Phenom(tm) II X6 1090T Processor
stepping	: 0
microcode	: 0x10000bf
cpu MHz		: 3200.000
cache size	: 512 KB
physical id	: 0
siblings	: 6
core id		: 0
cpu cores	: 6
apicid		: 0
initial apicid	: 0
fpu		: yes
fpu_exception	: yes
cpuid level	: 6
wp		: yes
flags		: fpu vme de pse tsc msr pae mce cx8 apic sep mtrr pge mca cmov pat pse36 clflush mmx fxsr sse sse2 ht syscall nx mmxext fxsr_opt pdpe1gb rdtscp lm 3dnowext 3dnow constant_tsc rep_good nopl nonstop_tsc extd_apicid aperfmperf pni monitor cx16 popcnt lahf_lm cmp_legacy svm extapic cr8_legacy abm sse4a misalignsse 3dnowprefetch osvw ibs skinit wdt cpb hw_pstate vmmcall npt lbrv svm_lock nrip_save pausefilter
bugs		: tlb_mmatch apic_c1e fxsave_leak sysret_ss_attrs
bogomips	: 7449.34
TLB size	: 1024 4K pages
clflush size	: 64
cache_alignment	: 64
address sizes	: 48 bits physical, 48 bits virtual
power management: ts ttp tm stc 100mhzsteps hwpstate cpb

processor	: 1
vendor_id	: AuthenticAMD
cpu family	: 16
model		: 10
model name	: AMD Phenom(tm) II X6 1090T Processor
stepping	: 0
microcode	: 0x10000bf
cpu MHz		: 3200.000
cache size	: 512 KB
physical id	: 0
siblings	: 6
core id		: 1
cpu cores	: 6
apicid		: 1
initial apicid	: 1
fpu		: yes
fpu_exception	: yes
cpuid level	: 6
wp		: yes
flags		: fpu vme de pse tsc msr pae mce cx8 apic sep mtrr pge mca cmov pat pse36 clflush mmx fxsr sse sse2 ht syscall nx mmxext fxsr_opt pdpe1gb rdtscp lm 3dnowext 3dnow constant_tsc rep_good nopl nonstop_tsc extd_apicid aperfmperf pni monitor cx16 popcnt lahf_lm cmp_legacy svm extapic cr8_legacy abm sse4a misalignsse 3dnowprefetch osvw ibs skinit wdt cpb hw_pstate vmmcall npt lbrv svm_lock nrip_save pausefilter
bugs		: tlb_mmatch apic_c1e fxsave_leak sysret_ss_attrs
bogomips	: 7449.34
TLB size	: 1024 4K pages
clflush size	: 64
cache_alignment	: 64
address sizes	: 48 bits physical, 48 bits virtual
power management: ts ttp tm stc 100mhzsteps hwpstate cpb

processor	: 2
vendor_id	: AuthenticAMD
cpu family	: 16
model		: 10
model name	: AMD Phenom(tm) II X6 1090T Processor
stepping	: 0
microcode	: 0x10000bf
cpu MHz		: 1600.000
cache size	: 512 KB
physical id	: 0
siblings	: 6
core id		: 2
cpu cores	: 6
apicid		: 2
initial apicid	: 2
fpu		: yes
fpu_exception	: yes
cpuid level	: 6
wp		: yes
flags		: fpu vme de pse tsc msr pae mce cx8 apic sep mtrr pge mca cmov pat pse36 clflush mmx fxsr sse sse2 ht syscall nx mmxext fxsr_opt pdpe1gb rdtscp lm 3dnowext 3dnow constant_tsc rep_good nopl nonstop_tsc extd_apicid aperfmperf pni monitor cx16 popcnt lahf_lm cmp_legacy svm extapic cr8_legacy abm sse4a misalignsse 3dnowprefetch osvw ibs skinit wdt cpb hw_pstate vmmcall npt lbrv svm_lock nrip_save pausefilter
bugs		: tlb_mmatch apic_c1e fxsave_leak sysret_ss_attrs
bogomips	: 7449.34
TLB size	: 1024 4K pages
clflush size	: 64
cache_alignment	: 64
address sizes	: 48 bits physical, 48 bits virtual
power management: ts ttp tm stc 100mhzsteps hwpstate cpb

processor	: 3
vendor_id	: AuthenticAMD
cpu family	: 16
model		: 10
model name	: AMD Phenom(tm) II X6 1090T Processor
stepping	: 0
microcode	: 0x10000bf
cpu MHz		: 3200.000
cache size	: 512 KB
physical id	: 0
siblings	: 6
core id		: 3
cpu cores	: 6
apicid		: 3
initial apicid	: 3
fpu		: yes
fpu_exception	: yes
cpuid level	: 6
wp		: yes
flags		: fpu vme de pse tsc msr pae mce cx8 apic sep mtrr pge mca cmov pat pse36 clflush mmx fxsr sse sse2 ht syscall nx mmxext fxsr_opt pdpe1gb rdtscp lm 3dnowext 3dnow constant_tsc rep_good nopl nonstop_tsc extd_apicid aperfmperf pni monitor cx16 popcnt lahf_lm cmp_legacy svm extapic cr8_legacy abm sse4a misalignsse 3dnowprefetch osvw ibs skinit wdt cpb hw_pstate vmmcall npt lbrv svm_lock nrip_save pausefilter
bugs		: tlb_mmatch apic_c1e fxsave_leak sysret_ss_attrs
bogomips	: 7449.34
TLB size	: 1024 4K pages
clflush size	: 64
cache_alignment	: 64
address sizes	: 48 bits physical, 48 bits virtual
power management: ts ttp tm stc 100mhzsteps hwpstate cpb

processor	: 4
vendor_id	: AuthenticAMD
cpu family	: 16
model		: 10
model name	: AMD Phenom(tm) II X6 1090T Processor
stepping	: 0
microcode	: 0x10000bf
cpu MHz		: 3200.000
cache size	: 512 KB
physical id	: 0
siblings	: 6
core id		: 4
cpu cores	: 6
apicid		: 4
initial apicid	: 4
fpu		: yes
fpu_exception	: yes
cpuid level	: 6
wp		: yes
flags		: fpu vme de pse tsc msr pae mce cx8 apic sep mtrr pge mca cmov pat pse36 clflush mmx fxsr sse sse2 ht syscall nx mmxext fxsr_opt pdpe1gb rdtscp lm 3dnowext 3dnow constant_tsc rep_good nopl nonstop_tsc extd_apicid aperfmperf pni monitor cx16 popcnt lahf_lm cmp_legacy svm extapic cr8_legacy abm sse4a misalignsse 3dnowprefetch osvw ibs skinit wdt cpb hw_pstate vmmcall npt lbrv svm_lock nrip_save pausefilter
bugs		: tlb_mmatch apic_c1e fxsave_leak sysret_ss_attrs
bogomips	: 7449.34
TLB size	: 1024 4K pages
clflush size	: 64
cache_alignment	: 64
address sizes	: 48 bits physical, 48 bits virtual
power management: ts ttp tm stc 100mhzsteps hwpstate cpb

processor	: 5
vendor_id	: AuthenticAMD
cpu family	: 16
model		: 10
model name	: AMD Phenom(tm) II X6 1090T Processor
stepping	: 0
microcode	: 0x10000bf
cpu MHz		: 800.000
cache size	: 512 KB
physical id	: 0
siblings	: 6
core id		: 5
cpu cores	: 6
apicid		: 5
initial apicid	: 5
fpu		: yes
fpu_exception	: yes
cpuid level	: 6
wp		: yes
flags		: fpu vme de pse tsc msr pae mce cx8 apic sep mtrr pge mca cmov pat pse36 clflush mmx fxsr sse sse2 ht syscall nx mmxext fxsr_opt pdpe1gb rdtscp lm 3dnowext 3dnow constant_tsc rep_good nopl nonstop_tsc extd_apicid aperfmperf pni monitor cx16 popcnt lahf_lm cmp_legacy svm extapic cr8_legacy abm sse4a misalignsse 3dnowprefetch osvw ibs skinit wdt cpb hw_pstate vmmcall npt lbrv svm_lock nrip_save pausefilter
bugs		: tlb_mmatch apic_c1e fxsave_leak sysret_ss_attrs
bogomips	: 7449.34
TLB size	: 1024 4K pages
clflush size	: 64
cache_alignment	: 64
address sizes	: 48 bits physical, 48 bits virtual
power management: ts ttp tm stc 100mhzsteps hwpstate cpb



Memory: 4k page, physical 16431444k(5414560k free), swap 16774140k(16774140k free)

vm_info: OpenJDK 64-Bit Server VM (25.76-b03) for linux-amd64 JRE (1.8.0_76-release-b03), built on Jun 29 2016 09:39:19 by "builder" with gcc 4.8.4

time: Thu Oct  6 17:51:55 2016
elapsed time: 12944 seconds (0d 3h 35m 44s)

