#
# A fatal error has been detected by the Java Runtime Environment:
#
#  SIGSEGV (0xb) at pc=0x00007fcda8bf2862, pid=13909, tid=0x00007fcd8ea34700
#
# JRE version: OpenJDK Runtime Environment (8.0_76-b03) (build 1.8.0_76-release-b03)
# Java VM: OpenJDK 64-Bit Server VM (25.76-b03 mixed mode linux-amd64 compressed oops)
# Problematic frame:
# j  com.android.dx.dex.code.OutputFinisher.getAllConstants()Ljava/util/HashSet;+28
#
# Failed to write core dump. Core dumps have been disabled. To enable core dumping, try "ulimit -c unlimited" before starting Java again
#
# If you would like to submit a bug report, please visit:
#   http://bugreport.java.com/bugreport/crash.jsp
#

---------------  T H R E A D  ---------------

Current thread (0x00007fcdb8131800):  JavaThread "pool-1-thread-1" [_thread_in_Java, id=14042, stack(0x00007fcd8e934000,0x00007fcd8ea35000)]

siginfo: si_signo: 11 (SIGSEGV), si_code: 1 (SEGV_MAPERR), si_addr: 0x000000077538d1b0

Registers:
RAX=0x000000010008bc80, RBX=0x000000077538d180, RCX=0x0000000000000030, RDX=0x00000000ef05e978
RSP=0x00007fcd8ea334b8, RBP=0x00007fcd8ea334f8, RSI=0x00000000ed1bd9b0, RDI=0x000000010008c110
R8 =0x000000000000005a, R9 =0x00000000ef05c040, R10=0x00007fcdbe0131a0, R11=0x000000000000005b
R12=0x0000000000000000, R13=0x00007fcda5b90a01, R14=0x00007fcd8ea33520, R15=0x00007fcdb8131800
RIP=0x00007fcda8bf2862, EFLAGS=0x0000000000010206, CSGSFS=0x0000000000000033, ERR=0x0000000000000004
  TRAPNO=0x000000000000000e

Top of Stack: (sp=0x00007fcd8ea334b8)
0x00007fcd8ea334b8:   00007fcd8ea334b8 00007fcda5b909fc
0x00007fcd8ea334c8:   00007fcd8ea33520 00007fcda5b92b38
0x00007fcd8ea334d8:   0000000000000000 00007fcda5b90a40
0x00007fcd8ea334e8:   0000000000000000 00007fcd8ea33520
0x00007fcd8ea334f8:   00007fcd8ea33568 00007fcda8bd9710
0x00007fcd8ea33508:   00000000ef05e9c8 00000000ed1bd9b0
0x00007fcd8ea33518:   00000000ed1bd970 00000000ef05c000
0x00007fcd8ea33528:   00007fcd8ea33528 00007fcda5ba2fd4
0x00007fcd8ea33538:   00007fcd8ea33578 00007fcda5ba3300
0x00007fcd8ea33548:   0000000000000000 00007fcda5ba2ff0
0x00007fcd8ea33558:   00007fcd8ea33520 00007fcd8ea33578
0x00007fcd8ea33568:   00007fcd8ea335c0 00007fcda8bd9710
0x00007fcd8ea33578:   00000000ef05bfd8 00007fcd8ea33580
0x00007fcd8ea33588:   00007fcda5ba5d0e 00007fcd8ea335f8
0x00007fcd8ea33598:   00007fcda5ba8120 0000000000000000
0x00007fcd8ea335a8:   00007fcda5ba5d98 00007fcd8ea33578
0x00007fcd8ea335b8:   00007fcd8ea335f0 00007fcd8ea33640
0x00007fcd8ea335c8:   00007fcda8bd998d 00000000eea0c3e0
0x00007fcd8ea335d8:   00000000ed1bd928 00000000eebe96c0
0x00007fcd8ea335e8:   00000000eeeebdb0 00000000eea00c28
0x00007fcd8ea335f8:   00000000ef05bfa0 00007fcd8ea33600
0x00007fcd8ea33608:   00007fcda5a28014 00007fcd8ea33670
0x00007fcd8ea33618:   00007fcda5a2d6d0 0000000000000000
0x00007fcd8ea33628:   00007fcda5a28070 00007fcd8ea335f0
0x00007fcd8ea33638:   00007fcd8ea33670 00007fcd8ea336b8
0x00007fcd8ea33648:   00007fcda8bd998d 00000000ef05bfa0
0x00007fcd8ea33658:   000000000000040b 0000000000000146
0x00007fcd8ea33668:   00000000eea00c28 00000000eebe3418
0x00007fcd8ea33678:   00007fcd8ea33678 00007fcda5a26235
0x00007fcd8ea33688:   00007fcd8ea336c8 00007fcda5a2b008
0x00007fcd8ea33698:   0000000000000000 00007fcda5a26258
0x00007fcd8ea336a8:   00007fcd8ea33670 00007fcd8ea336c8 

Instructions: (pc=0x00007fcda8bf2862)
0x00007fcda8bf2842:   89 59 10 bf 01 00 00 00 48 89 79 18 48 83 c1 30
0x00007fcda8bf2852:   48 89 4d e0 48 3b d8 0f 84 5b 00 00 00 8b 48 0c
0x00007fcda8bf2862:   48 3b 04 0b 0f 84 4e 00 00 00 83 f9 18 0f 85 22
0x00007fcda8bf2872:   00 00 00 50 48 8b c0 57 48 8b 7b 20 8b 0f 48 83 

Register to memory mapping:

RAX=0x000000010008bc80 is pointing into metadata
RBX=0x000000077538d180 is an unknown value
RCX=0x0000000000000030 is an unknown value
RDX=0x00000000ef05e978 is an oop

[error occurred during error reporting (printing register info), id 0xb]

Stack: [0x00007fcd8e934000,0x00007fcd8ea35000],  sp=0x00007fcd8ea334b8,  free space=1021k
Native frames: (J=compiled Java code, j=interpreted, Vv=VM code, C=native code)
j  com.android.dx.dex.code.OutputFinisher.getAllConstants()Ljava/util/HashSet;+28
j  com.android.dx.dex.code.DalvCode.getInsnConstants()Ljava/util/HashSet;+4
j  com.android.dx.dex.file.CodeItem.addContents(Lcom/android/dx/dex/file/DexFile;)V+134
j  com.android.dx.dex.file.MixedItemSection.prepare0()V+44
j  com.android.dx.dex.file.Section.prepare()V+5
j  com.android.dx.dex.file.DexFile.toDex0(ZZ)Lcom/android/dx/util/ByteArrayAnnotatedOutput;+18
j  com.android.dx.dex.file.DexFile.toDex(Ljava/io/Writer;Z)[B+13
j  com.android.dx.command.dexer.Main.writeDex(Lcom/android/dx/dex/file/DexFile;)[B+44
j  com.android.dx.command.dexer.Main.access$3000(Lcom/android/dx/dex/file/DexFile;)[B+1
j  com.android.dx.command.dexer.Main$DexWriter.call()[B+4
j  com.android.dx.command.dexer.Main$DexWriter.call()Ljava/lang/Object;+1
j  java.util.concurrent.FutureTask.run()V+42
j  java.util.concurrent.ThreadPoolExecutor.runWorker(Ljava/util/concurrent/ThreadPoolExecutor$Worker;)V+95
j  java.util.concurrent.ThreadPoolExecutor$Worker.run()V+5
j  java.lang.Thread.run()V+11
v  ~StubRoutines::call_stub
V  [libjvm.so+0x6257fa]  JavaCalls::call_helper(JavaValue*, methodHandle*, JavaCallArguments*, Thread*)+0xeea
V  [libjvm.so+0x622ed4]  JavaCalls::call_virtual(JavaValue*, KlassHandle, Symbol*, Symbol*, JavaCallArguments*, Thread*)+0x2a4
V  [libjvm.so+0x6234ca]  JavaCalls::call_virtual(JavaValue*, Handle, KlassHandle, Symbol*, Symbol*, Thread*)+0x4a
V  [libjvm.so+0x663efe]  thread_entry(JavaThread*, Thread*)+0x8e
V  [libjvm.so+0x986ec0]  JavaThread::thread_main_inner()+0xf0
V  [libjvm.so+0x8425b2]  java_start(Thread*)+0xf2
C  [libpthread.so.0+0x76fa]  start_thread+0xca


---------------  P R O C E S S  ---------------

Java Threads: ( => current thread )
=>0x00007fcdb8131800 JavaThread "pool-1-thread-1" [_thread_in_Java, id=14042, stack(0x00007fcd8e934000,0x00007fcd8ea35000)]
  0x00007fcdb80c4800 JavaThread "Service Thread" daemon [_thread_blocked, id=13932, stack(0x00007fcd8ec37000,0x00007fcd8ed38000)]
  0x00007fcdb80c1800 JavaThread "C1 CompilerThread2" daemon [_thread_blocked, id=13931, stack(0x00007fcd8ed38000,0x00007fcd8ee39000)]
  0x00007fcdb80c0000 JavaThread "C2 CompilerThread1" daemon [_thread_in_native, id=13930, stack(0x00007fcd8ee39000,0x00007fcd8ef3a000)]
  0x00007fcdb80bd000 JavaThread "C2 CompilerThread0" daemon [_thread_in_native, id=13929, stack(0x00007fcd8ef3a000,0x00007fcd8f03b000)]
  0x00007fcdb80bb800 JavaThread "Signal Dispatcher" daemon [_thread_blocked, id=13928, stack(0x00007fcd8f03b000,0x00007fcd8f13c000)]
  0x00007fcdb8087800 JavaThread "Finalizer" daemon [_thread_blocked, id=13927, stack(0x00007fcd8fafb000,0x00007fcd8fbfc000)]
  0x00007fcdb8083000 JavaThread "Reference Handler" daemon [_thread_blocked, id=13926, stack(0x00007fcd8fbfc000,0x00007fcd8fcfd000)]
  0x00007fcdb800a000 JavaThread "main" [_thread_blocked, id=13913, stack(0x00007fcdbeb35000,0x00007fcdbec36000)]

Other Threads:
  0x00007fcdb807b800 VMThread [stack: 0x00007fcd8fcfd000,0x00007fcd8fdfe000] [id=13924]
  0x00007fcdb80c7000 WatcherThread [stack: 0x00007fcd8eb36000,0x00007fcd8ec37000] [id=13933]

VM state:not at safepoint (normal execution)

VM Mutex/Monitor currently owned by a thread: None

Heap:
 PSYoungGen      total 75264K, used 50682K [0x00000000eab00000, 0x00000000f3e00000, 0x0000000100000000)
  eden space 64512K, 61% used [0x00000000eab00000,0x00000000ed200f78,0x00000000eea00000)
  from space 10752K, 99% used [0x00000000eea00000,0x00000000ef47daa8,0x00000000ef480000)
  to   space 10752K, 0% used [0x00000000f3380000,0x00000000f3380000,0x00000000f3e00000)
 ParOldGen       total 172032K, used 990K [0x00000000c0000000, 0x00000000ca800000, 0x00000000eab00000)
  object space 172032K, 0% used [0x00000000c0000000,0x00000000c00f7910,0x00000000ca800000)
 Metaspace       used 5947K, capacity 7024K, committed 7296K, reserved 1056768K
  class space    used 567K, capacity 616K, committed 640K, reserved 1048576K

Card table byte_map: [0x00007fcda8611000,0x00007fcda8812000] byte_map_base: 0x00007fcda8011000

Marking Bits: (ParMarkBitMap*) 0x00007fcdbe0041a0
 Begin Bits: [0x00007fcda600b000, 0x00007fcda700b000)
 End Bits:   [0x00007fcda700b000, 0x00007fcda800b000)

Polling page: 0x00007fcdbec54000

CodeCache: size=245760Kb used=5489Kb max_used=5489Kb free=240270Kb
 bounds [0x00007fcda8bd2000, 0x00007fcda9142000, 0x00007fcdb7bd2000]
 total_blobs=1713 nmethods=1453 adapters=176
 compilation: enabled

Compilation events (10 events):
Event: 2,020 Thread 0x00007fcdb80c1800 nmethod 1495 0x00007fcda912f1d0 code [0x00007fcda912f3e0, 0x00007fcda912fb58]
Event: 2,020 Thread 0x00007fcdb80c1800 1502       2       java.util.HashMap$KeyIterator::next (8 bytes)
Event: 2,020 Thread 0x00007fcdb80c1800 nmethod 1502 0x00007fcda912ff90 code [0x00007fcda9130100, 0x00007fcda9130288]
Event: 2,020 Thread 0x00007fcdb80c1800 1499       1       com.android.dx.dex.code.CstInsn::getConstant (5 bytes)
Event: 2,020 Thread 0x00007fcdb80c1800 nmethod 1499 0x00007fcda9130350 code [0x00007fcda91304a0, 0x00007fcda91305b0]
Event: 2,020 Thread 0x00007fcdb80c1800 1490       2       com.android.dx.dex.file.AnnotationSetItem::hashCode (8 bytes)
Event: 2,020 Thread 0x00007fcdb80c1800 nmethod 1490 0x00007fcda9130610 code [0x00007fcda9130780, 0x00007fcda9130908]
Event: 2,020 Thread 0x00007fcdb80c1800 1491       2       com.android.dx.rop.annotation.Annotations::hashCode (8 bytes)
Event: 2,020 Thread 0x00007fcdb80c1800 nmethod 1491 0x00007fcda9130a10 code [0x00007fcda9130b80, 0x00007fcda9130ce8]
Event: 2,020 Thread 0x00007fcdb80c1800 1488  s    2       com.android.dx.dex.file.MixedItemSection::intern (39 bytes)

GC Heap History (2 events):
Event: 1,695 GC heap before
{Heap before GC invocations=1 (full 0):
 PSYoungGen      total 75264K, used 64512K [0x00000000eab00000, 0x00000000eff00000, 0x0000000100000000)
  eden space 64512K, 100% used [0x00000000eab00000,0x00000000eea00000,0x00000000eea00000)
  from space 10752K, 0% used [0x00000000ef480000,0x00000000ef480000,0x00000000eff00000)
  to   space 10752K, 0% used [0x00000000eea00000,0x00000000eea00000,0x00000000ef480000)
 ParOldGen       total 172032K, used 0K [0x00000000c0000000, 0x00000000ca800000, 0x00000000eab00000)
  object space 172032K, 0% used [0x00000000c0000000,0x00000000c0000000,0x00000000ca800000)
 Metaspace       used 5791K, capacity 6960K, committed 7040K, reserved 1056768K
  class space    used 560K, capacity 616K, committed 640K, reserved 1048576K
Event: 1,738 GC heap after
Heap after GC invocations=1 (full 0):
 PSYoungGen      total 75264K, used 10742K [0x00000000eab00000, 0x00000000f3e00000, 0x0000000100000000)
  eden space 64512K, 0% used [0x00000000eab00000,0x00000000eab00000,0x00000000eea00000)
  from space 10752K, 99% used [0x00000000eea00000,0x00000000ef47daa8,0x00000000ef480000)
  to   space 10752K, 0% used [0x00000000f3380000,0x00000000f3380000,0x00000000f3e00000)
 ParOldGen       total 172032K, used 990K [0x00000000c0000000, 0x00000000ca800000, 0x00000000eab00000)
  object space 172032K, 0% used [0x00000000c0000000,0x00000000c00f7910,0x00000000ca800000)
 Metaspace       used 5791K, capacity 6960K, committed 7040K, reserved 1056768K
  class space    used 560K, capacity 616K, committed 640K, reserved 1048576K
}

Deoptimization events (10 events):
Event: 1,971 Thread 0x00007fcdb8131800 Uncommon trap: reason=class_check action=maybe_recompile pc=0x00007fcda8fb0578 method=java.util.Arrays.hashCode([Ljava/lang/Object;)I @ 43
Event: 1,991 Thread 0x00007fcdb8131800 Uncommon trap: reason=bimorphic action=maybe_recompile pc=0x00007fcda8df412c method=java.util.HashMap.getNode(ILjava/lang/Object;)Ljava/util/HashMap$Node; @ 126
Event: 1,991 Thread 0x00007fcdb8131800 Uncommon trap: reason=bimorphic action=maybe_recompile pc=0x00007fcda8df412c method=java.util.HashMap.getNode(ILjava/lang/Object;)Ljava/util/HashMap$Node; @ 126
Event: 1,991 Thread 0x00007fcdb8131800 Uncommon trap: reason=bimorphic action=maybe_recompile pc=0x00007fcda8df412c method=java.util.HashMap.getNode(ILjava/lang/Object;)Ljava/util/HashMap$Node; @ 126
Event: 1,991 Thread 0x00007fcdb8131800 Uncommon trap: reason=bimorphic action=maybe_recompile pc=0x00007fcda8df412c method=java.util.HashMap.getNode(ILjava/lang/Object;)Ljava/util/HashMap$Node; @ 126
Event: 1,991 Thread 0x00007fcdb8131800 Uncommon trap: reason=class_check action=maybe_recompile pc=0x00007fcda90398b4 method=java.util.HashMap.putVal(ILjava/lang/Object;Ljava/lang/Object;ZZ)Ljava/lang/Object; @ 203
Event: 1,992 Thread 0x00007fcdb8131800 Uncommon trap: reason=bimorphic action=maybe_recompile pc=0x00007fcda8e29ca8 method=java.util.HashMap.getNode(ILjava/lang/Object;)Ljava/util/HashMap$Node; @ 126
Event: 1,992 Thread 0x00007fcdb8131800 Uncommon trap: reason=class_check action=maybe_recompile pc=0x00007fcda90398b4 method=java.util.HashMap.putVal(ILjava/lang/Object;Ljava/lang/Object;ZZ)Ljava/lang/Object; @ 203
Event: 1,992 Thread 0x00007fcdb8131800 Uncommon trap: reason=class_check action=maybe_recompile pc=0x00007fcda90398b4 method=java.util.HashMap.putVal(ILjava/lang/Object;Ljava/lang/Object;ZZ)Ljava/lang/Object; @ 203
Event: 1,992 Thread 0x00007fcdb8131800 Uncommon trap: reason=class_check action=maybe_recompile pc=0x00007fcda90398b4 method=java.util.HashMap.putVal(ILjava/lang/Object;Ljava/lang/Object;ZZ)Ljava/lang/Object; @ 203

Internal exceptions (4 events):
Event: 0,090 Thread 0x00007fcdb800a000 Exception <a 'java/lang/NoSuchMethodError': Method sun.misc.Unsafe.defineClass(Ljava/lang/String;[BII)Ljava/lang/Class; name or signature does not match> (0x00000000eab07cc0) thrown at [/ssd/Android/AOSP-openjdk/external/jetbrains/jdk/hotspot/src/share/vm
Event: 0,090 Thread 0x00007fcdb800a000 Exception <a 'java/lang/NoSuchMethodError': Method sun.misc.Unsafe.prefetchRead(Ljava/lang/Object;J)V name or signature does not match> (0x00000000eab07fa8) thrown at [/ssd/Android/AOSP-openjdk/external/jetbrains/jdk/hotspot/src/share/vm/prims/jni.cpp, li
Event: 1,537 Thread 0x00007fcdb8145800 Implicit null exception at 0x00007fcda8f4cf9f to 0x00007fcda8f4e3c1
Event: 1,747 Thread 0x00007fcdb8142000 Implicit null exception at 0x00007fcda8f9a012 to 0x00007fcda8f9b3c1

Events (10 events):
Event: 1,992 Thread 0x00007fcdb8131800 DEOPT PACKING pc=0x00007fcda90398b4 sp=0x00007fcd8ea33430
Event: 1,992 Thread 0x00007fcdb8131800 DEOPT UNPACKING pc=0x00007fcda8bd6f69 sp=0x00007fcd8ea333c8 mode 2
Event: 1,992 Thread 0x00007fcdb8131800 Uncommon trap: trap_request=0xffffffde fr.pc=0x00007fcda90398b4
Event: 1,992 Thread 0x00007fcdb8131800 DEOPT PACKING pc=0x00007fcda90398b4 sp=0x00007fcd8ea33430
Event: 1,992 Thread 0x00007fcdb8131800 DEOPT UNPACKING pc=0x00007fcda8bd6f69 sp=0x00007fcd8ea333c8 mode 2
Event: 1,992 Thread 0x00007fcdb8131800 Uncommon trap: trap_request=0xffffffde fr.pc=0x00007fcda90398b4
Event: 1,992 Thread 0x00007fcdb8131800 DEOPT PACKING pc=0x00007fcda90398b4 sp=0x00007fcd8ea33430
Event: 1,992 Thread 0x00007fcdb8131800 DEOPT UNPACKING pc=0x00007fcda8bd6f69 sp=0x00007fcd8ea333c8 mode 2
Event: 2,008 loading class com/android/dx/dex/file/CatchStructs
Event: 2,008 loading class com/android/dx/dex/file/CatchStructs done


Dynamic libraries:
00400000-00401000 r-xp 00000000 08:01 117965799                          /usr/local/android-studio/jre/bin/java
00600000-00601000 r--p 00000000 08:01 117965799                          /usr/local/android-studio/jre/bin/java
00601000-00602000 rw-p 00001000 08:01 117965799                          /usr/local/android-studio/jre/bin/java
00dba000-00ddb000 rw-p 00000000 00:00 0                                  [heap]
c0000000-ca800000 rw-p 00000000 00:00 0 
ca800000-eab00000 ---p 00000000 00:00 0 
eab00000-f3e00000 rw-p 00000000 00:00 0 
f3e00000-100000000 ---p 00000000 00:00 0 
100000000-1000a0000 rw-p 00000000 00:00 0 
1000a0000-140000000 ---p 00000000 00:00 0 
7fcd50000000-7fcd50021000 rw-p 00000000 00:00 0 
7fcd50021000-7fcd54000000 ---p 00000000 00:00 0 
7fcd54000000-7fcd54021000 rw-p 00000000 00:00 0 
7fcd54021000-7fcd58000000 ---p 00000000 00:00 0 
7fcd58000000-7fcd5828c000 rw-p 00000000 00:00 0 
7fcd5828c000-7fcd5c000000 ---p 00000000 00:00 0 
7fcd5c000000-7fcd5c021000 rw-p 00000000 00:00 0 
7fcd5c021000-7fcd60000000 ---p 00000000 00:00 0 
7fcd60000000-7fcd60021000 rw-p 00000000 00:00 0 
7fcd60021000-7fcd64000000 ---p 00000000 00:00 0 
7fcd64000000-7fcd64039000 rw-p 00000000 00:00 0 
7fcd64039000-7fcd68000000 ---p 00000000 00:00 0 
7fcd68000000-7fcd687a2000 rw-p 00000000 00:00 0 
7fcd687a2000-7fcd6c000000 ---p 00000000 00:00 0 
7fcd6c000000-7fcd6c021000 rw-p 00000000 00:00 0 
7fcd6c021000-7fcd70000000 ---p 00000000 00:00 0 
7fcd70000000-7fcd7053c000 rw-p 00000000 00:00 0 
7fcd7053c000-7fcd74000000 ---p 00000000 00:00 0 
7fcd74000000-7fcd745ac000 rw-p 00000000 00:00 0 
7fcd745ac000-7fcd78000000 ---p 00000000 00:00 0 
7fcd78000000-7fcd78021000 rw-p 00000000 00:00 0 
7fcd78021000-7fcd7c000000 ---p 00000000 00:00 0 
7fcd7c000000-7fcd7c021000 rw-p 00000000 00:00 0 
7fcd7c021000-7fcd80000000 ---p 00000000 00:00 0 
7fcd80000000-7fcd80021000 rw-p 00000000 00:00 0 
7fcd80021000-7fcd84000000 ---p 00000000 00:00 0 
7fcd84000000-7fcd84021000 rw-p 00000000 00:00 0 
7fcd84021000-7fcd88000000 ---p 00000000 00:00 0 
7fcd88000000-7fcd88021000 rw-p 00000000 00:00 0 
7fcd88021000-7fcd8c000000 ---p 00000000 00:00 0 
7fcd8e631000-7fcd8e634000 ---p 00000000 00:00 0 
7fcd8e634000-7fcd8e732000 rw-p 00000000 00:00 0 
7fcd8e732000-7fcd8e735000 ---p 00000000 00:00 0 
7fcd8e735000-7fcd8e833000 rw-p 00000000 00:00 0 
7fcd8e833000-7fcd8e836000 ---p 00000000 00:00 0 
7fcd8e836000-7fcd8e934000 rw-p 00000000 00:00 0 
7fcd8e934000-7fcd8e937000 ---p 00000000 00:00 0 
7fcd8e937000-7fcd8ea35000 rw-p 00000000 00:00 0 
7fcd8ea35000-7fcd8ea38000 ---p 00000000 00:00 0 
7fcd8ea38000-7fcd8eb36000 rw-p 00000000 00:00 0 
7fcd8eb36000-7fcd8eb37000 ---p 00000000 00:00 0 
7fcd8eb37000-7fcd8ec37000 rw-p 00000000 00:00 0 
7fcd8ec37000-7fcd8ec3a000 ---p 00000000 00:00 0 
7fcd8ec3a000-7fcd8ed38000 rw-p 00000000 00:00 0 
7fcd8ed38000-7fcd8ed3b000 ---p 00000000 00:00 0 
7fcd8ed3b000-7fcd8ee39000 rw-p 00000000 00:00 0 
7fcd8ee39000-7fcd8ee3c000 ---p 00000000 00:00 0 
7fcd8ee3c000-7fcd8ef3a000 rw-p 00000000 00:00 0 
7fcd8ef3a000-7fcd8ef3d000 ---p 00000000 00:00 0 
7fcd8ef3d000-7fcd8f03b000 rw-p 00000000 00:00 0 
7fcd8f03b000-7fcd8f03e000 ---p 00000000 00:00 0 
7fcd8f03e000-7fcd8f13c000 rw-p 00000000 00:00 0 
7fcd8f13c000-7fcd8fafb000 r--p 00000000 08:01 3939084                    /usr/lib/locale/locale-archive
7fcd8fafb000-7fcd8fafe000 ---p 00000000 00:00 0 
7fcd8fafe000-7fcd8fbfc000 rw-p 00000000 00:00 0 
7fcd8fbfc000-7fcd8fbff000 ---p 00000000 00:00 0 
7fcd8fbff000-7fcd8fcfd000 rw-p 00000000 00:00 0 
7fcd8fcfd000-7fcd8fcfe000 ---p 00000000 00:00 0 
7fcd8fcfe000-7fcd90000000 rw-p 00000000 00:00 0 
7fcd90000000-7fcd90021000 rw-p 00000000 00:00 0 
7fcd90021000-7fcd94000000 ---p 00000000 00:00 0 
7fcd94000000-7fcd94021000 rw-p 00000000 00:00 0 
7fcd94021000-7fcd98000000 ---p 00000000 00:00 0 
7fcd98000000-7fcd98021000 rw-p 00000000 00:00 0 
7fcd98021000-7fcd9c000000 ---p 00000000 00:00 0 
7fcd9c000000-7fcd9c021000 rw-p 00000000 00:00 0 
7fcd9c021000-7fcda0000000 ---p 00000000 00:00 0 
7fcda0000000-7fcda0021000 rw-p 00000000 00:00 0 
7fcda0021000-7fcda4000000 ---p 00000000 00:00 0 
7fcda4010000-7fcda53c8000 rw-p 00000000 00:00 0 
7fcda53c8000-7fcda5595000 r--s 03bec000 08:01 117965856                  /usr/local/android-studio/jre/jre/lib/rt.jar
7fcda5595000-7fcda5c8b000 rw-p 00000000 00:00 0 
7fcda5c8b000-7fcda5e0b000 ---p 00000000 00:00 0 
7fcda5e0b000-7fcda800b000 rw-p 00000000 00:00 0 
7fcda800b000-7fcda800c000 ---p 00000000 00:00 0 
7fcda800c000-7fcda810c000 rw-p 00000000 00:00 0 
7fcda810c000-7fcda810d000 ---p 00000000 00:00 0 
7fcda810d000-7fcda820d000 rw-p 00000000 00:00 0 
7fcda820d000-7fcda820e000 ---p 00000000 00:00 0 
7fcda820e000-7fcda830e000 rw-p 00000000 00:00 0 
7fcda830e000-7fcda830f000 ---p 00000000 00:00 0 
7fcda830f000-7fcda840f000 rw-p 00000000 00:00 0 
7fcda840f000-7fcda8410000 ---p 00000000 00:00 0 
7fcda8410000-7fcda8510000 rw-p 00000000 00:00 0 
7fcda8510000-7fcda8511000 ---p 00000000 00:00 0 
7fcda8511000-7fcda8665000 rw-p 00000000 00:00 0 
7fcda8665000-7fcda8766000 ---p 00000000 00:00 0 
7fcda8766000-7fcda87b0000 rw-p 00000000 00:00 0 
7fcda87b0000-7fcda8811000 ---p 00000000 00:00 0 
7fcda8811000-7fcda8828000 rw-p 00000000 00:00 0 
7fcda8828000-7fcda8bd2000 ---p 00000000 00:00 0 
7fcda8bd2000-7fcda9142000 rwxp 00000000 00:00 0 
7fcda9142000-7fcdb7bd2000 ---p 00000000 00:00 0 
7fcdb7bd2000-7fcdb7bec000 r-xp 00000000 08:01 117965883                  /usr/local/android-studio/jre/jre/lib/amd64/libzip.so
7fcdb7bec000-7fcdb7dec000 ---p 0001a000 08:01 117965883                  /usr/local/android-studio/jre/jre/lib/amd64/libzip.so
7fcdb7dec000-7fcdb7ded000 r--p 0001a000 08:01 117965883                  /usr/local/android-studio/jre/jre/lib/amd64/libzip.so
7fcdb7ded000-7fcdb7dee000 rw-p 0001b000 08:01 117965883                  /usr/local/android-studio/jre/jre/lib/amd64/libzip.so
7fcdb7dee000-7fcdb7df9000 r-xp 00000000 08:01 22286722                   /lib/x86_64-linux-gnu/libnss_files-2.23.so
7fcdb7df9000-7fcdb7ff8000 ---p 0000b000 08:01 22286722                   /lib/x86_64-linux-gnu/libnss_files-2.23.so
7fcdb7ff8000-7fcdb7ff9000 r--p 0000a000 08:01 22286722                   /lib/x86_64-linux-gnu/libnss_files-2.23.so
7fcdb7ff9000-7fcdb7ffa000 rw-p 0000b000 08:01 22286722                   /lib/x86_64-linux-gnu/libnss_files-2.23.so
7fcdb7ffa000-7fcdb8000000 rw-p 00000000 00:00 0 
7fcdb8000000-7fcdb8384000 rw-p 00000000 00:00 0 
7fcdb8384000-7fcdbc000000 ---p 00000000 00:00 0 
7fcdbc01e000-7fcdbc0bf000 rw-p 00000000 00:00 0 
7fcdbc0bf000-7fcdbc1c1000 ---p 00000000 00:00 0 
7fcdbc1c1000-7fcdbc1cc000 r-xp 00000000 08:01 22286732                   /lib/x86_64-linux-gnu/libnss_nis-2.23.so
7fcdbc1cc000-7fcdbc3cb000 ---p 0000b000 08:01 22286732                   /lib/x86_64-linux-gnu/libnss_nis-2.23.so
7fcdbc3cb000-7fcdbc3cc000 r--p 0000a000 08:01 22286732                   /lib/x86_64-linux-gnu/libnss_nis-2.23.so
7fcdbc3cc000-7fcdbc3cd000 rw-p 0000b000 08:01 22286732                   /lib/x86_64-linux-gnu/libnss_nis-2.23.so
7fcdbc3cd000-7fcdbc3e3000 r-xp 00000000 08:01 22286716                   /lib/x86_64-linux-gnu/libnsl-2.23.so
7fcdbc3e3000-7fcdbc5e2000 ---p 00016000 08:01 22286716                   /lib/x86_64-linux-gnu/libnsl-2.23.so
7fcdbc5e2000-7fcdbc5e3000 r--p 00015000 08:01 22286716                   /lib/x86_64-linux-gnu/libnsl-2.23.so
7fcdbc5e3000-7fcdbc5e4000 rw-p 00016000 08:01 22286716                   /lib/x86_64-linux-gnu/libnsl-2.23.so
7fcdbc5e4000-7fcdbc5e6000 rw-p 00000000 00:00 0 
7fcdbc5e6000-7fcdbc5ee000 r-xp 00000000 08:01 22286718                   /lib/x86_64-linux-gnu/libnss_compat-2.23.so
7fcdbc5ee000-7fcdbc7ed000 ---p 00008000 08:01 22286718                   /lib/x86_64-linux-gnu/libnss_compat-2.23.so
7fcdbc7ed000-7fcdbc7ee000 r--p 00007000 08:01 22286718                   /lib/x86_64-linux-gnu/libnss_compat-2.23.so
7fcdbc7ee000-7fcdbc7ef000 rw-p 00008000 08:01 22286718                   /lib/x86_64-linux-gnu/libnss_compat-2.23.so
7fcdbc7ef000-7fcdbc81c000 r-xp 00000000 08:01 117965893                  /usr/local/android-studio/jre/jre/lib/amd64/libjava.so
7fcdbc81c000-7fcdbca1b000 ---p 0002d000 08:01 117965893                  /usr/local/android-studio/jre/jre/lib/amd64/libjava.so
7fcdbca1b000-7fcdbca1c000 r--p 0002c000 08:01 117965893                  /usr/local/android-studio/jre/jre/lib/amd64/libjava.so
7fcdbca1c000-7fcdbca1e000 rw-p 0002d000 08:01 117965893                  /usr/local/android-studio/jre/jre/lib/amd64/libjava.so
7fcdbca1e000-7fcdbca2e000 r-xp 00000000 08:01 117965909                  /usr/local/android-studio/jre/jre/lib/amd64/libverify.so
7fcdbca2e000-7fcdbcc2d000 ---p 00010000 08:01 117965909                  /usr/local/android-studio/jre/jre/lib/amd64/libverify.so
7fcdbcc2d000-7fcdbcc2f000 r--p 0000f000 08:01 117965909                  /usr/local/android-studio/jre/jre/lib/amd64/libverify.so
7fcdbcc2f000-7fcdbcc30000 rw-p 00011000 08:01 117965909                  /usr/local/android-studio/jre/jre/lib/amd64/libverify.so
7fcdbcc30000-7fcdbcc37000 r-xp 00000000 08:01 22286777                   /lib/x86_64-linux-gnu/librt-2.23.so
7fcdbcc37000-7fcdbce36000 ---p 00007000 08:01 22286777                   /lib/x86_64-linux-gnu/librt-2.23.so
7fcdbce36000-7fcdbce37000 r--p 00006000 08:01 22286777                   /lib/x86_64-linux-gnu/librt-2.23.so
7fcdbce37000-7fcdbce38000 rw-p 00007000 08:01 22286777                   /lib/x86_64-linux-gnu/librt-2.23.so
7fcdbce38000-7fcdbcf40000 r-xp 00000000 08:01 22286693                   /lib/x86_64-linux-gnu/libm-2.23.so
7fcdbcf40000-7fcdbd13f000 ---p 00108000 08:01 22286693                   /lib/x86_64-linux-gnu/libm-2.23.so
7fcdbd13f000-7fcdbd140000 r--p 00107000 08:01 22286693                   /lib/x86_64-linux-gnu/libm-2.23.so
7fcdbd140000-7fcdbd141000 rw-p 00108000 08:01 22286693                   /lib/x86_64-linux-gnu/libm-2.23.so
7fcdbd141000-7fcdbdd27000 r-xp 00000000 08:01 117965913                  /usr/local/android-studio/jre/jre/lib/amd64/server/libjvm.so
7fcdbdd27000-7fcdbdf27000 ---p 00be6000 08:01 117965913                  /usr/local/android-studio/jre/jre/lib/amd64/server/libjvm.so
7fcdbdf27000-7fcdbdfc6000 r--p 00be6000 08:01 117965913                  /usr/local/android-studio/jre/jre/lib/amd64/server/libjvm.so
7fcdbdfc6000-7fcdbdfef000 rw-p 00c85000 08:01 117965913                  /usr/local/android-studio/jre/jre/lib/amd64/server/libjvm.so
7fcdbdfef000-7fcdbe031000 rw-p 00000000 00:00 0 
7fcdbe031000-7fcdbe049000 r-xp 00000000 08:01 22286769                   /lib/x86_64-linux-gnu/libpthread-2.23.so
7fcdbe049000-7fcdbe248000 ---p 00018000 08:01 22286769                   /lib/x86_64-linux-gnu/libpthread-2.23.so
7fcdbe248000-7fcdbe249000 r--p 00017000 08:01 22286769                   /lib/x86_64-linux-gnu/libpthread-2.23.so
7fcdbe249000-7fcdbe24a000 rw-p 00018000 08:01 22286769                   /lib/x86_64-linux-gnu/libpthread-2.23.so
7fcdbe24a000-7fcdbe24e000 rw-p 00000000 00:00 0 
7fcdbe24e000-7fcdbe251000 r-xp 00000000 08:01 22286647                   /lib/x86_64-linux-gnu/libdl-2.23.so
7fcdbe251000-7fcdbe450000 ---p 00003000 08:01 22286647                   /lib/x86_64-linux-gnu/libdl-2.23.so
7fcdbe450000-7fcdbe451000 r--p 00002000 08:01 22286647                   /lib/x86_64-linux-gnu/libdl-2.23.so
7fcdbe451000-7fcdbe452000 rw-p 00003000 08:01 22286647                   /lib/x86_64-linux-gnu/libdl-2.23.so
7fcdbe452000-7fcdbe612000 r-xp 00000000 08:01 22286623                   /lib/x86_64-linux-gnu/libc-2.23.so
7fcdbe612000-7fcdbe811000 ---p 001c0000 08:01 22286623                   /lib/x86_64-linux-gnu/libc-2.23.so
7fcdbe811000-7fcdbe815000 r--p 001bf000 08:01 22286623                   /lib/x86_64-linux-gnu/libc-2.23.so
7fcdbe815000-7fcdbe817000 rw-p 001c3000 08:01 22286623                   /lib/x86_64-linux-gnu/libc-2.23.so
7fcdbe817000-7fcdbe81b000 rw-p 00000000 00:00 0 
7fcdbe81b000-7fcdbe831000 r-xp 00000000 08:01 117965773                  /usr/local/android-studio/jre/lib/amd64/jli/libjli.so
7fcdbe831000-7fcdbea30000 ---p 00016000 08:01 117965773                  /usr/local/android-studio/jre/lib/amd64/jli/libjli.so
7fcdbea30000-7fcdbea31000 r--p 00015000 08:01 117965773                  /usr/local/android-studio/jre/lib/amd64/jli/libjli.so
7fcdbea31000-7fcdbea32000 rw-p 00016000 08:01 117965773                  /usr/local/android-studio/jre/lib/amd64/jli/libjli.so
7fcdbea32000-7fcdbea58000 r-xp 00000000 08:01 22286595                   /lib/x86_64-linux-gnu/ld-2.23.so
7fcdbea5c000-7fcdbeb35000 rw-p 00000000 00:00 0 
7fcdbeb35000-7fcdbeb38000 ---p 00000000 00:00 0 
7fcdbeb38000-7fcdbec3a000 rw-p 00000000 00:00 0 
7fcdbec3d000-7fcdbec4b000 r--s 000e0000 08:01 106696168                  /home/n3v10t/Android/Sdk/build-tools/24.0.1/lib/dx.jar
7fcdbec4b000-7fcdbec53000 rw-s 00000000 08:01 106827184                  /tmp/hsperfdata_n3v10t/13909
7fcdbec53000-7fcdbec54000 rw-p 00000000 00:00 0 
7fcdbec54000-7fcdbec55000 r--p 00000000 00:00 0 
7fcdbec55000-7fcdbec57000 rw-p 00000000 00:00 0 
7fcdbec57000-7fcdbec58000 r--p 00025000 08:01 22286595                   /lib/x86_64-linux-gnu/ld-2.23.so
7fcdbec58000-7fcdbec59000 rw-p 00026000 08:01 22286595                   /lib/x86_64-linux-gnu/ld-2.23.so
7fcdbec59000-7fcdbec5a000 rw-p 00000000 00:00 0 
7ffc353a4000-7ffc353c6000 rw-p 00000000 00:00 0                          [stack]
7ffc353e6000-7ffc353e8000 r--p 00000000 00:00 0                          [vvar]
7ffc353e8000-7ffc353ea000 r-xp 00000000 00:00 0                          [vdso]
ffffffffff600000-ffffffffff601000 r-xp 00000000 00:00 0                  [vsyscall]

VM Arguments:
jvm_args: -Djava.awt.headless=true -Xmx1024M -Dfile.encoding=UTF-8 -Duser.country=US -Duser.language=en -Duser.variant 
java_command: com.android.dx.command.Main --dex --force-jumbo --num-threads=4 --multi-dex --output /home/n3v10t/Android-Projects/BumbleBeeM/app/build/intermediates/transforms/dex/debug/folders/1000/10/com.android.support-support-media-compat-24.2.1_d3941181c659a18a83a6a51727b8e24f6bc9e05f /home/n3v10t/Android-Projects/BumbleBeeM/app/build/intermediates/exploded-aar/com.android.support/support-media-compat/24.2.1/jars/classes.jar
java_class_path (initial): /home/n3v10t/Android/Sdk/build-tools/24.0.1/lib/dx.jar
Launcher Type: SUN_STANDARD

Environment Variables:
PATH=/home/n3v10t/bin:/home/n3v10t/.local/bin:/usr/local/sbin:/usr/local/bin:/usr/sbin:/usr/bin:/sbin:/bin:/usr/games:/usr/local/games:/snap/bin
LD_LIBRARY_PATH=.:
SHELL=/bin/bash
DISPLAY=:0

Signal Handlers:
SIGSEGV: [libjvm.so+0x9daac0], sa_mask[0]=11111111011111111101111111111110, sa_flags=SA_RESTART|SA_SIGINFO
SIGBUS: [libjvm.so+0x9daac0], sa_mask[0]=11111111011111111101111111111110, sa_flags=SA_RESTART|SA_SIGINFO
SIGFPE: [libjvm.so+0x840d90], sa_mask[0]=11111111011111111101111111111110, sa_flags=SA_RESTART|SA_SIGINFO
SIGPIPE: [libjvm.so+0x840d90], sa_mask[0]=11111111011111111101111111111110, sa_flags=SA_RESTART|SA_SIGINFO
SIGXFSZ: [libjvm.so+0x840d90], sa_mask[0]=11111111011111111101111111111110, sa_flags=SA_RESTART|SA_SIGINFO
SIGILL: [libjvm.so+0x840d90], sa_mask[0]=11111111011111111101111111111110, sa_flags=SA_RESTART|SA_SIGINFO
SIGUSR1: SIG_DFL, sa_mask[0]=00000000000000000000000000000000, sa_flags=none
SIGUSR2: [libjvm.so+0x840c60], sa_mask[0]=00100000000000000000000000000000, sa_flags=SA_RESTART|SA_SIGINFO
SIGHUP: [libjvm.so+0x840e50], sa_mask[0]=11111111011111111101111111111110, sa_flags=SA_RESTART|SA_SIGINFO
SIGINT: [libjvm.so+0x840e50], sa_mask[0]=11111111011111111101111111111110, sa_flags=SA_RESTART|SA_SIGINFO
SIGTERM: [libjvm.so+0x840e50], sa_mask[0]=11111111011111111101111111111110, sa_flags=SA_RESTART|SA_SIGINFO
SIGQUIT: [libjvm.so+0x840e50], sa_mask[0]=11111111011111111101111111111110, sa_flags=SA_RESTART|SA_SIGINFO


---------------  S Y S T E M  ---------------

OS:DISTRIB_ID=Ubuntu
DISTRIB_RELEASE=16.04
DISTRIB_CODENAME=xenial
DISTRIB_DESCRIPTION="Ubuntu 16.04.1 LTS"

uname:Linux 4.4.0-38-generic #57-Ubuntu SMP Tue Sep 6 15:42:33 UTC 2016 x86_64
libc:glibc 2.23 NPTL 2.23 
rlimit: STACK 8192k, CORE 0k, NPROC 63772, NOFILE 65536, AS infinity
load average:1,84 0,69 0,54

/proc/meminfo:
MemTotal:       16431444 kB
MemFree:         5199512 kB
MemAvailable:    8986840 kB
Buffers:          209196 kB
Cached:          4093856 kB
SwapCached:            0 kB
Active:          8467736 kB
Inactive:        2279596 kB
Active(anon):    6445808 kB
Inactive(anon):   430056 kB
Active(file):    2021928 kB
Inactive(file):  1849540 kB
Unevictable:          64 kB
Mlocked:              64 kB
SwapTotal:      16774140 kB
SwapFree:       16774140 kB
Dirty:             32336 kB
Writeback:             0 kB
AnonPages:       6448716 kB
Mapped:           809136 kB
Shmem:            431588 kB
Slab:             302824 kB
SReclaimable:     253172 kB
SUnreclaim:        49652 kB
KernelStack:       16912 kB
PageTables:        72108 kB
NFS_Unstable:          0 kB
Bounce:                0 kB
WritebackTmp:          0 kB
CommitLimit:    24989860 kB
Committed_AS:   15864772 kB
VmallocTotal:   34359738367 kB
VmallocUsed:           0 kB
VmallocChunk:          0 kB
HardwareCorrupted:     0 kB
AnonHugePages:   3938304 kB
CmaTotal:              0 kB
CmaFree:               0 kB
HugePages_Total:       0
HugePages_Free:        0
HugePages_Rsvd:        0
HugePages_Surp:        0
Hugepagesize:       2048 kB
DirectMap4k:      213568 kB
DirectMap2M:    10270720 kB
DirectMap1G:     6291456 kB


CPU:total 6 (6 cores per cpu, 1 threads per core) family 16 model 10 stepping 0, cmov, cx8, fxsr, mmx, sse, sse2, sse3, popcnt, mmxext, 3dnowpref, lzcnt, sse4a, tsc, tscinvbit, tscinv

/proc/cpuinfo:
processor	: 0
vendor_id	: AuthenticAMD
cpu family	: 16
model		: 10
model name	: AMD Phenom(tm) II X6 1090T Processor
stepping	: 0
microcode	: 0x10000bf
cpu MHz		: 3200.000
cache size	: 512 KB
physical id	: 0
siblings	: 6
core id		: 0
cpu cores	: 6
apicid		: 0
initial apicid	: 0
fpu		: yes
fpu_exception	: yes
cpuid level	: 6
wp		: yes
flags		: fpu vme de pse tsc msr pae mce cx8 apic sep mtrr pge mca cmov pat pse36 clflush mmx fxsr sse sse2 ht syscall nx mmxext fxsr_opt pdpe1gb rdtscp lm 3dnowext 3dnow constant_tsc rep_good nopl nonstop_tsc extd_apicid aperfmperf pni monitor cx16 popcnt lahf_lm cmp_legacy svm extapic cr8_legacy abm sse4a misalignsse 3dnowprefetch osvw ibs skinit wdt cpb hw_pstate vmmcall npt lbrv svm_lock nrip_save pausefilter
bugs		: tlb_mmatch apic_c1e fxsave_leak sysret_ss_attrs
bogomips	: 7449.34
TLB size	: 1024 4K pages
clflush size	: 64
cache_alignment	: 64
address sizes	: 48 bits physical, 48 bits virtual
power management: ts ttp tm stc 100mhzsteps hwpstate cpb

processor	: 1
vendor_id	: AuthenticAMD
cpu family	: 16
model		: 10
model name	: AMD Phenom(tm) II X6 1090T Processor
stepping	: 0
microcode	: 0x10000bf
cpu MHz		: 3200.000
cache size	: 512 KB
physical id	: 0
siblings	: 6
core id		: 1
cpu cores	: 6
apicid		: 1
initial apicid	: 1
fpu		: yes
fpu_exception	: yes
cpuid level	: 6
wp		: yes
flags		: fpu vme de pse tsc msr pae mce cx8 apic sep mtrr pge mca cmov pat pse36 clflush mmx fxsr sse sse2 ht syscall nx mmxext fxsr_opt pdpe1gb rdtscp lm 3dnowext 3dnow constant_tsc rep_good nopl nonstop_tsc extd_apicid aperfmperf pni monitor cx16 popcnt lahf_lm cmp_legacy svm extapic cr8_legacy abm sse4a misalignsse 3dnowprefetch osvw ibs skinit wdt cpb hw_pstate vmmcall npt lbrv svm_lock nrip_save pausefilter
bugs		: tlb_mmatch apic_c1e fxsave_leak sysret_ss_attrs
bogomips	: 7449.34
TLB size	: 1024 4K pages
clflush size	: 64
cache_alignment	: 64
address sizes	: 48 bits physical, 48 bits virtual
power management: ts ttp tm stc 100mhzsteps hwpstate cpb

processor	: 2
vendor_id	: AuthenticAMD
cpu family	: 16
model		: 10
model name	: AMD Phenom(tm) II X6 1090T Processor
stepping	: 0
microcode	: 0x10000bf
cpu MHz		: 3200.000
cache size	: 512 KB
physical id	: 0
siblings	: 6
core id		: 2
cpu cores	: 6
apicid		: 2
initial apicid	: 2
fpu		: yes
fpu_exception	: yes
cpuid level	: 6
wp		: yes
flags		: fpu vme de pse tsc msr pae mce cx8 apic sep mtrr pge mca cmov pat pse36 clflush mmx fxsr sse sse2 ht syscall nx mmxext fxsr_opt pdpe1gb rdtscp lm 3dnowext 3dnow constant_tsc rep_good nopl nonstop_tsc extd_apicid aperfmperf pni monitor cx16 popcnt lahf_lm cmp_legacy svm extapic cr8_legacy abm sse4a misalignsse 3dnowprefetch osvw ibs skinit wdt cpb hw_pstate vmmcall npt lbrv svm_lock nrip_save pausefilter
bugs		: tlb_mmatch apic_c1e fxsave_leak sysret_ss_attrs
bogomips	: 7449.34
TLB size	: 1024 4K pages
clflush size	: 64
cache_alignment	: 64
address sizes	: 48 bits physical, 48 bits virtual
power management: ts ttp tm stc 100mhzsteps hwpstate cpb

processor	: 3
vendor_id	: AuthenticAMD
cpu family	: 16
model		: 10
model name	: AMD Phenom(tm) II X6 1090T Processor
stepping	: 0
microcode	: 0x10000bf
cpu MHz		: 3200.000
cache size	: 512 KB
physical id	: 0
siblings	: 6
core id		: 3
cpu cores	: 6
apicid		: 3
initial apicid	: 3
fpu		: yes
fpu_exception	: yes
cpuid level	: 6
wp		: yes
flags		: fpu vme de pse tsc msr pae mce cx8 apic sep mtrr pge mca cmov pat pse36 clflush mmx fxsr sse sse2 ht syscall nx mmxext fxsr_opt pdpe1gb rdtscp lm 3dnowext 3dnow constant_tsc rep_good nopl nonstop_tsc extd_apicid aperfmperf pni monitor cx16 popcnt lahf_lm cmp_legacy svm extapic cr8_legacy abm sse4a misalignsse 3dnowprefetch osvw ibs skinit wdt cpb hw_pstate vmmcall npt lbrv svm_lock nrip_save pausefilter
bugs		: tlb_mmatch apic_c1e fxsave_leak sysret_ss_attrs
bogomips	: 7449.34
TLB size	: 1024 4K pages
clflush size	: 64
cache_alignment	: 64
address sizes	: 48 bits physical, 48 bits virtual
power management: ts ttp tm stc 100mhzsteps hwpstate cpb

processor	: 4
vendor_id	: AuthenticAMD
cpu family	: 16
model		: 10
model name	: AMD Phenom(tm) II X6 1090T Processor
stepping	: 0
microcode	: 0x10000bf
cpu MHz		: 3200.000
cache size	: 512 KB
physical id	: 0
siblings	: 6
core id		: 4
cpu cores	: 6
apicid		: 4
initial apicid	: 4
fpu		: yes
fpu_exception	: yes
cpuid level	: 6
wp		: yes
flags		: fpu vme de pse tsc msr pae mce cx8 apic sep mtrr pge mca cmov pat pse36 clflush mmx fxsr sse sse2 ht syscall nx mmxext fxsr_opt pdpe1gb rdtscp lm 3dnowext 3dnow constant_tsc rep_good nopl nonstop_tsc extd_apicid aperfmperf pni monitor cx16 popcnt lahf_lm cmp_legacy svm extapic cr8_legacy abm sse4a misalignsse 3dnowprefetch osvw ibs skinit wdt cpb hw_pstate vmmcall npt lbrv svm_lock nrip_save pausefilter
bugs		: tlb_mmatch apic_c1e fxsave_leak sysret_ss_attrs
bogomips	: 7449.34
TLB size	: 1024 4K pages
clflush size	: 64
cache_alignment	: 64
address sizes	: 48 bits physical, 48 bits virtual
power management: ts ttp tm stc 100mhzsteps hwpstate cpb

processor	: 5
vendor_id	: AuthenticAMD
cpu family	: 16
model		: 10
model name	: AMD Phenom(tm) II X6 1090T Processor
stepping	: 0
microcode	: 0x10000bf
cpu MHz		: 3200.000
cache size	: 512 KB
physical id	: 0
siblings	: 6
core id		: 5
cpu cores	: 6
apicid		: 5
initial apicid	: 5
fpu		: yes
fpu_exception	: yes
cpuid level	: 6
wp		: yes
flags		: fpu vme de pse tsc msr pae mce cx8 apic sep mtrr pge mca cmov pat pse36 clflush mmx fxsr sse sse2 ht syscall nx mmxext fxsr_opt pdpe1gb rdtscp lm 3dnowext 3dnow constant_tsc rep_good nopl nonstop_tsc extd_apicid aperfmperf pni monitor cx16 popcnt lahf_lm cmp_legacy svm extapic cr8_legacy abm sse4a misalignsse 3dnowprefetch osvw ibs skinit wdt cpb hw_pstate vmmcall npt lbrv svm_lock nrip_save pausefilter
bugs		: tlb_mmatch apic_c1e fxsave_leak sysret_ss_attrs
bogomips	: 7449.34
TLB size	: 1024 4K pages
clflush size	: 64
cache_alignment	: 64
address sizes	: 48 bits physical, 48 bits virtual
power management: ts ttp tm stc 100mhzsteps hwpstate cpb



Memory: 4k page, physical 16431444k(5199512k free), swap 16774140k(16774140k free)

vm_info: OpenJDK 64-Bit Server VM (25.76-b03) for linux-amd64 JRE (1.8.0_76-release-b03), built on Jun 29 2016 09:39:19 by "builder" with gcc 4.8.4

time: Thu Oct  6 17:51:19 2016
elapsed time: 2 seconds (0d 0h 0m 2s)

