#
# A fatal error has been detected by the Java Runtime Environment:
#
#  SIGSEGV (0xb) at pc=0x0000000000000002, pid=20479, tid=0x00007f2e2cda8700
#
# JRE version: OpenJDK Runtime Environment (8.0_76-b03) (build 1.8.0_76-release-b03)
# Java VM: OpenJDK 64-Bit Server VM (25.76-b03 mixed mode linux-amd64 compressed oops)
# Problematic frame:
# C  0x0000000000000002
#
# Failed to write core dump. Core dumps have been disabled. To enable core dumping, try "ulimit -c unlimited" before starting Java again
#
# If you would like to submit a bug report, please visit:
#   http://bugreport.java.com/bugreport/crash.jsp
#

---------------  T H R E A D  ---------------

Current thread (0x00007f2e3c021000):  GCTaskThread [stack: 0x00007f2e2cca8000,0x00007f2e2cda9000] [id=20484]

siginfo: si_signo: 11 (SIGSEGV), si_code: 1 (SEGV_MAPERR), si_addr: 0x0000000000000002

Registers:
RAX=0x00000001000801b8, RBX=0x00000000ecc5c030, RCX=0x0000000000000000, RDX=0x00007f2e428bdb80
RSP=0x00007f2e2cda7cb8, RBP=0x00007f2e2cda7d20, RSI=0x00000000ecc5c030, RDI=0x00000001000801f8
R8 =0x0000000000000001, R9 =0x00007f2e3c0787d8, R10=0x00000000eeaeb0fd, R11=0x00007f2e428e76c0
R12=0x00000000eeaeb0fc, R13=0x0000000000000000, R14=0x00007f2e3c078740, R15=0x00007f2e428bdb90
RIP=0x0000000000000002, EFLAGS=0x0000000000010246, CSGSFS=0x0000000000000033, ERR=0x0000000000000014
  TRAPNO=0x000000000000000e

Top of Stack: (sp=0x00007f2e2cda7cb8)
0x00007f2e2cda7cb8:   00007f2e422d4008 0000000000000000
0x00007f2e2cda7cc8:   0000000000000000 0000000000000000
0x00007f2e2cda7cd8:   0000000000000001 00000000eeae4bd8
0x00007f2e2cda7ce8:   0000000000001000 0000000000000000
0x00007f2e2cda7cf8:   00007f2e3c078740 00000000eeaeb0fc
0x00007f2e2cda7d08:   0000000000000000 00007f2e3c0787d8
0x00007f2e2cda7d18:   00007f2e428bdb90 00007f2e2cda7d90
0x00007f2e2cda7d28:   00007f2e422d3808 0000000000000000
0x00007f2e2cda7d38:   00007f2e3c0787a8 00007f2e2cda7d00
0x00007f2e2cda7d48:   00007f2e3c139000 00007f2e3c022301
0x00007f2e2cda7d58:   00007f2e3c01ea01 0000000000000000
0x00007f2e2cda7d68:   00007f2e2cda7da0 00007f2e3c02a5a0
0x00007f2e2cda7d78:   00007f2e3c078740 00007f2e3c021000
0x00007f2e2cda7d88:   00007f2e428dc4d8 00007f2e2cda7e00
0x00007f2e2cda7d98:   00007f2e422d745e 00007f2e428a3150
0x00007f2e2cda7da8:   00007f2e3c01ea00 00007f2e3c078740
0x00007f2e2cda7db8:   00007f2e4222d41b 00007f2e4289b740
0x00007f2e2cda7dc8:   00007f2e3c02a500 00007f2e2cda7da0
0x00007f2e2cda7dd8:   00007f2e41fa1501 0000000000000001
0x00007f2e2cda7de8:   0000000000000001 00007f2e3c02a5a0
0x00007f2e2cda7df8:   00007f2e4248137b 00007f2e2cda7f10
0x00007f2e2cda7e08:   00007f2e41fa2f02 00000000000003d8
0x00007f2e2cda7e18:   00007f2e3c021828 00007f2e3c021450
0x00007f2e2cda7e28:   00007f2e2cda7ea0 00007f2e3c021400
0x00007f2e2cda7e38:   00007f2e3c021440 00007f2e2cda7e50
0x00007f2e2cda7e48:   0000000000000000 0000000000000000
0x00007f2e2cda7e58:   00007f2e3c022000 00007f2e3c021000
0x00007f2e2cda7e68:   00007f2e3c021830 00007f2e3c021870
0x00007f2e2cda7e78:   00007f2e3c021880 00007f2e3c021958
0x00007f2e2cda7e88:   00000000000000d8 00007f2e3c021a90
0x00007f2e2cda7e98:   00007f2e3c022400 00007f2e3c021000
0x00007f2e2cda7ea8:   00007f2e3c021830 00007f2e3c021870 

Instructions: (pc=0x0000000000000002)
0xffffffffffffffe2:   

Register to memory mapping:

RAX=0x00000001000801b8 is pointing into metadata
RBX=0x00000000ecc5c030 is an oop

[error occurred during error reporting (printing register info), id 0xb]

Stack: [0x00007f2e2cca8000,0x00007f2e2cda9000],  sp=0x00007f2e2cda7cb8,  free space=1023k
Native frames: (J=compiled Java code, j=interpreted, Vv=VM code, C=native code)
C  0x0000000000000002
V  [libjvm.so+0x8af808]  PSPromotionManager::drain_stacks_depth(bool)+0x6f8
V  [libjvm.so+0x8b345e]  ThreadRootsTask::do_it(GCTaskManager*, unsigned int)+0x8e
V  [libjvm.so+0x57ef02]  GCTaskThread::run()+0x162
V  [libjvm.so+0x8425b2]  java_start(Thread*)+0xf2


---------------  P R O C E S S  ---------------

Java Threads: ( => current thread )
  0x00007f2e3c14e800 JavaThread "pool-2-thread-4" [_thread_blocked, id=20540, stack(0x00007f2e02e39000,0x00007f2e02f3a000)]
  0x00007f2e3c14d000 JavaThread "pool-2-thread-3" [_thread_blocked, id=20539, stack(0x00007f2e02f3a000,0x00007f2e0303b000)]
  0x00007f2e3c14b800 JavaThread "pool-2-thread-2" [_thread_blocked, id=20538, stack(0x00007f2e0303b000,0x00007f2e0313c000)]
  0x00007f2e3c13a800 JavaThread "pool-3-thread-1" [_thread_blocked, id=20537, stack(0x00007f2e0313c000,0x00007f2e0323d000)]
  0x00007f2e3c139000 JavaThread "pool-2-thread-1" [_thread_blocked, id=20536, stack(0x00007f2e0323d000,0x00007f2e0333e000)]
  0x00007f2e3c0c4800 JavaThread "Service Thread" daemon [_thread_blocked, id=20513, stack(0x00007f2e0343f000,0x00007f2e03540000)]
  0x00007f2e3c0c1800 JavaThread "C1 CompilerThread2" daemon [_thread_blocked, id=20511, stack(0x00007f2e03540000,0x00007f2e03641000)]
  0x00007f2e3c0c0000 JavaThread "C2 CompilerThread1" daemon [_thread_blocked, id=20509, stack(0x00007f2e280eb000,0x00007f2e281ec000)]
  0x00007f2e3c0bd000 JavaThread "C2 CompilerThread0" daemon [_thread_blocked, id=20507, stack(0x00007f2e281ec000,0x00007f2e282ed000)]
  0x00007f2e3c0bb800 JavaThread "Signal Dispatcher" daemon [_thread_blocked, id=20505, stack(0x00007f2e282ed000,0x00007f2e283ee000)]
  0x00007f2e3c087800 JavaThread "Finalizer" daemon [_thread_blocked, id=20497, stack(0x00007f2e283ee000,0x00007f2e284ef000)]
  0x00007f2e3c083000 JavaThread "Reference Handler" daemon [_thread_blocked, id=20492, stack(0x00007f2e284ef000,0x00007f2e285f0000)]
  0x00007f2e3c00a000 JavaThread "main" [_thread_blocked, id=20481, stack(0x00007f2e43418000,0x00007f2e43519000)]

Other Threads:
  0x00007f2e3c07b800 VMThread [stack: 0x00007f2e285f0000,0x00007f2e286f1000] [id=20490]
  0x00007f2e3c0c7000 WatcherThread [stack: 0x00007f2e0333e000,0x00007f2e0343f000] [id=20515]

=>0x00007f2e3c021000 (exited) GCTaskThread [stack: 0x00007f2e2cca8000,0x00007f2e2cda9000] [id=20484]

VM state:at safepoint (normal execution)

VM Mutex/Monitor currently owned by a thread:  ([mutex/lock_event])
[0x00007f2e3c006640] Threads_lock - owner thread: 0x00007f2e3c07b800
[0x00007f2e3c006b40] Heap_lock - owner thread: 0x00007f2e3c14b800

Heap:
 PSYoungGen      total 75264K, used 64512K [0x00000000eab00000, 0x00000000eff00000, 0x0000000100000000)
  eden space 64512K, 100% used [0x00000000eab00000,0x00000000eea00000,0x00000000eea00000)
  from space 10752K, 0% used [0x00000000ef480000,0x00000000ef480000,0x00000000eff00000)
  to   space 10752K, 19% used [0x00000000eea00000,0x00000000eec00a10,0x00000000ef480000)
 ParOldGen       total 172032K, used 0K [0x00000000c0000000, 0x00000000ca800000, 0x00000000eab00000)
  object space 172032K, 0% used [0x00000000c0000000,0x00000000c0000000,0x00000000ca800000)
 Metaspace       used 5770K, capacity 6832K, committed 7040K, reserved 1056768K
  class space    used 579K, capacity 616K, committed 640K, reserved 1048576K

Card table byte_map: [0x00007f2e400b5000,0x00007f2e402b6000] byte_map_base: 0x00007f2e3fab5000

Marking Bits: (ParMarkBitMap*) 0x00007f2e428e71a0
 Begin Bits: [0x00007f2e2a8a4000, 0x00007f2e2b8a4000)
 End Bits:   [0x00007f2e2b8a4000, 0x00007f2e2c8a4000)

Polling page: 0x00007f2e43537000

CodeCache: size=245760Kb used=3704Kb max_used=3717Kb free=242055Kb
 bounds [0x00007f2e2d000000, 0x00007f2e2d3b0000, 0x00007f2e3c000000]
 total_blobs=1241 nmethods=981 adapters=176
 compilation: enabled

Compilation events (10 events):
Event: 1,467 Thread 0x00007f2e3c0c1800 1098 %     3       com.android.dx.ssa.SsaRenamer$BlockRenamer::process @ 119 (191 bytes)
Event: 1,471 Thread 0x00007f2e3c0bd000 1071       4       java.util.HashMap::getNode (148 bytes)
Event: 1,474 Thread 0x00007f2e3c0bd000 nmethod 1071 0x00007f2e2d3950d0 code [0x00007f2e2d395240, 0x00007f2e2d395488]
Event: 1,474 Thread 0x00007f2e3c0bd000 1103       4       com.android.dx.rop.code.LocalItem::compareTo (32 bytes)
Event: 1,475 Thread 0x00007f2e3c0bd000 nmethod 1103 0x00007f2e2d394a10 code [0x00007f2e2d394b80, 0x00007f2e2d394dd8]
Event: 1,475 Thread 0x00007f2e3c0bd000 1105       4       java.util.ArrayList::toArray (12 bytes)
Event: 1,489 Thread 0x00007f2e3c0bd000 nmethod 1105 0x00007f2e2d394610 code [0x00007f2e2d394760, 0x00007f2e2d394918]
Event: 1,489 Thread 0x00007f2e3c0bd000 1110       4       com.android.dx.util.LabeledList::addLabelIndex (43 bytes)
Event: 1,494 Thread 0x00007f2e3c0bd000 nmethod 1110 0x00007f2e2d396550 code [0x00007f2e2d3966c0, 0x00007f2e2d396bd8]
Event: 1,494 Thread 0x00007f2e3c0bd000 1113       4       java.util.HashMap::get (23 bytes)

GC Heap History (1 events):
Event: 1,504 GC heap before
{Heap before GC invocations=1 (full 0):
 PSYoungGen      total 75264K, used 64512K [0x00000000eab00000, 0x00000000eff00000, 0x0000000100000000)
  eden space 64512K, 100% used [0x00000000eab00000,0x00000000eea00000,0x00000000eea00000)
  from space 10752K, 0% used [0x00000000ef480000,0x00000000ef480000,0x00000000eff00000)
  to   space 10752K, 0% used [0x00000000eea00000,0x00000000eea00000,0x00000000ef480000)
 ParOldGen       total 172032K, used 0K [0x00000000c0000000, 0x00000000ca800000, 0x00000000eab00000)
  object space 172032K, 0% used [0x00000000c0000000,0x00000000c0000000,0x00000000ca800000)
 Metaspace       used 5770K, capacity 6832K, committed 7040K, reserved 1056768K
  class space    used 579K, capacity 616K, committed 640K, reserved 1048576K

Deoptimization events (10 events):
Event: 1,133 Thread 0x00007f2e3c14d000 Uncommon trap: reason=bimorphic action=maybe_recompile pc=0x00007f2e2d2651c8 method=java.util.HashMap.getNode(ILjava/lang/Object;)Ljava/util/HashMap$Node; @ 126
Event: 1,133 Thread 0x00007f2e3c14d000 Uncommon trap: reason=bimorphic action=maybe_recompile pc=0x00007f2e2d2651c8 method=java.util.HashMap.getNode(ILjava/lang/Object;)Ljava/util/HashMap$Node; @ 126
Event: 1,133 Thread 0x00007f2e3c14d000 Uncommon trap: reason=bimorphic action=maybe_recompile pc=0x00007f2e2d2651c8 method=java.util.HashMap.getNode(ILjava/lang/Object;)Ljava/util/HashMap$Node; @ 126
Event: 1,149 Thread 0x00007f2e3c14d000 Uncommon trap: reason=unstable_if action=reinterpret pc=0x00007f2e2d2b6250 method=com.android.dx.rop.code.RegisterSpecSet.put(Lcom/android/dx/rop/code/RegisterSpec;)V @ 77
Event: 1,279 Thread 0x00007f2e3c00a000 Uncommon trap: reason=unstable_if action=reinterpret pc=0x00007f2e2d323b6c method=com.android.dx.rop.code.LocalItem.hashCode()I @ 25
Event: 1,279 Thread 0x00007f2e3c00a000 Uncommon trap: reason=unstable_if action=reinterpret pc=0x00007f2e2d2b42dc method=com.android.dx.rop.code.LocalItem.hashCode()I @ 25
Event: 1,322 Thread 0x00007f2e3c139000 Uncommon trap: reason=unstable_if action=reinterpret pc=0x00007f2e2d223cb8 method=java.util.HashMap.getNode(ILjava/lang/Object;)Ljava/util/HashMap$Node; @ 84
Event: 1,383 Thread 0x00007f2e3c139000 Uncommon trap: reason=unstable_if action=reinterpret pc=0x00007f2e2d2b49e4 method=com.android.dx.rop.code.RegisterSpec.equals(ILcom/android/dx/rop/type/TypeBearer;Lcom/android/dx/rop/code/LocalItem;)Z @ 42
Event: 1,423 Thread 0x00007f2e3c14d000 Uncommon trap: reason=bimorphic action=maybe_recompile pc=0x00007f2e2d2651c8 method=java.util.HashMap.getNode(ILjava/lang/Object;)Ljava/util/HashMap$Node; @ 126
Event: 1,439 Thread 0x00007f2e3c14e800 Uncommon trap: reason=null_check action=make_not_entrant pc=0x00007f2e2d29bad0 method=com.android.dx.rop.type.Type.equals(Ljava/lang/Object;)Z @ 8

Internal exceptions (9 events):
Event: 0,055 Thread 0x00007f2e3c00a000 Exception <a 'java/lang/NoSuchMethodError': Method sun.misc.Unsafe.defineClass(Ljava/lang/String;[BII)Ljava/lang/Class; name or signature does not match> (0x00000000eab07cc0) thrown at [/ssd/Android/AOSP-openjdk/external/jetbrains/jdk/hotspot/src/share/vm
Event: 0,056 Thread 0x00007f2e3c00a000 Exception <a 'java/lang/NoSuchMethodError': Method sun.misc.Unsafe.prefetchRead(Ljava/lang/Object;J)V name or signature does not match> (0x00000000eab07fa8) thrown at [/ssd/Android/AOSP-openjdk/external/jetbrains/jdk/hotspot/src/share/vm/prims/jni.cpp, li
Event: 1,087 Thread 0x00007f2e3c00a000 Implicit null exception at 0x00007f2e2d2a58cf to 0x00007f2e2d2a7ec1
Event: 1,087 Thread 0x00007f2e3c00a000 Implicit null exception at 0x00007f2e2d2bb903 to 0x00007f2e2d2bdddd
Event: 1,113 Thread 0x00007f2e3c14b800 Exception <a 'java/lang/ArrayIndexOutOfBoundsException': 1> (0x00000000ec97ce60) thrown at [/ssd/Android/AOSP-openjdk/external/jetbrains/jdk/hotspot/src/share/vm/interpreter/interpreterRuntime.cpp, line 366]
Event: 1,302 Thread 0x00007f2e3c14e800 Exception <a 'java/lang/ArrayIndexOutOfBoundsException': 18> (0x00000000ed33a008) thrown at [/ssd/Android/AOSP-openjdk/external/jetbrains/jdk/hotspot/src/share/vm/interpreter/interpreterRuntime.cpp, line 366]
Event: 1,303 Thread 0x00007f2e3c14e800 Exception <a 'java/lang/ArrayIndexOutOfBoundsException': 145> (0x00000000ed33bb88) thrown at [/ssd/Android/AOSP-openjdk/external/jetbrains/jdk/hotspot/src/share/vm/interpreter/interpreterRuntime.cpp, line 366]
Event: 1,303 Thread 0x00007f2e3c14e800 Exception <a 'java/lang/ArrayIndexOutOfBoundsException': 40> (0x00000000ed33ce70) thrown at [/ssd/Android/AOSP-openjdk/external/jetbrains/jdk/hotspot/src/share/vm/interpreter/interpreterRuntime.cpp, line 366]
Event: 1,439 Thread 0x00007f2e3c14e800 Implicit null exception at 0x00007f2e2d29ba22 to 0x00007f2e2d29bac2

Events (10 events):
Event: 1,383 Thread 0x00007f2e3c139000 Uncommon trap: trap_request=0xffffff65 fr.pc=0x00007f2e2d2b49e4
Event: 1,383 Thread 0x00007f2e3c139000 DEOPT PACKING pc=0x00007f2e2d2b49e4 sp=0x00007f2e0333c120
Event: 1,383 Thread 0x00007f2e3c139000 DEOPT UNPACKING pc=0x00007f2e2d004f69 sp=0x00007f2e0333c0c8 mode 2
Event: 1,423 Thread 0x00007f2e3c14d000 Uncommon trap: trap_request=0xffffffc6 fr.pc=0x00007f2e2d2651c8
Event: 1,423 Thread 0x00007f2e3c14d000 DEOPT PACKING pc=0x00007f2e2d2651c8 sp=0x00007f2e030391b0
Event: 1,423 Thread 0x00007f2e3c14d000 DEOPT UNPACKING pc=0x00007f2e2d004f69 sp=0x00007f2e03039108 mode 2
Event: 1,439 Thread 0x00007f2e3c14e800 Uncommon trap: trap_request=0xfffffff4 fr.pc=0x00007f2e2d29bad0
Event: 1,439 Thread 0x00007f2e3c14e800 DEOPT PACKING pc=0x00007f2e2d29bad0 sp=0x00007f2e02f37e00
Event: 1,439 Thread 0x00007f2e3c14e800 DEOPT UNPACKING pc=0x00007f2e2d004f69 sp=0x00007f2e02f37da8 mode 2
Event: 1,497 Executing VM operation: ParallelGCFailedAllocation


Dynamic libraries:
00400000-00401000 r-xp 00000000 08:01 117965799                          /usr/local/android-studio/jre/bin/java
00600000-00601000 r--p 00000000 08:01 117965799                          /usr/local/android-studio/jre/bin/java
00601000-00602000 rw-p 00001000 08:01 117965799                          /usr/local/android-studio/jre/bin/java
00a1a000-00a3b000 rw-p 00000000 00:00 0                                  [heap]
c0000000-ca800000 rw-p 00000000 00:00 0 
ca800000-eab00000 ---p 00000000 00:00 0 
eab00000-eff00000 rw-p 00000000 00:00 0 
eff00000-100000000 ---p 00000000 00:00 0 
100000000-1000a0000 rw-p 00000000 00:00 0 
1000a0000-140000000 ---p 00000000 00:00 0 
7f2dd4000000-7f2dd402a000 rw-p 00000000 00:00 0 
7f2dd402a000-7f2dd8000000 ---p 00000000 00:00 0 
7f2dd8000000-7f2dd8028000 rw-p 00000000 00:00 0 
7f2dd8028000-7f2ddc000000 ---p 00000000 00:00 0 
7f2ddc000000-7f2ddc021000 rw-p 00000000 00:00 0 
7f2ddc021000-7f2de0000000 ---p 00000000 00:00 0 
7f2de0000000-7f2de0021000 rw-p 00000000 00:00 0 
7f2de0021000-7f2de4000000 ---p 00000000 00:00 0 
7f2de4000000-7f2de4021000 rw-p 00000000 00:00 0 
7f2de4021000-7f2de8000000 ---p 00000000 00:00 0 
7f2de8000000-7f2de8029000 rw-p 00000000 00:00 0 
7f2de8029000-7f2dec000000 ---p 00000000 00:00 0 
7f2dec000000-7f2dec60b000 rw-p 00000000 00:00 0 
7f2dec60b000-7f2df0000000 ---p 00000000 00:00 0 
7f2df0000000-7f2df0021000 rw-p 00000000 00:00 0 
7f2df0021000-7f2df4000000 ---p 00000000 00:00 0 
7f2df4000000-7f2df447a000 rw-p 00000000 00:00 0 
7f2df447a000-7f2df8000000 ---p 00000000 00:00 0 
7f2df8000000-7f2df8434000 rw-p 00000000 00:00 0 
7f2df8434000-7f2dfc000000 ---p 00000000 00:00 0 
7f2dfc000000-7f2dfc021000 rw-p 00000000 00:00 0 
7f2dfc021000-7f2e00000000 ---p 00000000 00:00 0 
7f2e02e39000-7f2e02e3c000 ---p 00000000 00:00 0 
7f2e02e3c000-7f2e02f3a000 rw-p 00000000 00:00 0 
7f2e02f3a000-7f2e02f3d000 ---p 00000000 00:00 0 
7f2e02f3d000-7f2e0303b000 rw-p 00000000 00:00 0 
7f2e0303b000-7f2e0303e000 ---p 00000000 00:00 0 
7f2e0303e000-7f2e0313c000 rw-p 00000000 00:00 0 
7f2e0313c000-7f2e0313f000 ---p 00000000 00:00 0 
7f2e0313f000-7f2e0323d000 rw-p 00000000 00:00 0 
7f2e0323d000-7f2e03240000 ---p 00000000 00:00 0 
7f2e03240000-7f2e0333e000 rw-p 00000000 00:00 0 
7f2e0333e000-7f2e0333f000 ---p 00000000 00:00 0 
7f2e0333f000-7f2e0343f000 rw-p 00000000 00:00 0 
7f2e0343f000-7f2e03442000 ---p 00000000 00:00 0 
7f2e03442000-7f2e03540000 rw-p 00000000 00:00 0 
7f2e03540000-7f2e03543000 ---p 00000000 00:00 0 
7f2e03543000-7f2e03641000 rw-p 00000000 00:00 0 
7f2e03641000-7f2e04000000 r--p 00000000 08:01 3939084                    /usr/lib/locale/locale-archive
7f2e04000000-7f2e04021000 rw-p 00000000 00:00 0 
7f2e04021000-7f2e08000000 ---p 00000000 00:00 0 
7f2e08000000-7f2e08021000 rw-p 00000000 00:00 0 
7f2e08021000-7f2e0c000000 ---p 00000000 00:00 0 
7f2e0c000000-7f2e0c021000 rw-p 00000000 00:00 0 
7f2e0c021000-7f2e10000000 ---p 00000000 00:00 0 
7f2e10000000-7f2e10021000 rw-p 00000000 00:00 0 
7f2e10021000-7f2e14000000 ---p 00000000 00:00 0 
7f2e14000000-7f2e14021000 rw-p 00000000 00:00 0 
7f2e14021000-7f2e18000000 ---p 00000000 00:00 0 
7f2e18000000-7f2e18021000 rw-p 00000000 00:00 0 
7f2e18021000-7f2e1c000000 ---p 00000000 00:00 0 
7f2e1c000000-7f2e1c280000 rw-p 00000000 00:00 0 
7f2e1c280000-7f2e20000000 ---p 00000000 00:00 0 
7f2e20000000-7f2e20021000 rw-p 00000000 00:00 0 
7f2e20021000-7f2e24000000 ---p 00000000 00:00 0 
7f2e24000000-7f2e24021000 rw-p 00000000 00:00 0 
7f2e24021000-7f2e28000000 ---p 00000000 00:00 0 
7f2e280eb000-7f2e280ee000 ---p 00000000 00:00 0 
7f2e280ee000-7f2e281ec000 rw-p 00000000 00:00 0 
7f2e281ec000-7f2e281ef000 ---p 00000000 00:00 0 
7f2e281ef000-7f2e282ed000 rw-p 00000000 00:00 0 
7f2e282ed000-7f2e282f0000 ---p 00000000 00:00 0 
7f2e282f0000-7f2e283ee000 rw-p 00000000 00:00 0 
7f2e283ee000-7f2e283f1000 ---p 00000000 00:00 0 
7f2e283f1000-7f2e284ef000 rw-p 00000000 00:00 0 
7f2e284ef000-7f2e284f2000 ---p 00000000 00:00 0 
7f2e284f2000-7f2e285f0000 rw-p 00000000 00:00 0 
7f2e285f0000-7f2e285f1000 ---p 00000000 00:00 0 
7f2e285f1000-7f2e29cd7000 rw-p 00000000 00:00 0 
7f2e29cd7000-7f2e29ea4000 r--s 03bec000 08:01 117965856                  /usr/local/android-studio/jre/jre/lib/rt.jar
7f2e29ea4000-7f2e2a4e4000 rw-p 00000000 00:00 0 
7f2e2a4e4000-7f2e2a6a4000 ---p 00000000 00:00 0 
7f2e2a6a4000-7f2e2c8a4000 rw-p 00000000 00:00 0 
7f2e2c8a4000-7f2e2c8a5000 ---p 00000000 00:00 0 
7f2e2c8a5000-7f2e2c9a5000 rw-p 00000000 00:00 0 
7f2e2c9a5000-7f2e2c9a6000 ---p 00000000 00:00 0 
7f2e2c9a6000-7f2e2caa6000 rw-p 00000000 00:00 0 
7f2e2caa6000-7f2e2caa7000 ---p 00000000 00:00 0 
7f2e2caa7000-7f2e2cba7000 rw-p 00000000 00:00 0 
7f2e2cba7000-7f2e2cba8000 ---p 00000000 00:00 0 
7f2e2cba8000-7f2e2cca8000 rw-p 00000000 00:00 0 
7f2e2cca8000-7f2e2cca9000 ---p 00000000 00:00 0 
7f2e2cca9000-7f2e2cda9000 rw-p 00000000 00:00 0 
7f2e2cda9000-7f2e2cdaa000 ---p 00000000 00:00 0 
7f2e2cdaa000-7f2e2cefe000 rw-p 00000000 00:00 0 
7f2e2cefe000-7f2e2d000000 ---p 00000000 00:00 0 
7f2e2d000000-7f2e2d3b0000 rwxp 00000000 00:00 0 
7f2e2d3b0000-7f2e3c000000 ---p 00000000 00:00 0 
7f2e3c000000-7f2e3c38c000 rw-p 00000000 00:00 0 
7f2e3c38c000-7f2e40000000 ---p 00000000 00:00 0 
7f2e4001e000-7f2e40109000 rw-p 00000000 00:00 0 
7f2e40109000-7f2e4020a000 ---p 00000000 00:00 0 
7f2e4020a000-7f2e40235000 rw-p 00000000 00:00 0 
7f2e40235000-7f2e402b5000 ---p 00000000 00:00 0 
7f2e402b5000-7f2e402c5000 rw-p 00000000 00:00 0 
7f2e402c5000-7f2e40676000 ---p 00000000 00:00 0 
7f2e40676000-7f2e40690000 r-xp 00000000 08:01 117965883                  /usr/local/android-studio/jre/jre/lib/amd64/libzip.so
7f2e40690000-7f2e40890000 ---p 0001a000 08:01 117965883                  /usr/local/android-studio/jre/jre/lib/amd64/libzip.so
7f2e40890000-7f2e40891000 r--p 0001a000 08:01 117965883                  /usr/local/android-studio/jre/jre/lib/amd64/libzip.so
7f2e40891000-7f2e40892000 rw-p 0001b000 08:01 117965883                  /usr/local/android-studio/jre/jre/lib/amd64/libzip.so
7f2e40892000-7f2e4089d000 r-xp 00000000 08:01 22286722                   /lib/x86_64-linux-gnu/libnss_files-2.23.so
7f2e4089d000-7f2e40a9c000 ---p 0000b000 08:01 22286722                   /lib/x86_64-linux-gnu/libnss_files-2.23.so
7f2e40a9c000-7f2e40a9d000 r--p 0000a000 08:01 22286722                   /lib/x86_64-linux-gnu/libnss_files-2.23.so
7f2e40a9d000-7f2e40a9e000 rw-p 0000b000 08:01 22286722                   /lib/x86_64-linux-gnu/libnss_files-2.23.so
7f2e40a9e000-7f2e40aa4000 rw-p 00000000 00:00 0 
7f2e40aa4000-7f2e40aaf000 r-xp 00000000 08:01 22286732                   /lib/x86_64-linux-gnu/libnss_nis-2.23.so
7f2e40aaf000-7f2e40cae000 ---p 0000b000 08:01 22286732                   /lib/x86_64-linux-gnu/libnss_nis-2.23.so
7f2e40cae000-7f2e40caf000 r--p 0000a000 08:01 22286732                   /lib/x86_64-linux-gnu/libnss_nis-2.23.so
7f2e40caf000-7f2e40cb0000 rw-p 0000b000 08:01 22286732                   /lib/x86_64-linux-gnu/libnss_nis-2.23.so
7f2e40cb0000-7f2e40cc6000 r-xp 00000000 08:01 22286716                   /lib/x86_64-linux-gnu/libnsl-2.23.so
7f2e40cc6000-7f2e40ec5000 ---p 00016000 08:01 22286716                   /lib/x86_64-linux-gnu/libnsl-2.23.so
7f2e40ec5000-7f2e40ec6000 r--p 00015000 08:01 22286716                   /lib/x86_64-linux-gnu/libnsl-2.23.so
7f2e40ec6000-7f2e40ec7000 rw-p 00016000 08:01 22286716                   /lib/x86_64-linux-gnu/libnsl-2.23.so
7f2e40ec7000-7f2e40ec9000 rw-p 00000000 00:00 0 
7f2e40ec9000-7f2e40ed1000 r-xp 00000000 08:01 22286718                   /lib/x86_64-linux-gnu/libnss_compat-2.23.so
7f2e40ed1000-7f2e410d0000 ---p 00008000 08:01 22286718                   /lib/x86_64-linux-gnu/libnss_compat-2.23.so
7f2e410d0000-7f2e410d1000 r--p 00007000 08:01 22286718                   /lib/x86_64-linux-gnu/libnss_compat-2.23.so
7f2e410d1000-7f2e410d2000 rw-p 00008000 08:01 22286718                   /lib/x86_64-linux-gnu/libnss_compat-2.23.so
7f2e410d2000-7f2e410ff000 r-xp 00000000 08:01 117965893                  /usr/local/android-studio/jre/jre/lib/amd64/libjava.so
7f2e410ff000-7f2e412fe000 ---p 0002d000 08:01 117965893                  /usr/local/android-studio/jre/jre/lib/amd64/libjava.so
7f2e412fe000-7f2e412ff000 r--p 0002c000 08:01 117965893                  /usr/local/android-studio/jre/jre/lib/amd64/libjava.so
7f2e412ff000-7f2e41301000 rw-p 0002d000 08:01 117965893                  /usr/local/android-studio/jre/jre/lib/amd64/libjava.so
7f2e41301000-7f2e41311000 r-xp 00000000 08:01 117965909                  /usr/local/android-studio/jre/jre/lib/amd64/libverify.so
7f2e41311000-7f2e41510000 ---p 00010000 08:01 117965909                  /usr/local/android-studio/jre/jre/lib/amd64/libverify.so
7f2e41510000-7f2e41512000 r--p 0000f000 08:01 117965909                  /usr/local/android-studio/jre/jre/lib/amd64/libverify.so
7f2e41512000-7f2e41513000 rw-p 00011000 08:01 117965909                  /usr/local/android-studio/jre/jre/lib/amd64/libverify.so
7f2e41513000-7f2e4151a000 r-xp 00000000 08:01 22286777                   /lib/x86_64-linux-gnu/librt-2.23.so
7f2e4151a000-7f2e41719000 ---p 00007000 08:01 22286777                   /lib/x86_64-linux-gnu/librt-2.23.so
7f2e41719000-7f2e4171a000 r--p 00006000 08:01 22286777                   /lib/x86_64-linux-gnu/librt-2.23.so
7f2e4171a000-7f2e4171b000 rw-p 00007000 08:01 22286777                   /lib/x86_64-linux-gnu/librt-2.23.so
7f2e4171b000-7f2e41823000 r-xp 00000000 08:01 22286693                   /lib/x86_64-linux-gnu/libm-2.23.so
7f2e41823000-7f2e41a22000 ---p 00108000 08:01 22286693                   /lib/x86_64-linux-gnu/libm-2.23.so
7f2e41a22000-7f2e41a23000 r--p 00107000 08:01 22286693                   /lib/x86_64-linux-gnu/libm-2.23.so
7f2e41a23000-7f2e41a24000 rw-p 00108000 08:01 22286693                   /lib/x86_64-linux-gnu/libm-2.23.so
7f2e41a24000-7f2e4260a000 r-xp 00000000 08:01 117965913                  /usr/local/android-studio/jre/jre/lib/amd64/server/libjvm.so
7f2e4260a000-7f2e4280a000 ---p 00be6000 08:01 117965913                  /usr/local/android-studio/jre/jre/lib/amd64/server/libjvm.so
7f2e4280a000-7f2e428a9000 r--p 00be6000 08:01 117965913                  /usr/local/android-studio/jre/jre/lib/amd64/server/libjvm.so
7f2e428a9000-7f2e428d2000 rw-p 00c85000 08:01 117965913                  /usr/local/android-studio/jre/jre/lib/amd64/server/libjvm.so
7f2e428d2000-7f2e42914000 rw-p 00000000 00:00 0 
7f2e42914000-7f2e4292c000 r-xp 00000000 08:01 22286769                   /lib/x86_64-linux-gnu/libpthread-2.23.so
7f2e4292c000-7f2e42b2b000 ---p 00018000 08:01 22286769                   /lib/x86_64-linux-gnu/libpthread-2.23.so
7f2e42b2b000-7f2e42b2c000 r--p 00017000 08:01 22286769                   /lib/x86_64-linux-gnu/libpthread-2.23.so
7f2e42b2c000-7f2e42b2d000 rw-p 00018000 08:01 22286769                   /lib/x86_64-linux-gnu/libpthread-2.23.so
7f2e42b2d000-7f2e42b31000 rw-p 00000000 00:00 0 
7f2e42b31000-7f2e42b34000 r-xp 00000000 08:01 22286647                   /lib/x86_64-linux-gnu/libdl-2.23.so
7f2e42b34000-7f2e42d33000 ---p 00003000 08:01 22286647                   /lib/x86_64-linux-gnu/libdl-2.23.so
7f2e42d33000-7f2e42d34000 r--p 00002000 08:01 22286647                   /lib/x86_64-linux-gnu/libdl-2.23.so
7f2e42d34000-7f2e42d35000 rw-p 00003000 08:01 22286647                   /lib/x86_64-linux-gnu/libdl-2.23.so
7f2e42d35000-7f2e42ef5000 r-xp 00000000 08:01 22286623                   /lib/x86_64-linux-gnu/libc-2.23.so
7f2e42ef5000-7f2e430f4000 ---p 001c0000 08:01 22286623                   /lib/x86_64-linux-gnu/libc-2.23.so
7f2e430f4000-7f2e430f8000 r--p 001bf000 08:01 22286623                   /lib/x86_64-linux-gnu/libc-2.23.so
7f2e430f8000-7f2e430fa000 rw-p 001c3000 08:01 22286623                   /lib/x86_64-linux-gnu/libc-2.23.so
7f2e430fa000-7f2e430fe000 rw-p 00000000 00:00 0 
7f2e430fe000-7f2e43114000 r-xp 00000000 08:01 117965773                  /usr/local/android-studio/jre/lib/amd64/jli/libjli.so
7f2e43114000-7f2e43313000 ---p 00016000 08:01 117965773                  /usr/local/android-studio/jre/lib/amd64/jli/libjli.so
7f2e43313000-7f2e43314000 r--p 00015000 08:01 117965773                  /usr/local/android-studio/jre/lib/amd64/jli/libjli.so
7f2e43314000-7f2e43315000 rw-p 00016000 08:01 117965773                  /usr/local/android-studio/jre/lib/amd64/jli/libjli.so
7f2e43315000-7f2e4333b000 r-xp 00000000 08:01 22286595                   /lib/x86_64-linux-gnu/ld-2.23.so
7f2e4333b000-7f2e4333f000 r--s 0003a000 08:01 119799879                  /home/n3v10t/Android-Projects/BumbleBeeM/app/build/intermediates/exploded-aar/com.android.support/support-core-ui/24.2.1/jars/classes.jar
7f2e4333f000-7f2e43418000 rw-p 00000000 00:00 0 
7f2e43418000-7f2e4341b000 ---p 00000000 00:00 0 
7f2e4341b000-7f2e4351d000 rw-p 00000000 00:00 0 
7f2e43520000-7f2e4352e000 r--s 000e0000 08:01 106696168                  /home/n3v10t/Android/Sdk/build-tools/24.0.1/lib/dx.jar
7f2e4352e000-7f2e43536000 rw-s 00000000 08:01 107088977                  /tmp/hsperfdata_n3v10t/20479
7f2e43536000-7f2e43537000 rw-p 00000000 00:00 0 
7f2e43537000-7f2e43538000 ---p 00000000 00:00 0 
7f2e43538000-7f2e4353a000 rw-p 00000000 00:00 0 
7f2e4353a000-7f2e4353b000 r--p 00025000 08:01 22286595                   /lib/x86_64-linux-gnu/ld-2.23.so
7f2e4353b000-7f2e4353c000 rw-p 00026000 08:01 22286595                   /lib/x86_64-linux-gnu/ld-2.23.so
7f2e4353c000-7f2e4353d000 rw-p 00000000 00:00 0 
7ffffb5fc000-7ffffb61e000 rw-p 00000000 00:00 0                          [stack]
7ffffb786000-7ffffb788000 r--p 00000000 00:00 0                          [vvar]
7ffffb788000-7ffffb78a000 r-xp 00000000 00:00 0                          [vdso]
ffffffffff600000-ffffffffff601000 r-xp 00000000 00:00 0                  [vsyscall]

VM Arguments:
jvm_args: -Djava.awt.headless=true -Xmx1024M -Dfile.encoding=UTF-8 -Duser.country=US -Duser.language=en -Duser.variant 
java_command: com.android.dx.command.Main --dex --force-jumbo --num-threads=4 --multi-dex --output /home/n3v10t/Android-Projects/BumbleBeeM/app/build/intermediates/transforms/dex/debug/folders/1000/10/com.android.support-support-core-ui-24.2.1_8906b98c9164aa5af203508cb199fb494cb8e11a /home/n3v10t/Android-Projects/BumbleBeeM/app/build/intermediates/exploded-aar/com.android.support/support-core-ui/24.2.1/jars/classes.jar
java_class_path (initial): /home/n3v10t/Android/Sdk/build-tools/24.0.1/lib/dx.jar
Launcher Type: SUN_STANDARD

Environment Variables:
PATH=/home/n3v10t/bin:/home/n3v10t/.local/bin:/usr/local/sbin:/usr/local/bin:/usr/sbin:/usr/bin:/sbin:/bin:/usr/games:/usr/local/games:/snap/bin
LD_LIBRARY_PATH=.:
SHELL=/bin/bash
DISPLAY=:0

Signal Handlers:
SIGSEGV: [libjvm.so+0x9daac0], sa_mask[0]=11111111011111111101111111111110, sa_flags=SA_RESTART|SA_SIGINFO
SIGBUS: [libjvm.so+0x9daac0], sa_mask[0]=11111111011111111101111111111110, sa_flags=SA_RESTART|SA_SIGINFO
SIGFPE: [libjvm.so+0x840d90], sa_mask[0]=11111111011111111101111111111110, sa_flags=SA_RESTART|SA_SIGINFO
SIGPIPE: [libjvm.so+0x840d90], sa_mask[0]=11111111011111111101111111111110, sa_flags=SA_RESTART|SA_SIGINFO
SIGXFSZ: [libjvm.so+0x840d90], sa_mask[0]=11111111011111111101111111111110, sa_flags=SA_RESTART|SA_SIGINFO
SIGILL: [libjvm.so+0x840d90], sa_mask[0]=11111111011111111101111111111110, sa_flags=SA_RESTART|SA_SIGINFO
SIGUSR1: SIG_DFL, sa_mask[0]=00000000000000000000000000000000, sa_flags=none
SIGUSR2: [libjvm.so+0x840c60], sa_mask[0]=00100000000000000000000000000000, sa_flags=SA_RESTART|SA_SIGINFO
SIGHUP: [libjvm.so+0x840e50], sa_mask[0]=11111111011111111101111111111110, sa_flags=SA_RESTART|SA_SIGINFO
SIGINT: [libjvm.so+0x840e50], sa_mask[0]=11111111011111111101111111111110, sa_flags=SA_RESTART|SA_SIGINFO
SIGTERM: [libjvm.so+0x840e50], sa_mask[0]=11111111011111111101111111111110, sa_flags=SA_RESTART|SA_SIGINFO
SIGQUIT: [libjvm.so+0x840e50], sa_mask[0]=11111111011111111101111111111110, sa_flags=SA_RESTART|SA_SIGINFO


---------------  S Y S T E M  ---------------

OS:DISTRIB_ID=Ubuntu
DISTRIB_RELEASE=16.04
DISTRIB_CODENAME=xenial
DISTRIB_DESCRIPTION="Ubuntu 16.04.1 LTS"

uname:Linux 4.4.0-42-generic #62-Ubuntu SMP Fri Oct 7 23:11:45 UTC 2016 x86_64
libc:glibc 2.23 NPTL 2.23 
rlimit: STACK 8192k, CORE 0k, NPROC 63770, NOFILE 65536, AS infinity
load average:0,45 0,23 0,35

/proc/meminfo:
MemTotal:       16431440 kB
MemFree:         5564696 kB
MemAvailable:   12643736 kB
Buffers:          275004 kB
Cached:          6803248 kB
SwapCached:            0 kB
Active:          8140096 kB
Inactive:        2122452 kB
Active(anon):    3186040 kB
Inactive(anon):    62572 kB
Active(file):    4954056 kB
Inactive(file):  2059880 kB
Unevictable:          64 kB
Mlocked:              64 kB
SwapTotal:      16774140 kB
SwapFree:       16774140 kB
Dirty:             22580 kB
Writeback:             0 kB
AnonPages:       3188432 kB
Mapped:           366644 kB
Shmem:             64320 kB
Slab:             447356 kB
SReclaimable:     402392 kB
SUnreclaim:        44964 kB
KernelStack:       13856 kB
PageTables:        49676 kB
NFS_Unstable:          0 kB
Bounce:                0 kB
WritebackTmp:          0 kB
CommitLimit:    24989860 kB
Committed_AS:    9401964 kB
VmallocTotal:   34359738367 kB
VmallocUsed:           0 kB
VmallocChunk:          0 kB
HardwareCorrupted:     0 kB
AnonHugePages:   1773568 kB
CmaTotal:              0 kB
CmaFree:               0 kB
HugePages_Total:       0
HugePages_Free:        0
HugePages_Rsvd:        0
HugePages_Surp:        0
Hugepagesize:       2048 kB
DirectMap4k:      209472 kB
DirectMap2M:     6080512 kB
DirectMap1G:    10485760 kB


CPU:total 6 (6 cores per cpu, 1 threads per core) family 16 model 10 stepping 0, cmov, cx8, fxsr, mmx, sse, sse2, sse3, popcnt, mmxext, 3dnowpref, lzcnt, sse4a, tsc, tscinvbit, tscinv

/proc/cpuinfo:
processor	: 0
vendor_id	: AuthenticAMD
cpu family	: 16
model		: 10
model name	: AMD Phenom(tm) II X6 1090T Processor
stepping	: 0
microcode	: 0x10000bf
cpu MHz		: 3200.000
cache size	: 512 KB
physical id	: 0
siblings	: 6
core id		: 0
cpu cores	: 6
apicid		: 0
initial apicid	: 0
fpu		: yes
fpu_exception	: yes
cpuid level	: 6
wp		: yes
flags		: fpu vme de pse tsc msr pae mce cx8 apic sep mtrr pge mca cmov pat pse36 clflush mmx fxsr sse sse2 ht syscall nx mmxext fxsr_opt pdpe1gb rdtscp lm 3dnowext 3dnow constant_tsc rep_good nopl nonstop_tsc extd_apicid aperfmperf pni monitor cx16 popcnt lahf_lm cmp_legacy svm extapic cr8_legacy abm sse4a misalignsse 3dnowprefetch osvw ibs skinit wdt cpb hw_pstate vmmcall npt lbrv svm_lock nrip_save pausefilter
bugs		: tlb_mmatch apic_c1e fxsave_leak sysret_ss_attrs
bogomips	: 7449.35
TLB size	: 1024 4K pages
clflush size	: 64
cache_alignment	: 64
address sizes	: 48 bits physical, 48 bits virtual
power management: ts ttp tm stc 100mhzsteps hwpstate cpb

processor	: 1
vendor_id	: AuthenticAMD
cpu family	: 16
model		: 10
model name	: AMD Phenom(tm) II X6 1090T Processor
stepping	: 0
microcode	: 0x10000bf
cpu MHz		: 2400.000
cache size	: 512 KB
physical id	: 0
siblings	: 6
core id		: 1
cpu cores	: 6
apicid		: 1
initial apicid	: 1
fpu		: yes
fpu_exception	: yes
cpuid level	: 6
wp		: yes
flags		: fpu vme de pse tsc msr pae mce cx8 apic sep mtrr pge mca cmov pat pse36 clflush mmx fxsr sse sse2 ht syscall nx mmxext fxsr_opt pdpe1gb rdtscp lm 3dnowext 3dnow constant_tsc rep_good nopl nonstop_tsc extd_apicid aperfmperf pni monitor cx16 popcnt lahf_lm cmp_legacy svm extapic cr8_legacy abm sse4a misalignsse 3dnowprefetch osvw ibs skinit wdt cpb hw_pstate vmmcall npt lbrv svm_lock nrip_save pausefilter
bugs		: tlb_mmatch apic_c1e fxsave_leak sysret_ss_attrs
bogomips	: 7449.35
TLB size	: 1024 4K pages
clflush size	: 64
cache_alignment	: 64
address sizes	: 48 bits physical, 48 bits virtual
power management: ts ttp tm stc 100mhzsteps hwpstate cpb

processor	: 2
vendor_id	: AuthenticAMD
cpu family	: 16
model		: 10
model name	: AMD Phenom(tm) II X6 1090T Processor
stepping	: 0
microcode	: 0x10000bf
cpu MHz		: 3200.000
cache size	: 512 KB
physical id	: 0
siblings	: 6
core id		: 2
cpu cores	: 6
apicid		: 2
initial apicid	: 2
fpu		: yes
fpu_exception	: yes
cpuid level	: 6
wp		: yes
flags		: fpu vme de pse tsc msr pae mce cx8 apic sep mtrr pge mca cmov pat pse36 clflush mmx fxsr sse sse2 ht syscall nx mmxext fxsr_opt pdpe1gb rdtscp lm 3dnowext 3dnow constant_tsc rep_good nopl nonstop_tsc extd_apicid aperfmperf pni monitor cx16 popcnt lahf_lm cmp_legacy svm extapic cr8_legacy abm sse4a misalignsse 3dnowprefetch osvw ibs skinit wdt cpb hw_pstate vmmcall npt lbrv svm_lock nrip_save pausefilter
bugs		: tlb_mmatch apic_c1e fxsave_leak sysret_ss_attrs
bogomips	: 7449.35
TLB size	: 1024 4K pages
clflush size	: 64
cache_alignment	: 64
address sizes	: 48 bits physical, 48 bits virtual
power management: ts ttp tm stc 100mhzsteps hwpstate cpb

processor	: 3
vendor_id	: AuthenticAMD
cpu family	: 16
model		: 10
model name	: AMD Phenom(tm) II X6 1090T Processor
stepping	: 0
microcode	: 0x10000bf
cpu MHz		: 3200.000
cache size	: 512 KB
physical id	: 0
siblings	: 6
core id		: 3
cpu cores	: 6
apicid		: 3
initial apicid	: 3
fpu		: yes
fpu_exception	: yes
cpuid level	: 6
wp		: yes
flags		: fpu vme de pse tsc msr pae mce cx8 apic sep mtrr pge mca cmov pat pse36 clflush mmx fxsr sse sse2 ht syscall nx mmxext fxsr_opt pdpe1gb rdtscp lm 3dnowext 3dnow constant_tsc rep_good nopl nonstop_tsc extd_apicid aperfmperf pni monitor cx16 popcnt lahf_lm cmp_legacy svm extapic cr8_legacy abm sse4a misalignsse 3dnowprefetch osvw ibs skinit wdt cpb hw_pstate vmmcall npt lbrv svm_lock nrip_save pausefilter
bugs		: tlb_mmatch apic_c1e fxsave_leak sysret_ss_attrs
bogomips	: 7449.35
TLB size	: 1024 4K pages
clflush size	: 64
cache_alignment	: 64
address sizes	: 48 bits physical, 48 bits virtual
power management: ts ttp tm stc 100mhzsteps hwpstate cpb

processor	: 4
vendor_id	: AuthenticAMD
cpu family	: 16
model		: 10
model name	: AMD Phenom(tm) II X6 1090T Processor
stepping	: 0
microcode	: 0x10000bf
cpu MHz		: 3200.000
cache size	: 512 KB
physical id	: 0
siblings	: 6
core id		: 4
cpu cores	: 6
apicid		: 4
initial apicid	: 4
fpu		: yes
fpu_exception	: yes
cpuid level	: 6
wp		: yes
flags		: fpu vme de pse tsc msr pae mce cx8 apic sep mtrr pge mca cmov pat pse36 clflush mmx fxsr sse sse2 ht syscall nx mmxext fxsr_opt pdpe1gb rdtscp lm 3dnowext 3dnow constant_tsc rep_good nopl nonstop_tsc extd_apicid aperfmperf pni monitor cx16 popcnt lahf_lm cmp_legacy svm extapic cr8_legacy abm sse4a misalignsse 3dnowprefetch osvw ibs skinit wdt cpb hw_pstate vmmcall npt lbrv svm_lock nrip_save pausefilter
bugs		: tlb_mmatch apic_c1e fxsave_leak sysret_ss_attrs
bogomips	: 7449.35
TLB size	: 1024 4K pages
clflush size	: 64
cache_alignment	: 64
address sizes	: 48 bits physical, 48 bits virtual
power management: ts ttp tm stc 100mhzsteps hwpstate cpb

processor	: 5
vendor_id	: AuthenticAMD
cpu family	: 16
model		: 10
model name	: AMD Phenom(tm) II X6 1090T Processor
stepping	: 0
microcode	: 0x10000bf
cpu MHz		: 3200.000
cache size	: 512 KB
physical id	: 0
siblings	: 6
core id		: 5
cpu cores	: 6
apicid		: 5
initial apicid	: 5
fpu		: yes
fpu_exception	: yes
cpuid level	: 6
wp		: yes
flags		: fpu vme de pse tsc msr pae mce cx8 apic sep mtrr pge mca cmov pat pse36 clflush mmx fxsr sse sse2 ht syscall nx mmxext fxsr_opt pdpe1gb rdtscp lm 3dnowext 3dnow constant_tsc rep_good nopl nonstop_tsc extd_apicid aperfmperf pni monitor cx16 popcnt lahf_lm cmp_legacy svm extapic cr8_legacy abm sse4a misalignsse 3dnowprefetch osvw ibs skinit wdt cpb hw_pstate vmmcall npt lbrv svm_lock nrip_save pausefilter
bugs		: tlb_mmatch apic_c1e fxsave_leak sysret_ss_attrs
bogomips	: 7449.35
TLB size	: 1024 4K pages
clflush size	: 64
cache_alignment	: 64
address sizes	: 48 bits physical, 48 bits virtual
power management: ts ttp tm stc 100mhzsteps hwpstate cpb



Memory: 4k page, physical 16431440k(5564696k free), swap 16774140k(16774140k free)

vm_info: OpenJDK 64-Bit Server VM (25.76-b03) for linux-amd64 JRE (1.8.0_76-release-b03), built on Jun 29 2016 09:39:19 by "builder" with gcc 4.8.4

time: Thu Oct 20 13:05:28 2016
elapsed time: 1 seconds (0d 0h 0m 1s)

