#
# A fatal error has been detected by the Java Runtime Environment:
#
#  SIGSEGV (0xb) at pc=0x00007f031a483002, pid=20377, tid=0x00007f0304efe700
#
# JRE version: OpenJDK Runtime Environment (8.0_76-b03) (build 1.8.0_76-release-b03)
# Java VM: OpenJDK 64-Bit Server VM (25.76-b03 mixed mode linux-amd64 compressed oops)
# Problematic frame:
# V  [libjvm.so+0x8b0002]  oopDesc* PSPromotionManager::copy_to_survivor_space<false>(oopDesc*)+0x2e2
#
# Failed to write core dump. Core dumps have been disabled. To enable core dumping, try "ulimit -c unlimited" before starting Java again
#
# If you would like to submit a bug report, please visit:
#   http://bugreport.java.com/bugreport/crash.jsp
#

---------------  T H R E A D  ---------------

Current thread (0x00007f0314022800):  GCTaskThread [stack: 0x00007f0304dfe000,0x00007f0304eff000] [id=20416]

siginfo: si_signo: 11 (SIGSEGV), si_code: 1 (SEGV_MAPERR), si_addr: 0x00000000000000e8

Registers:
RAX=0x0000000000000000, RBX=0x00000000f265c1b0, RCX=0x0000000000000000, RDX=0x00007f031aa6cb80
RSP=0x00007f0304efdcc0, RBP=0x00007f0304efdd20, RSI=0x00000000f265c1b0, RDI=0x0000000100079cd0
R8 =0x0000000000000001, R9 =0x00007f0314078958, R10=0x0000000000000003, R11=0x00007f031aa966c0
R12=0x00000000f3340704, R13=0x0000000000000000, R14=0x00007f03140788c0, R15=0x00007f031aa6cb90
RIP=0x00007f031a483002, EFLAGS=0x0000000000010246, CSGSFS=0x0000000000000033, ERR=0x0000000000000004
  TRAPNO=0x000000000000000e

Top of Stack: (sp=0x00007f0304efdcc0)
0x00007f0304efdcc0:   0000000000000004 00007f0314073ec0
0x00007f0304efdcd0:   00007f0314073ec0 0000000000000001
0x00007f0304efdce0:   00000000f3340040 0000000000001000
0x00007f0304efdcf0:   00007f0304efdd10 00007f03140788c0
0x00007f0304efdd00:   00000000f3340704 0000000000000000
0x00007f0304efdd10:   00007f0314078958 00007f031aa6cb90
0x00007f0304efdd20:   00007f0304efdd90 00007f031a482808
0x00007f0304efdd30:   0000000000000000 00007f0314078928
0x00007f0304efdd40:   00007f0304efde00 00007f031400a000
0x00007f0304efdd50:   00007f03140bd001 00007f0314078801
0x00007f0304efdd60:   00007f0314022800 00007f0304efdda0
0x00007f0304efdd70:   00007f02d43e8b30 00007f03140788c0
0x00007f0304efdd80:   00007f0314022800 00007f031aa8b4d8
0x00007f0304efdd90:   00007f0304efde00 00007f031a48645e
0x00007f0304efdda0:   00007f031aa52150 00007f031401ea00
0x00007f0304efddb0:   00007f03140788c0 00007f031a3dc41b
0x00007f0304efddc0:   00007f031aa4a740 00007f031401ea00
0x00007f0304efddd0:   00007f0304efdda0 00007f031a150501
0x00007f0304efdde0:   0000000000000001 0000000000000001
0x00007f0304efddf0:   00007f02d43e8b30 00007f031a63037b
0x00007f0304efde00:   00007f0304efdf10 00007f031a151f02
0x00007f0304efde10:   00000000000003d8 00007f03140233f8
0x00007f0304efde20:   00007f0314023020 00007f0304efdea0
0x00007f0304efde30:   00007f0314022fd0 00007f0314023010
0x00007f0304efde40:   00007f0304efde50 0000000000000000
0x00007f0304efde50:   0000000000000000 00007f0314023c00
0x00007f0304efde60:   00007f0314022800 00007f0314023400
0x00007f0304efde70:   00007f0314023440 00007f0314023450
0x00007f0304efde80:   00007f0314023528 00000000000000d8
0x00007f0304efde90:   00007f0314023660 00007f0314023fd0
0x00007f0304efdea0:   00007f0314022800 00007f0314023400
0x00007f0304efdeb0:   00007f0314023440 00007f0314023450 

Instructions: (pc=0x00007f031a483002)
0x00007f031a482fe2:   3a 8b 4f 08 83 f9 00 0f 8f 7d fd ff ff 0f 85 3b
0x00007f031a482ff2:   02 00 00 0f 1f 00 48 8b 07 4c 89 45 b8 48 89 de
0x00007f031a483002:   ff 90 e8 00 00 00 4c 8b 45 b8 e9 69 fd ff ff 0f
0x00007f031a483012:   1f 80 00 00 00 00 41 80 7e 59 00 75 6e 48 8d 05 

Register to memory mapping:

RAX=0x0000000000000000 is an unknown value
RBX=0x00000000f265c1b0 is an oop

[error occurred during error reporting (printing register info), id 0xb]

Stack: [0x00007f0304dfe000,0x00007f0304eff000],  sp=0x00007f0304efdcc0,  free space=1023k
Native frames: (J=compiled Java code, j=interpreted, Vv=VM code, C=native code)
V  [libjvm.so+0x8b0002]  oopDesc* PSPromotionManager::copy_to_survivor_space<false>(oopDesc*)+0x2e2
V  [libjvm.so+0x8af808]  PSPromotionManager::drain_stacks_depth(bool)+0x6f8
V  [libjvm.so+0x8b345e]  ThreadRootsTask::do_it(GCTaskManager*, unsigned int)+0x8e
V  [libjvm.so+0x57ef02]  GCTaskThread::run()+0x162
V  [libjvm.so+0x8425b2]  java_start(Thread*)+0xf2


---------------  P R O C E S S  ---------------

Java Threads: ( => current thread )
  0x00007f0314189000 JavaThread "pool-2-thread-4" [_thread_blocked, id=20474, stack(0x00007f02ef03b000,0x00007f02ef13c000)]
  0x00007f0314187800 JavaThread "pool-2-thread-3" [_thread_blocked, id=20473, stack(0x00007f02ef13c000,0x00007f02ef23d000)]
  0x00007f0314186800 JavaThread "pool-2-thread-2" [_thread_blocked, id=20472, stack(0x00007f02ef23d000,0x00007f02ef33e000)]
  0x00007f0314184000 JavaThread "pool-3-thread-1" [_thread_blocked, id=20471, stack(0x00007f02ef33e000,0x00007f02ef43f000)]
  0x00007f0314182800 JavaThread "pool-2-thread-1" [_thread_blocked, id=20470, stack(0x00007f02ef43f000,0x00007f02ef540000)]
  0x00007f03140c5000 JavaThread "Service Thread" daemon [_thread_blocked, id=20453, stack(0x00007f02fc092000,0x00007f02fc193000)]
  0x00007f03140c1800 JavaThread "C1 CompilerThread2" daemon [_thread_blocked, id=20452, stack(0x00007f02fc193000,0x00007f02fc294000)]
  0x00007f03140c0000 JavaThread "C2 CompilerThread1" daemon [_thread_blocked, id=20451, stack(0x00007f02fc294000,0x00007f02fc395000)]
  0x00007f03140bd000 JavaThread "C2 CompilerThread0" daemon [_thread_in_native, id=20450, stack(0x00007f02fc395000,0x00007f02fc496000)]
  0x00007f03140bb800 JavaThread "Signal Dispatcher" daemon [_thread_blocked, id=20449, stack(0x00007f02fc496000,0x00007f02fc597000)]
  0x00007f0314087800 JavaThread "Finalizer" daemon [_thread_blocked, id=20439, stack(0x00007f02fc597000,0x00007f02fc698000)]
  0x00007f0314083000 JavaThread "Reference Handler" daemon [_thread_blocked, id=20436, stack(0x00007f02fc698000,0x00007f02fc799000)]
  0x00007f031400a000 JavaThread "main" [_thread_blocked, id=20381, stack(0x00007f031b5c7000,0x00007f031b6c8000)]

Other Threads:
  0x00007f031407b800 VMThread [stack: 0x00007f02fc799000,0x00007f02fc89a000] [id=20428]
  0x00007f03140c7800 WatcherThread [stack: 0x00007f02ef540000,0x00007f02ef641000] [id=20454]

=>0x00007f0314022800 (exited) GCTaskThread [stack: 0x00007f0304dfe000,0x00007f0304eff000] [id=20416]

VM state:at safepoint (normal execution)

VM Mutex/Monitor currently owned by a thread:  ([mutex/lock_event])
[0x00007f0314006620] Threads_lock - owner thread: 0x00007f031407b800
[0x00007f0314006b20] Heap_lock - owner thread: 0x00007f0314182800

Heap:
 PSYoungGen      total 139776K, used 139773K [0x00000000eab00000, 0x00000000f3e00000, 0x0000000100000000)
  eden space 129024K, 100% used [0x00000000eab00000,0x00000000f2900000,0x00000000f2900000)
  from space 10752K, 99% used [0x00000000f3380000,0x00000000f3dff710,0x00000000f3e00000)
  to   space 10752K, 99% used [0x00000000f2900000,0x00000000f3378040,0x00000000f3380000)
 ParOldGen       total 172032K, used 10838K [0x00000000c0000000, 0x00000000ca800000, 0x00000000eab00000)
  object space 172032K, 6% used [0x00000000c0000000,0x00000000c0a97b80,0x00000000ca800000)
 Metaspace       used 6153K, capacity 7152K, committed 7296K, reserved 1056768K
  class space    used 580K, capacity 616K, committed 640K, reserved 1048576K

Card table byte_map: [0x00007f0318264000,0x00007f0318465000] byte_map_base: 0x00007f0317c64000

Marking Bits: (ParMarkBitMap*) 0x00007f031aa961a0
 Begin Bits: [0x00007f02fe000000, 0x00007f02ff000000)
 End Bits:   [0x00007f02ff000000, 0x00007f0300000000)

Polling page: 0x00007f031b6e6000

CodeCache: size=245760Kb used=6756Kb max_used=6756Kb free=239003Kb
 bounds [0x00007f0305000000, 0x00007f03056a0000, 0x00007f0314000000]
 total_blobs=2074 nmethods=1813 adapters=176
 compilation: enabled

Compilation events (10 events):
Event: 2,438 Thread 0x00007f03140c1800 1892       2       java.util.concurrent.ThreadPoolExecutor::execute (132 bytes)
Event: 2,439 Thread 0x00007f03140c1800 nmethod 1892 0x00007f030569b190 code [0x00007f030569b380, 0x00007f030569b7a8]
Event: 2,439 Thread 0x00007f03140c1800 1893       2       com.android.dx.cf.direct.DirectClassFile::getFields (9 bytes)
Event: 2,439 Thread 0x00007f03140c1800 nmethod 1893 0x00007f030569ba50 code [0x00007f030569bbc0, 0x00007f030569bd48]
Event: 2,439 Thread 0x00007f03140c1800 1891       2       java.util.TreeMap$Values::size (8 bytes)
Event: 2,439 Thread 0x00007f03140c1800 nmethod 1891 0x00007f030569be10 code [0x00007f030569bf60, 0x00007f030569c0b0]
Event: 2,439 Thread 0x00007f03140c1800 1889       2       com.android.dx.rop.cst.StdConstantPool::<init> (38 bytes)
Event: 2,439 Thread 0x00007f03140c1800 nmethod 1889 0x00007f030569c150 code [0x00007f030569c2c0, 0x00007f030569c568]
Event: 2,439 Thread 0x00007f03140c1800 1890       2       com.android.dx.cf.attrib.AttSourceFile::<init> (26 bytes)
Event: 2,439 Thread 0x00007f03140c1800 nmethod 1890 0x00007f030569c650 code [0x00007f030569c7c0, 0x00007f030569ca08]

GC Heap History (5 events):
Event: 1,459 GC heap before
{Heap before GC invocations=1 (full 0):
 PSYoungGen      total 75264K, used 64512K [0x00000000eab00000, 0x00000000eff00000, 0x0000000100000000)
  eden space 64512K, 100% used [0x00000000eab00000,0x00000000eea00000,0x00000000eea00000)
  from space 10752K, 0% used [0x00000000ef480000,0x00000000ef480000,0x00000000eff00000)
  to   space 10752K, 0% used [0x00000000eea00000,0x00000000eea00000,0x00000000ef480000)
 ParOldGen       total 172032K, used 0K [0x00000000c0000000, 0x00000000ca800000, 0x00000000eab00000)
  object space 172032K, 0% used [0x00000000c0000000,0x00000000c0000000,0x00000000ca800000)
 Metaspace       used 5780K, capacity 6960K, committed 7040K, reserved 1056768K
  class space    used 560K, capacity 616K, committed 640K, reserved 1048576K
Event: 1,489 GC heap after
Heap after GC invocations=1 (full 0):
 PSYoungGen      total 75264K, used 10013K [0x00000000eab00000, 0x00000000f3e00000, 0x0000000100000000)
  eden space 64512K, 0% used [0x00000000eab00000,0x00000000eab00000,0x00000000eea00000)
  from space 10752K, 93% used [0x00000000eea00000,0x00000000ef3c77c0,0x00000000ef480000)
  to   space 10752K, 0% used [0x00000000f3380000,0x00000000f3380000,0x00000000f3e00000)
 ParOldGen       total 172032K, used 8K [0x00000000c0000000, 0x00000000ca800000, 0x00000000eab00000)
  object space 172032K, 0% used [0x00000000c0000000,0x00000000c0002000,0x00000000ca800000)
 Metaspace       used 5780K, capacity 6960K, committed 7040K, reserved 1056768K
  class space    used 560K, capacity 616K, committed 640K, reserved 1048576K
}
Event: 1,801 GC heap before
{Heap before GC invocations=2 (full 0):
 PSYoungGen      total 75264K, used 74525K [0x00000000eab00000, 0x00000000f3e00000, 0x0000000100000000)
  eden space 64512K, 100% used [0x00000000eab00000,0x00000000eea00000,0x00000000eea00000)
  from space 10752K, 93% used [0x00000000eea00000,0x00000000ef3c77c0,0x00000000ef480000)
  to   space 10752K, 0% used [0x00000000f3380000,0x00000000f3380000,0x00000000f3e00000)
 ParOldGen       total 172032K, used 8K [0x00000000c0000000, 0x00000000ca800000, 0x00000000eab00000)
  object space 172032K, 0% used [0x00000000c0000000,0x00000000c0002000,0x00000000ca800000)
 Metaspace       used 5881K, capacity 7024K, committed 7296K, reserved 1056768K
  class space    used 561K, capacity 616K, committed 640K, reserved 1048576K
Event: 1,853 GC heap after
Heap after GC invocations=2 (full 0):
 PSYoungGen      total 139776K, used 10749K [0x00000000eab00000, 0x00000000f3e00000, 0x0000000100000000)
  eden space 129024K, 0% used [0x00000000eab00000,0x00000000eab00000,0x00000000f2900000)
  from space 10752K, 99% used [0x00000000f3380000,0x00000000f3dff710,0x00000000f3e00000)
  to   space 10752K, 0% used [0x00000000f2900000,0x00000000f2900000,0x00000000f3380000)
 ParOldGen       total 172032K, used 6774K [0x00000000c0000000, 0x00000000ca800000, 0x00000000eab00000)
  object space 172032K, 3% used [0x00000000c0000000,0x00000000c069db80,0x00000000ca800000)
 Metaspace       used 5881K, capacity 7024K, committed 7296K, reserved 1056768K
  class space    used 561K, capacity 616K, committed 640K, reserved 1048576K
}
Event: 2,508 GC heap before
{Heap before GC invocations=3 (full 0):
 PSYoungGen      total 139776K, used 139773K [0x00000000eab00000, 0x00000000f3e00000, 0x0000000100000000)
  eden space 129024K, 100% used [0x00000000eab00000,0x00000000f2900000,0x00000000f2900000)
  from space 10752K, 99% used [0x00000000f3380000,0x00000000f3dff710,0x00000000f3e00000)
  to   space 10752K, 0% used [0x00000000f2900000,0x00000000f2900000,0x00000000f3380000)
 ParOldGen       total 172032K, used 6774K [0x00000000c0000000, 0x00000000ca800000, 0x00000000eab00000)
  object space 172032K, 3% used [0x00000000c0000000,0x00000000c069db80,0x00000000ca800000)
 Metaspace       used 6153K, capacity 7152K, committed 7296K, reserved 1056768K
  class space    used 580K, capacity 616K, committed 640K, reserved 1048576K

Deoptimization events (10 events):
Event: 1,323 Thread 0x00007f031400a000 Uncommon trap: reason=bimorphic action=maybe_recompile pc=0x00007f030524755c method=java.util.HashMap.getNode(ILjava/lang/Object;)Ljava/util/HashMap$Node; @ 126
Event: 1,445 Thread 0x00007f0314187800 Uncommon trap: reason=null_check action=make_not_entrant pc=0x00007f03052b9680 method=com.android.dx.ssa.SsaRenamer.getLocalForNewReg(I)Lcom/android/dx/rop/code/LocalItem; @ 19
Event: 1,491 Thread 0x00007f031400a000 Uncommon trap: reason=unstable_if action=reinterpret pc=0x00007f0305216bc0 method=java.lang.String.<init>([CII)V @ 18
Event: 1,534 Thread 0x00007f031400a000 Uncommon trap: reason=bimorphic action=maybe_recompile pc=0x00007f03053b651c method=java.util.HashMap.putVal(ILjava/lang/Object;Ljava/lang/Object;ZZ)Ljava/lang/Object; @ 203
Event: 1,552 Thread 0x00007f0314182800 Uncommon trap: reason=unstable_if action=reinterpret pc=0x00007f03053b64d0 method=java.util.HashMap.putVal(ILjava/lang/Object;Ljava/lang/Object;ZZ)Ljava/lang/Object; @ 94
Event: 1,600 Thread 0x00007f031400a000 Uncommon trap: reason=unstable_if action=reinterpret pc=0x00007f03051d7fc0 method=java.lang.String.<init>([CII)V @ 18
Event: 1,658 Thread 0x00007f0314186800 Uncommon trap: reason=unstable_if action=reinterpret pc=0x00007f03054ce358 method=com.android.dx.ssa.SCCP.simulateStmt(Lcom/android/dx/ssa/SsaInsn;)V @ 53
Event: 1,694 Thread 0x00007f0314187800 Uncommon trap: reason=unstable_if action=reinterpret pc=0x00007f0305387944 method=com.android.dx.util.IntList.binarysearch(I)I @ 105
Event: 1,753 Thread 0x00007f0314182800 Uncommon trap: reason=unstable_if action=reinterpret pc=0x00007f030539dcfc method=com.android.dx.ssa.SsaMethod.updateOneDefinition(Lcom/android/dx/ssa/SsaInsn;Lcom/android/dx/rop/code/RegisterSpec;)V @ 4
Event: 2,112 Thread 0x00007f0314182800 Uncommon trap: reason=unstable_if action=reinterpret pc=0x00007f0305456710 method=java.util.HashMap.getNode(ILjava/lang/Object;)Ljava/util/HashMap$Node; @ 84

Internal exceptions (7 events):
Event: 0,056 Thread 0x00007f031400a000 Exception <a 'java/lang/NoSuchMethodError': Method sun.misc.Unsafe.defineClass(Ljava/lang/String;[BII)Ljava/lang/Class; name or signature does not match> (0x00000000eab07cc0) thrown at [/ssd/Android/AOSP-openjdk/external/jetbrains/jdk/hotspot/src/share/vm
Event: 0,056 Thread 0x00007f031400a000 Exception <a 'java/lang/NoSuchMethodError': Method sun.misc.Unsafe.prefetchRead(Ljava/lang/Object;J)V name or signature does not match> (0x00000000eab07fa8) thrown at [/ssd/Android/AOSP-openjdk/external/jetbrains/jdk/hotspot/src/share/vm/prims/jni.cpp, li
Event: 1,445 Thread 0x00007f0314187800 Implicit null exception at 0x00007f03052b72e4 to 0x00007f03052b965d
Event: 2,101 Thread 0x00007f0314182800 Exception <a 'java/lang/ArrayIndexOutOfBoundsException': 18> (0x00000000ee4a4df8) thrown at [/ssd/Android/AOSP-openjdk/external/jetbrains/jdk/hotspot/src/share/vm/interpreter/interpreterRuntime.cpp, line 366]
Event: 2,101 Thread 0x00007f0314182800 Exception <a 'java/lang/ArrayIndexOutOfBoundsException': 145> (0x00000000ee4a6978) thrown at [/ssd/Android/AOSP-openjdk/external/jetbrains/jdk/hotspot/src/share/vm/interpreter/interpreterRuntime.cpp, line 366]
Event: 2,101 Thread 0x00007f0314182800 Exception <a 'java/lang/ArrayIndexOutOfBoundsException': 40> (0x00000000ee4a7c60) thrown at [/ssd/Android/AOSP-openjdk/external/jetbrains/jdk/hotspot/src/share/vm/interpreter/interpreterRuntime.cpp, line 366]
Event: 2,487 Thread 0x00007f031400a000 AbstractMethodError at 0x00007f030511223e

Events (10 events):
Event: 2,202 Thread 0x00007f0314186800 DEOPT UNPACKING pc=0x00007f0305046f73 sp=0x00007f02ef33be80 mode 0
Event: 2,220 Thread 0x00007f0314182800 DEOPT PACKING pc=0x00007f0305434dbf sp=0x00007f02ef53de90
Event: 2,220 Thread 0x00007f0314182800 DEOPT UNPACKING pc=0x00007f0305046f73 sp=0x00007f02ef53dc70 mode 0
Event: 2,226 Thread 0x00007f0314189000 DEOPT PACKING pc=0x00007f03054557f7 sp=0x00007f02ef13a020
Event: 2,226 Thread 0x00007f0314189000 DEOPT UNPACKING pc=0x00007f0305046f73 sp=0x00007f02ef139db8 mode 0
Event: 2,423 Thread 0x00007f0314187800 DEOPT PACKING pc=0x00007f030551abdc sp=0x00007f02ef23ac20
Event: 2,423 Thread 0x00007f0314187800 DEOPT UNPACKING pc=0x00007f0305046f73 sp=0x00007f02ef23a930 mode 0
Event: 2,487 loading class java/lang/AbstractMethodError
Event: 2,488 loading class java/lang/AbstractMethodError done
Event: 2,501 Executing VM operation: ParallelGCFailedAllocation


Dynamic libraries:
00400000-00401000 r-xp 00000000 08:01 117965799                          /usr/local/android-studio/jre/bin/java
00600000-00601000 r--p 00000000 08:01 117965799                          /usr/local/android-studio/jre/bin/java
00601000-00602000 rw-p 00001000 08:01 117965799                          /usr/local/android-studio/jre/bin/java
00cff000-00d20000 rw-p 00000000 00:00 0                                  [heap]
c0000000-ca800000 rw-p 00000000 00:00 0 
ca800000-eab00000 ---p 00000000 00:00 0 
eab00000-f3e00000 rw-p 00000000 00:00 0 
f3e00000-100000000 ---p 00000000 00:00 0 
100000000-1000a0000 rw-p 00000000 00:00 0 
1000a0000-140000000 ---p 00000000 00:00 0 
7f02a8000000-7f02a8021000 rw-p 00000000 00:00 0 
7f02a8021000-7f02ac000000 ---p 00000000 00:00 0 
7f02b0000000-7f02b0021000 rw-p 00000000 00:00 0 
7f02b0021000-7f02b4000000 ---p 00000000 00:00 0 
7f02b4000000-7f02b4024000 rw-p 00000000 00:00 0 
7f02b4024000-7f02b8000000 ---p 00000000 00:00 0 
7f02b8000000-7f02b8039000 rw-p 00000000 00:00 0 
7f02b8039000-7f02bc000000 ---p 00000000 00:00 0 
7f02bc000000-7f02bc021000 rw-p 00000000 00:00 0 
7f02bc021000-7f02c0000000 ---p 00000000 00:00 0 
7f02c0000000-7f02c0021000 rw-p 00000000 00:00 0 
7f02c0021000-7f02c4000000 ---p 00000000 00:00 0 
7f02c4000000-7f02c4021000 rw-p 00000000 00:00 0 
7f02c4021000-7f02c8000000 ---p 00000000 00:00 0 
7f02c8000000-7f02c85ce000 rw-p 00000000 00:00 0 
7f02c85ce000-7f02cc000000 ---p 00000000 00:00 0 
7f02cc000000-7f02cc840000 rw-p 00000000 00:00 0 
7f02cc840000-7f02d0000000 ---p 00000000 00:00 0 
7f02d0000000-7f02d0021000 rw-p 00000000 00:00 0 
7f02d0021000-7f02d4000000 ---p 00000000 00:00 0 
7f02d4000000-7f02d4a71000 rw-p 00000000 00:00 0 
7f02d4a71000-7f02d8000000 ---p 00000000 00:00 0 
7f02d8000000-7f02d8021000 rw-p 00000000 00:00 0 
7f02d8021000-7f02dc000000 ---p 00000000 00:00 0 
7f02dc000000-7f02dc021000 rw-p 00000000 00:00 0 
7f02dc021000-7f02e0000000 ---p 00000000 00:00 0 
7f02e0000000-7f02e0021000 rw-p 00000000 00:00 0 
7f02e0021000-7f02e4000000 ---p 00000000 00:00 0 
7f02e4000000-7f02e4021000 rw-p 00000000 00:00 0 
7f02e4021000-7f02e8000000 ---p 00000000 00:00 0 
7f02e8000000-7f02e8021000 rw-p 00000000 00:00 0 
7f02e8021000-7f02ec000000 ---p 00000000 00:00 0 
7f02ef03b000-7f02ef03e000 ---p 00000000 00:00 0 
7f02ef03e000-7f02ef13c000 rw-p 00000000 00:00 0 
7f02ef13c000-7f02ef13f000 ---p 00000000 00:00 0 
7f02ef13f000-7f02ef23d000 rw-p 00000000 00:00 0 
7f02ef23d000-7f02ef240000 ---p 00000000 00:00 0 
7f02ef240000-7f02ef33e000 rw-p 00000000 00:00 0 
7f02ef33e000-7f02ef341000 ---p 00000000 00:00 0 
7f02ef341000-7f02ef43f000 rw-p 00000000 00:00 0 
7f02ef43f000-7f02ef442000 ---p 00000000 00:00 0 
7f02ef442000-7f02ef540000 rw-p 00000000 00:00 0 
7f02ef540000-7f02ef541000 ---p 00000000 00:00 0 
7f02ef541000-7f02ef641000 rw-p 00000000 00:00 0 
7f02ef641000-7f02f0000000 r--p 00000000 08:01 3939084                    /usr/lib/locale/locale-archive
7f02f0000000-7f02f0021000 rw-p 00000000 00:00 0 
7f02f0021000-7f02f4000000 ---p 00000000 00:00 0 
7f02f4000000-7f02f427d000 rw-p 00000000 00:00 0 
7f02f427d000-7f02f8000000 ---p 00000000 00:00 0 
7f02f8000000-7f02f8021000 rw-p 00000000 00:00 0 
7f02f8021000-7f02fc000000 ---p 00000000 00:00 0 
7f02fc092000-7f02fc095000 ---p 00000000 00:00 0 
7f02fc095000-7f02fc193000 rw-p 00000000 00:00 0 
7f02fc193000-7f02fc196000 ---p 00000000 00:00 0 
7f02fc196000-7f02fc294000 rw-p 00000000 00:00 0 
7f02fc294000-7f02fc297000 ---p 00000000 00:00 0 
7f02fc297000-7f02fc395000 rw-p 00000000 00:00 0 
7f02fc395000-7f02fc398000 ---p 00000000 00:00 0 
7f02fc398000-7f02fc496000 rw-p 00000000 00:00 0 
7f02fc496000-7f02fc499000 ---p 00000000 00:00 0 
7f02fc499000-7f02fc597000 rw-p 00000000 00:00 0 
7f02fc597000-7f02fc59a000 ---p 00000000 00:00 0 
7f02fc59a000-7f02fc698000 rw-p 00000000 00:00 0 
7f02fc698000-7f02fc69b000 ---p 00000000 00:00 0 
7f02fc69b000-7f02fc799000 rw-p 00000000 00:00 0 
7f02fc799000-7f02fc79a000 ---p 00000000 00:00 0 
7f02fc79a000-7f02fde33000 rw-p 00000000 00:00 0 
7f02fde33000-7f02fe000000 r--s 03bec000 08:01 117965856                  /usr/local/android-studio/jre/jre/lib/rt.jar
7f02fe000000-7f0300000000 rw-p 00000000 00:00 0 
7f0300000000-7f0300021000 rw-p 00000000 00:00 0 
7f0300021000-7f0304000000 ---p 00000000 00:00 0 
7f0304017000-7f030477b000 rw-p 00000000 00:00 0 
7f030477b000-7f03048fb000 ---p 00000000 00:00 0 
7f03048fb000-7f0304afb000 rw-p 00000000 00:00 0 
7f0304afb000-7f0304afc000 ---p 00000000 00:00 0 
7f0304afc000-7f0304bfc000 rw-p 00000000 00:00 0 
7f0304bfc000-7f0304bfd000 ---p 00000000 00:00 0 
7f0304bfd000-7f0304cfd000 rw-p 00000000 00:00 0 
7f0304cfd000-7f0304cfe000 ---p 00000000 00:00 0 
7f0304cfe000-7f0304dfe000 rw-p 00000000 00:00 0 
7f0304dfe000-7f0304dff000 ---p 00000000 00:00 0 
7f0304dff000-7f0304eff000 rw-p 00000000 00:00 0 
7f0304eff000-7f0304f00000 ---p 00000000 00:00 0 
7f0304f00000-7f0305000000 rw-p 00000000 00:00 0 
7f0305000000-7f03056a0000 rwxp 00000000 00:00 0 
7f03056a0000-7f0314000000 ---p 00000000 00:00 0 
7f0314000000-7f0314394000 rw-p 00000000 00:00 0 
7f0314394000-7f0318000000 ---p 00000000 00:00 0 
7f0318002000-7f031800d000 r--s 00097000 08:01 119668813                  /home/n3v10t/Android-Projects/BumbleBeeM/app/build/intermediates/exploded-aar/com.android.support/appcompat-v7/24.2.1/jars/classes.jar
7f031800d000-7f031800e000 ---p 00000000 00:00 0 
7f031800e000-7f0318162000 rw-p 00000000 00:00 0 
7f0318162000-7f0318264000 ---p 00000000 00:00 0 
7f0318264000-7f03182b8000 rw-p 00000000 00:00 0 
7f03182b8000-7f03183b9000 ---p 00000000 00:00 0 
7f03183b9000-7f0318403000 rw-p 00000000 00:00 0 
7f0318403000-7f0318464000 ---p 00000000 00:00 0 
7f0318464000-7f0318480000 rw-p 00000000 00:00 0 
7f0318480000-7f0318825000 ---p 00000000 00:00 0 
7f0318825000-7f031883f000 r-xp 00000000 08:01 117965883                  /usr/local/android-studio/jre/jre/lib/amd64/libzip.so
7f031883f000-7f0318a3f000 ---p 0001a000 08:01 117965883                  /usr/local/android-studio/jre/jre/lib/amd64/libzip.so
7f0318a3f000-7f0318a40000 r--p 0001a000 08:01 117965883                  /usr/local/android-studio/jre/jre/lib/amd64/libzip.so
7f0318a40000-7f0318a41000 rw-p 0001b000 08:01 117965883                  /usr/local/android-studio/jre/jre/lib/amd64/libzip.so
7f0318a41000-7f0318a4c000 r-xp 00000000 08:01 22286722                   /lib/x86_64-linux-gnu/libnss_files-2.23.so
7f0318a4c000-7f0318c4b000 ---p 0000b000 08:01 22286722                   /lib/x86_64-linux-gnu/libnss_files-2.23.so
7f0318c4b000-7f0318c4c000 r--p 0000a000 08:01 22286722                   /lib/x86_64-linux-gnu/libnss_files-2.23.so
7f0318c4c000-7f0318c4d000 rw-p 0000b000 08:01 22286722                   /lib/x86_64-linux-gnu/libnss_files-2.23.so
7f0318c4d000-7f0318c53000 rw-p 00000000 00:00 0 
7f0318c53000-7f0318c5e000 r-xp 00000000 08:01 22286732                   /lib/x86_64-linux-gnu/libnss_nis-2.23.so
7f0318c5e000-7f0318e5d000 ---p 0000b000 08:01 22286732                   /lib/x86_64-linux-gnu/libnss_nis-2.23.so
7f0318e5d000-7f0318e5e000 r--p 0000a000 08:01 22286732                   /lib/x86_64-linux-gnu/libnss_nis-2.23.so
7f0318e5e000-7f0318e5f000 rw-p 0000b000 08:01 22286732                   /lib/x86_64-linux-gnu/libnss_nis-2.23.so
7f0318e5f000-7f0318e75000 r-xp 00000000 08:01 22286716                   /lib/x86_64-linux-gnu/libnsl-2.23.so
7f0318e75000-7f0319074000 ---p 00016000 08:01 22286716                   /lib/x86_64-linux-gnu/libnsl-2.23.so
7f0319074000-7f0319075000 r--p 00015000 08:01 22286716                   /lib/x86_64-linux-gnu/libnsl-2.23.so
7f0319075000-7f0319076000 rw-p 00016000 08:01 22286716                   /lib/x86_64-linux-gnu/libnsl-2.23.so
7f0319076000-7f0319078000 rw-p 00000000 00:00 0 
7f0319078000-7f0319080000 r-xp 00000000 08:01 22286718                   /lib/x86_64-linux-gnu/libnss_compat-2.23.so
7f0319080000-7f031927f000 ---p 00008000 08:01 22286718                   /lib/x86_64-linux-gnu/libnss_compat-2.23.so
7f031927f000-7f0319280000 r--p 00007000 08:01 22286718                   /lib/x86_64-linux-gnu/libnss_compat-2.23.so
7f0319280000-7f0319281000 rw-p 00008000 08:01 22286718                   /lib/x86_64-linux-gnu/libnss_compat-2.23.so
7f0319281000-7f03192ae000 r-xp 00000000 08:01 117965893                  /usr/local/android-studio/jre/jre/lib/amd64/libjava.so
7f03192ae000-7f03194ad000 ---p 0002d000 08:01 117965893                  /usr/local/android-studio/jre/jre/lib/amd64/libjava.so
7f03194ad000-7f03194ae000 r--p 0002c000 08:01 117965893                  /usr/local/android-studio/jre/jre/lib/amd64/libjava.so
7f03194ae000-7f03194b0000 rw-p 0002d000 08:01 117965893                  /usr/local/android-studio/jre/jre/lib/amd64/libjava.so
7f03194b0000-7f03194c0000 r-xp 00000000 08:01 117965909                  /usr/local/android-studio/jre/jre/lib/amd64/libverify.so
7f03194c0000-7f03196bf000 ---p 00010000 08:01 117965909                  /usr/local/android-studio/jre/jre/lib/amd64/libverify.so
7f03196bf000-7f03196c1000 r--p 0000f000 08:01 117965909                  /usr/local/android-studio/jre/jre/lib/amd64/libverify.so
7f03196c1000-7f03196c2000 rw-p 00011000 08:01 117965909                  /usr/local/android-studio/jre/jre/lib/amd64/libverify.so
7f03196c2000-7f03196c9000 r-xp 00000000 08:01 22286777                   /lib/x86_64-linux-gnu/librt-2.23.so
7f03196c9000-7f03198c8000 ---p 00007000 08:01 22286777                   /lib/x86_64-linux-gnu/librt-2.23.so
7f03198c8000-7f03198c9000 r--p 00006000 08:01 22286777                   /lib/x86_64-linux-gnu/librt-2.23.so
7f03198c9000-7f03198ca000 rw-p 00007000 08:01 22286777                   /lib/x86_64-linux-gnu/librt-2.23.so
7f03198ca000-7f03199d2000 r-xp 00000000 08:01 22286693                   /lib/x86_64-linux-gnu/libm-2.23.so
7f03199d2000-7f0319bd1000 ---p 00108000 08:01 22286693                   /lib/x86_64-linux-gnu/libm-2.23.so
7f0319bd1000-7f0319bd2000 r--p 00107000 08:01 22286693                   /lib/x86_64-linux-gnu/libm-2.23.so
7f0319bd2000-7f0319bd3000 rw-p 00108000 08:01 22286693                   /lib/x86_64-linux-gnu/libm-2.23.so
7f0319bd3000-7f031a7b9000 r-xp 00000000 08:01 117965913                  /usr/local/android-studio/jre/jre/lib/amd64/server/libjvm.so
7f031a7b9000-7f031a9b9000 ---p 00be6000 08:01 117965913                  /usr/local/android-studio/jre/jre/lib/amd64/server/libjvm.so
7f031a9b9000-7f031aa58000 r--p 00be6000 08:01 117965913                  /usr/local/android-studio/jre/jre/lib/amd64/server/libjvm.so
7f031aa58000-7f031aa81000 rw-p 00c85000 08:01 117965913                  /usr/local/android-studio/jre/jre/lib/amd64/server/libjvm.so
7f031aa81000-7f031aac3000 rw-p 00000000 00:00 0 
7f031aac3000-7f031aadb000 r-xp 00000000 08:01 22286769                   /lib/x86_64-linux-gnu/libpthread-2.23.so
7f031aadb000-7f031acda000 ---p 00018000 08:01 22286769                   /lib/x86_64-linux-gnu/libpthread-2.23.so
7f031acda000-7f031acdb000 r--p 00017000 08:01 22286769                   /lib/x86_64-linux-gnu/libpthread-2.23.so
7f031acdb000-7f031acdc000 rw-p 00018000 08:01 22286769                   /lib/x86_64-linux-gnu/libpthread-2.23.so
7f031acdc000-7f031ace0000 rw-p 00000000 00:00 0 
7f031ace0000-7f031ace3000 r-xp 00000000 08:01 22286647                   /lib/x86_64-linux-gnu/libdl-2.23.so
7f031ace3000-7f031aee2000 ---p 00003000 08:01 22286647                   /lib/x86_64-linux-gnu/libdl-2.23.so
7f031aee2000-7f031aee3000 r--p 00002000 08:01 22286647                   /lib/x86_64-linux-gnu/libdl-2.23.so
7f031aee3000-7f031aee4000 rw-p 00003000 08:01 22286647                   /lib/x86_64-linux-gnu/libdl-2.23.so
7f031aee4000-7f031b0a4000 r-xp 00000000 08:01 22286623                   /lib/x86_64-linux-gnu/libc-2.23.so
7f031b0a4000-7f031b2a3000 ---p 001c0000 08:01 22286623                   /lib/x86_64-linux-gnu/libc-2.23.so
7f031b2a3000-7f031b2a7000 r--p 001bf000 08:01 22286623                   /lib/x86_64-linux-gnu/libc-2.23.so
7f031b2a7000-7f031b2a9000 rw-p 001c3000 08:01 22286623                   /lib/x86_64-linux-gnu/libc-2.23.so
7f031b2a9000-7f031b2ad000 rw-p 00000000 00:00 0 
7f031b2ad000-7f031b2c3000 r-xp 00000000 08:01 117965773                  /usr/local/android-studio/jre/lib/amd64/jli/libjli.so
7f031b2c3000-7f031b4c2000 ---p 00016000 08:01 117965773                  /usr/local/android-studio/jre/lib/amd64/jli/libjli.so
7f031b4c2000-7f031b4c3000 r--p 00015000 08:01 117965773                  /usr/local/android-studio/jre/lib/amd64/jli/libjli.so
7f031b4c3000-7f031b4c4000 rw-p 00016000 08:01 117965773                  /usr/local/android-studio/jre/lib/amd64/jli/libjli.so
7f031b4c4000-7f031b4ea000 r-xp 00000000 08:01 22286595                   /lib/x86_64-linux-gnu/ld-2.23.so
7f031b4ee000-7f031b5c7000 rw-p 00000000 00:00 0 
7f031b5c7000-7f031b5ca000 ---p 00000000 00:00 0 
7f031b5ca000-7f031b6cc000 rw-p 00000000 00:00 0 
7f031b6cf000-7f031b6dd000 r--s 000e0000 08:01 106696168                  /home/n3v10t/Android/Sdk/build-tools/24.0.1/lib/dx.jar
7f031b6dd000-7f031b6e5000 rw-s 00000000 08:01 107088978                  /tmp/hsperfdata_n3v10t/20377
7f031b6e5000-7f031b6e6000 rw-p 00000000 00:00 0 
7f031b6e6000-7f031b6e7000 ---p 00000000 00:00 0 
7f031b6e7000-7f031b6e9000 rw-p 00000000 00:00 0 
7f031b6e9000-7f031b6ea000 r--p 00025000 08:01 22286595                   /lib/x86_64-linux-gnu/ld-2.23.so
7f031b6ea000-7f031b6eb000 rw-p 00026000 08:01 22286595                   /lib/x86_64-linux-gnu/ld-2.23.so
7f031b6eb000-7f031b6ec000 rw-p 00000000 00:00 0 
7ffe3f2a3000-7ffe3f2c5000 rw-p 00000000 00:00 0                          [stack]
7ffe3f3e3000-7ffe3f3e5000 r--p 00000000 00:00 0                          [vvar]
7ffe3f3e5000-7ffe3f3e7000 r-xp 00000000 00:00 0                          [vdso]
ffffffffff600000-ffffffffff601000 r-xp 00000000 00:00 0                  [vsyscall]

VM Arguments:
jvm_args: -Djava.awt.headless=true -Xmx1024M -Dfile.encoding=UTF-8 -Duser.country=US -Duser.language=en -Duser.variant 
java_command: com.android.dx.command.Main --dex --force-jumbo --num-threads=4 --multi-dex --output /home/n3v10t/Android-Projects/BumbleBeeM/app/build/intermediates/transforms/dex/debug/folders/1000/10/com.android.support-appcompat-v7-24.2.1_670c1504af11a08bf435826b11c21c443d54c0d3 /home/n3v10t/Android-Projects/BumbleBeeM/app/build/intermediates/exploded-aar/com.android.support/appcompat-v7/24.2.1/jars/classes.jar
java_class_path (initial): /home/n3v10t/Android/Sdk/build-tools/24.0.1/lib/dx.jar
Launcher Type: SUN_STANDARD

Environment Variables:
PATH=/home/n3v10t/bin:/home/n3v10t/.local/bin:/usr/local/sbin:/usr/local/bin:/usr/sbin:/usr/bin:/sbin:/bin:/usr/games:/usr/local/games:/snap/bin
LD_LIBRARY_PATH=.:
SHELL=/bin/bash
DISPLAY=:0

Signal Handlers:
SIGSEGV: [libjvm.so+0x9daac0], sa_mask[0]=11111111011111111101111111111110, sa_flags=SA_RESTART|SA_SIGINFO
SIGBUS: [libjvm.so+0x9daac0], sa_mask[0]=11111111011111111101111111111110, sa_flags=SA_RESTART|SA_SIGINFO
SIGFPE: [libjvm.so+0x840d90], sa_mask[0]=11111111011111111101111111111110, sa_flags=SA_RESTART|SA_SIGINFO
SIGPIPE: [libjvm.so+0x840d90], sa_mask[0]=11111111011111111101111111111110, sa_flags=SA_RESTART|SA_SIGINFO
SIGXFSZ: [libjvm.so+0x840d90], sa_mask[0]=11111111011111111101111111111110, sa_flags=SA_RESTART|SA_SIGINFO
SIGILL: [libjvm.so+0x840d90], sa_mask[0]=11111111011111111101111111111110, sa_flags=SA_RESTART|SA_SIGINFO
SIGUSR1: SIG_DFL, sa_mask[0]=00000000000000000000000000000000, sa_flags=none
SIGUSR2: [libjvm.so+0x840c60], sa_mask[0]=00100000000000000000000000000000, sa_flags=SA_RESTART|SA_SIGINFO
SIGHUP: [libjvm.so+0x840e50], sa_mask[0]=11111111011111111101111111111110, sa_flags=SA_RESTART|SA_SIGINFO
SIGINT: [libjvm.so+0x840e50], sa_mask[0]=11111111011111111101111111111110, sa_flags=SA_RESTART|SA_SIGINFO
SIGTERM: [libjvm.so+0x840e50], sa_mask[0]=11111111011111111101111111111110, sa_flags=SA_RESTART|SA_SIGINFO
SIGQUIT: [libjvm.so+0x840e50], sa_mask[0]=11111111011111111101111111111110, sa_flags=SA_RESTART|SA_SIGINFO


---------------  S Y S T E M  ---------------

OS:DISTRIB_ID=Ubuntu
DISTRIB_RELEASE=16.04
DISTRIB_CODENAME=xenial
DISTRIB_DESCRIPTION="Ubuntu 16.04.1 LTS"

uname:Linux 4.4.0-42-generic #62-Ubuntu SMP Fri Oct 7 23:11:45 UTC 2016 x86_64
libc:glibc 2.23 NPTL 2.23 
rlimit: STACK 8192k, CORE 0k, NPROC 63770, NOFILE 65536, AS infinity
load average:0,45 0,23 0,35

/proc/meminfo:
MemTotal:       16431440 kB
MemFree:         5466692 kB
MemAvailable:   12545732 kB
Buffers:          275000 kB
Cached:          6803252 kB
SwapCached:            0 kB
Active:          8237356 kB
Inactive:        2122452 kB
Active(anon):    3283300 kB
Inactive(anon):    62572 kB
Active(file):    4954056 kB
Inactive(file):  2059880 kB
Unevictable:          64 kB
Mlocked:              64 kB
SwapTotal:      16774140 kB
SwapFree:       16774140 kB
Dirty:             22580 kB
Writeback:             0 kB
AnonPages:       3286316 kB
Mapped:           366644 kB
Shmem:             64320 kB
Slab:             447356 kB
SReclaimable:     402392 kB
SUnreclaim:        44964 kB
KernelStack:       13856 kB
PageTables:        50260 kB
NFS_Unstable:          0 kB
Bounce:                0 kB
WritebackTmp:          0 kB
CommitLimit:    24989860 kB
Committed_AS:    9482608 kB
VmallocTotal:   34359738367 kB
VmallocUsed:           0 kB
VmallocChunk:          0 kB
HardwareCorrupted:     0 kB
AnonHugePages:   1923072 kB
CmaTotal:              0 kB
CmaFree:               0 kB
HugePages_Total:       0
HugePages_Free:        0
HugePages_Rsvd:        0
HugePages_Surp:        0
Hugepagesize:       2048 kB
DirectMap4k:      209472 kB
DirectMap2M:     6080512 kB
DirectMap1G:    10485760 kB


CPU:total 6 (6 cores per cpu, 1 threads per core) family 16 model 10 stepping 0, cmov, cx8, fxsr, mmx, sse, sse2, sse3, popcnt, mmxext, 3dnowpref, lzcnt, sse4a, tsc, tscinvbit, tscinv

/proc/cpuinfo:
processor	: 0
vendor_id	: AuthenticAMD
cpu family	: 16
model		: 10
model name	: AMD Phenom(tm) II X6 1090T Processor
stepping	: 0
microcode	: 0x10000bf
cpu MHz		: 3200.000
cache size	: 512 KB
physical id	: 0
siblings	: 6
core id		: 0
cpu cores	: 6
apicid		: 0
initial apicid	: 0
fpu		: yes
fpu_exception	: yes
cpuid level	: 6
wp		: yes
flags		: fpu vme de pse tsc msr pae mce cx8 apic sep mtrr pge mca cmov pat pse36 clflush mmx fxsr sse sse2 ht syscall nx mmxext fxsr_opt pdpe1gb rdtscp lm 3dnowext 3dnow constant_tsc rep_good nopl nonstop_tsc extd_apicid aperfmperf pni monitor cx16 popcnt lahf_lm cmp_legacy svm extapic cr8_legacy abm sse4a misalignsse 3dnowprefetch osvw ibs skinit wdt cpb hw_pstate vmmcall npt lbrv svm_lock nrip_save pausefilter
bugs		: tlb_mmatch apic_c1e fxsave_leak sysret_ss_attrs
bogomips	: 7449.35
TLB size	: 1024 4K pages
clflush size	: 64
cache_alignment	: 64
address sizes	: 48 bits physical, 48 bits virtual
power management: ts ttp tm stc 100mhzsteps hwpstate cpb

processor	: 1
vendor_id	: AuthenticAMD
cpu family	: 16
model		: 10
model name	: AMD Phenom(tm) II X6 1090T Processor
stepping	: 0
microcode	: 0x10000bf
cpu MHz		: 3200.000
cache size	: 512 KB
physical id	: 0
siblings	: 6
core id		: 1
cpu cores	: 6
apicid		: 1
initial apicid	: 1
fpu		: yes
fpu_exception	: yes
cpuid level	: 6
wp		: yes
flags		: fpu vme de pse tsc msr pae mce cx8 apic sep mtrr pge mca cmov pat pse36 clflush mmx fxsr sse sse2 ht syscall nx mmxext fxsr_opt pdpe1gb rdtscp lm 3dnowext 3dnow constant_tsc rep_good nopl nonstop_tsc extd_apicid aperfmperf pni monitor cx16 popcnt lahf_lm cmp_legacy svm extapic cr8_legacy abm sse4a misalignsse 3dnowprefetch osvw ibs skinit wdt cpb hw_pstate vmmcall npt lbrv svm_lock nrip_save pausefilter
bugs		: tlb_mmatch apic_c1e fxsave_leak sysret_ss_attrs
bogomips	: 7449.35
TLB size	: 1024 4K pages
clflush size	: 64
cache_alignment	: 64
address sizes	: 48 bits physical, 48 bits virtual
power management: ts ttp tm stc 100mhzsteps hwpstate cpb

processor	: 2
vendor_id	: AuthenticAMD
cpu family	: 16
model		: 10
model name	: AMD Phenom(tm) II X6 1090T Processor
stepping	: 0
microcode	: 0x10000bf
cpu MHz		: 3200.000
cache size	: 512 KB
physical id	: 0
siblings	: 6
core id		: 2
cpu cores	: 6
apicid		: 2
initial apicid	: 2
fpu		: yes
fpu_exception	: yes
cpuid level	: 6
wp		: yes
flags		: fpu vme de pse tsc msr pae mce cx8 apic sep mtrr pge mca cmov pat pse36 clflush mmx fxsr sse sse2 ht syscall nx mmxext fxsr_opt pdpe1gb rdtscp lm 3dnowext 3dnow constant_tsc rep_good nopl nonstop_tsc extd_apicid aperfmperf pni monitor cx16 popcnt lahf_lm cmp_legacy svm extapic cr8_legacy abm sse4a misalignsse 3dnowprefetch osvw ibs skinit wdt cpb hw_pstate vmmcall npt lbrv svm_lock nrip_save pausefilter
bugs		: tlb_mmatch apic_c1e fxsave_leak sysret_ss_attrs
bogomips	: 7449.35
TLB size	: 1024 4K pages
clflush size	: 64
cache_alignment	: 64
address sizes	: 48 bits physical, 48 bits virtual
power management: ts ttp tm stc 100mhzsteps hwpstate cpb

processor	: 3
vendor_id	: AuthenticAMD
cpu family	: 16
model		: 10
model name	: AMD Phenom(tm) II X6 1090T Processor
stepping	: 0
microcode	: 0x10000bf
cpu MHz		: 3200.000
cache size	: 512 KB
physical id	: 0
siblings	: 6
core id		: 3
cpu cores	: 6
apicid		: 3
initial apicid	: 3
fpu		: yes
fpu_exception	: yes
cpuid level	: 6
wp		: yes
flags		: fpu vme de pse tsc msr pae mce cx8 apic sep mtrr pge mca cmov pat pse36 clflush mmx fxsr sse sse2 ht syscall nx mmxext fxsr_opt pdpe1gb rdtscp lm 3dnowext 3dnow constant_tsc rep_good nopl nonstop_tsc extd_apicid aperfmperf pni monitor cx16 popcnt lahf_lm cmp_legacy svm extapic cr8_legacy abm sse4a misalignsse 3dnowprefetch osvw ibs skinit wdt cpb hw_pstate vmmcall npt lbrv svm_lock nrip_save pausefilter
bugs		: tlb_mmatch apic_c1e fxsave_leak sysret_ss_attrs
bogomips	: 7449.35
TLB size	: 1024 4K pages
clflush size	: 64
cache_alignment	: 64
address sizes	: 48 bits physical, 48 bits virtual
power management: ts ttp tm stc 100mhzsteps hwpstate cpb

processor	: 4
vendor_id	: AuthenticAMD
cpu family	: 16
model		: 10
model name	: AMD Phenom(tm) II X6 1090T Processor
stepping	: 0
microcode	: 0x10000bf
cpu MHz		: 3200.000
cache size	: 512 KB
physical id	: 0
siblings	: 6
core id		: 4
cpu cores	: 6
apicid		: 4
initial apicid	: 4
fpu		: yes
fpu_exception	: yes
cpuid level	: 6
wp		: yes
flags		: fpu vme de pse tsc msr pae mce cx8 apic sep mtrr pge mca cmov pat pse36 clflush mmx fxsr sse sse2 ht syscall nx mmxext fxsr_opt pdpe1gb rdtscp lm 3dnowext 3dnow constant_tsc rep_good nopl nonstop_tsc extd_apicid aperfmperf pni monitor cx16 popcnt lahf_lm cmp_legacy svm extapic cr8_legacy abm sse4a misalignsse 3dnowprefetch osvw ibs skinit wdt cpb hw_pstate vmmcall npt lbrv svm_lock nrip_save pausefilter
bugs		: tlb_mmatch apic_c1e fxsave_leak sysret_ss_attrs
bogomips	: 7449.35
TLB size	: 1024 4K pages
clflush size	: 64
cache_alignment	: 64
address sizes	: 48 bits physical, 48 bits virtual
power management: ts ttp tm stc 100mhzsteps hwpstate cpb

processor	: 5
vendor_id	: AuthenticAMD
cpu family	: 16
model		: 10
model name	: AMD Phenom(tm) II X6 1090T Processor
stepping	: 0
microcode	: 0x10000bf
cpu MHz		: 3200.000
cache size	: 512 KB
physical id	: 0
siblings	: 6
core id		: 5
cpu cores	: 6
apicid		: 5
initial apicid	: 5
fpu		: yes
fpu_exception	: yes
cpuid level	: 6
wp		: yes
flags		: fpu vme de pse tsc msr pae mce cx8 apic sep mtrr pge mca cmov pat pse36 clflush mmx fxsr sse sse2 ht syscall nx mmxext fxsr_opt pdpe1gb rdtscp lm 3dnowext 3dnow constant_tsc rep_good nopl nonstop_tsc extd_apicid aperfmperf pni monitor cx16 popcnt lahf_lm cmp_legacy svm extapic cr8_legacy abm sse4a misalignsse 3dnowprefetch osvw ibs skinit wdt cpb hw_pstate vmmcall npt lbrv svm_lock nrip_save pausefilter
bugs		: tlb_mmatch apic_c1e fxsave_leak sysret_ss_attrs
bogomips	: 7449.35
TLB size	: 1024 4K pages
clflush size	: 64
cache_alignment	: 64
address sizes	: 48 bits physical, 48 bits virtual
power management: ts ttp tm stc 100mhzsteps hwpstate cpb



Memory: 4k page, physical 16431440k(5466692k free), swap 16774140k(16774140k free)

vm_info: OpenJDK 64-Bit Server VM (25.76-b03) for linux-amd64 JRE (1.8.0_76-release-b03), built on Jun 29 2016 09:39:19 by "builder" with gcc 4.8.4

time: Thu Oct 20 13:05:28 2016
elapsed time: 2 seconds (0d 0h 0m 2s)

