#
# A fatal error has been detected by the Java Runtime Environment:
#
#  SIGSEGV (0xb) at pc=0x00007fdfcc65d327, pid=14450, tid=0x00007fdfb1f29700
#
# JRE version: OpenJDK Runtime Environment (8.0_76-b03) (build 1.8.0_76-release-b03)
# Java VM: OpenJDK 64-Bit Server VM (25.76-b03 mixed mode linux-amd64 compressed oops)
# Problematic frame:
# J 850 C1 com.android.dx.ssa.SCCP.addUsersToWorklist(II)V (103 bytes) @ 0x00007fdfcc65d327 [0x00007fdfcc65d200+0x127]
#
# Failed to write core dump. Core dumps have been disabled. To enable core dumping, try "ulimit -c unlimited" before starting Java again
#
# If you would like to submit a bug report, please visit:
#   http://bugreport.java.com/bugreport/crash.jsp
#

---------------  T H R E A D  ---------------

Current thread (0x00007fdfdc1a5000):  JavaThread "pool-2-thread-2" [_thread_in_Java, id=14536, stack(0x00007fdfb1e29000,0x00007fdfb1f2a000)]

siginfo: si_signo: 11 (SIGSEGV), si_code: 1 (SEGV_MAPERR), si_addr: 0x000000076d1c34b0

Registers:
RAX=0x00000000edeea2b8, RBX=0x00000001000827d8, RCX=0x00000000ffffffe5, RDX=0x0000000000000028
RSP=0x00007fdfb1f28050, RBP=0x00007fdfb1f283e0, RSI=0x000000076d1c3480, RDI=0x000000010004fd00
R8 =0x0000000000000002, R9 =0x00000000ee04c3a0, R10=0x00000000edeea2b8, R11=0x0000000000000003
R12=0x0000000000000000, R13=0x00007fdfcc583f5c, R14=0x0000000100087538, R15=0x00007fdfdc1a5000
RIP=0x00007fdfcc65d327, EFLAGS=0x0000000000010212, CSGSFS=0x0000000000000033, ERR=0x0000000000000004
  TRAPNO=0x000000000000000e

Top of Stack: (sp=0x00007fdfb1f28050)
0x00007fdfb1f28050:   00007fdfb1f283e0 00007fdfcc65d2ec
0x00007fdfb1f28060:   00007fdfdc1a5000 0000000100087538
0x00007fdfb1f28070:   00007fdfb1f280d8 00007fdfcc37c710
0x00007fdfb1f28080:   00007fdfcc37c710 00007fdfcc37c710
0x00007fdfb1f28090:   00000000ecad4490 00007fdfb1f28098
0x00007fdfb1f280a0:   00007fdfc9185b42 00000000edeb4968
0x00007fdfb1f280b0:   00000000ee048d00 00000000eb10a5c0
0x00007fdfb1f280c0:   00000000eb586300 0000000000000000
0x00007fdfb1f280d0:   00007fdfb1f28150 00007fdf00000063
0x00007fdfb1f280e0:   00000000ee048d00 00000000ee054130
0x00007fdfb1f280f0:   00000000edeb4790 00000000ee053fc0
0x00007fdfb1f28100:   00000000ee037e80 00000000ee0540f8
0x00007fdfb1f28110:   0000000000000000 000000000000001e
0x00007fdfb1f28120:   00000000ee037e50 000000000000000e
0x00007fdfb1f28130:   00007fdfb1f283e0 00007fdfcc685f74
0x00007fdfb1f28140:   00007fdfb1f283e0 00007fdfcc58332c
0x00007fdfb1f28150:   00000000ee048ca8 0000000000000000
0x00007fdfb1f28160:   00000000eab06da0 000000000000000a
0x00007fdfb1f28170:   00007fdfc8d1b0f0 0000000000000000
0x00007fdfb1f28180:   00000000ee048c78 00007fdfcc5b611c
0x00007fdfb1f28190:   00007fdfb1f283e0 00007fdfcc557154
0x00007fdfb1f281a0:   0000000100080610 0000000000000001
0x00007fdfb1f281b0:   00000000edecc7e8 00007fdfcc6ef498
0x00007fdfb1f281c0:   00000000edee82a8 00000000ee048d00
0x00007fdfb1f281d0:   0000004b00000063 0000000000000000
0x00007fdfb1f281e0:   0000000000000000 0000000200000002
0x00007fdfb1f281f0:   00000000ee04c2c8 0000000200000058
0x00007fdfb1f28200:   00007fdfb1f283e0 00007fdfcc5b059c
0x00007fdfb1f28210:   0000000000000000 00007fdfdc1a5000
0x00007fdfb1f28220:   00007fdfb1f283e0 00007fdfcc62943c
0x00007fdfb1f28230:   0000000000000001 0000000000000004
0x00007fdfb1f28240:   00007fdfb1f28250 00000000ee048ca8 

Instructions: (pc=0x00007fdfcc65d327)
0x00007fdfcc65d307:   e8 b4 aa f3 ff 48 83 f8 00 0f 84 20 00 00 00 48
0x00007fdfcc65d317:   bb d8 27 08 00 01 00 00 00 8b 70 08 48 c1 e6 03
0x00007fdfcc65d327:   48 3b 5e 30 0f 85 8f 03 00 00 e9 00 00 00 00 48
0x00007fdfcc65d337:   8b f8 48 8b b4 24 90 00 00 00 8b 5e 2c 8b 53 10 

Register to memory mapping:

RAX=0x00000000edeea2b8 is an oop

[error occurred during error reporting (printing register info), id 0xb]

Stack: [0x00007fdfb1e29000,0x00007fdfb1f2a000],  sp=0x00007fdfb1f28050,  free space=1020k
Native frames: (J=compiled Java code, j=interpreted, Vv=VM code, C=native code)
J 850 C1 com.android.dx.ssa.SCCP.addUsersToWorklist(II)V (103 bytes) @ 0x00007fdfcc65d327 [0x00007fdfcc65d200+0x127]
J 921 C1 com.android.dx.ssa.SCCP.simulatePhi(Lcom/android/dx/ssa/PhiInsn;)V (169 bytes) @ 0x00007fdfcc685f74 [0x00007fdfcc685c20+0x354]
J 764 C1 com.android.dx.ssa.SCCP.simulateBlock(Lcom/android/dx/ssa/SsaBasicBlock;)V (54 bytes) @ 0x00007fdfcc62943c [0x00007fdfcc6292a0+0x19c]
J 1115 C1 com.android.dx.ssa.SCCP.run()V (298 bytes) @ 0x00007fdfcc71fe5c [0x00007fdfcc71fd00+0x15c]
j  com.android.dx.ssa.SCCP.process(Lcom/android/dx/ssa/SsaMethod;)V+8
j  com.android.dx.ssa.Optimizer.runSsaFormSteps(Lcom/android/dx/ssa/SsaMethod;Ljava/util/EnumSet;)V+27
j  com.android.dx.ssa.Optimizer.optimize(Lcom/android/dx/rop/code/RopMethod;IZZLcom/android/dx/rop/code/TranslationAdvice;Ljava/util/EnumSet;)Lcom/android/dx/rop/code/RopMethod;+24
j  com.android.dx.ssa.Optimizer.optimize(Lcom/android/dx/rop/code/RopMethod;IZZLcom/android/dx/rop/code/TranslationAdvice;)Lcom/android/dx/rop/code/RopMethod;+11
j  com.android.dx.dex.cf.CfTranslator.processMethods(Lcom/android/dx/cf/direct/DirectClassFile;Lcom/android/dx/dex/cf/CfOptions;Lcom/android/dx/dex/DexOptions;Lcom/android/dx/dex/file/ClassDefItem;Lcom/android/dx/dex/file/DexFile;)V+265
j  com.android.dx.dex.cf.CfTranslator.translate0(Lcom/android/dx/cf/direct/DirectClassFile;[BLcom/android/dx/dex/cf/CfOptions;Lcom/android/dx/dex/DexOptions;Lcom/android/dx/dex/file/DexFile;)Lcom/android/dx/dex/file/ClassDefItem;+120
j  com.android.dx.dex.cf.CfTranslator.translate(Lcom/android/dx/cf/direct/DirectClassFile;[BLcom/android/dx/dex/cf/CfOptions;Lcom/android/dx/dex/DexOptions;Lcom/android/dx/dex/file/DexFile;)Lcom/android/dx/dex/file/ClassDefItem;+6
j  com.android.dx.command.dexer.Main.translateClass([BLcom/android/dx/cf/direct/DirectClassFile;)Lcom/android/dx/dex/file/ClassDefItem;+17
j  com.android.dx.command.dexer.Main.access$2700([BLcom/android/dx/cf/direct/DirectClassFile;)Lcom/android/dx/dex/file/ClassDefItem;+2
j  com.android.dx.command.dexer.Main$ClassTranslatorTask.call()Lcom/android/dx/dex/file/ClassDefItem;+8
j  com.android.dx.command.dexer.Main$ClassTranslatorTask.call()Ljava/lang/Object;+1
j  java.util.concurrent.FutureTask.run()V+42
j  java.util.concurrent.ThreadPoolExecutor.runWorker(Ljava/util/concurrent/ThreadPoolExecutor$Worker;)V+95
j  java.util.concurrent.ThreadPoolExecutor$Worker.run()V+5
j  java.lang.Thread.run()V+11
v  ~StubRoutines::call_stub
V  [libjvm.so+0x6257fa]  JavaCalls::call_helper(JavaValue*, methodHandle*, JavaCallArguments*, Thread*)+0xeea
V  [libjvm.so+0x622ed4]  JavaCalls::call_virtual(JavaValue*, KlassHandle, Symbol*, Symbol*, JavaCallArguments*, Thread*)+0x2a4
V  [libjvm.so+0x6234ca]  JavaCalls::call_virtual(JavaValue*, Handle, KlassHandle, Symbol*, Symbol*, Thread*)+0x4a
V  [libjvm.so+0x663efe]  thread_entry(JavaThread*, Thread*)+0x8e
V  [libjvm.so+0x986ec0]  JavaThread::thread_main_inner()+0xf0
V  [libjvm.so+0x8425b2]  java_start(Thread*)+0xf2
C  [libpthread.so.0+0x76fa]  start_thread+0xca


---------------  P R O C E S S  ---------------

Java Threads: ( => current thread )
  0x00007fdfdc1a7800 JavaThread "pool-2-thread-4" [_thread_blocked, id=14541, stack(0x00007fdfb1c27000,0x00007fdfb1d28000)]
  0x00007fdfdc1a6000 JavaThread "pool-2-thread-3" [_thread_blocked, id=14540, stack(0x00007fdfb1d28000,0x00007fdfb1e29000)]
=>0x00007fdfdc1a5000 JavaThread "pool-2-thread-2" [_thread_in_Java, id=14536, stack(0x00007fdfb1e29000,0x00007fdfb1f2a000)]
  0x00007fdfdc182800 JavaThread "pool-3-thread-1" [_thread_blocked, id=14533, stack(0x00007fdfb1f2a000,0x00007fdfb202b000)]
  0x00007fdfdc181000 JavaThread "pool-2-thread-1" [_thread_blocked, id=14531, stack(0x00007fdfb202b000,0x00007fdfb212c000)]
  0x00007fdfdc0df000 JavaThread "Service Thread" daemon [_thread_blocked, id=14510, stack(0x00007fdfb222d000,0x00007fdfb232e000)]
  0x00007fdfdc0c1800 JavaThread "C1 CompilerThread2" daemon [_thread_in_native, id=14508, stack(0x00007fdfb232e000,0x00007fdfb242f000)]
  0x00007fdfdc0c0000 JavaThread "C2 CompilerThread1" daemon [_thread_in_native, id=14507, stack(0x00007fdfb242f000,0x00007fdfb2530000)]
  0x00007fdfdc0bd000 JavaThread "C2 CompilerThread0" daemon [_thread_in_native, id=14506, stack(0x00007fdfb2530000,0x00007fdfb2631000)]
  0x00007fdfdc0bb800 JavaThread "Signal Dispatcher" daemon [_thread_blocked, id=14505, stack(0x00007fdfb2631000,0x00007fdfb2732000)]
  0x00007fdfdc087800 JavaThread "Finalizer" daemon [_thread_blocked, id=14494, stack(0x00007fdfb30f1000,0x00007fdfb31f2000)]
  0x00007fdfdc083000 JavaThread "Reference Handler" daemon [_thread_blocked, id=14493, stack(0x00007fdfb31f2000,0x00007fdfb32f3000)]
  0x00007fdfdc00a000 JavaThread "main" [_thread_in_Java, id=14457, stack(0x00007fdfe213b000,0x00007fdfe223c000)]

Other Threads:
  0x00007fdfdc07b800 VMThread [stack: 0x00007fdfb32f3000,0x00007fdfb33f4000] [id=14490]
  0x00007fdfdc0e1800 WatcherThread [stack: 0x00007fdfb212c000,0x00007fdfb222d000] [id=14512]

VM state:not at safepoint (normal execution)

VM Mutex/Monitor currently owned by a thread: None

Heap:
 PSYoungGen      total 75264K, used 58326K [0x00000000eab00000, 0x00000000eff00000, 0x0000000100000000)
  eden space 64512K, 90% used [0x00000000eab00000,0x00000000ee3f5a90,0x00000000eea00000)
  from space 10752K, 0% used [0x00000000ef480000,0x00000000ef480000,0x00000000eff00000)
  to   space 10752K, 0% used [0x00000000eea00000,0x00000000eea00000,0x00000000ef480000)
 ParOldGen       total 172032K, used 0K [0x00000000c0000000, 0x00000000ca800000, 0x00000000eab00000)
  object space 172032K, 0% used [0x00000000c0000000,0x00000000c0000000,0x00000000ca800000)
 Metaspace       used 5798K, capacity 6896K, committed 7040K, reserved 1056768K
  class space    used 579K, capacity 616K, committed 640K, reserved 1048576K

Card table byte_map: [0x00007fdfcbdb4000,0x00007fdfcbfb5000] byte_map_base: 0x00007fdfcb7b4000

Marking Bits: (ParMarkBitMap*) 0x00007fdfe160a1a0
 Begin Bits: [0x00007fdfc9658000, 0x00007fdfca658000)
 End Bits:   [0x00007fdfca658000, 0x00007fdfcb658000)

Polling page: 0x00007fdfe225a000

CodeCache: size=245760Kb used=3920Kb max_used=3920Kb free=241839Kb
 bounds [0x00007fdfcc375000, 0x00007fdfcc755000, 0x00007fdfdb375000]
 total_blobs=1351 nmethods=1091 adapters=176
 compilation: enabled

Compilation events (10 events):
Event: 1,211 Thread 0x00007fdfdc0c1800 nmethod 1137 0x00007fdfcc736850 code [0x00007fdfcc736b80, 0x00007fdfcc738228]
Event: 1,211 Thread 0x00007fdfdc0c1800 1124       2       com.android.dx.rop.cst.CstString::getType (4 bytes)
Event: 1,211 Thread 0x00007fdfdc0c1800 nmethod 1124 0x00007fdfcc72ecd0 code [0x00007fdfcc72ee20, 0x00007fdfcc72ef70]
Event: 1,211 Thread 0x00007fdfdc0c1800 1135       2       com.android.dx.rop.cst.CstNat::getFieldType (11 bytes)
Event: 1,211 Thread 0x00007fdfdc0c1800 nmethod 1135 0x00007fdfcc72e950 code [0x00007fdfcc72eac0, 0x00007fdfcc72ec28]
Event: 1,211 Thread 0x00007fdfdc0c1800 1136       2       com.android.dx.rop.cst.CstFieldRef::getType (8 bytes)
Event: 1,211 Thread 0x00007fdfdc0c1800 nmethod 1136 0x00007fdfcc72e550 code [0x00007fdfcc72e6c0, 0x00007fdfcc72e848]
Event: 1,211 Thread 0x00007fdfdc0c1800 1098   !   2       com.android.dx.cf.code.OneLocalsArray::set (106 bytes)
Event: 1,212 Thread 0x00007fdfdc0c1800 nmethod 1098 0x00007fdfcc72fb90 code [0x00007fdfcc72fda0, 0x00007fdfcc730398]
Event: 1,212 Thread 0x00007fdfdc0c1800 1114       2       com.android.dx.ssa.SCCP::simulateMath (424 bytes)

GC Heap History (0 events):
No events

Deoptimization events (10 events):
Event: 0,438 Thread 0x00007fdfdc1a7800 Uncommon trap: reason=unstable_if action=reinterpret pc=0x00007fdfcc5527e0 method=java.util.HashMap.getNode(ILjava/lang/Object;)Ljava/util/HashMap$Node; @ 129
Event: 0,503 Thread 0x00007fdfdc00a000 Uncommon trap: reason=unstable_if action=reinterpret pc=0x00007fdfcc5564ac method=java.util.BitSet.nextSetBit(I)I @ 87
Event: 1,042 Thread 0x00007fdfdc1a6000 Uncommon trap: reason=bimorphic action=maybe_recompile pc=0x00007fdfcc570fbc method=java.util.HashMap.getNode(ILjava/lang/Object;)Ljava/util/HashMap$Node; @ 126
Event: 1,042 Thread 0x00007fdfdc1a6000 Uncommon trap: reason=bimorphic action=maybe_recompile pc=0x00007fdfcc570fbc method=java.util.HashMap.getNode(ILjava/lang/Object;)Ljava/util/HashMap$Node; @ 126
Event: 1,042 Thread 0x00007fdfdc1a6000 Uncommon trap: reason=bimorphic action=maybe_recompile pc=0x00007fdfcc570fbc method=java.util.HashMap.getNode(ILjava/lang/Object;)Ljava/util/HashMap$Node; @ 126
Event: 1,105 Thread 0x00007fdfdc1a7800 Uncommon trap: reason=null_check action=make_not_entrant pc=0x00007fdfcc679864 method=com.android.dx.ssa.SsaRenamer.getLocalForNewReg(I)Lcom/android/dx/rop/code/LocalItem; @ 19
Event: 1,105 Thread 0x00007fdfdc1a7800 Uncommon trap: reason=null_check action=make_not_entrant pc=0x00007fdfcc64fc7c method=com.android.dx.ssa.SsaRenamer.getLocalForNewReg(I)Lcom/android/dx/rop/code/LocalItem; @ 19
Event: 1,163 Thread 0x00007fdfdc1a7800 Uncommon trap: reason=unstable_if action=reinterpret pc=0x00007fdfcc6c2a94 method=java.util.HashMap.putVal(ILjava/lang/Object;Ljava/lang/Object;ZZ)Ljava/lang/Object; @ 162
Event: 1,177 Thread 0x00007fdfdc1a7800 Uncommon trap: reason=unstable_if action=reinterpret pc=0x00007fdfcc570fa0 method=java.util.HashMap.getNode(ILjava/lang/Object;)Ljava/util/HashMap$Node; @ 84
Event: 1,185 Thread 0x00007fdfdc1a5000 Uncommon trap: reason=bimorphic action=maybe_recompile pc=0x00007fdfcc5ac368 method=java.util.HashMap.getNode(ILjava/lang/Object;)Ljava/util/HashMap$Node; @ 126

Internal exceptions (7 events):
Event: 0,021 Thread 0x00007fdfdc00a000 Exception <a 'java/lang/NoSuchMethodError': Method sun.misc.Unsafe.defineClass(Ljava/lang/String;[BII)Ljava/lang/Class; name or signature does not match> (0x00000000eab07cc0) thrown at [/ssd/Android/AOSP-openjdk/external/jetbrains/jdk/hotspot/src/share/vm
Event: 0,021 Thread 0x00007fdfdc00a000 Exception <a 'java/lang/NoSuchMethodError': Method sun.misc.Unsafe.prefetchRead(Ljava/lang/Object;J)V name or signature does not match> (0x00000000eab07fa8) thrown at [/ssd/Android/AOSP-openjdk/external/jetbrains/jdk/hotspot/src/share/vm/prims/jni.cpp, li
Event: 1,105 Thread 0x00007fdfdc1a7800 Implicit null exception at 0x00007fdfcc67724f to 0x00007fdfcc679841
Event: 1,105 Thread 0x00007fdfdc1a7800 Implicit null exception at 0x00007fdfcc64d783 to 0x00007fdfcc64fc59
Event: 1,173 Thread 0x00007fdfdc1a7800 Exception <a 'java/lang/ArrayIndexOutOfBoundsException': 18> (0x00000000ed923768) thrown at [/ssd/Android/AOSP-openjdk/external/jetbrains/jdk/hotspot/src/share/vm/interpreter/interpreterRuntime.cpp, line 366]
Event: 1,173 Thread 0x00007fdfdc1a7800 Exception <a 'java/lang/ArrayIndexOutOfBoundsException': 145> (0x00000000ed9252e8) thrown at [/ssd/Android/AOSP-openjdk/external/jetbrains/jdk/hotspot/src/share/vm/interpreter/interpreterRuntime.cpp, line 366]
Event: 1,174 Thread 0x00007fdfdc1a7800 Exception <a 'java/lang/ArrayIndexOutOfBoundsException': 40> (0x00000000ed9265d0) thrown at [/ssd/Android/AOSP-openjdk/external/jetbrains/jdk/hotspot/src/share/vm/interpreter/interpreterRuntime.cpp, line 366]

Events (10 events):
Event: 1,177 Executing VM operation: ForceSafepoint done
Event: 1,179 Thread 0x00007fdfdc1a7800 DEOPT PACKING pc=0x00007fdfcc570fa0 sp=0x00007fdfb1d25d70
Event: 1,179 Thread 0x00007fdfdc1a7800 DEOPT UNPACKING pc=0x00007fdfcc379f69 sp=0x00007fdfb1d25cd0 mode 2
Event: 1,185 Thread 0x00007fdfdc1a5000 Uncommon trap: trap_request=0xffffffc6 fr.pc=0x00007fdfcc5ac368
Event: 1,185 Thread 0x00007fdfdc1a5000 DEOPT PACKING pc=0x00007fdfcc5ac368 sp=0x00007fdfb1f28130
Event: 1,185 Thread 0x00007fdfdc1a5000 DEOPT UNPACKING pc=0x00007fdfcc379f69 sp=0x00007fdfb1f280d0 mode 2
Event: 1,207 Thread 0x00007fdfdc00a000 DEOPT PACKING pc=0x00007fdfcc6b0790 sp=0x00007fdfe22397c0
Event: 1,207 Thread 0x00007fdfdc00a000 DEOPT UNPACKING pc=0x00007fdfcc3bbf73 sp=0x00007fdfe22394f0 mode 0
Event: 1,210 Thread 0x00007fdfdc00a000 DEOPT PACKING pc=0x00007fdfcc627232 sp=0x00007fdfe2239990
Event: 1,210 Thread 0x00007fdfdc00a000 DEOPT UNPACKING pc=0x00007fdfcc3bbf73 sp=0x00007fdfe2239730 mode 0


Dynamic libraries:
00400000-00401000 r-xp 00000000 08:01 117965799                          /usr/local/android-studio/jre/bin/java
00600000-00601000 r--p 00000000 08:01 117965799                          /usr/local/android-studio/jre/bin/java
00601000-00602000 rw-p 00001000 08:01 117965799                          /usr/local/android-studio/jre/bin/java
01353000-01374000 rw-p 00000000 00:00 0                                  [heap]
c0000000-ca800000 rw-p 00000000 00:00 0 
ca800000-eab00000 ---p 00000000 00:00 0 
eab00000-eff00000 rw-p 00000000 00:00 0 
eff00000-100000000 ---p 00000000 00:00 0 
100000000-1000a0000 rw-p 00000000 00:00 0 
1000a0000-140000000 ---p 00000000 00:00 0 
7fdf70000000-7fdf70021000 rw-p 00000000 00:00 0 
7fdf70021000-7fdf74000000 ---p 00000000 00:00 0 
7fdf78000000-7fdf782af000 rw-p 00000000 00:00 0 
7fdf782af000-7fdf7c000000 ---p 00000000 00:00 0 
7fdf7c000000-7fdf7c023000 rw-p 00000000 00:00 0 
7fdf7c023000-7fdf80000000 ---p 00000000 00:00 0 
7fdf80000000-7fdf80065000 rw-p 00000000 00:00 0 
7fdf80065000-7fdf84000000 ---p 00000000 00:00 0 
7fdf84000000-7fdf84021000 rw-p 00000000 00:00 0 
7fdf84021000-7fdf88000000 ---p 00000000 00:00 0 
7fdf88000000-7fdf88021000 rw-p 00000000 00:00 0 
7fdf88021000-7fdf8c000000 ---p 00000000 00:00 0 
7fdf8c000000-7fdf8c021000 rw-p 00000000 00:00 0 
7fdf8c021000-7fdf90000000 ---p 00000000 00:00 0 
7fdf90000000-7fdf904fe000 rw-p 00000000 00:00 0 
7fdf904fe000-7fdf94000000 ---p 00000000 00:00 0 
7fdf94000000-7fdf94608000 rw-p 00000000 00:00 0 
7fdf94608000-7fdf98000000 ---p 00000000 00:00 0 
7fdf98000000-7fdf98021000 rw-p 00000000 00:00 0 
7fdf98021000-7fdf9c000000 ---p 00000000 00:00 0 
7fdf9c000000-7fdf9c39c000 rw-p 00000000 00:00 0 
7fdf9c39c000-7fdfa0000000 ---p 00000000 00:00 0 
7fdfa0000000-7fdfa0021000 rw-p 00000000 00:00 0 
7fdfa0021000-7fdfa4000000 ---p 00000000 00:00 0 
7fdfa4000000-7fdfa4021000 rw-p 00000000 00:00 0 
7fdfa4021000-7fdfa8000000 ---p 00000000 00:00 0 
7fdfa8000000-7fdfa8021000 rw-p 00000000 00:00 0 
7fdfa8021000-7fdfac000000 ---p 00000000 00:00 0 
7fdfac000000-7fdfac021000 rw-p 00000000 00:00 0 
7fdfac021000-7fdfb0000000 ---p 00000000 00:00 0 
7fdfb1c27000-7fdfb1c2a000 ---p 00000000 00:00 0 
7fdfb1c2a000-7fdfb1d28000 rw-p 00000000 00:00 0 
7fdfb1d28000-7fdfb1d2b000 ---p 00000000 00:00 0 
7fdfb1d2b000-7fdfb1e29000 rw-p 00000000 00:00 0 
7fdfb1e29000-7fdfb1e2c000 ---p 00000000 00:00 0 
7fdfb1e2c000-7fdfb1f2a000 rw-p 00000000 00:00 0 
7fdfb1f2a000-7fdfb1f2d000 ---p 00000000 00:00 0 
7fdfb1f2d000-7fdfb202b000 rw-p 00000000 00:00 0 
7fdfb202b000-7fdfb202e000 ---p 00000000 00:00 0 
7fdfb202e000-7fdfb212c000 rw-p 00000000 00:00 0 
7fdfb212c000-7fdfb212d000 ---p 00000000 00:00 0 
7fdfb212d000-7fdfb222d000 rw-p 00000000 00:00 0 
7fdfb222d000-7fdfb2230000 ---p 00000000 00:00 0 
7fdfb2230000-7fdfb232e000 rw-p 00000000 00:00 0 
7fdfb232e000-7fdfb2331000 ---p 00000000 00:00 0 
7fdfb2331000-7fdfb242f000 rw-p 00000000 00:00 0 
7fdfb242f000-7fdfb2432000 ---p 00000000 00:00 0 
7fdfb2432000-7fdfb2530000 rw-p 00000000 00:00 0 
7fdfb2530000-7fdfb2533000 ---p 00000000 00:00 0 
7fdfb2533000-7fdfb2631000 rw-p 00000000 00:00 0 
7fdfb2631000-7fdfb2634000 ---p 00000000 00:00 0 
7fdfb2634000-7fdfb2732000 rw-p 00000000 00:00 0 
7fdfb2732000-7fdfb30f1000 r--p 00000000 08:01 3939084                    /usr/lib/locale/locale-archive
7fdfb30f1000-7fdfb30f4000 ---p 00000000 00:00 0 
7fdfb30f4000-7fdfb31f2000 rw-p 00000000 00:00 0 
7fdfb31f2000-7fdfb31f5000 ---p 00000000 00:00 0 
7fdfb31f5000-7fdfb32f3000 rw-p 00000000 00:00 0 
7fdfb32f3000-7fdfb32f4000 ---p 00000000 00:00 0 
7fdfb32f4000-7fdfb4000000 rw-p 00000000 00:00 0 
7fdfb4000000-7fdfb4021000 rw-p 00000000 00:00 0 
7fdfb4021000-7fdfb8000000 ---p 00000000 00:00 0 
7fdfb8000000-7fdfb8021000 rw-p 00000000 00:00 0 
7fdfb8021000-7fdfbc000000 ---p 00000000 00:00 0 
7fdfbc000000-7fdfbc021000 rw-p 00000000 00:00 0 
7fdfbc021000-7fdfc0000000 ---p 00000000 00:00 0 
7fdfc0000000-7fdfc0021000 rw-p 00000000 00:00 0 
7fdfc0021000-7fdfc4000000 ---p 00000000 00:00 0 
7fdfc4000000-7fdfc4021000 rw-p 00000000 00:00 0 
7fdfc4021000-7fdfc8000000 ---p 00000000 00:00 0 
7fdfc803b000-7fdfc8a15000 rw-p 00000000 00:00 0 
7fdfc8a15000-7fdfc8be2000 r--s 03bec000 08:01 117965856                  /usr/local/android-studio/jre/jre/lib/rt.jar
7fdfc8be2000-7fdfc9298000 rw-p 00000000 00:00 0 
7fdfc9298000-7fdfc9458000 ---p 00000000 00:00 0 
7fdfc9458000-7fdfcb658000 rw-p 00000000 00:00 0 
7fdfcb658000-7fdfcb659000 ---p 00000000 00:00 0 
7fdfcb659000-7fdfcb759000 rw-p 00000000 00:00 0 
7fdfcb759000-7fdfcb75a000 ---p 00000000 00:00 0 
7fdfcb75a000-7fdfcb85a000 rw-p 00000000 00:00 0 
7fdfcb85a000-7fdfcb85b000 ---p 00000000 00:00 0 
7fdfcb85b000-7fdfcb95b000 rw-p 00000000 00:00 0 
7fdfcb95b000-7fdfcb95c000 ---p 00000000 00:00 0 
7fdfcb95c000-7fdfcba5c000 rw-p 00000000 00:00 0 
7fdfcba5c000-7fdfcba5d000 ---p 00000000 00:00 0 
7fdfcba5d000-7fdfcbb5d000 rw-p 00000000 00:00 0 
7fdfcbb5d000-7fdfcbb5e000 ---p 00000000 00:00 0 
7fdfcbb5e000-7fdfcbcb2000 rw-p 00000000 00:00 0 
7fdfcbcb2000-7fdfcbdb4000 ---p 00000000 00:00 0 
7fdfcbdb4000-7fdfcbe08000 rw-p 00000000 00:00 0 
7fdfcbe08000-7fdfcbf09000 ---p 00000000 00:00 0 
7fdfcbf09000-7fdfcbf34000 rw-p 00000000 00:00 0 
7fdfcbf34000-7fdfcbfb4000 ---p 00000000 00:00 0 
7fdfcbfb4000-7fdfcbfc5000 rw-p 00000000 00:00 0 
7fdfcbfc5000-7fdfcc375000 ---p 00000000 00:00 0 
7fdfcc375000-7fdfcc755000 rwxp 00000000 00:00 0 
7fdfcc755000-7fdfdb375000 ---p 00000000 00:00 0 
7fdfdb375000-7fdfdb38f000 r-xp 00000000 08:01 117965883                  /usr/local/android-studio/jre/jre/lib/amd64/libzip.so
7fdfdb38f000-7fdfdb58f000 ---p 0001a000 08:01 117965883                  /usr/local/android-studio/jre/jre/lib/amd64/libzip.so
7fdfdb58f000-7fdfdb590000 r--p 0001a000 08:01 117965883                  /usr/local/android-studio/jre/jre/lib/amd64/libzip.so
7fdfdb590000-7fdfdb591000 rw-p 0001b000 08:01 117965883                  /usr/local/android-studio/jre/jre/lib/amd64/libzip.so
7fdfdb591000-7fdfdb59c000 r-xp 00000000 08:01 22286722                   /lib/x86_64-linux-gnu/libnss_files-2.23.so
7fdfdb59c000-7fdfdb79b000 ---p 0000b000 08:01 22286722                   /lib/x86_64-linux-gnu/libnss_files-2.23.so
7fdfdb79b000-7fdfdb79c000 r--p 0000a000 08:01 22286722                   /lib/x86_64-linux-gnu/libnss_files-2.23.so
7fdfdb79c000-7fdfdb79d000 rw-p 0000b000 08:01 22286722                   /lib/x86_64-linux-gnu/libnss_files-2.23.so
7fdfdb79d000-7fdfdb7a3000 rw-p 00000000 00:00 0 
7fdfdb7a3000-7fdfdb7ae000 r-xp 00000000 08:01 22286732                   /lib/x86_64-linux-gnu/libnss_nis-2.23.so
7fdfdb7ae000-7fdfdb9ad000 ---p 0000b000 08:01 22286732                   /lib/x86_64-linux-gnu/libnss_nis-2.23.so
7fdfdb9ad000-7fdfdb9ae000 r--p 0000a000 08:01 22286732                   /lib/x86_64-linux-gnu/libnss_nis-2.23.so
7fdfdb9ae000-7fdfdb9af000 rw-p 0000b000 08:01 22286732                   /lib/x86_64-linux-gnu/libnss_nis-2.23.so
7fdfdb9af000-7fdfdb9c5000 r-xp 00000000 08:01 22286716                   /lib/x86_64-linux-gnu/libnsl-2.23.so
7fdfdb9c5000-7fdfdbbc4000 ---p 00016000 08:01 22286716                   /lib/x86_64-linux-gnu/libnsl-2.23.so
7fdfdbbc4000-7fdfdbbc5000 r--p 00015000 08:01 22286716                   /lib/x86_64-linux-gnu/libnsl-2.23.so
7fdfdbbc5000-7fdfdbbc6000 rw-p 00016000 08:01 22286716                   /lib/x86_64-linux-gnu/libnsl-2.23.so
7fdfdbbc6000-7fdfdbbc8000 rw-p 00000000 00:00 0 
7fdfdbbc8000-7fdfdbbd0000 r-xp 00000000 08:01 22286718                   /lib/x86_64-linux-gnu/libnss_compat-2.23.so
7fdfdbbd0000-7fdfdbdcf000 ---p 00008000 08:01 22286718                   /lib/x86_64-linux-gnu/libnss_compat-2.23.so
7fdfdbdcf000-7fdfdbdd0000 r--p 00007000 08:01 22286718                   /lib/x86_64-linux-gnu/libnss_compat-2.23.so
7fdfdbdd0000-7fdfdbdd1000 rw-p 00008000 08:01 22286718                   /lib/x86_64-linux-gnu/libnss_compat-2.23.so
7fdfdbdd1000-7fdfdbdfe000 r-xp 00000000 08:01 117965893                  /usr/local/android-studio/jre/jre/lib/amd64/libjava.so
7fdfdbdfe000-7fdfdbffd000 ---p 0002d000 08:01 117965893                  /usr/local/android-studio/jre/jre/lib/amd64/libjava.so
7fdfdbffd000-7fdfdbffe000 r--p 0002c000 08:01 117965893                  /usr/local/android-studio/jre/jre/lib/amd64/libjava.so
7fdfdbffe000-7fdfdc000000 rw-p 0002d000 08:01 117965893                  /usr/local/android-studio/jre/jre/lib/amd64/libjava.so
7fdfdc000000-7fdfdc3b9000 rw-p 00000000 00:00 0 
7fdfdc3b9000-7fdfe0000000 ---p 00000000 00:00 0 
7fdfe0003000-7fdfe0024000 rw-p 00000000 00:00 0 
7fdfe0024000-7fdfe0034000 r-xp 00000000 08:01 117965909                  /usr/local/android-studio/jre/jre/lib/amd64/libverify.so
7fdfe0034000-7fdfe0233000 ---p 00010000 08:01 117965909                  /usr/local/android-studio/jre/jre/lib/amd64/libverify.so
7fdfe0233000-7fdfe0235000 r--p 0000f000 08:01 117965909                  /usr/local/android-studio/jre/jre/lib/amd64/libverify.so
7fdfe0235000-7fdfe0236000 rw-p 00011000 08:01 117965909                  /usr/local/android-studio/jre/jre/lib/amd64/libverify.so
7fdfe0236000-7fdfe023d000 r-xp 00000000 08:01 22286777                   /lib/x86_64-linux-gnu/librt-2.23.so
7fdfe023d000-7fdfe043c000 ---p 00007000 08:01 22286777                   /lib/x86_64-linux-gnu/librt-2.23.so
7fdfe043c000-7fdfe043d000 r--p 00006000 08:01 22286777                   /lib/x86_64-linux-gnu/librt-2.23.so
7fdfe043d000-7fdfe043e000 rw-p 00007000 08:01 22286777                   /lib/x86_64-linux-gnu/librt-2.23.so
7fdfe043e000-7fdfe0546000 r-xp 00000000 08:01 22286693                   /lib/x86_64-linux-gnu/libm-2.23.so
7fdfe0546000-7fdfe0745000 ---p 00108000 08:01 22286693                   /lib/x86_64-linux-gnu/libm-2.23.so
7fdfe0745000-7fdfe0746000 r--p 00107000 08:01 22286693                   /lib/x86_64-linux-gnu/libm-2.23.so
7fdfe0746000-7fdfe0747000 rw-p 00108000 08:01 22286693                   /lib/x86_64-linux-gnu/libm-2.23.so
7fdfe0747000-7fdfe132d000 r-xp 00000000 08:01 117965913                  /usr/local/android-studio/jre/jre/lib/amd64/server/libjvm.so
7fdfe132d000-7fdfe152d000 ---p 00be6000 08:01 117965913                  /usr/local/android-studio/jre/jre/lib/amd64/server/libjvm.so
7fdfe152d000-7fdfe15cc000 r--p 00be6000 08:01 117965913                  /usr/local/android-studio/jre/jre/lib/amd64/server/libjvm.so
7fdfe15cc000-7fdfe15f5000 rw-p 00c85000 08:01 117965913                  /usr/local/android-studio/jre/jre/lib/amd64/server/libjvm.so
7fdfe15f5000-7fdfe1637000 rw-p 00000000 00:00 0 
7fdfe1637000-7fdfe164f000 r-xp 00000000 08:01 22286769                   /lib/x86_64-linux-gnu/libpthread-2.23.so
7fdfe164f000-7fdfe184e000 ---p 00018000 08:01 22286769                   /lib/x86_64-linux-gnu/libpthread-2.23.so
7fdfe184e000-7fdfe184f000 r--p 00017000 08:01 22286769                   /lib/x86_64-linux-gnu/libpthread-2.23.so
7fdfe184f000-7fdfe1850000 rw-p 00018000 08:01 22286769                   /lib/x86_64-linux-gnu/libpthread-2.23.so
7fdfe1850000-7fdfe1854000 rw-p 00000000 00:00 0 
7fdfe1854000-7fdfe1857000 r-xp 00000000 08:01 22286647                   /lib/x86_64-linux-gnu/libdl-2.23.so
7fdfe1857000-7fdfe1a56000 ---p 00003000 08:01 22286647                   /lib/x86_64-linux-gnu/libdl-2.23.so
7fdfe1a56000-7fdfe1a57000 r--p 00002000 08:01 22286647                   /lib/x86_64-linux-gnu/libdl-2.23.so
7fdfe1a57000-7fdfe1a58000 rw-p 00003000 08:01 22286647                   /lib/x86_64-linux-gnu/libdl-2.23.so
7fdfe1a58000-7fdfe1c18000 r-xp 00000000 08:01 22286623                   /lib/x86_64-linux-gnu/libc-2.23.so
7fdfe1c18000-7fdfe1e17000 ---p 001c0000 08:01 22286623                   /lib/x86_64-linux-gnu/libc-2.23.so
7fdfe1e17000-7fdfe1e1b000 r--p 001bf000 08:01 22286623                   /lib/x86_64-linux-gnu/libc-2.23.so
7fdfe1e1b000-7fdfe1e1d000 rw-p 001c3000 08:01 22286623                   /lib/x86_64-linux-gnu/libc-2.23.so
7fdfe1e1d000-7fdfe1e21000 rw-p 00000000 00:00 0 
7fdfe1e21000-7fdfe1e37000 r-xp 00000000 08:01 117965773                  /usr/local/android-studio/jre/lib/amd64/jli/libjli.so
7fdfe1e37000-7fdfe2036000 ---p 00016000 08:01 117965773                  /usr/local/android-studio/jre/lib/amd64/jli/libjli.so
7fdfe2036000-7fdfe2037000 r--p 00015000 08:01 117965773                  /usr/local/android-studio/jre/lib/amd64/jli/libjli.so
7fdfe2037000-7fdfe2038000 rw-p 00016000 08:01 117965773                  /usr/local/android-studio/jre/lib/amd64/jli/libjli.so
7fdfe2038000-7fdfe205e000 r-xp 00000000 08:01 22286595                   /lib/x86_64-linux-gnu/ld-2.23.so
7fdfe205e000-7fdfe2062000 r--s 0003a000 08:01 119669459                  /home/n3v10t/Android-Projects/BumbleBeeM/app/build/intermediates/exploded-aar/com.android.support/support-core-ui/24.2.1/jars/classes.jar
7fdfe2062000-7fdfe213b000 rw-p 00000000 00:00 0 
7fdfe213b000-7fdfe213e000 ---p 00000000 00:00 0 
7fdfe213e000-7fdfe2240000 rw-p 00000000 00:00 0 
7fdfe2243000-7fdfe2251000 r--s 000e0000 08:01 106696168                  /home/n3v10t/Android/Sdk/build-tools/24.0.1/lib/dx.jar
7fdfe2251000-7fdfe2259000 rw-s 00000000 08:01 106827182                  /tmp/hsperfdata_n3v10t/14450
7fdfe2259000-7fdfe225a000 rw-p 00000000 00:00 0 
7fdfe225a000-7fdfe225b000 r--p 00000000 00:00 0 
7fdfe225b000-7fdfe225d000 rw-p 00000000 00:00 0 
7fdfe225d000-7fdfe225e000 r--p 00025000 08:01 22286595                   /lib/x86_64-linux-gnu/ld-2.23.so
7fdfe225e000-7fdfe225f000 rw-p 00026000 08:01 22286595                   /lib/x86_64-linux-gnu/ld-2.23.so
7fdfe225f000-7fdfe2260000 rw-p 00000000 00:00 0 
7fffd3c4c000-7fffd3c6e000 rw-p 00000000 00:00 0                          [stack]
7fffd3c91000-7fffd3c93000 r--p 00000000 00:00 0                          [vvar]
7fffd3c93000-7fffd3c95000 r-xp 00000000 00:00 0                          [vdso]
ffffffffff600000-ffffffffff601000 r-xp 00000000 00:00 0                  [vsyscall]

VM Arguments:
jvm_args: -Djava.awt.headless=true -Xmx1024M -Dfile.encoding=UTF-8 -Duser.country=US -Duser.language=en -Duser.variant 
java_command: com.android.dx.command.Main --dex --force-jumbo --num-threads=4 --multi-dex --output /home/n3v10t/Android-Projects/BumbleBeeM/app/build/intermediates/transforms/dex/debug/folders/1000/10/com.android.support-support-core-ui-24.2.1_8906b98c9164aa5af203508cb199fb494cb8e11a /home/n3v10t/Android-Projects/BumbleBeeM/app/build/intermediates/exploded-aar/com.android.support/support-core-ui/24.2.1/jars/classes.jar
java_class_path (initial): /home/n3v10t/Android/Sdk/build-tools/24.0.1/lib/dx.jar
Launcher Type: SUN_STANDARD

Environment Variables:
PATH=/home/n3v10t/bin:/home/n3v10t/.local/bin:/usr/local/sbin:/usr/local/bin:/usr/sbin:/usr/bin:/sbin:/bin:/usr/games:/usr/local/games:/snap/bin
LD_LIBRARY_PATH=.:
SHELL=/bin/bash
DISPLAY=:0

Signal Handlers:
SIGSEGV: [libjvm.so+0x9daac0], sa_mask[0]=11111111011111111101111111111110, sa_flags=SA_RESTART|SA_SIGINFO
SIGBUS: [libjvm.so+0x9daac0], sa_mask[0]=11111111011111111101111111111110, sa_flags=SA_RESTART|SA_SIGINFO
SIGFPE: [libjvm.so+0x840d90], sa_mask[0]=11111111011111111101111111111110, sa_flags=SA_RESTART|SA_SIGINFO
SIGPIPE: [libjvm.so+0x840d90], sa_mask[0]=11111111011111111101111111111110, sa_flags=SA_RESTART|SA_SIGINFO
SIGXFSZ: [libjvm.so+0x840d90], sa_mask[0]=11111111011111111101111111111110, sa_flags=SA_RESTART|SA_SIGINFO
SIGILL: [libjvm.so+0x840d90], sa_mask[0]=11111111011111111101111111111110, sa_flags=SA_RESTART|SA_SIGINFO
SIGUSR1: SIG_DFL, sa_mask[0]=00000000000000000000000000000000, sa_flags=none
SIGUSR2: [libjvm.so+0x840c60], sa_mask[0]=00100000000000000000000000000000, sa_flags=SA_RESTART|SA_SIGINFO
SIGHUP: [libjvm.so+0x840e50], sa_mask[0]=11111111011111111101111111111110, sa_flags=SA_RESTART|SA_SIGINFO
SIGINT: [libjvm.so+0x840e50], sa_mask[0]=11111111011111111101111111111110, sa_flags=SA_RESTART|SA_SIGINFO
SIGTERM: [libjvm.so+0x840e50], sa_mask[0]=11111111011111111101111111111110, sa_flags=SA_RESTART|SA_SIGINFO
SIGQUIT: [libjvm.so+0x840e50], sa_mask[0]=11111111011111111101111111111110, sa_flags=SA_RESTART|SA_SIGINFO


---------------  S Y S T E M  ---------------

OS:DISTRIB_ID=Ubuntu
DISTRIB_RELEASE=16.04
DISTRIB_CODENAME=xenial
DISTRIB_DESCRIPTION="Ubuntu 16.04.1 LTS"

uname:Linux 4.4.0-38-generic #57-Ubuntu SMP Tue Sep 6 15:42:33 UTC 2016 x86_64
libc:glibc 2.23 NPTL 2.23 
rlimit: STACK 8192k, CORE 0k, NPROC 63772, NOFILE 65536, AS infinity
load average:2,50 0,95 0,63

/proc/meminfo:
MemTotal:       16431444 kB
MemFree:         5237324 kB
MemAvailable:    9025488 kB
Buffers:          209292 kB
Cached:          4094336 kB
SwapCached:            0 kB
Active:          8435496 kB
Inactive:        2279512 kB
Active(anon):    6412908 kB
Inactive(anon):   430056 kB
Active(file):    2022588 kB
Inactive(file):  1849456 kB
Unevictable:          64 kB
Mlocked:              64 kB
SwapTotal:      16774140 kB
SwapFree:       16774140 kB
Dirty:             38756 kB
Writeback:             0 kB
AnonPages:       6411496 kB
Mapped:           805356 kB
Shmem:            431588 kB
Slab:             302968 kB
SReclaimable:     253432 kB
SUnreclaim:        49536 kB
KernelStack:       16832 kB
PageTables:        71504 kB
NFS_Unstable:          0 kB
Bounce:                0 kB
WritebackTmp:          0 kB
CommitLimit:    24989860 kB
Committed_AS:   15787040 kB
VmallocTotal:   34359738367 kB
VmallocUsed:           0 kB
VmallocChunk:          0 kB
HardwareCorrupted:     0 kB
AnonHugePages:   4014080 kB
CmaTotal:              0 kB
CmaFree:               0 kB
HugePages_Total:       0
HugePages_Free:        0
HugePages_Rsvd:        0
HugePages_Surp:        0
Hugepagesize:       2048 kB
DirectMap4k:      213568 kB
DirectMap2M:    10270720 kB
DirectMap1G:     6291456 kB


CPU:total 6 (6 cores per cpu, 1 threads per core) family 16 model 10 stepping 0, cmov, cx8, fxsr, mmx, sse, sse2, sse3, popcnt, mmxext, 3dnowpref, lzcnt, sse4a, tsc, tscinvbit, tscinv

/proc/cpuinfo:
processor	: 0
vendor_id	: AuthenticAMD
cpu family	: 16
model		: 10
model name	: AMD Phenom(tm) II X6 1090T Processor
stepping	: 0
microcode	: 0x10000bf
cpu MHz		: 3200.000
cache size	: 512 KB
physical id	: 0
siblings	: 6
core id		: 0
cpu cores	: 6
apicid		: 0
initial apicid	: 0
fpu		: yes
fpu_exception	: yes
cpuid level	: 6
wp		: yes
flags		: fpu vme de pse tsc msr pae mce cx8 apic sep mtrr pge mca cmov pat pse36 clflush mmx fxsr sse sse2 ht syscall nx mmxext fxsr_opt pdpe1gb rdtscp lm 3dnowext 3dnow constant_tsc rep_good nopl nonstop_tsc extd_apicid aperfmperf pni monitor cx16 popcnt lahf_lm cmp_legacy svm extapic cr8_legacy abm sse4a misalignsse 3dnowprefetch osvw ibs skinit wdt cpb hw_pstate vmmcall npt lbrv svm_lock nrip_save pausefilter
bugs		: tlb_mmatch apic_c1e fxsave_leak sysret_ss_attrs
bogomips	: 7449.34
TLB size	: 1024 4K pages
clflush size	: 64
cache_alignment	: 64
address sizes	: 48 bits physical, 48 bits virtual
power management: ts ttp tm stc 100mhzsteps hwpstate cpb

processor	: 1
vendor_id	: AuthenticAMD
cpu family	: 16
model		: 10
model name	: AMD Phenom(tm) II X6 1090T Processor
stepping	: 0
microcode	: 0x10000bf
cpu MHz		: 3200.000
cache size	: 512 KB
physical id	: 0
siblings	: 6
core id		: 1
cpu cores	: 6
apicid		: 1
initial apicid	: 1
fpu		: yes
fpu_exception	: yes
cpuid level	: 6
wp		: yes
flags		: fpu vme de pse tsc msr pae mce cx8 apic sep mtrr pge mca cmov pat pse36 clflush mmx fxsr sse sse2 ht syscall nx mmxext fxsr_opt pdpe1gb rdtscp lm 3dnowext 3dnow constant_tsc rep_good nopl nonstop_tsc extd_apicid aperfmperf pni monitor cx16 popcnt lahf_lm cmp_legacy svm extapic cr8_legacy abm sse4a misalignsse 3dnowprefetch osvw ibs skinit wdt cpb hw_pstate vmmcall npt lbrv svm_lock nrip_save pausefilter
bugs		: tlb_mmatch apic_c1e fxsave_leak sysret_ss_attrs
bogomips	: 7449.34
TLB size	: 1024 4K pages
clflush size	: 64
cache_alignment	: 64
address sizes	: 48 bits physical, 48 bits virtual
power management: ts ttp tm stc 100mhzsteps hwpstate cpb

processor	: 2
vendor_id	: AuthenticAMD
cpu family	: 16
model		: 10
model name	: AMD Phenom(tm) II X6 1090T Processor
stepping	: 0
microcode	: 0x10000bf
cpu MHz		: 3200.000
cache size	: 512 KB
physical id	: 0
siblings	: 6
core id		: 2
cpu cores	: 6
apicid		: 2
initial apicid	: 2
fpu		: yes
fpu_exception	: yes
cpuid level	: 6
wp		: yes
flags		: fpu vme de pse tsc msr pae mce cx8 apic sep mtrr pge mca cmov pat pse36 clflush mmx fxsr sse sse2 ht syscall nx mmxext fxsr_opt pdpe1gb rdtscp lm 3dnowext 3dnow constant_tsc rep_good nopl nonstop_tsc extd_apicid aperfmperf pni monitor cx16 popcnt lahf_lm cmp_legacy svm extapic cr8_legacy abm sse4a misalignsse 3dnowprefetch osvw ibs skinit wdt cpb hw_pstate vmmcall npt lbrv svm_lock nrip_save pausefilter
bugs		: tlb_mmatch apic_c1e fxsave_leak sysret_ss_attrs
bogomips	: 7449.34
TLB size	: 1024 4K pages
clflush size	: 64
cache_alignment	: 64
address sizes	: 48 bits physical, 48 bits virtual
power management: ts ttp tm stc 100mhzsteps hwpstate cpb

processor	: 3
vendor_id	: AuthenticAMD
cpu family	: 16
model		: 10
model name	: AMD Phenom(tm) II X6 1090T Processor
stepping	: 0
microcode	: 0x10000bf
cpu MHz		: 3200.000
cache size	: 512 KB
physical id	: 0
siblings	: 6
core id		: 3
cpu cores	: 6
apicid		: 3
initial apicid	: 3
fpu		: yes
fpu_exception	: yes
cpuid level	: 6
wp		: yes
flags		: fpu vme de pse tsc msr pae mce cx8 apic sep mtrr pge mca cmov pat pse36 clflush mmx fxsr sse sse2 ht syscall nx mmxext fxsr_opt pdpe1gb rdtscp lm 3dnowext 3dnow constant_tsc rep_good nopl nonstop_tsc extd_apicid aperfmperf pni monitor cx16 popcnt lahf_lm cmp_legacy svm extapic cr8_legacy abm sse4a misalignsse 3dnowprefetch osvw ibs skinit wdt cpb hw_pstate vmmcall npt lbrv svm_lock nrip_save pausefilter
bugs		: tlb_mmatch apic_c1e fxsave_leak sysret_ss_attrs
bogomips	: 7449.34
TLB size	: 1024 4K pages
clflush size	: 64
cache_alignment	: 64
address sizes	: 48 bits physical, 48 bits virtual
power management: ts ttp tm stc 100mhzsteps hwpstate cpb

processor	: 4
vendor_id	: AuthenticAMD
cpu family	: 16
model		: 10
model name	: AMD Phenom(tm) II X6 1090T Processor
stepping	: 0
microcode	: 0x10000bf
cpu MHz		: 3200.000
cache size	: 512 KB
physical id	: 0
siblings	: 6
core id		: 4
cpu cores	: 6
apicid		: 4
initial apicid	: 4
fpu		: yes
fpu_exception	: yes
cpuid level	: 6
wp		: yes
flags		: fpu vme de pse tsc msr pae mce cx8 apic sep mtrr pge mca cmov pat pse36 clflush mmx fxsr sse sse2 ht syscall nx mmxext fxsr_opt pdpe1gb rdtscp lm 3dnowext 3dnow constant_tsc rep_good nopl nonstop_tsc extd_apicid aperfmperf pni monitor cx16 popcnt lahf_lm cmp_legacy svm extapic cr8_legacy abm sse4a misalignsse 3dnowprefetch osvw ibs skinit wdt cpb hw_pstate vmmcall npt lbrv svm_lock nrip_save pausefilter
bugs		: tlb_mmatch apic_c1e fxsave_leak sysret_ss_attrs
bogomips	: 7449.34
TLB size	: 1024 4K pages
clflush size	: 64
cache_alignment	: 64
address sizes	: 48 bits physical, 48 bits virtual
power management: ts ttp tm stc 100mhzsteps hwpstate cpb

processor	: 5
vendor_id	: AuthenticAMD
cpu family	: 16
model		: 10
model name	: AMD Phenom(tm) II X6 1090T Processor
stepping	: 0
microcode	: 0x10000bf
cpu MHz		: 3200.000
cache size	: 512 KB
physical id	: 0
siblings	: 6
core id		: 5
cpu cores	: 6
apicid		: 5
initial apicid	: 5
fpu		: yes
fpu_exception	: yes
cpuid level	: 6
wp		: yes
flags		: fpu vme de pse tsc msr pae mce cx8 apic sep mtrr pge mca cmov pat pse36 clflush mmx fxsr sse sse2 ht syscall nx mmxext fxsr_opt pdpe1gb rdtscp lm 3dnowext 3dnow constant_tsc rep_good nopl nonstop_tsc extd_apicid aperfmperf pni monitor cx16 popcnt lahf_lm cmp_legacy svm extapic cr8_legacy abm sse4a misalignsse 3dnowprefetch osvw ibs skinit wdt cpb hw_pstate vmmcall npt lbrv svm_lock nrip_save pausefilter
bugs		: tlb_mmatch apic_c1e fxsave_leak sysret_ss_attrs
bogomips	: 7449.34
TLB size	: 1024 4K pages
clflush size	: 64
cache_alignment	: 64
address sizes	: 48 bits physical, 48 bits virtual
power management: ts ttp tm stc 100mhzsteps hwpstate cpb



Memory: 4k page, physical 16431444k(5237324k free), swap 16774140k(16774140k free)

vm_info: OpenJDK 64-Bit Server VM (25.76-b03) for linux-amd64 JRE (1.8.0_76-release-b03), built on Jun 29 2016 09:39:19 by "builder" with gcc 4.8.4

time: Thu Oct  6 17:51:40 2016
elapsed time: 1 seconds (0d 0h 0m 1s)

