#
# A fatal error has been detected by the Java Runtime Environment:
#
#  SIGSEGV (0xb) at pc=0x00007f81b17104ef, pid=13966, tid=0x00007f81b2ad0700
#
# JRE version: OpenJDK Runtime Environment (8.0_76-b03) (build 1.8.0_76-release-b03)
# Java VM: OpenJDK 64-Bit Server VM (25.76-b03 mixed mode linux-amd64 compressed oops)
# Problematic frame:
# V  [libjvm.so+0x7344ef]  LinkResolver::runtime_resolve_virtual_method(CallInfo&, methodHandle, KlassHandle, Handle, KlassHandle, bool, Thread*)+0x7f
#
# Failed to write core dump. Core dumps have been disabled. To enable core dumping, try "ulimit -c unlimited" before starting Java again
#
# If you would like to submit a bug report, please visit:
#   http://bugreport.java.com/bugreport/crash.jsp
#

---------------  T H R E A D  ---------------

Current thread (0x00007f81ac00a000):  JavaThread "main" [_thread_in_vm, id=13968, stack(0x00007f81b29d0000,0x00007f81b2ad1000)]

siginfo: si_signo: 11 (SIGSEGV), si_code: 1 (SEGV_MAPERR), si_addr: 0x000000075a70d080

Registers:
RAX=0x0000000000000003, RBX=0x00007f81ac00a000, RCX=0x00007f81ac00a968, RDX=0x0000000100000ea8
RSP=0x00007f81b2acd370, RBP=0x00007f81b2acd420, RSI=0x00007f81b2acd460, RDI=0x00007f81b2acdda0
R8 =0x000000075a70cec0, R9 =0x0000000000000001, R10=0x000000000000001c, R11=0x0000000000000038
R12=0x00007f81b2acd460, R13=0x000000075a70cec0, R14=0x00007f81b2acd460, R15=0x0000000000000001
RIP=0x00007f81b17104ef, EFLAGS=0x0000000000010217, CSGSFS=0x0000000000000033, ERR=0x0000000000000004
  TRAPNO=0x000000000000000e

Top of Stack: (sp=0x00007f81b2acd370)
0x00007f81b2acd370:   00000000000003d8 00007f81b293c340
0x00007f81b2acd380:   0000000100076400 00007f81b2acdda0
0x00007f81b2acd390:   00007f8100000003 0000000100000ea8
0x00007f81b2acd3a0:   0000000000000000 0000000000000000
0x00007f81b2acd3b0:   00007f81ac00a000 0000000000000035
0x00007f81b2acd3c0:   00007f81999a4200 00007f81b2acd520
0x00007f81b2acd3d0:   00007f81b2acd430 00007f81b1488dfc
0x00007f81b2acd3e0:   00007f819994f638 7673eacae9293000
0x00007f81b2acd3f0:   00007f81999a4200 00007f81ac00a000
0x00007f81b2acd400:   0000000100000ea8 00007f81b2acd450
0x00007f81b2acd410:   00007f81b2acd460 0000000000000001
0x00007f81b2acd420:   00007f81b2acd4a0 00007f81b1711dc5
0x00007f81b2acd430:   00007f81ac00a000 00007f81b2acd460
0x00007f81b2acd440:   00007f81ac00a968 00007f81b2acdda0
0x00007f81b2acd450:   00007f81994b5640 00007f81ac00a000
0x00007f81b2acd460:   00007f81994b5640 00007f81ac00a000
0x00007f81b2acd470:   00007f81999a4200 00007f81ac00a968
0x00007f81b2acd480:   00007f81b2acdda0 00007f81ac00a000
0x00007f81b2acd490:   00007f81ac008e20 00007f81999a4200
0x00007f81b2acd4a0:   00007f81b2acd560 00007f81b1712037
0x00007f81b2acd4b0:   0000000100080740 00007f8100000001
0x00007f81b2acd4c0:   00007f8100000001 00007f81ac00a000
0x00007f81b2acd4d0:   00007f81b2ace880 00007f81ac02ac58
0x00007f81b2acd4e0:   0000000100000ea8 00007f81b2ace760
0x00007f81b2acd4f0:   00007f81b293c320 00007f81b2acd600
0x00007f81b2acd500:   00007f81b293d270 00007f81ac00a000
0x00007f81b2acd510:   0000000100080740 00007f81999a4200
0x00007f81b2acd520:   00007f81999a4200 00007f81ac00a000
0x00007f81b2acd530:   00007f81b2acd630 00007f81b2acdda0
0x00007f81b2acd540:   0000000000000010 00007f81ac00a000
0x00007f81b2acd550:   00007f81ac00a968 00007f81b2acd570
0x00007f81b2acd560:   00007f81b2acd5b0 00007f81b17159a3 

Instructions: (pc=0x00007f81b17104ef)
0x00007f81b17104cf:   02 0f 85 a2 01 00 00 8b 40 24 83 f8 fe 89 85 70
0x00007f81b17104df:   ff ff ff 0f 84 38 02 00 00 48 63 85 70 ff ff ff
0x00007f81b17104ef:   4d 8b b4 c5 a8 01 00 00 48 8b 45 10 4d 85 f6 4c
0x00007f81b17104ff:   89 75 a0 48 89 45 a8 74 20 48 8b 98 28 01 00 00 

Register to memory mapping:

RAX=0x0000000000000003 is an unknown value
RBX=0x00007f81ac00a000 is a thread
RCX=0x00007f81ac00a968 is an unknown value
RDX=0x0000000100000ea8 is pointing into metadata
RSP=0x00007f81b2acd370 is pointing into the stack for thread: 0x00007f81ac00a000
RBP=0x00007f81b2acd420 is pointing into the stack for thread: 0x00007f81ac00a000
RSI=0x00007f81b2acd460 is pointing into the stack for thread: 0x00007f81ac00a000
RDI=0x00007f81b2acdda0 is pointing into the stack for thread: 0x00007f81ac00a000
R8 =0x000000075a70cec0 is an unknown value
R9 =0x0000000000000001 is an unknown value
R10=0x000000000000001c is an unknown value
R11=0x0000000000000038 is an unknown value
R12=0x00007f81b2acd460 is pointing into the stack for thread: 0x00007f81ac00a000
R13=0x000000075a70cec0 is an unknown value
R14=0x00007f81b2acd460 is pointing into the stack for thread: 0x00007f81ac00a000
R15=0x0000000000000001 is an unknown value


Stack: [0x00007f81b29d0000,0x00007f81b2ad1000],  sp=0x00007f81b2acd370,  free space=1012k
Native frames: (J=compiled Java code, j=interpreted, Vv=VM code, C=native code)
V  [libjvm.so+0x7344ef]  LinkResolver::runtime_resolve_virtual_method(CallInfo&, methodHandle, KlassHandle, Handle, KlassHandle, bool, Thread*)+0x7f
V  [libjvm.so+0x735dc5]  LinkResolver::resolve_virtual_call(CallInfo&, Handle, KlassHandle, KlassHandle, Symbol*, Symbol*, KlassHandle, bool, bool, Thread*)+0xb5
V  [libjvm.so+0x736037]  LinkResolver::resolve_invokevirtual(CallInfo&, Handle, constantPoolHandle, int, Thread*)+0x267
V  [libjvm.so+0x7399a3]  LinkResolver::resolve_invoke(CallInfo&, Handle, constantPoolHandle, int, Bytecodes::Code, Thread*)+0xe3
V  [libjvm.so+0x8e584e]  SharedRuntime::find_callee_info_helper(JavaThread*, vframeStream&, Bytecodes::Code&, CallInfo&, Thread*)+0x30e
V  [libjvm.so+0x8e77d0]  SharedRuntime::handle_ic_miss_helper(JavaThread*, Thread*)+0x120
V  [libjvm.so+0x8e7ec8]  SharedRuntime::handle_wrong_method_ic_miss(JavaThread*)+0x48
v  ~RuntimeStub::ic_miss_stub
J 812 C1 com.android.dx.rop.code.Rop.hashCode()I (54 bytes) @ 0x00007f819cefc90c [0x00007f819cefc5a0+0x36c]
J 785 C1 com.android.dx.dex.code.RopToDop.dopFor(Lcom/android/dx/rop/code/Insn;)Lcom/android/dx/dex/code/Dop; (792 bytes) @ 0x00007f819ce89864 [0x00007f819ce89600+0x264]
j  com.android.dx.dex.code.RopTranslator$TranslationVisitor.visitThrowingCstInsn(Lcom/android/dx/rop/code/ThrowingCstInsn;)V+6
j  com.android.dx.dex.code.RopTranslator$LocalVariableAwareTranslationVisitor.visitThrowingCstInsn(Lcom/android/dx/rop/code/ThrowingCstInsn;)V+2
J 754 C1 com.android.dx.rop.code.ThrowingCstInsn.accept(Lcom/android/dx/rop/code/Insn$Visitor;)V (8 bytes) @ 0x00007f819ce7298c [0x00007f819ce72880+0x10c]
J 762 C1 com.android.dx.dex.code.RopTranslator.outputBlock(Lcom/android/dx/rop/code/BasicBlock;I)V (202 bytes) @ 0x00007f819ce7967c [0x00007f819ce783a0+0x12dc]
j  com.android.dx.dex.code.RopTranslator.outputInstructions()V+59
j  com.android.dx.dex.code.RopTranslator.translateAndGetResult()Lcom/android/dx/dex/code/DalvCode;+5
j  com.android.dx.dex.code.RopTranslator.translate(Lcom/android/dx/rop/code/RopMethod;ILcom/android/dx/rop/code/LocalVariableInfo;ILcom/android/dx/dex/DexOptions;)Lcom/android/dx/dex/code/DalvCode;+17
j  com.android.dx.dex.cf.CfTranslator.processMethods(Lcom/android/dx/cf/direct/DirectClassFile;Lcom/android/dx/dex/cf/CfOptions;Lcom/android/dx/dex/DexOptions;Lcom/android/dx/dex/file/ClassDefItem;Lcom/android/dx/dex/file/DexFile;)V+312
j  com.android.dx.dex.cf.CfTranslator.translate0(Lcom/android/dx/cf/direct/DirectClassFile;[BLcom/android/dx/dex/cf/CfOptions;Lcom/android/dx/dex/DexOptions;Lcom/android/dx/dex/file/DexFile;)Lcom/android/dx/dex/file/ClassDefItem;+120
j  com.android.dx.dex.cf.CfTranslator.translate(Lcom/android/dx/cf/direct/DirectClassFile;[BLcom/android/dx/dex/cf/CfOptions;Lcom/android/dx/dex/DexOptions;Lcom/android/dx/dex/file/DexFile;)Lcom/android/dx/dex/file/ClassDefItem;+6
j  com.android.dx.command.dexer.Main.translateClass([BLcom/android/dx/cf/direct/DirectClassFile;)Lcom/android/dx/dex/file/ClassDefItem;+17
j  com.android.dx.command.dexer.Main.access$2700([BLcom/android/dx/cf/direct/DirectClassFile;)Lcom/android/dx/dex/file/ClassDefItem;+2
j  com.android.dx.command.dexer.Main$ClassTranslatorTask.call()Lcom/android/dx/dex/file/ClassDefItem;+8
j  com.android.dx.command.dexer.Main$ClassTranslatorTask.call()Ljava/lang/Object;+1
j  java.util.concurrent.FutureTask.run()V+42
j  java.util.concurrent.ThreadPoolExecutor$CallerRunsPolicy.rejectedExecution(Ljava/lang/Runnable;Ljava/util/concurrent/ThreadPoolExecutor;)V+8
j  java.util.concurrent.ThreadPoolExecutor.reject(Ljava/lang/Runnable;)V+6
j  java.util.concurrent.ThreadPoolExecutor.execute(Ljava/lang/Runnable;)V+128
j  java.util.concurrent.AbstractExecutorService.submit(Ljava/util/concurrent/Callable;)Ljava/util/concurrent/Future;+20
j  com.android.dx.command.dexer.Main$DirectClassFileConsumer.call(Lcom/android/dx/cf/direct/DirectClassFile;)Ljava/lang/Boolean;+303
j  com.android.dx.command.dexer.Main$DirectClassFileConsumer.access$700(Lcom/android/dx/command/dexer/Main$DirectClassFileConsumer;Lcom/android/dx/cf/direct/DirectClassFile;)Ljava/lang/Boolean;+2
j  com.android.dx.command.dexer.Main.processClass(Ljava/lang/String;[B)Z+37
j  com.android.dx.command.dexer.Main.processFileBytes(Ljava/lang/String;J[B)Z+188
j  com.android.dx.command.dexer.Main.access$1200(Ljava/lang/String;J[B)Z+3
j  com.android.dx.command.dexer.Main$FileBytesConsumer.processFileBytes(Ljava/lang/String;J[B)Z+4
j  com.android.dx.cf.direct.ClassPathOpener.processArchive(Ljava/io/File;)Z+203
j  com.android.dx.cf.direct.ClassPathOpener.processOne(Ljava/io/File;Z)Z+48
j  com.android.dx.cf.direct.ClassPathOpener.process()Z+15
j  com.android.dx.command.dexer.Main.processOne(Ljava/lang/String;Lcom/android/dx/cf/direct/ClassPathOpener$FileNameFilter;)V+20
j  com.android.dx.command.dexer.Main.processAllFiles()Z+272
j  com.android.dx.command.dexer.Main.runMultiDex()I+66
j  com.android.dx.command.dexer.Main.run(Lcom/android/dx/command/dexer/Main$Arguments;)I+66
j  com.android.dx.command.dexer.Main.main([Ljava/lang/String;)V+14
j  com.android.dx.command.Main.main([Ljava/lang/String;)V+61
v  ~StubRoutines::call_stub
V  [libjvm.so+0x6257fa]  JavaCalls::call_helper(JavaValue*, methodHandle*, JavaCallArguments*, Thread*)+0xeea
V  [libjvm.so+0x635eca]  jni_invoke_static(JNIEnv_*, JavaValue*, _jobject*, JNICallType, _jmethodID*, JNI_ArgumentPusher*, Thread*) [clone .isra.200]+0x2fa
V  [libjvm.so+0x646f7e]  jni_CallStaticVoidMethod+0x16e
C  [libjli.so+0x8149]  JavaMain+0xa09
C  [libpthread.so.0+0x76fa]  start_thread+0xca

Java frames: (J=compiled Java code, j=interpreted, Vv=VM code)
v  ~RuntimeStub::ic_miss_stub
J 812 C1 com.android.dx.rop.code.Rop.hashCode()I (54 bytes) @ 0x00007f819cefc90c [0x00007f819cefc5a0+0x36c]
J 785 C1 com.android.dx.dex.code.RopToDop.dopFor(Lcom/android/dx/rop/code/Insn;)Lcom/android/dx/dex/code/Dop; (792 bytes) @ 0x00007f819ce89864 [0x00007f819ce89600+0x264]
j  com.android.dx.dex.code.RopTranslator$TranslationVisitor.visitThrowingCstInsn(Lcom/android/dx/rop/code/ThrowingCstInsn;)V+6
j  com.android.dx.dex.code.RopTranslator$LocalVariableAwareTranslationVisitor.visitThrowingCstInsn(Lcom/android/dx/rop/code/ThrowingCstInsn;)V+2
J 754 C1 com.android.dx.rop.code.ThrowingCstInsn.accept(Lcom/android/dx/rop/code/Insn$Visitor;)V (8 bytes) @ 0x00007f819ce7298c [0x00007f819ce72880+0x10c]
J 762 C1 com.android.dx.dex.code.RopTranslator.outputBlock(Lcom/android/dx/rop/code/BasicBlock;I)V (202 bytes) @ 0x00007f819ce7967c [0x00007f819ce783a0+0x12dc]
j  com.android.dx.dex.code.RopTranslator.outputInstructions()V+59
j  com.android.dx.dex.code.RopTranslator.translateAndGetResult()Lcom/android/dx/dex/code/DalvCode;+5
j  com.android.dx.dex.code.RopTranslator.translate(Lcom/android/dx/rop/code/RopMethod;ILcom/android/dx/rop/code/LocalVariableInfo;ILcom/android/dx/dex/DexOptions;)Lcom/android/dx/dex/code/DalvCode;+17
j  com.android.dx.dex.cf.CfTranslator.processMethods(Lcom/android/dx/cf/direct/DirectClassFile;Lcom/android/dx/dex/cf/CfOptions;Lcom/android/dx/dex/DexOptions;Lcom/android/dx/dex/file/ClassDefItem;Lcom/android/dx/dex/file/DexFile;)V+312
j  com.android.dx.dex.cf.CfTranslator.translate0(Lcom/android/dx/cf/direct/DirectClassFile;[BLcom/android/dx/dex/cf/CfOptions;Lcom/android/dx/dex/DexOptions;Lcom/android/dx/dex/file/DexFile;)Lcom/android/dx/dex/file/ClassDefItem;+120
j  com.android.dx.dex.cf.CfTranslator.translate(Lcom/android/dx/cf/direct/DirectClassFile;[BLcom/android/dx/dex/cf/CfOptions;Lcom/android/dx/dex/DexOptions;Lcom/android/dx/dex/file/DexFile;)Lcom/android/dx/dex/file/ClassDefItem;+6
j  com.android.dx.command.dexer.Main.translateClass([BLcom/android/dx/cf/direct/DirectClassFile;)Lcom/android/dx/dex/file/ClassDefItem;+17
j  com.android.dx.command.dexer.Main.access$2700([BLcom/android/dx/cf/direct/DirectClassFile;)Lcom/android/dx/dex/file/ClassDefItem;+2
j  com.android.dx.command.dexer.Main$ClassTranslatorTask.call()Lcom/android/dx/dex/file/ClassDefItem;+8
j  com.android.dx.command.dexer.Main$ClassTranslatorTask.call()Ljava/lang/Object;+1
j  java.util.concurrent.FutureTask.run()V+42
j  java.util.concurrent.ThreadPoolExecutor$CallerRunsPolicy.rejectedExecution(Ljava/lang/Runnable;Ljava/util/concurrent/ThreadPoolExecutor;)V+8
j  java.util.concurrent.ThreadPoolExecutor.reject(Ljava/lang/Runnable;)V+6
j  java.util.concurrent.ThreadPoolExecutor.execute(Ljava/lang/Runnable;)V+128
j  java.util.concurrent.AbstractExecutorService.submit(Ljava/util/concurrent/Callable;)Ljava/util/concurrent/Future;+20
j  com.android.dx.command.dexer.Main$DirectClassFileConsumer.call(Lcom/android/dx/cf/direct/DirectClassFile;)Ljava/lang/Boolean;+303
j  com.android.dx.command.dexer.Main$DirectClassFileConsumer.access$700(Lcom/android/dx/command/dexer/Main$DirectClassFileConsumer;Lcom/android/dx/cf/direct/DirectClassFile;)Ljava/lang/Boolean;+2
j  com.android.dx.command.dexer.Main.processClass(Ljava/lang/String;[B)Z+37
j  com.android.dx.command.dexer.Main.processFileBytes(Ljava/lang/String;J[B)Z+188
j  com.android.dx.command.dexer.Main.access$1200(Ljava/lang/String;J[B)Z+3
j  com.android.dx.command.dexer.Main$FileBytesConsumer.processFileBytes(Ljava/lang/String;J[B)Z+4
j  com.android.dx.cf.direct.ClassPathOpener.processArchive(Ljava/io/File;)Z+203
j  com.android.dx.cf.direct.ClassPathOpener.processOne(Ljava/io/File;Z)Z+48
j  com.android.dx.cf.direct.ClassPathOpener.process()Z+15
j  com.android.dx.command.dexer.Main.processOne(Ljava/lang/String;Lcom/android/dx/cf/direct/ClassPathOpener$FileNameFilter;)V+20
j  com.android.dx.command.dexer.Main.processAllFiles()Z+272
j  com.android.dx.command.dexer.Main.runMultiDex()I+66
j  com.android.dx.command.dexer.Main.run(Lcom/android/dx/command/dexer/Main$Arguments;)I+66
j  com.android.dx.command.dexer.Main.main([Ljava/lang/String;)V+14
j  com.android.dx.command.Main.main([Ljava/lang/String;)V+61
v  ~StubRoutines::call_stub

---------------  P R O C E S S  ---------------

Java Threads: ( => current thread )
  0x00007f81ac175800 JavaThread "pool-2-thread-4" [_thread_blocked, id=14025, stack(0x00007f818a42f000,0x00007f818a530000)]
  0x00007f81ac174000 JavaThread "pool-2-thread-3" [_thread_blocked, id=14024, stack(0x00007f818a530000,0x00007f818a631000)]
  0x00007f81ac173000 JavaThread "pool-2-thread-2" [_thread_blocked, id=14023, stack(0x00007f818a631000,0x00007f818a732000)]
  0x00007f81ac164000 JavaThread "pool-3-thread-1" [_thread_blocked, id=14010, stack(0x00007f818a732000,0x00007f818a833000)]
  0x00007f81ac163000 JavaThread "pool-2-thread-1" [_thread_blocked, id=14009, stack(0x00007f818a833000,0x00007f818a934000)]
  0x00007f81ac0c4800 JavaThread "Service Thread" daemon [_thread_blocked, id=13995, stack(0x00007f818aa35000,0x00007f818ab36000)]
  0x00007f81ac0c1800 JavaThread "C1 CompilerThread2" daemon [_thread_in_native, id=13994, stack(0x00007f818ab36000,0x00007f818ac37000)]
  0x00007f81ac0c0000 JavaThread "C2 CompilerThread1" daemon [_thread_in_native, id=13990, stack(0x00007f818ac37000,0x00007f818ad38000)]
  0x00007f81ac0bd000 JavaThread "C2 CompilerThread0" daemon [_thread_in_native, id=13987, stack(0x00007f818ad38000,0x00007f818ae39000)]
  0x00007f81ac0bb800 JavaThread "Signal Dispatcher" daemon [_thread_blocked, id=13983, stack(0x00007f818ae39000,0x00007f818af3a000)]
  0x00007f81ac087800 JavaThread "Finalizer" daemon [_thread_blocked, id=13980, stack(0x00007f818b8f9000,0x00007f818b9fa000)]
  0x00007f81ac083000 JavaThread "Reference Handler" daemon [_thread_blocked, id=13979, stack(0x00007f818b9fa000,0x00007f818bafb000)]
=>0x00007f81ac00a000 JavaThread "main" [_thread_in_vm, id=13968, stack(0x00007f81b29d0000,0x00007f81b2ad1000)]

Other Threads:
  0x00007f81ac07b800 VMThread [stack: 0x00007f818bafb000,0x00007f818bbfc000] [id=13978]
  0x00007f81ac0c7000 WatcherThread [stack: 0x00007f818a934000,0x00007f818aa35000] [id=13998]

VM state:not at safepoint (normal execution)

VM Mutex/Monitor currently owned by a thread: None

Heap:
 PSYoungGen      total 75264K, used 55537K [0x00000000eab00000, 0x00000000eff00000, 0x0000000100000000)
  eden space 64512K, 86% used [0x00000000eab00000,0x00000000ee13c520,0x00000000eea00000)
  from space 10752K, 0% used [0x00000000ef480000,0x00000000ef480000,0x00000000eff00000)
  to   space 10752K, 0% used [0x00000000eea00000,0x00000000eea00000,0x00000000ef480000)
 ParOldGen       total 172032K, used 0K [0x00000000c0000000, 0x00000000ca800000, 0x00000000eab00000)
  object space 172032K, 0% used [0x00000000c0000000,0x00000000c0000000,0x00000000ca800000)
 Metaspace       used 5697K, capacity 6832K, committed 7040K, reserved 1056768K
  class space    used 562K, capacity 616K, committed 640K, reserved 1048576K

Card table byte_map: [0x00007f819c611000,0x00007f819c812000] byte_map_base: 0x00007f819c011000

Marking Bits: (ParMarkBitMap*) 0x00007f81b1e9f1a0
 Begin Bits: [0x00007f8199eb5000, 0x00007f819aeb5000)
 End Bits:   [0x00007f819aeb5000, 0x00007f819beb5000)

Polling page: 0x00007f81b2aef000

CodeCache: size=245760Kb used=3741Kb max_used=3741Kb free=242018Kb
 bounds [0x00007f819cbd2000, 0x00007f819cf82000, 0x00007f81abbd2000]
 total_blobs=1285 nmethods=1025 adapters=176
 compilation: enabled

Compilation events (10 events):
Event: 1,174 Thread 0x00007f81ac0c1800 nmethod 1068 0x00007f819cf68410 code [0x00007f819cf68560, 0x00007f819cf686d0]
Event: 1,174 Thread 0x00007f81ac0c1800 1059       2       com.android.dx.ssa.SsaRenamer::access$500 (6 bytes)
Event: 1,174 Thread 0x00007f81ac0c1800 nmethod 1059 0x00007f819cf72990 code [0x00007f819cf72b20, 0x00007f819cf72dd8]
Event: 1,174 Thread 0x00007f81ac0c1800 1074       2       com.android.dx.ssa.back.FirstFitLocalCombiningAllocator::findNextUnreservedRopReg (68 bytes)
Event: 1,175 Thread 0x00007f81ac0c1800 nmethod 1074 0x00007f819cf73150 code [0x00007f819cf732e0, 0x00007f819cf735c8]
Event: 1,175 Thread 0x00007f81ac0c1800 1075       2       com.android.dx.ssa.back.FirstFitLocalCombiningAllocator::findNextUnreservedRopReg (12 bytes)
Event: 1,175 Thread 0x00007f81ac0c1800 nmethod 1075 0x00007f819cf68050 code [0x00007f819cf681c0, 0x00007f819cf68368]
Event: 1,175 Thread 0x00007f81ac0c1800 1060       2       com.android.dx.ssa.SsaRenamer::getLocalForNewReg (25 bytes)
Event: 1,175 Thread 0x00007f81ac0c1800 nmethod 1060 0x00007f819cf73790 code [0x00007f819cf73920, 0x00007f819cf73bd8]
Event: 1,175 Thread 0x00007f81ac0c1800 1066       2       com.android.dx.ssa.SsaRenamer$BlockRenamer::visitMoveInsn (271 bytes)

GC Heap History (0 events):
No events

Deoptimization events (10 events):
Event: 0,831 Thread 0x00007f81ac175800 Uncommon trap: reason=class_check action=maybe_recompile pc=0x00007f819ce5a8c0 method=com.android.dx.rop.type.Type.equals(Ljava/lang/Object;)Z @ 8
Event: 0,831 Thread 0x00007f81ac175800 Uncommon trap: reason=unstable_if action=reinterpret pc=0x00007f819cdd16d0 method=java.util.HashMap.getNode(ILjava/lang/Object;)Ljava/util/HashMap$Node; @ 62
Event: 0,831 Thread 0x00007f81ac175800 Uncommon trap: reason=unstable_if action=reinterpret pc=0x00007f819ce5a8a0 method=com.android.dx.rop.code.RegisterSpec.equals(ILcom/android/dx/rop/type/TypeBearer;Lcom/android/dx/rop/code/LocalItem;)Z @ 16
Event: 0,831 Thread 0x00007f81ac175800 Uncommon trap: reason=class_check action=maybe_recompile pc=0x00007f819ce22e90 method=com.android.dx.rop.type.Type.equals(Ljava/lang/Object;)Z @ 8
Event: 0,831 Thread 0x00007f81ac175800 Uncommon trap: reason=class_check action=maybe_recompile pc=0x00007f819ce22e90 method=com.android.dx.rop.type.Type.equals(Ljava/lang/Object;)Z @ 8
Event: 0,831 Thread 0x00007f81ac175800 Uncommon trap: reason=class_check action=maybe_recompile pc=0x00007f819ce22e90 method=com.android.dx.rop.type.Type.equals(Ljava/lang/Object;)Z @ 8
Event: 0,850 Thread 0x00007f81ac173000 Uncommon trap: reason=class_check action=maybe_recompile pc=0x00007f819ce1bc90 method=com.android.dx.ssa.NormalSsaInsn.accept(Lcom/android/dx/ssa/SsaInsn$Visitor;)V @ 9
Event: 0,865 Thread 0x00007f81ac174000 Uncommon trap: reason=unstable_if action=reinterpret pc=0x00007f819cdce6ac method=java.util.BitSet.nextSetBit(I)I @ 87
Event: 1,130 Thread 0x00007f81ac163000 Uncommon trap: reason=null_check action=make_not_entrant pc=0x00007f819cf2b0a8 method=com.android.dx.ssa.SsaRenamer.getLocalForNewReg(I)Lcom/android/dx/rop/code/LocalItem; @ 19
Event: 1,130 Thread 0x00007f81ac163000 Uncommon trap: reason=null_check action=make_not_entrant pc=0x00007f819cef042c method=com.android.dx.ssa.SsaRenamer.getLocalForNewReg(I)Lcom/android/dx/rop/code/LocalItem; @ 19

Internal exceptions (4 events):
Event: 0,116 Thread 0x00007f81ac00a000 Exception <a 'java/lang/NoSuchMethodError': Method sun.misc.Unsafe.defineClass(Ljava/lang/String;[BII)Ljava/lang/Class; name or signature does not match> (0x00000000eab07cc0) thrown at [/ssd/Android/AOSP-openjdk/external/jetbrains/jdk/hotspot/src/share/vm
Event: 0,116 Thread 0x00007f81ac00a000 Exception <a 'java/lang/NoSuchMethodError': Method sun.misc.Unsafe.prefetchRead(Ljava/lang/Object;J)V name or signature does not match> (0x00000000eab07fa8) thrown at [/ssd/Android/AOSP-openjdk/external/jetbrains/jdk/hotspot/src/share/vm/prims/jni.cpp, li
Event: 1,130 Thread 0x00007f81ac163000 Implicit null exception at 0x00007f819cf28a46 to 0x00007f819cf2b085
Event: 1,130 Thread 0x00007f81ac163000 Implicit null exception at 0x00007f819ceef052 to 0x00007f819cef03e9

Events (10 events):
Event: 0,859 Executing VM operation: ForceSafepoint done
Event: 0,865 Thread 0x00007f81ac174000 Uncommon trap: trap_request=0xffffff65 fr.pc=0x00007f819cdce6ac
Event: 0,866 Thread 0x00007f81ac174000 DEOPT PACKING pc=0x00007f819cdce6ac sp=0x00007f818a62f180
Event: 0,866 Thread 0x00007f81ac174000 DEOPT UNPACKING pc=0x00007f819cbd6f69 sp=0x00007f818a62f138 mode 2
Event: 1,130 Thread 0x00007f81ac163000 Uncommon trap: trap_request=0xfffffff4 fr.pc=0x00007f819cf2b0a8
Event: 1,130 Thread 0x00007f81ac163000 DEOPT PACKING pc=0x00007f819cf2b0a8 sp=0x00007f818a9320f0
Event: 1,130 Thread 0x00007f81ac163000 DEOPT UNPACKING pc=0x00007f819cbd6f69 sp=0x00007f818a931f38 mode 2
Event: 1,130 Thread 0x00007f81ac163000 Uncommon trap: trap_request=0xfffffff4 fr.pc=0x00007f819cef042c
Event: 1,130 Thread 0x00007f81ac163000 DEOPT PACKING pc=0x00007f819cef042c sp=0x00007f818a9320a0
Event: 1,130 Thread 0x00007f81ac163000 DEOPT UNPACKING pc=0x00007f819cbd6f69 sp=0x00007f818a931f28 mode 2


Dynamic libraries:
00400000-00401000 r-xp 00000000 08:01 117965799                          /usr/local/android-studio/jre/bin/java
00600000-00601000 r--p 00000000 08:01 117965799                          /usr/local/android-studio/jre/bin/java
00601000-00602000 rw-p 00001000 08:01 117965799                          /usr/local/android-studio/jre/bin/java
01509000-0152a000 rw-p 00000000 00:00 0                                  [heap]
c0000000-ca800000 rw-p 00000000 00:00 0 
ca800000-eab00000 ---p 00000000 00:00 0 
eab00000-eff00000 rw-p 00000000 00:00 0 
eff00000-100000000 ---p 00000000 00:00 0 
100000000-1000a0000 rw-p 00000000 00:00 0 
1000a0000-140000000 ---p 00000000 00:00 0 
7f8140000000-7f8140021000 rw-p 00000000 00:00 0 
7f8140021000-7f8144000000 ---p 00000000 00:00 0 
7f8148000000-7f8148027000 rw-p 00000000 00:00 0 
7f8148027000-7f814c000000 ---p 00000000 00:00 0 
7f814c000000-7f814c021000 rw-p 00000000 00:00 0 
7f814c021000-7f8150000000 ---p 00000000 00:00 0 
7f8150000000-7f8150032000 rw-p 00000000 00:00 0 
7f8150032000-7f8154000000 ---p 00000000 00:00 0 
7f8154000000-7f8154021000 rw-p 00000000 00:00 0 
7f8154021000-7f8158000000 ---p 00000000 00:00 0 
7f8158000000-7f8158021000 rw-p 00000000 00:00 0 
7f8158021000-7f815c000000 ---p 00000000 00:00 0 
7f815c000000-7f815c021000 rw-p 00000000 00:00 0 
7f815c021000-7f8160000000 ---p 00000000 00:00 0 
7f8160000000-7f816044f000 rw-p 00000000 00:00 0 
7f816044f000-7f8164000000 ---p 00000000 00:00 0 
7f8164000000-7f816454c000 rw-p 00000000 00:00 0 
7f816454c000-7f8168000000 ---p 00000000 00:00 0 
7f8168000000-7f8168021000 rw-p 00000000 00:00 0 
7f8168021000-7f816c000000 ---p 00000000 00:00 0 
7f816c000000-7f816c578000 rw-p 00000000 00:00 0 
7f816c578000-7f8170000000 ---p 00000000 00:00 0 
7f8170000000-7f8170021000 rw-p 00000000 00:00 0 
7f8170021000-7f8174000000 ---p 00000000 00:00 0 
7f8174000000-7f8174021000 rw-p 00000000 00:00 0 
7f8174021000-7f8178000000 ---p 00000000 00:00 0 
7f8178000000-7f8178021000 rw-p 00000000 00:00 0 
7f8178021000-7f817c000000 ---p 00000000 00:00 0 
7f817c000000-7f817c021000 rw-p 00000000 00:00 0 
7f817c021000-7f8180000000 ---p 00000000 00:00 0 
7f8180000000-7f8180021000 rw-p 00000000 00:00 0 
7f8180021000-7f8184000000 ---p 00000000 00:00 0 
7f8184000000-7f8184021000 rw-p 00000000 00:00 0 
7f8184021000-7f8188000000 ---p 00000000 00:00 0 
7f818a42f000-7f818a432000 ---p 00000000 00:00 0 
7f818a432000-7f818a530000 rw-p 00000000 00:00 0 
7f818a530000-7f818a533000 ---p 00000000 00:00 0 
7f818a533000-7f818a631000 rw-p 00000000 00:00 0 
7f818a631000-7f818a634000 ---p 00000000 00:00 0 
7f818a634000-7f818a732000 rw-p 00000000 00:00 0 
7f818a732000-7f818a735000 ---p 00000000 00:00 0 
7f818a735000-7f818a833000 rw-p 00000000 00:00 0 
7f818a833000-7f818a836000 ---p 00000000 00:00 0 
7f818a836000-7f818a934000 rw-p 00000000 00:00 0 
7f818a934000-7f818a935000 ---p 00000000 00:00 0 
7f818a935000-7f818aa35000 rw-p 00000000 00:00 0 
7f818aa35000-7f818aa38000 ---p 00000000 00:00 0 
7f818aa38000-7f818ab36000 rw-p 00000000 00:00 0 
7f818ab36000-7f818ab39000 ---p 00000000 00:00 0 
7f818ab39000-7f818ac37000 rw-p 00000000 00:00 0 
7f818ac37000-7f818ac3a000 ---p 00000000 00:00 0 
7f818ac3a000-7f818ad38000 rw-p 00000000 00:00 0 
7f818ad38000-7f818ad3b000 ---p 00000000 00:00 0 
7f818ad3b000-7f818ae39000 rw-p 00000000 00:00 0 
7f818ae39000-7f818ae3c000 ---p 00000000 00:00 0 
7f818ae3c000-7f818af3a000 rw-p 00000000 00:00 0 
7f818af3a000-7f818b8f9000 r--p 00000000 08:01 3939084                    /usr/lib/locale/locale-archive
7f818b8f9000-7f818b8fc000 ---p 00000000 00:00 0 
7f818b8fc000-7f818b9fa000 rw-p 00000000 00:00 0 
7f818b9fa000-7f818b9fd000 ---p 00000000 00:00 0 
7f818b9fd000-7f818bafb000 rw-p 00000000 00:00 0 
7f818bafb000-7f818bafc000 ---p 00000000 00:00 0 
7f818bafc000-7f818c000000 rw-p 00000000 00:00 0 
7f818c000000-7f818c021000 rw-p 00000000 00:00 0 
7f818c021000-7f8190000000 ---p 00000000 00:00 0 
7f8190000000-7f8190021000 rw-p 00000000 00:00 0 
7f8190021000-7f8194000000 ---p 00000000 00:00 0 
7f8194000000-7f8194021000 rw-p 00000000 00:00 0 
7f8194021000-7f8198000000 ---p 00000000 00:00 0 
7f81980bc000-7f8199272000 rw-p 00000000 00:00 0 
7f8199272000-7f819943f000 r--s 03bec000 08:01 117965856                  /usr/local/android-studio/jre/jre/lib/rt.jar
7f819943f000-7f8199af5000 rw-p 00000000 00:00 0 
7f8199af5000-7f8199cb5000 ---p 00000000 00:00 0 
7f8199cb5000-7f819beb5000 rw-p 00000000 00:00 0 
7f819beb5000-7f819beb6000 ---p 00000000 00:00 0 
7f819beb6000-7f819bfb6000 rw-p 00000000 00:00 0 
7f819bfb6000-7f819bfb7000 ---p 00000000 00:00 0 
7f819bfb7000-7f819c0b7000 rw-p 00000000 00:00 0 
7f819c0b7000-7f819c0b8000 ---p 00000000 00:00 0 
7f819c0b8000-7f819c1b8000 rw-p 00000000 00:00 0 
7f819c1b8000-7f819c1b9000 ---p 00000000 00:00 0 
7f819c1b9000-7f819c2b9000 rw-p 00000000 00:00 0 
7f819c2b9000-7f819c2ba000 ---p 00000000 00:00 0 
7f819c2ba000-7f819c3ba000 rw-p 00000000 00:00 0 
7f819c3ba000-7f819c3bb000 ---p 00000000 00:00 0 
7f819c3bb000-7f819c50f000 rw-p 00000000 00:00 0 
7f819c50f000-7f819c611000 ---p 00000000 00:00 0 
7f819c611000-7f819c665000 rw-p 00000000 00:00 0 
7f819c665000-7f819c766000 ---p 00000000 00:00 0 
7f819c766000-7f819c791000 rw-p 00000000 00:00 0 
7f819c791000-7f819c811000 ---p 00000000 00:00 0 
7f819c811000-7f819c821000 rw-p 00000000 00:00 0 
7f819c821000-7f819cbd2000 ---p 00000000 00:00 0 
7f819cbd2000-7f819cf82000 rwxp 00000000 00:00 0 
7f819cf82000-7f81abbd2000 ---p 00000000 00:00 0 
7f81abbd2000-7f81abbec000 r-xp 00000000 08:01 117965883                  /usr/local/android-studio/jre/jre/lib/amd64/libzip.so
7f81abbec000-7f81abdec000 ---p 0001a000 08:01 117965883                  /usr/local/android-studio/jre/jre/lib/amd64/libzip.so
7f81abdec000-7f81abded000 r--p 0001a000 08:01 117965883                  /usr/local/android-studio/jre/jre/lib/amd64/libzip.so
7f81abded000-7f81abdee000 rw-p 0001b000 08:01 117965883                  /usr/local/android-studio/jre/jre/lib/amd64/libzip.so
7f81abdee000-7f81abdf9000 r-xp 00000000 08:01 22286722                   /lib/x86_64-linux-gnu/libnss_files-2.23.so
7f81abdf9000-7f81abff8000 ---p 0000b000 08:01 22286722                   /lib/x86_64-linux-gnu/libnss_files-2.23.so
7f81abff8000-7f81abff9000 r--p 0000a000 08:01 22286722                   /lib/x86_64-linux-gnu/libnss_files-2.23.so
7f81abff9000-7f81abffa000 rw-p 0000b000 08:01 22286722                   /lib/x86_64-linux-gnu/libnss_files-2.23.so
7f81abffa000-7f81ac000000 rw-p 00000000 00:00 0 
7f81ac000000-7f81ac438000 rw-p 00000000 00:00 0 
7f81ac438000-7f81b0000000 ---p 00000000 00:00 0 
7f81b0001000-7f81b000f000 r--s 0006d000 08:01 119669432                  /home/n3v10t/Android-Projects/BumbleBeeM/app/build/intermediates/exploded-aar/com.android.support/support-compat/24.2.1/jars/classes.jar
7f81b000f000-7f81b005c000 rw-p 00000000 00:00 0 
7f81b005c000-7f81b0067000 r-xp 00000000 08:01 22286732                   /lib/x86_64-linux-gnu/libnss_nis-2.23.so
7f81b0067000-7f81b0266000 ---p 0000b000 08:01 22286732                   /lib/x86_64-linux-gnu/libnss_nis-2.23.so
7f81b0266000-7f81b0267000 r--p 0000a000 08:01 22286732                   /lib/x86_64-linux-gnu/libnss_nis-2.23.so
7f81b0267000-7f81b0268000 rw-p 0000b000 08:01 22286732                   /lib/x86_64-linux-gnu/libnss_nis-2.23.so
7f81b0268000-7f81b027e000 r-xp 00000000 08:01 22286716                   /lib/x86_64-linux-gnu/libnsl-2.23.so
7f81b027e000-7f81b047d000 ---p 00016000 08:01 22286716                   /lib/x86_64-linux-gnu/libnsl-2.23.so
7f81b047d000-7f81b047e000 r--p 00015000 08:01 22286716                   /lib/x86_64-linux-gnu/libnsl-2.23.so
7f81b047e000-7f81b047f000 rw-p 00016000 08:01 22286716                   /lib/x86_64-linux-gnu/libnsl-2.23.so
7f81b047f000-7f81b0481000 rw-p 00000000 00:00 0 
7f81b0481000-7f81b0489000 r-xp 00000000 08:01 22286718                   /lib/x86_64-linux-gnu/libnss_compat-2.23.so
7f81b0489000-7f81b0688000 ---p 00008000 08:01 22286718                   /lib/x86_64-linux-gnu/libnss_compat-2.23.so
7f81b0688000-7f81b0689000 r--p 00007000 08:01 22286718                   /lib/x86_64-linux-gnu/libnss_compat-2.23.so
7f81b0689000-7f81b068a000 rw-p 00008000 08:01 22286718                   /lib/x86_64-linux-gnu/libnss_compat-2.23.so
7f81b068a000-7f81b06b7000 r-xp 00000000 08:01 117965893                  /usr/local/android-studio/jre/jre/lib/amd64/libjava.so
7f81b06b7000-7f81b08b6000 ---p 0002d000 08:01 117965893                  /usr/local/android-studio/jre/jre/lib/amd64/libjava.so
7f81b08b6000-7f81b08b7000 r--p 0002c000 08:01 117965893                  /usr/local/android-studio/jre/jre/lib/amd64/libjava.so
7f81b08b7000-7f81b08b9000 rw-p 0002d000 08:01 117965893                  /usr/local/android-studio/jre/jre/lib/amd64/libjava.so
7f81b08b9000-7f81b08c9000 r-xp 00000000 08:01 117965909                  /usr/local/android-studio/jre/jre/lib/amd64/libverify.so
7f81b08c9000-7f81b0ac8000 ---p 00010000 08:01 117965909                  /usr/local/android-studio/jre/jre/lib/amd64/libverify.so
7f81b0ac8000-7f81b0aca000 r--p 0000f000 08:01 117965909                  /usr/local/android-studio/jre/jre/lib/amd64/libverify.so
7f81b0aca000-7f81b0acb000 rw-p 00011000 08:01 117965909                  /usr/local/android-studio/jre/jre/lib/amd64/libverify.so
7f81b0acb000-7f81b0ad2000 r-xp 00000000 08:01 22286777                   /lib/x86_64-linux-gnu/librt-2.23.so
7f81b0ad2000-7f81b0cd1000 ---p 00007000 08:01 22286777                   /lib/x86_64-linux-gnu/librt-2.23.so
7f81b0cd1000-7f81b0cd2000 r--p 00006000 08:01 22286777                   /lib/x86_64-linux-gnu/librt-2.23.so
7f81b0cd2000-7f81b0cd3000 rw-p 00007000 08:01 22286777                   /lib/x86_64-linux-gnu/librt-2.23.so
7f81b0cd3000-7f81b0ddb000 r-xp 00000000 08:01 22286693                   /lib/x86_64-linux-gnu/libm-2.23.so
7f81b0ddb000-7f81b0fda000 ---p 00108000 08:01 22286693                   /lib/x86_64-linux-gnu/libm-2.23.so
7f81b0fda000-7f81b0fdb000 r--p 00107000 08:01 22286693                   /lib/x86_64-linux-gnu/libm-2.23.so
7f81b0fdb000-7f81b0fdc000 rw-p 00108000 08:01 22286693                   /lib/x86_64-linux-gnu/libm-2.23.so
7f81b0fdc000-7f81b1bc2000 r-xp 00000000 08:01 117965913                  /usr/local/android-studio/jre/jre/lib/amd64/server/libjvm.so
7f81b1bc2000-7f81b1dc2000 ---p 00be6000 08:01 117965913                  /usr/local/android-studio/jre/jre/lib/amd64/server/libjvm.so
7f81b1dc2000-7f81b1e61000 r--p 00be6000 08:01 117965913                  /usr/local/android-studio/jre/jre/lib/amd64/server/libjvm.so
7f81b1e61000-7f81b1e8a000 rw-p 00c85000 08:01 117965913                  /usr/local/android-studio/jre/jre/lib/amd64/server/libjvm.so
7f81b1e8a000-7f81b1ecc000 rw-p 00000000 00:00 0 
7f81b1ecc000-7f81b1ee4000 r-xp 00000000 08:01 22286769                   /lib/x86_64-linux-gnu/libpthread-2.23.so
7f81b1ee4000-7f81b20e3000 ---p 00018000 08:01 22286769                   /lib/x86_64-linux-gnu/libpthread-2.23.so
7f81b20e3000-7f81b20e4000 r--p 00017000 08:01 22286769                   /lib/x86_64-linux-gnu/libpthread-2.23.so
7f81b20e4000-7f81b20e5000 rw-p 00018000 08:01 22286769                   /lib/x86_64-linux-gnu/libpthread-2.23.so
7f81b20e5000-7f81b20e9000 rw-p 00000000 00:00 0 
7f81b20e9000-7f81b20ec000 r-xp 00000000 08:01 22286647                   /lib/x86_64-linux-gnu/libdl-2.23.so
7f81b20ec000-7f81b22eb000 ---p 00003000 08:01 22286647                   /lib/x86_64-linux-gnu/libdl-2.23.so
7f81b22eb000-7f81b22ec000 r--p 00002000 08:01 22286647                   /lib/x86_64-linux-gnu/libdl-2.23.so
7f81b22ec000-7f81b22ed000 rw-p 00003000 08:01 22286647                   /lib/x86_64-linux-gnu/libdl-2.23.so
7f81b22ed000-7f81b24ad000 r-xp 00000000 08:01 22286623                   /lib/x86_64-linux-gnu/libc-2.23.so
7f81b24ad000-7f81b26ac000 ---p 001c0000 08:01 22286623                   /lib/x86_64-linux-gnu/libc-2.23.so
7f81b26ac000-7f81b26b0000 r--p 001bf000 08:01 22286623                   /lib/x86_64-linux-gnu/libc-2.23.so
7f81b26b0000-7f81b26b2000 rw-p 001c3000 08:01 22286623                   /lib/x86_64-linux-gnu/libc-2.23.so
7f81b26b2000-7f81b26b6000 rw-p 00000000 00:00 0 
7f81b26b6000-7f81b26cc000 r-xp 00000000 08:01 117965773                  /usr/local/android-studio/jre/lib/amd64/jli/libjli.so
7f81b26cc000-7f81b28cb000 ---p 00016000 08:01 117965773                  /usr/local/android-studio/jre/lib/amd64/jli/libjli.so
7f81b28cb000-7f81b28cc000 r--p 00015000 08:01 117965773                  /usr/local/android-studio/jre/lib/amd64/jli/libjli.so
7f81b28cc000-7f81b28cd000 rw-p 00016000 08:01 117965773                  /usr/local/android-studio/jre/lib/amd64/jli/libjli.so
7f81b28cd000-7f81b28f3000 r-xp 00000000 08:01 22286595                   /lib/x86_64-linux-gnu/ld-2.23.so
7f81b28f7000-7f81b29d0000 rw-p 00000000 00:00 0 
7f81b29d0000-7f81b29d3000 ---p 00000000 00:00 0 
7f81b29d3000-7f81b2ad5000 rw-p 00000000 00:00 0 
7f81b2ad8000-7f81b2ae6000 r--s 000e0000 08:01 106696168                  /home/n3v10t/Android/Sdk/build-tools/24.0.1/lib/dx.jar
7f81b2ae6000-7f81b2aee000 rw-s 00000000 08:01 106827182                  /tmp/hsperfdata_n3v10t/13966
7f81b2aee000-7f81b2aef000 rw-p 00000000 00:00 0 
7f81b2aef000-7f81b2af0000 r--p 00000000 00:00 0 
7f81b2af0000-7f81b2af2000 rw-p 00000000 00:00 0 
7f81b2af2000-7f81b2af3000 r--p 00025000 08:01 22286595                   /lib/x86_64-linux-gnu/ld-2.23.so
7f81b2af3000-7f81b2af4000 rw-p 00026000 08:01 22286595                   /lib/x86_64-linux-gnu/ld-2.23.so
7f81b2af4000-7f81b2af5000 rw-p 00000000 00:00 0 
7ffdf386b000-7ffdf388d000 rw-p 00000000 00:00 0                          [stack]
7ffdf39e7000-7ffdf39e9000 r--p 00000000 00:00 0                          [vvar]
7ffdf39e9000-7ffdf39eb000 r-xp 00000000 00:00 0                          [vdso]
ffffffffff600000-ffffffffff601000 r-xp 00000000 00:00 0                  [vsyscall]

VM Arguments:
jvm_args: -Djava.awt.headless=true -Xmx1024M -Dfile.encoding=UTF-8 -Duser.country=US -Duser.language=en -Duser.variant 
java_command: com.android.dx.command.Main --dex --force-jumbo --num-threads=4 --multi-dex --output /home/n3v10t/Android-Projects/BumbleBeeM/app/build/intermediates/transforms/dex/debug/folders/1000/10/com.android.support-support-compat-24.2.1_cd95d0ea9945f3e5082c42859536e646cd47b47b /home/n3v10t/Android-Projects/BumbleBeeM/app/build/intermediates/exploded-aar/com.android.support/support-compat/24.2.1/jars/classes.jar
java_class_path (initial): /home/n3v10t/Android/Sdk/build-tools/24.0.1/lib/dx.jar
Launcher Type: SUN_STANDARD

Environment Variables:
PATH=/home/n3v10t/bin:/home/n3v10t/.local/bin:/usr/local/sbin:/usr/local/bin:/usr/sbin:/usr/bin:/sbin:/bin:/usr/games:/usr/local/games:/snap/bin
LD_LIBRARY_PATH=.:
SHELL=/bin/bash
DISPLAY=:0

Signal Handlers:
SIGSEGV: [libjvm.so+0x9daac0], sa_mask[0]=11111111011111111101111111111110, sa_flags=SA_RESTART|SA_SIGINFO
SIGBUS: [libjvm.so+0x9daac0], sa_mask[0]=11111111011111111101111111111110, sa_flags=SA_RESTART|SA_SIGINFO
SIGFPE: [libjvm.so+0x840d90], sa_mask[0]=11111111011111111101111111111110, sa_flags=SA_RESTART|SA_SIGINFO
SIGPIPE: [libjvm.so+0x840d90], sa_mask[0]=11111111011111111101111111111110, sa_flags=SA_RESTART|SA_SIGINFO
SIGXFSZ: [libjvm.so+0x840d90], sa_mask[0]=11111111011111111101111111111110, sa_flags=SA_RESTART|SA_SIGINFO
SIGILL: [libjvm.so+0x840d90], sa_mask[0]=11111111011111111101111111111110, sa_flags=SA_RESTART|SA_SIGINFO
SIGUSR1: SIG_DFL, sa_mask[0]=00000000000000000000000000000000, sa_flags=none
SIGUSR2: [libjvm.so+0x840c60], sa_mask[0]=00100000000000000000000000000000, sa_flags=SA_RESTART|SA_SIGINFO
SIGHUP: [libjvm.so+0x840e50], sa_mask[0]=11111111011111111101111111111110, sa_flags=SA_RESTART|SA_SIGINFO
SIGINT: [libjvm.so+0x840e50], sa_mask[0]=11111111011111111101111111111110, sa_flags=SA_RESTART|SA_SIGINFO
SIGTERM: [libjvm.so+0x840e50], sa_mask[0]=11111111011111111101111111111110, sa_flags=SA_RESTART|SA_SIGINFO
SIGQUIT: [libjvm.so+0x840e50], sa_mask[0]=11111111011111111101111111111110, sa_flags=SA_RESTART|SA_SIGINFO


---------------  S Y S T E M  ---------------

OS:DISTRIB_ID=Ubuntu
DISTRIB_RELEASE=16.04
DISTRIB_CODENAME=xenial
DISTRIB_DESCRIPTION="Ubuntu 16.04.1 LTS"

uname:Linux 4.4.0-38-generic #57-Ubuntu SMP Tue Sep 6 15:42:33 UTC 2016 x86_64
libc:glibc 2.23 NPTL 2.23 
rlimit: STACK 8192k, CORE 0k, NPROC 63772, NOFILE 65536, AS infinity
load average:1,84 0,69 0,54

/proc/meminfo:
MemTotal:       16431444 kB
MemFree:         5251232 kB
MemAvailable:    9039264 kB
Buffers:          209204 kB
Cached:          4094172 kB
SwapCached:            0 kB
Active:          8419224 kB
Inactive:        2279704 kB
Active(anon):    6397088 kB
Inactive(anon):   430056 kB
Active(file):    2022136 kB
Inactive(file):  1849648 kB
Unevictable:          64 kB
Mlocked:              64 kB
SwapTotal:      16774140 kB
SwapFree:       16774140 kB
Dirty:             32640 kB
Writeback:             0 kB
AnonPages:       6397676 kB
Mapped:           805500 kB
Shmem:            431588 kB
Slab:             303240 kB
SReclaimable:     253560 kB
SUnreclaim:        49680 kB
KernelStack:       16512 kB
PageTables:        71576 kB
NFS_Unstable:          0 kB
Bounce:                0 kB
WritebackTmp:          0 kB
CommitLimit:    24989860 kB
Committed_AS:   15847276 kB
VmallocTotal:   34359738367 kB
VmallocUsed:           0 kB
VmallocChunk:          0 kB
HardwareCorrupted:     0 kB
AnonHugePages:   4052992 kB
CmaTotal:              0 kB
CmaFree:               0 kB
HugePages_Total:       0
HugePages_Free:        0
HugePages_Rsvd:        0
HugePages_Surp:        0
Hugepagesize:       2048 kB
DirectMap4k:      213568 kB
DirectMap2M:    10270720 kB
DirectMap1G:     6291456 kB


CPU:total 6 (6 cores per cpu, 1 threads per core) family 16 model 10 stepping 0, cmov, cx8, fxsr, mmx, sse, sse2, sse3, popcnt, mmxext, 3dnowpref, lzcnt, sse4a, tsc, tscinvbit, tscinv

/proc/cpuinfo:
processor	: 0
vendor_id	: AuthenticAMD
cpu family	: 16
model		: 10
model name	: AMD Phenom(tm) II X6 1090T Processor
stepping	: 0
microcode	: 0x10000bf
cpu MHz		: 3200.000
cache size	: 512 KB
physical id	: 0
siblings	: 6
core id		: 0
cpu cores	: 6
apicid		: 0
initial apicid	: 0
fpu		: yes
fpu_exception	: yes
cpuid level	: 6
wp		: yes
flags		: fpu vme de pse tsc msr pae mce cx8 apic sep mtrr pge mca cmov pat pse36 clflush mmx fxsr sse sse2 ht syscall nx mmxext fxsr_opt pdpe1gb rdtscp lm 3dnowext 3dnow constant_tsc rep_good nopl nonstop_tsc extd_apicid aperfmperf pni monitor cx16 popcnt lahf_lm cmp_legacy svm extapic cr8_legacy abm sse4a misalignsse 3dnowprefetch osvw ibs skinit wdt cpb hw_pstate vmmcall npt lbrv svm_lock nrip_save pausefilter
bugs		: tlb_mmatch apic_c1e fxsave_leak sysret_ss_attrs
bogomips	: 7449.34
TLB size	: 1024 4K pages
clflush size	: 64
cache_alignment	: 64
address sizes	: 48 bits physical, 48 bits virtual
power management: ts ttp tm stc 100mhzsteps hwpstate cpb

processor	: 1
vendor_id	: AuthenticAMD
cpu family	: 16
model		: 10
model name	: AMD Phenom(tm) II X6 1090T Processor
stepping	: 0
microcode	: 0x10000bf
cpu MHz		: 3200.000
cache size	: 512 KB
physical id	: 0
siblings	: 6
core id		: 1
cpu cores	: 6
apicid		: 1
initial apicid	: 1
fpu		: yes
fpu_exception	: yes
cpuid level	: 6
wp		: yes
flags		: fpu vme de pse tsc msr pae mce cx8 apic sep mtrr pge mca cmov pat pse36 clflush mmx fxsr sse sse2 ht syscall nx mmxext fxsr_opt pdpe1gb rdtscp lm 3dnowext 3dnow constant_tsc rep_good nopl nonstop_tsc extd_apicid aperfmperf pni monitor cx16 popcnt lahf_lm cmp_legacy svm extapic cr8_legacy abm sse4a misalignsse 3dnowprefetch osvw ibs skinit wdt cpb hw_pstate vmmcall npt lbrv svm_lock nrip_save pausefilter
bugs		: tlb_mmatch apic_c1e fxsave_leak sysret_ss_attrs
bogomips	: 7449.34
TLB size	: 1024 4K pages
clflush size	: 64
cache_alignment	: 64
address sizes	: 48 bits physical, 48 bits virtual
power management: ts ttp tm stc 100mhzsteps hwpstate cpb

processor	: 2
vendor_id	: AuthenticAMD
cpu family	: 16
model		: 10
model name	: AMD Phenom(tm) II X6 1090T Processor
stepping	: 0
microcode	: 0x10000bf
cpu MHz		: 2400.000
cache size	: 512 KB
physical id	: 0
siblings	: 6
core id		: 2
cpu cores	: 6
apicid		: 2
initial apicid	: 2
fpu		: yes
fpu_exception	: yes
cpuid level	: 6
wp		: yes
flags		: fpu vme de pse tsc msr pae mce cx8 apic sep mtrr pge mca cmov pat pse36 clflush mmx fxsr sse sse2 ht syscall nx mmxext fxsr_opt pdpe1gb rdtscp lm 3dnowext 3dnow constant_tsc rep_good nopl nonstop_tsc extd_apicid aperfmperf pni monitor cx16 popcnt lahf_lm cmp_legacy svm extapic cr8_legacy abm sse4a misalignsse 3dnowprefetch osvw ibs skinit wdt cpb hw_pstate vmmcall npt lbrv svm_lock nrip_save pausefilter
bugs		: tlb_mmatch apic_c1e fxsave_leak sysret_ss_attrs
bogomips	: 7449.34
TLB size	: 1024 4K pages
clflush size	: 64
cache_alignment	: 64
address sizes	: 48 bits physical, 48 bits virtual
power management: ts ttp tm stc 100mhzsteps hwpstate cpb

processor	: 3
vendor_id	: AuthenticAMD
cpu family	: 16
model		: 10
model name	: AMD Phenom(tm) II X6 1090T Processor
stepping	: 0
microcode	: 0x10000bf
cpu MHz		: 3200.000
cache size	: 512 KB
physical id	: 0
siblings	: 6
core id		: 3
cpu cores	: 6
apicid		: 3
initial apicid	: 3
fpu		: yes
fpu_exception	: yes
cpuid level	: 6
wp		: yes
flags		: fpu vme de pse tsc msr pae mce cx8 apic sep mtrr pge mca cmov pat pse36 clflush mmx fxsr sse sse2 ht syscall nx mmxext fxsr_opt pdpe1gb rdtscp lm 3dnowext 3dnow constant_tsc rep_good nopl nonstop_tsc extd_apicid aperfmperf pni monitor cx16 popcnt lahf_lm cmp_legacy svm extapic cr8_legacy abm sse4a misalignsse 3dnowprefetch osvw ibs skinit wdt cpb hw_pstate vmmcall npt lbrv svm_lock nrip_save pausefilter
bugs		: tlb_mmatch apic_c1e fxsave_leak sysret_ss_attrs
bogomips	: 7449.34
TLB size	: 1024 4K pages
clflush size	: 64
cache_alignment	: 64
address sizes	: 48 bits physical, 48 bits virtual
power management: ts ttp tm stc 100mhzsteps hwpstate cpb

processor	: 4
vendor_id	: AuthenticAMD
cpu family	: 16
model		: 10
model name	: AMD Phenom(tm) II X6 1090T Processor
stepping	: 0
microcode	: 0x10000bf
cpu MHz		: 3200.000
cache size	: 512 KB
physical id	: 0
siblings	: 6
core id		: 4
cpu cores	: 6
apicid		: 4
initial apicid	: 4
fpu		: yes
fpu_exception	: yes
cpuid level	: 6
wp		: yes
flags		: fpu vme de pse tsc msr pae mce cx8 apic sep mtrr pge mca cmov pat pse36 clflush mmx fxsr sse sse2 ht syscall nx mmxext fxsr_opt pdpe1gb rdtscp lm 3dnowext 3dnow constant_tsc rep_good nopl nonstop_tsc extd_apicid aperfmperf pni monitor cx16 popcnt lahf_lm cmp_legacy svm extapic cr8_legacy abm sse4a misalignsse 3dnowprefetch osvw ibs skinit wdt cpb hw_pstate vmmcall npt lbrv svm_lock nrip_save pausefilter
bugs		: tlb_mmatch apic_c1e fxsave_leak sysret_ss_attrs
bogomips	: 7449.34
TLB size	: 1024 4K pages
clflush size	: 64
cache_alignment	: 64
address sizes	: 48 bits physical, 48 bits virtual
power management: ts ttp tm stc 100mhzsteps hwpstate cpb

processor	: 5
vendor_id	: AuthenticAMD
cpu family	: 16
model		: 10
model name	: AMD Phenom(tm) II X6 1090T Processor
stepping	: 0
microcode	: 0x10000bf
cpu MHz		: 3200.000
cache size	: 512 KB
physical id	: 0
siblings	: 6
core id		: 5
cpu cores	: 6
apicid		: 5
initial apicid	: 5
fpu		: yes
fpu_exception	: yes
cpuid level	: 6
wp		: yes
flags		: fpu vme de pse tsc msr pae mce cx8 apic sep mtrr pge mca cmov pat pse36 clflush mmx fxsr sse sse2 ht syscall nx mmxext fxsr_opt pdpe1gb rdtscp lm 3dnowext 3dnow constant_tsc rep_good nopl nonstop_tsc extd_apicid aperfmperf pni monitor cx16 popcnt lahf_lm cmp_legacy svm extapic cr8_legacy abm sse4a misalignsse 3dnowprefetch osvw ibs skinit wdt cpb hw_pstate vmmcall npt lbrv svm_lock nrip_save pausefilter
bugs		: tlb_mmatch apic_c1e fxsave_leak sysret_ss_attrs
bogomips	: 7449.34
TLB size	: 1024 4K pages
clflush size	: 64
cache_alignment	: 64
address sizes	: 48 bits physical, 48 bits virtual
power management: ts ttp tm stc 100mhzsteps hwpstate cpb



Memory: 4k page, physical 16431444k(5251232k free), swap 16774140k(16774140k free)

vm_info: OpenJDK 64-Bit Server VM (25.76-b03) for linux-amd64 JRE (1.8.0_76-release-b03), built on Jun 29 2016 09:39:19 by "builder" with gcc 4.8.4

time: Thu Oct  6 17:51:19 2016
elapsed time: 1 seconds (0d 0h 0m 1s)

