#
# A fatal error has been detected by the Java Runtime Environment:
#
#  SIGSEGV (0xb) at pc=0x00007fd2d92b35fc, pid=22332, tid=0x00007fd28fefe700
#
# JRE version: OpenJDK Runtime Environment (8.0_76-b03) (build 1.8.0_76-release-b03)
# Java VM: OpenJDK 64-Bit Server VM (25.76-b03 mixed mode linux-amd64 compressed oops)
# Problematic frame:
# J 689 C2 com.android.dx.rop.code.RegisterSpec.intern(ILcom/android/dx/rop/type/TypeBearer;Lcom/android/dx/rop/code/LocalItem;)Lcom/android/dx/rop/code/RegisterSpec; (70 bytes) @ 0x00007fd2d92b35fc [0x00007fd2d92b2f20+0x6dc]
#
# Failed to write core dump. Core dumps have been disabled. To enable core dumping, try "ulimit -c unlimited" before starting Java again
#
# If you would like to submit a bug report, please visit:
#   http://bugreport.java.com/bugreport/crash.jsp
#

---------------  T H R E A D  ---------------

Current thread (0x00007fd2e814e800):  JavaThread "pool-2-thread-3" [_thread_in_Java, id=22427, stack(0x00007fd28fdfe000,0x00007fd28feff000)]

siginfo: si_signo: 11 (SIGSEGV), si_code: 1 (SEGV_MAPERR), si_addr: 0x00000000200036fb

Registers:
RAX=0x0000000020e2a1c4, RBX=0x00000000ecd46528, RCX=0x00000000fb716dcd, RDX=0x00000000ecd46528
RSP=0x00007fd28fefc930, RBP=0x0000000000000000, RSI=0x0000000000000000, RDI=0x0000000000000007
R8 =0x0000000000000000, R9 =0x00000000200036ef, R10=0x00000000eb7baa68, R11=0x00000000eb7baa68
R12=0x0000000000000000, R13=0x0000000000000001, R14=0x0000000000000000, R15=0x00007fd2e814e800
RIP=0x00007fd2d92b35fc, EFLAGS=0x0000000000010202, CSGSFS=0x0000000000000033, ERR=0x0000000000000004
  TRAPNO=0x000000000000000e

Top of Stack: (sp=0x00007fd28fefc930)
0x00007fd28fefc930:   0000000100000000 0000000000000000
0x00007fd28fefc940:   00007fd2d6ce6e91 00007fd28fefc988
0x00007fd28fefc950:   00007fd2d6cead18 00007fd2d6de0d38
0x00007fd28fefc960:   00007fd2d6ce6f00 0000000000000000
0x00007fd28fefc970:   0000000000000003 00007fd28fefced0
0x00007fd28fefc980:   00007fd28fefced0 00007fd2d92b9e0c
0x00007fd28fefc990:   00007fd28fefcee0 00007fd2d92b9fe4
0x00007fd28fefc9a0:   00007fd200000000 0000000000000000
0x00007fd28fefc9b0:   00007fd28fefcef8 00007fd2d92ba244
0x00007fd28fefc9c0:   00007fd2d9107450 00007fd200000000
0x00007fd28fefc9d0:   00007fd28fefd1b0 00007fd28fefcfe0
0x00007fd28fefc9e0:   00007fd2d9206bd0 0000000100000ea8
0x00007fd28fefc9f0:   00007fd28fefd300 00007fd200000019
0x00007fd28fefca00:   00007fd2e814ef18 00007fd2e814e800
0x00007fd28fefca10:   00007fd2d9107450 00007fd200000000
0x00007fd28fefca20:   00007fd28fefd200 00007fd28fefd030
0x00007fd28fefca30:   00007fd2e814e800 000000010007aef8
0x00007fd28fefca40:   00007fd28fefcdb0 000000000000001a
0x00007fd28fefca50:   000000000000004c 0000000100000ea8
0x00007fd28fefca60:   00007fd28fefcaa0 00007fd284002f50
0x00007fd28fefca70:   00007fd2e814e800 00007fd200000002
0x00007fd28fefca80:   00007fd28fefcdf0 0000000000000022
0x00007fd28fefca90:   00000000ed0e7888 000000ac0000000f
0x00007fd28fefcaa0:   00000000ed0e5888 0000000100000002
0x00007fd28fefcab0:   00000000ed0e7920 00000000ed253470
0x00007fd28fefcac0:   00000000ed0e7950 0000000000000002
0x00007fd28fefcad0:   0000000000000000 0000000000000000
0x00007fd28fefcae0:   00000000eb3a5b80 00000000ed0e71c0
0x00007fd28fefcaf0:   00000000ed0e71c0 0000000000000000
0x00007fd28fefcb00:   00007fd28fefcce0 0000000100063038
0x00007fd28fefcb10:   00000000eb3a5b80 000000010007aef8
0x00007fd28fefcb20:   00007fd2e814e800 4030666600000006 

Instructions: (pc=0x00007fd2d92b35fc)
0x00007fd2d92b35dc:   eb 00 00 00 00 45 8b 72 0c 41 8b 5a 10 45 8b 49
0x00007fd2d92b35ec:   18 85 05 0d 8a 11 17 45 85 c9 0f 84 72 fa ff ff
0x00007fd2d92b35fc:   45 8b 51 0c 49 bb 68 aa 7b eb 00 00 00 00 45 8b
0x00007fd2d92b360c:   43 14 44 3b d1 75 c4 41 8b 69 10 81 fd 68 aa 7b 

Register to memory mapping:

RAX=0x0000000020e2a1c4 is an unknown value
RBX=0x00000000ecd46528 is an oop
com.android.dx.rop.type.Type 
 - klass: 'com/android/dx/rop/type/Type'
RCX=0x00000000fb716dcd is an unallocated location in the heap
RDX=0x00000000ecd46528 is an oop
com.android.dx.rop.type.Type 
 - klass: 'com/android/dx/rop/type/Type'
RSP=0x00007fd28fefc930 is pointing into the stack for thread: 0x00007fd2e814e800
RBP=0x0000000000000000 is an unknown value
RSI=0x0000000000000000 is an unknown value
RDI=0x0000000000000007 is an unknown value
R8 =0x0000000000000000 is an unknown value
R9 =0x00000000200036ef is an unknown value
R10=0x00000000eb7baa68 is an oop
com.android.dx.rop.code.RegisterSpec$ForComparison 
 - klass: 'com/android/dx/rop/code/RegisterSpec$ForComparison'
R11=0x00000000eb7baa68 is an oop
com.android.dx.rop.code.RegisterSpec$ForComparison 
 - klass: 'com/android/dx/rop/code/RegisterSpec$ForComparison'
R12=0x0000000000000000 is an unknown value
R13=0x0000000000000001 is an unknown value
R14=0x0000000000000000 is an unknown value
R15=0x00007fd2e814e800 is a thread


Stack: [0x00007fd28fdfe000,0x00007fd28feff000],  sp=0x00007fd28fefc930,  free space=1018k
Native frames: (J=compiled Java code, j=interpreted, Vv=VM code, C=native code)
J 689 C2 com.android.dx.rop.code.RegisterSpec.intern(ILcom/android/dx/rop/type/TypeBearer;Lcom/android/dx/rop/code/LocalItem;)Lcom/android/dx/rop/code/RegisterSpec; (70 bytes) @ 0x00007fd2d92b35fc [0x00007fd2d92b2f20+0x6dc]
J 762 C1 com.android.dx.cf.code.RopperMachine.run(Lcom/android/dx/cf/code/Frame;II)V (1550 bytes) @ 0x00007fd2d92b9e0c [0x00007fd2d92b7f00+0x1f0c]
j  com.android.dx.cf.code.Simulator$SimVisitor.visitNoArgs(IIILcom/android/dx/rop/type/Type;)V+2130
J 643 C1 com.android.dx.cf.code.BytecodeArray.parseInstruction(ILcom/android/dx/cf/code/BytecodeArray$Visitor;)I (2764 bytes) @ 0x00007fd2d9251f04 [0x00007fd2d924db20+0x43e4]
j  com.android.dx.cf.code.Simulator.simulate(Lcom/android/dx/cf/code/ByteBlock;Lcom/android/dx/cf/code/Frame;)V+35
j  com.android.dx.cf.code.Ropper.processBlock(Lcom/android/dx/cf/code/ByteBlock;Lcom/android/dx/cf/code/Frame;[I)V+29
j  com.android.dx.cf.code.Ropper.doit()V+61
j  com.android.dx.cf.code.Ropper.convert(Lcom/android/dx/cf/code/ConcreteMethod;Lcom/android/dx/rop/code/TranslationAdvice;Lcom/android/dx/cf/iface/MethodList;)Lcom/android/dx/rop/code/RopMethod;+12
j  com.android.dx.dex.cf.CfTranslator.processMethods(Lcom/android/dx/cf/direct/DirectClassFile;Lcom/android/dx/dex/cf/CfOptions;Lcom/android/dx/dex/DexOptions;Lcom/android/dx/dex/file/ClassDefItem;Lcom/android/dx/dex/file/DexFile;)V+176
j  com.android.dx.dex.cf.CfTranslator.translate0(Lcom/android/dx/cf/direct/DirectClassFile;[BLcom/android/dx/dex/cf/CfOptions;Lcom/android/dx/dex/DexOptions;Lcom/android/dx/dex/file/DexFile;)Lcom/android/dx/dex/file/ClassDefItem;+120
j  com.android.dx.dex.cf.CfTranslator.translate(Lcom/android/dx/cf/direct/DirectClassFile;[BLcom/android/dx/dex/cf/CfOptions;Lcom/android/dx/dex/DexOptions;Lcom/android/dx/dex/file/DexFile;)Lcom/android/dx/dex/file/ClassDefItem;+6
j  com.android.dx.command.dexer.Main.translateClass([BLcom/android/dx/cf/direct/DirectClassFile;)Lcom/android/dx/dex/file/ClassDefItem;+17
j  com.android.dx.command.dexer.Main.access$2700([BLcom/android/dx/cf/direct/DirectClassFile;)Lcom/android/dx/dex/file/ClassDefItem;+2
j  com.android.dx.command.dexer.Main$ClassTranslatorTask.call()Lcom/android/dx/dex/file/ClassDefItem;+8
j  com.android.dx.command.dexer.Main$ClassTranslatorTask.call()Ljava/lang/Object;+1
j  java.util.concurrent.FutureTask.run()V+42
j  java.util.concurrent.ThreadPoolExecutor.runWorker(Ljava/util/concurrent/ThreadPoolExecutor$Worker;)V+95
j  java.util.concurrent.ThreadPoolExecutor$Worker.run()V+5
j  java.lang.Thread.run()V+11
v  ~StubRoutines::call_stub
V  [libjvm.so+0x6257fa]  JavaCalls::call_helper(JavaValue*, methodHandle*, JavaCallArguments*, Thread*)+0xeea
V  [libjvm.so+0x622ed4]  JavaCalls::call_virtual(JavaValue*, KlassHandle, Symbol*, Symbol*, JavaCallArguments*, Thread*)+0x2a4
V  [libjvm.so+0x6234ca]  JavaCalls::call_virtual(JavaValue*, Handle, KlassHandle, Symbol*, Symbol*, Thread*)+0x4a
V  [libjvm.so+0x663efe]  thread_entry(JavaThread*, Thread*)+0x8e
V  [libjvm.so+0x986ec0]  JavaThread::thread_main_inner()+0xf0
V  [libjvm.so+0x8425b2]  java_start(Thread*)+0xf2
C  [libpthread.so.0+0x76fa]  start_thread+0xca


---------------  P R O C E S S  ---------------

Java Threads: ( => current thread )
  0x00007fd2e8150000 JavaThread "pool-2-thread-4" [_thread_blocked, id=22428, stack(0x00007fd28fcfd000,0x00007fd28fdfe000)]
=>0x00007fd2e814e800 JavaThread "pool-2-thread-3" [_thread_in_Java, id=22427, stack(0x00007fd28fdfe000,0x00007fd28feff000)]
  0x00007fd2e814d800 JavaThread "pool-2-thread-2" [_thread_blocked, id=22426, stack(0x00007fd28feff000,0x00007fd290000000)]
  0x00007fd2e814b000 JavaThread "pool-3-thread-1" [_thread_blocked, id=22421, stack(0x00007fd2d40c1000,0x00007fd2d41c2000)]
  0x00007fd2e8149000 JavaThread "pool-2-thread-1" [_thread_blocked, id=22420, stack(0x00007fd2d41c2000,0x00007fd2d42c3000)]
  0x00007fd2e80c4800 JavaThread "Service Thread" daemon [_thread_blocked, id=22385, stack(0x00007fd2d43c4000,0x00007fd2d44c5000)]
  0x00007fd2e80c1800 JavaThread "C1 CompilerThread2" daemon [_thread_in_native, id=22384, stack(0x00007fd2d44c5000,0x00007fd2d45c6000)]
  0x00007fd2e80c0000 JavaThread "C2 CompilerThread1" daemon [_thread_in_native, id=22382, stack(0x00007fd2d45c6000,0x00007fd2d46c7000)]
  0x00007fd2e80bd000 JavaThread "C2 CompilerThread0" daemon [_thread_in_native, id=22378, stack(0x00007fd2d46c7000,0x00007fd2d47c8000)]
  0x00007fd2e80bb800 JavaThread "Signal Dispatcher" daemon [_thread_blocked, id=22376, stack(0x00007fd2d47c8000,0x00007fd2d48c9000)]
  0x00007fd2e8087800 JavaThread "Finalizer" daemon [_thread_blocked, id=22363, stack(0x00007fd2d5288000,0x00007fd2d5389000)]
  0x00007fd2e8083000 JavaThread "Reference Handler" daemon [_thread_blocked, id=22361, stack(0x00007fd2d5389000,0x00007fd2d548a000)]
  0x00007fd2e800a000 JavaThread "main" [_thread_blocked, id=22335, stack(0x00007fd2f02ad000,0x00007fd2f03ae000)]

Other Threads:
  0x00007fd2e807b800 VMThread [stack: 0x00007fd2d548a000,0x00007fd2d558b000] [id=22359]
  0x00007fd2e80c7000 WatcherThread [stack: 0x00007fd2d42c3000,0x00007fd2d43c4000] [id=22386]

VM state:not at safepoint (normal execution)

VM Mutex/Monitor currently owned by a thread: None

Heap:
 PSYoungGen      total 75264K, used 44134K [0x00000000eab00000, 0x00000000eff00000, 0x0000000100000000)
  eden space 64512K, 68% used [0x00000000eab00000,0x00000000ed619998,0x00000000eea00000)
  from space 10752K, 0% used [0x00000000ef480000,0x00000000ef480000,0x00000000eff00000)
  to   space 10752K, 0% used [0x00000000eea00000,0x00000000eea00000,0x00000000ef480000)
 ParOldGen       total 172032K, used 0K [0x00000000c0000000, 0x00000000ca800000, 0x00000000eab00000)
  object space 172032K, 0% used [0x00000000c0000000,0x00000000c0000000,0x00000000ca800000)
 Metaspace       used 5631K, capacity 6832K, committed 7040K, reserved 1056768K
  class space    used 560K, capacity 616K, committed 640K, reserved 1048576K

Card table byte_map: [0x00007fd2ecf4a000,0x00007fd2ed14b000] byte_map_base: 0x00007fd2ec94a000

Marking Bits: (ParMarkBitMap*) 0x00007fd2ef77c1a0
 Begin Bits: [0x00007fd2d7000000, 0x00007fd2d8000000)
 End Bits:   [0x00007fd2d8000000, 0x00007fd2d9000000)

Polling page: 0x00007fd2f03cc000

CodeCache: size=245760Kb used=3073Kb max_used=3073Kb free=242686Kb
 bounds [0x00007fd2d9000000, 0x00007fd2d9310000, 0x00007fd2e8000000]
 total_blobs=1066 nmethods=806 adapters=176
 compilation: enabled

Compilation events (10 events):
Event: 1,031 Thread 0x00007fd2e80c1800 nmethod 883 0x00007fd2d92f2d90 code [0x00007fd2d92f2f20, 0x00007fd2d92f3278]
Event: 1,031 Thread 0x00007fd2e80c1800  882       2       com.android.dx.ssa.DeadCodeRemover::isCircularNoSideEffect (140 bytes)
Event: 1,032 Thread 0x00007fd2e80c1800 nmethod 882 0x00007fd2d92f7e90 code [0x00007fd2d92f8080, 0x00007fd2d92f86e8]
Event: 1,032 Thread 0x00007fd2e80c1800  805   !   2       com.android.dx.ssa.LocalVariableInfo::setStarts (40 bytes)
Event: 1,033 Thread 0x00007fd2e80bd000 nmethod 801 0x00007fd2d92f6190 code [0x00007fd2d92f6380, 0x00007fd2d92f6e78]
Event: 1,033 Thread 0x00007fd2e80bd000  863       4       com.android.dx.util.Bits::findFirst (61 bytes)
Event: 1,034 Thread 0x00007fd2e80bd000 nmethod 863 0x00007fd2d92edf10 code [0x00007fd2d92ee060, 0x00007fd2d92ee158]
Event: 1,034 Thread 0x00007fd2e80bd000  839       4       com.android.dx.ssa.DeadCodeRemover::hasSideEffect (11 bytes)
Event: 1,037 Thread 0x00007fd2e80bd000 nmethod 839 0x00007fd2d92f9d90 code [0x00007fd2d92f9f00, 0x00007fd2d92fa118]
Event: 1,037 Thread 0x00007fd2e80bd000  824       4       com.android.dx.ssa.NormalSsaInsn::mapSourceRegisters (48 bytes)

GC Heap History (0 events):
No events

Deoptimization events (7 events):
Event: 0,210 Thread 0x00007fd2e800a000 Uncommon trap: reason=unstable_if action=reinterpret pc=0x00007fd2d9152fd0 method=java.lang.String.indexOf(II)I @ 49
Event: 0,219 Thread 0x00007fd2e800a000 Uncommon trap: reason=unstable_if action=reinterpret pc=0x00007fd2d914eee8 method=java.lang.String.compareTo(Ljava/lang/String;)I @ 38
Event: 0,487 Thread 0x00007fd2e8149000 Uncommon trap: reason=unstable_if action=reinterpret pc=0x00007fd2d91d9e9c method=java.util.HashMap.getNode(ILjava/lang/Object;)Ljava/util/HashMap$Node; @ 129
Event: 0,727 Thread 0x00007fd2e8149000 Uncommon trap: reason=unstable_if action=reinterpret pc=0x00007fd2d9231e1c method=com.android.dx.rop.code.LocalItem.hashCode()I @ 25
Event: 0,780 Thread 0x00007fd2e814d800 Uncommon trap: reason=bimorphic action=maybe_recompile pc=0x00007fd2d9211554 method=java.util.HashMap.getNode(ILjava/lang/Object;)Ljava/util/HashMap$Node; @ 126
Event: 0,886 Thread 0x00007fd2e8150000 Uncommon trap: reason=unstable_if action=reinterpret pc=0x00007fd2d924702c method=com.android.dx.rop.code.RegisterSpec.equals(ILcom/android/dx/rop/type/TypeBearer;Lcom/android/dx/rop/code/LocalItem;)Z @ 42
Event: 1,012 Thread 0x00007fd2e8150000 Uncommon trap: reason=bimorphic action=maybe_recompile pc=0x00007fd2d9211554 method=java.util.HashMap.getNode(ILjava/lang/Object;)Ljava/util/HashMap$Node; @ 126

Internal exceptions (2 events):
Event: 0,054 Thread 0x00007fd2e800a000 Exception <a 'java/lang/NoSuchMethodError': Method sun.misc.Unsafe.defineClass(Ljava/lang/String;[BII)Ljava/lang/Class; name or signature does not match> (0x00000000eab07cc0) thrown at [/ssd/Android/AOSP-openjdk/external/jetbrains/jdk/hotspot/src/share/vm
Event: 0,054 Thread 0x00007fd2e800a000 Exception <a 'java/lang/NoSuchMethodError': Method sun.misc.Unsafe.prefetchRead(Ljava/lang/Object;J)V name or signature does not match> (0x00000000eab07fa8) thrown at [/ssd/Android/AOSP-openjdk/external/jetbrains/jdk/hotspot/src/share/vm/prims/jni.cpp, li

Events (10 events):
Event: 0,825 loading class java/util/DualPivotQuicksort
Event: 0,825 loading class java/util/DualPivotQuicksort done
Event: 0,836 Executing VM operation: ForceSafepoint
Event: 0,860 Executing VM operation: ForceSafepoint done
Event: 0,886 Thread 0x00007fd2e8150000 Uncommon trap: trap_request=0xffffff65 fr.pc=0x00007fd2d924702c
Event: 0,886 Thread 0x00007fd2e8150000 DEOPT PACKING pc=0x00007fd2d924702c sp=0x00007fd28fdfc1b0
Event: 0,886 Thread 0x00007fd2e8150000 DEOPT UNPACKING pc=0x00007fd2d9004f69 sp=0x00007fd28fdfc158 mode 2
Event: 1,012 Thread 0x00007fd2e8150000 Uncommon trap: trap_request=0xffffffc6 fr.pc=0x00007fd2d9211554
Event: 1,012 Thread 0x00007fd2e8150000 DEOPT PACKING pc=0x00007fd2d9211554 sp=0x00007fd28fdfc1a0
Event: 1,012 Thread 0x00007fd2e8150000 DEOPT UNPACKING pc=0x00007fd2d9004f69 sp=0x00007fd28fdfc0e8 mode 2


Dynamic libraries:
00400000-00401000 r-xp 00000000 08:01 117965799                          /usr/local/android-studio/jre/bin/java
00600000-00601000 r--p 00000000 08:01 117965799                          /usr/local/android-studio/jre/bin/java
00601000-00602000 rw-p 00001000 08:01 117965799                          /usr/local/android-studio/jre/bin/java
01141000-01162000 rw-p 00000000 00:00 0                                  [heap]
c0000000-ca800000 rw-p 00000000 00:00 0 
ca800000-eab00000 ---p 00000000 00:00 0 
eab00000-eff00000 rw-p 00000000 00:00 0 
eff00000-100000000 ---p 00000000 00:00 0 
100000000-1000a0000 rw-p 00000000 00:00 0 
1000a0000-140000000 ---p 00000000 00:00 0 
7fd280000000-7fd28029d000 rw-p 00000000 00:00 0 
7fd28029d000-7fd284000000 ---p 00000000 00:00 0 
7fd284000000-7fd284021000 rw-p 00000000 00:00 0 
7fd284021000-7fd288000000 ---p 00000000 00:00 0 
7fd288000000-7fd288021000 rw-p 00000000 00:00 0 
7fd288021000-7fd28c000000 ---p 00000000 00:00 0 
7fd28fcfd000-7fd28fd00000 ---p 00000000 00:00 0 
7fd28fd00000-7fd28fdfe000 rw-p 00000000 00:00 0 
7fd28fdfe000-7fd28fe01000 ---p 00000000 00:00 0 
7fd28fe01000-7fd28feff000 rw-p 00000000 00:00 0 
7fd28feff000-7fd28ff02000 ---p 00000000 00:00 0 
7fd28ff02000-7fd290000000 rw-p 00000000 00:00 0 
7fd290000000-7fd290064000 rw-p 00000000 00:00 0 
7fd290064000-7fd294000000 ---p 00000000 00:00 0 
7fd294000000-7fd294021000 rw-p 00000000 00:00 0 
7fd294021000-7fd298000000 ---p 00000000 00:00 0 
7fd298000000-7fd298021000 rw-p 00000000 00:00 0 
7fd298021000-7fd29c000000 ---p 00000000 00:00 0 
7fd29c000000-7fd29c021000 rw-p 00000000 00:00 0 
7fd29c021000-7fd2a0000000 ---p 00000000 00:00 0 
7fd2a0000000-7fd2a03b9000 rw-p 00000000 00:00 0 
7fd2a03b9000-7fd2a4000000 ---p 00000000 00:00 0 
7fd2a4000000-7fd2a4518000 rw-p 00000000 00:00 0 
7fd2a4518000-7fd2a8000000 ---p 00000000 00:00 0 
7fd2a8000000-7fd2a8021000 rw-p 00000000 00:00 0 
7fd2a8021000-7fd2ac000000 ---p 00000000 00:00 0 
7fd2ac000000-7fd2ac3fe000 rw-p 00000000 00:00 0 
7fd2ac3fe000-7fd2b0000000 ---p 00000000 00:00 0 
7fd2b0000000-7fd2b0021000 rw-p 00000000 00:00 0 
7fd2b0021000-7fd2b4000000 ---p 00000000 00:00 0 
7fd2b4000000-7fd2b4021000 rw-p 00000000 00:00 0 
7fd2b4021000-7fd2b8000000 ---p 00000000 00:00 0 
7fd2b8000000-7fd2b8021000 rw-p 00000000 00:00 0 
7fd2b8021000-7fd2bc000000 ---p 00000000 00:00 0 
7fd2bc000000-7fd2bc021000 rw-p 00000000 00:00 0 
7fd2bc021000-7fd2c0000000 ---p 00000000 00:00 0 
7fd2c0000000-7fd2c0021000 rw-p 00000000 00:00 0 
7fd2c0021000-7fd2c4000000 ---p 00000000 00:00 0 
7fd2c4000000-7fd2c4021000 rw-p 00000000 00:00 0 
7fd2c4021000-7fd2c8000000 ---p 00000000 00:00 0 
7fd2c8000000-7fd2c8021000 rw-p 00000000 00:00 0 
7fd2c8021000-7fd2cc000000 ---p 00000000 00:00 0 
7fd2cc000000-7fd2cc021000 rw-p 00000000 00:00 0 
7fd2cc021000-7fd2d0000000 ---p 00000000 00:00 0 
7fd2d0000000-7fd2d0021000 rw-p 00000000 00:00 0 
7fd2d0021000-7fd2d4000000 ---p 00000000 00:00 0 
7fd2d40c1000-7fd2d40c4000 ---p 00000000 00:00 0 
7fd2d40c4000-7fd2d41c2000 rw-p 00000000 00:00 0 
7fd2d41c2000-7fd2d41c5000 ---p 00000000 00:00 0 
7fd2d41c5000-7fd2d42c3000 rw-p 00000000 00:00 0 
7fd2d42c3000-7fd2d42c4000 ---p 00000000 00:00 0 
7fd2d42c4000-7fd2d43c4000 rw-p 00000000 00:00 0 
7fd2d43c4000-7fd2d43c7000 ---p 00000000 00:00 0 
7fd2d43c7000-7fd2d44c5000 rw-p 00000000 00:00 0 
7fd2d44c5000-7fd2d44c8000 ---p 00000000 00:00 0 
7fd2d44c8000-7fd2d45c6000 rw-p 00000000 00:00 0 
7fd2d45c6000-7fd2d45c9000 ---p 00000000 00:00 0 
7fd2d45c9000-7fd2d46c7000 rw-p 00000000 00:00 0 
7fd2d46c7000-7fd2d46ca000 ---p 00000000 00:00 0 
7fd2d46ca000-7fd2d47c8000 rw-p 00000000 00:00 0 
7fd2d47c8000-7fd2d47cb000 ---p 00000000 00:00 0 
7fd2d47cb000-7fd2d48c9000 rw-p 00000000 00:00 0 
7fd2d48c9000-7fd2d5288000 r--p 00000000 08:01 3939084                    /usr/lib/locale/locale-archive
7fd2d5288000-7fd2d528b000 ---p 00000000 00:00 0 
7fd2d528b000-7fd2d5389000 rw-p 00000000 00:00 0 
7fd2d5389000-7fd2d538c000 ---p 00000000 00:00 0 
7fd2d538c000-7fd2d548a000 rw-p 00000000 00:00 0 
7fd2d548a000-7fd2d548b000 ---p 00000000 00:00 0 
7fd2d548b000-7fd2d6e40000 rw-p 00000000 00:00 0 
7fd2d6e40000-7fd2d7000000 ---p 00000000 00:00 0 
7fd2d7000000-7fd2d9000000 rw-p 00000000 00:00 0 
7fd2d9000000-7fd2d9310000 rwxp 00000000 00:00 0 
7fd2d9310000-7fd2e8000000 ---p 00000000 00:00 0 
7fd2e8000000-7fd2e8384000 rw-p 00000000 00:00 0 
7fd2e8384000-7fd2ec000000 ---p 00000000 00:00 0 
7fd2ec00e000-7fd2ec019000 r--s 00097000 08:01 119668823                  /home/n3v10t/Android-Projects/BumbleBeeM/app/build/intermediates/exploded-aar/com.android.support/appcompat-v7/24.2.1/jars/classes.jar
7fd2ec019000-7fd2ec3ab000 rw-p 00000000 00:00 0 
7fd2ec3ab000-7fd2ec578000 r--s 03bec000 08:01 117965856                  /usr/local/android-studio/jre/jre/lib/rt.jar
7fd2ec578000-7fd2ec7ee000 rw-p 00000000 00:00 0 
7fd2ec7ee000-7fd2ec7ef000 ---p 00000000 00:00 0 
7fd2ec7ef000-7fd2ec8ef000 rw-p 00000000 00:00 0 
7fd2ec8ef000-7fd2ec8f0000 ---p 00000000 00:00 0 
7fd2ec8f0000-7fd2ec9f0000 rw-p 00000000 00:00 0 
7fd2ec9f0000-7fd2ec9f1000 ---p 00000000 00:00 0 
7fd2ec9f1000-7fd2ecaf1000 rw-p 00000000 00:00 0 
7fd2ecaf1000-7fd2ecaf2000 ---p 00000000 00:00 0 
7fd2ecaf2000-7fd2ecbf2000 rw-p 00000000 00:00 0 
7fd2ecbf2000-7fd2ecbf3000 ---p 00000000 00:00 0 
7fd2ecbf3000-7fd2eccf3000 rw-p 00000000 00:00 0 
7fd2eccf3000-7fd2eccf4000 ---p 00000000 00:00 0 
7fd2eccf4000-7fd2ece48000 rw-p 00000000 00:00 0 
7fd2ece48000-7fd2ecf4a000 ---p 00000000 00:00 0 
7fd2ecf4a000-7fd2ecf9e000 rw-p 00000000 00:00 0 
7fd2ecf9e000-7fd2ed09f000 ---p 00000000 00:00 0 
7fd2ed09f000-7fd2ed0ca000 rw-p 00000000 00:00 0 
7fd2ed0ca000-7fd2ed14a000 ---p 00000000 00:00 0 
7fd2ed14a000-7fd2ed158000 rw-p 00000000 00:00 0 
7fd2ed158000-7fd2ed50b000 ---p 00000000 00:00 0 
7fd2ed50b000-7fd2ed525000 r-xp 00000000 08:01 117965883                  /usr/local/android-studio/jre/jre/lib/amd64/libzip.so
7fd2ed525000-7fd2ed725000 ---p 0001a000 08:01 117965883                  /usr/local/android-studio/jre/jre/lib/amd64/libzip.so
7fd2ed725000-7fd2ed726000 r--p 0001a000 08:01 117965883                  /usr/local/android-studio/jre/jre/lib/amd64/libzip.so
7fd2ed726000-7fd2ed727000 rw-p 0001b000 08:01 117965883                  /usr/local/android-studio/jre/jre/lib/amd64/libzip.so
7fd2ed727000-7fd2ed732000 r-xp 00000000 08:01 22286722                   /lib/x86_64-linux-gnu/libnss_files-2.23.so
7fd2ed732000-7fd2ed931000 ---p 0000b000 08:01 22286722                   /lib/x86_64-linux-gnu/libnss_files-2.23.so
7fd2ed931000-7fd2ed932000 r--p 0000a000 08:01 22286722                   /lib/x86_64-linux-gnu/libnss_files-2.23.so
7fd2ed932000-7fd2ed933000 rw-p 0000b000 08:01 22286722                   /lib/x86_64-linux-gnu/libnss_files-2.23.so
7fd2ed933000-7fd2ed939000 rw-p 00000000 00:00 0 
7fd2ed939000-7fd2ed944000 r-xp 00000000 08:01 22286732                   /lib/x86_64-linux-gnu/libnss_nis-2.23.so
7fd2ed944000-7fd2edb43000 ---p 0000b000 08:01 22286732                   /lib/x86_64-linux-gnu/libnss_nis-2.23.so
7fd2edb43000-7fd2edb44000 r--p 0000a000 08:01 22286732                   /lib/x86_64-linux-gnu/libnss_nis-2.23.so
7fd2edb44000-7fd2edb45000 rw-p 0000b000 08:01 22286732                   /lib/x86_64-linux-gnu/libnss_nis-2.23.so
7fd2edb45000-7fd2edb5b000 r-xp 00000000 08:01 22286716                   /lib/x86_64-linux-gnu/libnsl-2.23.so
7fd2edb5b000-7fd2edd5a000 ---p 00016000 08:01 22286716                   /lib/x86_64-linux-gnu/libnsl-2.23.so
7fd2edd5a000-7fd2edd5b000 r--p 00015000 08:01 22286716                   /lib/x86_64-linux-gnu/libnsl-2.23.so
7fd2edd5b000-7fd2edd5c000 rw-p 00016000 08:01 22286716                   /lib/x86_64-linux-gnu/libnsl-2.23.so
7fd2edd5c000-7fd2edd5e000 rw-p 00000000 00:00 0 
7fd2edd5e000-7fd2edd66000 r-xp 00000000 08:01 22286718                   /lib/x86_64-linux-gnu/libnss_compat-2.23.so
7fd2edd66000-7fd2edf65000 ---p 00008000 08:01 22286718                   /lib/x86_64-linux-gnu/libnss_compat-2.23.so
7fd2edf65000-7fd2edf66000 r--p 00007000 08:01 22286718                   /lib/x86_64-linux-gnu/libnss_compat-2.23.so
7fd2edf66000-7fd2edf67000 rw-p 00008000 08:01 22286718                   /lib/x86_64-linux-gnu/libnss_compat-2.23.so
7fd2edf67000-7fd2edf94000 r-xp 00000000 08:01 117965893                  /usr/local/android-studio/jre/jre/lib/amd64/libjava.so
7fd2edf94000-7fd2ee193000 ---p 0002d000 08:01 117965893                  /usr/local/android-studio/jre/jre/lib/amd64/libjava.so
7fd2ee193000-7fd2ee194000 r--p 0002c000 08:01 117965893                  /usr/local/android-studio/jre/jre/lib/amd64/libjava.so
7fd2ee194000-7fd2ee196000 rw-p 0002d000 08:01 117965893                  /usr/local/android-studio/jre/jre/lib/amd64/libjava.so
7fd2ee196000-7fd2ee1a6000 r-xp 00000000 08:01 117965909                  /usr/local/android-studio/jre/jre/lib/amd64/libverify.so
7fd2ee1a6000-7fd2ee3a5000 ---p 00010000 08:01 117965909                  /usr/local/android-studio/jre/jre/lib/amd64/libverify.so
7fd2ee3a5000-7fd2ee3a7000 r--p 0000f000 08:01 117965909                  /usr/local/android-studio/jre/jre/lib/amd64/libverify.so
7fd2ee3a7000-7fd2ee3a8000 rw-p 00011000 08:01 117965909                  /usr/local/android-studio/jre/jre/lib/amd64/libverify.so
7fd2ee3a8000-7fd2ee3af000 r-xp 00000000 08:01 22286777                   /lib/x86_64-linux-gnu/librt-2.23.so
7fd2ee3af000-7fd2ee5ae000 ---p 00007000 08:01 22286777                   /lib/x86_64-linux-gnu/librt-2.23.so
7fd2ee5ae000-7fd2ee5af000 r--p 00006000 08:01 22286777                   /lib/x86_64-linux-gnu/librt-2.23.so
7fd2ee5af000-7fd2ee5b0000 rw-p 00007000 08:01 22286777                   /lib/x86_64-linux-gnu/librt-2.23.so
7fd2ee5b0000-7fd2ee6b8000 r-xp 00000000 08:01 22286693                   /lib/x86_64-linux-gnu/libm-2.23.so
7fd2ee6b8000-7fd2ee8b7000 ---p 00108000 08:01 22286693                   /lib/x86_64-linux-gnu/libm-2.23.so
7fd2ee8b7000-7fd2ee8b8000 r--p 00107000 08:01 22286693                   /lib/x86_64-linux-gnu/libm-2.23.so
7fd2ee8b8000-7fd2ee8b9000 rw-p 00108000 08:01 22286693                   /lib/x86_64-linux-gnu/libm-2.23.so
7fd2ee8b9000-7fd2ef49f000 r-xp 00000000 08:01 117965913                  /usr/local/android-studio/jre/jre/lib/amd64/server/libjvm.so
7fd2ef49f000-7fd2ef69f000 ---p 00be6000 08:01 117965913                  /usr/local/android-studio/jre/jre/lib/amd64/server/libjvm.so
7fd2ef69f000-7fd2ef73e000 r--p 00be6000 08:01 117965913                  /usr/local/android-studio/jre/jre/lib/amd64/server/libjvm.so
7fd2ef73e000-7fd2ef767000 rw-p 00c85000 08:01 117965913                  /usr/local/android-studio/jre/jre/lib/amd64/server/libjvm.so
7fd2ef767000-7fd2ef7a9000 rw-p 00000000 00:00 0 
7fd2ef7a9000-7fd2ef7c1000 r-xp 00000000 08:01 22286769                   /lib/x86_64-linux-gnu/libpthread-2.23.so
7fd2ef7c1000-7fd2ef9c0000 ---p 00018000 08:01 22286769                   /lib/x86_64-linux-gnu/libpthread-2.23.so
7fd2ef9c0000-7fd2ef9c1000 r--p 00017000 08:01 22286769                   /lib/x86_64-linux-gnu/libpthread-2.23.so
7fd2ef9c1000-7fd2ef9c2000 rw-p 00018000 08:01 22286769                   /lib/x86_64-linux-gnu/libpthread-2.23.so
7fd2ef9c2000-7fd2ef9c6000 rw-p 00000000 00:00 0 
7fd2ef9c6000-7fd2ef9c9000 r-xp 00000000 08:01 22286647                   /lib/x86_64-linux-gnu/libdl-2.23.so
7fd2ef9c9000-7fd2efbc8000 ---p 00003000 08:01 22286647                   /lib/x86_64-linux-gnu/libdl-2.23.so
7fd2efbc8000-7fd2efbc9000 r--p 00002000 08:01 22286647                   /lib/x86_64-linux-gnu/libdl-2.23.so
7fd2efbc9000-7fd2efbca000 rw-p 00003000 08:01 22286647                   /lib/x86_64-linux-gnu/libdl-2.23.so
7fd2efbca000-7fd2efd8a000 r-xp 00000000 08:01 22286623                   /lib/x86_64-linux-gnu/libc-2.23.so
7fd2efd8a000-7fd2eff89000 ---p 001c0000 08:01 22286623                   /lib/x86_64-linux-gnu/libc-2.23.so
7fd2eff89000-7fd2eff8d000 r--p 001bf000 08:01 22286623                   /lib/x86_64-linux-gnu/libc-2.23.so
7fd2eff8d000-7fd2eff8f000 rw-p 001c3000 08:01 22286623                   /lib/x86_64-linux-gnu/libc-2.23.so
7fd2eff8f000-7fd2eff93000 rw-p 00000000 00:00 0 
7fd2eff93000-7fd2effa9000 r-xp 00000000 08:01 117965773                  /usr/local/android-studio/jre/lib/amd64/jli/libjli.so
7fd2effa9000-7fd2f01a8000 ---p 00016000 08:01 117965773                  /usr/local/android-studio/jre/lib/amd64/jli/libjli.so
7fd2f01a8000-7fd2f01a9000 r--p 00015000 08:01 117965773                  /usr/local/android-studio/jre/lib/amd64/jli/libjli.so
7fd2f01a9000-7fd2f01aa000 rw-p 00016000 08:01 117965773                  /usr/local/android-studio/jre/lib/amd64/jli/libjli.so
7fd2f01aa000-7fd2f01d0000 r-xp 00000000 08:01 22286595                   /lib/x86_64-linux-gnu/ld-2.23.so
7fd2f01d4000-7fd2f02ad000 rw-p 00000000 00:00 0 
7fd2f02ad000-7fd2f02b0000 ---p 00000000 00:00 0 
7fd2f02b0000-7fd2f03b2000 rw-p 00000000 00:00 0 
7fd2f03b5000-7fd2f03c3000 r--s 000e0000 08:01 106696168                  /home/n3v10t/Android/Sdk/build-tools/24.0.1/lib/dx.jar
7fd2f03c3000-7fd2f03cb000 rw-s 00000000 08:01 107088978                  /tmp/hsperfdata_n3v10t/22332
7fd2f03cb000-7fd2f03cc000 rw-p 00000000 00:00 0 
7fd2f03cc000-7fd2f03cd000 r--p 00000000 00:00 0 
7fd2f03cd000-7fd2f03cf000 rw-p 00000000 00:00 0 
7fd2f03cf000-7fd2f03d0000 r--p 00025000 08:01 22286595                   /lib/x86_64-linux-gnu/ld-2.23.so
7fd2f03d0000-7fd2f03d1000 rw-p 00026000 08:01 22286595                   /lib/x86_64-linux-gnu/ld-2.23.so
7fd2f03d1000-7fd2f03d2000 rw-p 00000000 00:00 0 
7ffc9df5a000-7ffc9df7c000 rw-p 00000000 00:00 0                          [stack]
7ffc9dfee000-7ffc9dff0000 r--p 00000000 00:00 0                          [vvar]
7ffc9dff0000-7ffc9dff2000 r-xp 00000000 00:00 0                          [vdso]
ffffffffff600000-ffffffffff601000 r-xp 00000000 00:00 0                  [vsyscall]

VM Arguments:
jvm_args: -Djava.awt.headless=true -Xmx1024M -Dfile.encoding=UTF-8 -Duser.country=US -Duser.language=en -Duser.variant 
java_command: com.android.dx.command.Main --dex --force-jumbo --num-threads=4 --multi-dex --output /home/n3v10t/Android-Projects/BumbleBeeM/app/build/intermediates/transforms/dex/debug/folders/1000/10/com.android.support-appcompat-v7-24.2.1_670c1504af11a08bf435826b11c21c443d54c0d3 /home/n3v10t/Android-Projects/BumbleBeeM/app/build/intermediates/exploded-aar/com.android.support/appcompat-v7/24.2.1/jars/classes.jar
java_class_path (initial): /home/n3v10t/Android/Sdk/build-tools/24.0.1/lib/dx.jar
Launcher Type: SUN_STANDARD

Environment Variables:
PATH=/home/n3v10t/bin:/home/n3v10t/.local/bin:/usr/local/sbin:/usr/local/bin:/usr/sbin:/usr/bin:/sbin:/bin:/usr/games:/usr/local/games:/snap/bin
LD_LIBRARY_PATH=.:
SHELL=/bin/bash
DISPLAY=:0

Signal Handlers:
SIGSEGV: [libjvm.so+0x9daac0], sa_mask[0]=11111111011111111101111111111110, sa_flags=SA_RESTART|SA_SIGINFO
SIGBUS: [libjvm.so+0x9daac0], sa_mask[0]=11111111011111111101111111111110, sa_flags=SA_RESTART|SA_SIGINFO
SIGFPE: [libjvm.so+0x840d90], sa_mask[0]=11111111011111111101111111111110, sa_flags=SA_RESTART|SA_SIGINFO
SIGPIPE: [libjvm.so+0x840d90], sa_mask[0]=11111111011111111101111111111110, sa_flags=SA_RESTART|SA_SIGINFO
SIGXFSZ: [libjvm.so+0x840d90], sa_mask[0]=11111111011111111101111111111110, sa_flags=SA_RESTART|SA_SIGINFO
SIGILL: [libjvm.so+0x840d90], sa_mask[0]=11111111011111111101111111111110, sa_flags=SA_RESTART|SA_SIGINFO
SIGUSR1: SIG_DFL, sa_mask[0]=00000000000000000000000000000000, sa_flags=none
SIGUSR2: [libjvm.so+0x840c60], sa_mask[0]=00100000000000000000000000000000, sa_flags=SA_RESTART|SA_SIGINFO
SIGHUP: [libjvm.so+0x840e50], sa_mask[0]=11111111011111111101111111111110, sa_flags=SA_RESTART|SA_SIGINFO
SIGINT: [libjvm.so+0x840e50], sa_mask[0]=11111111011111111101111111111110, sa_flags=SA_RESTART|SA_SIGINFO
SIGTERM: [libjvm.so+0x840e50], sa_mask[0]=11111111011111111101111111111110, sa_flags=SA_RESTART|SA_SIGINFO
SIGQUIT: [libjvm.so+0x840e50], sa_mask[0]=11111111011111111101111111111110, sa_flags=SA_RESTART|SA_SIGINFO


---------------  S Y S T E M  ---------------

OS:DISTRIB_ID=Ubuntu
DISTRIB_RELEASE=16.04
DISTRIB_CODENAME=xenial
DISTRIB_DESCRIPTION="Ubuntu 16.04.1 LTS"

uname:Linux 4.4.0-42-generic #62-Ubuntu SMP Fri Oct 7 23:11:45 UTC 2016 x86_64
libc:glibc 2.23 NPTL 2.23 
rlimit: STACK 8192k, CORE 0k, NPROC 63770, NOFILE 65536, AS infinity
load average:3,30 1,14 0,80

/proc/meminfo:
MemTotal:       16431440 kB
MemFree:         5587032 kB
MemAvailable:   12706820 kB
Buffers:          279360 kB
Cached:          6838212 kB
SwapCached:            0 kB
Active:          8123284 kB
Inactive:        2112740 kB
Active(anon):    3120236 kB
Inactive(anon):    62936 kB
Active(file):    5003048 kB
Inactive(file):  2049804 kB
Unevictable:          64 kB
Mlocked:              64 kB
SwapTotal:      16774140 kB
SwapFree:       16774140 kB
Dirty:             23212 kB
Writeback:             0 kB
AnonPages:       3124876 kB
Mapped:           370956 kB
Shmem:             64684 kB
Slab:             448968 kB
SReclaimable:     404224 kB
SUnreclaim:        44744 kB
KernelStack:       13824 kB
PageTables:        50036 kB
NFS_Unstable:          0 kB
Bounce:                0 kB
WritebackTmp:          0 kB
CommitLimit:    24989860 kB
Committed_AS:    9497464 kB
VmallocTotal:   34359738367 kB
VmallocUsed:           0 kB
VmallocChunk:          0 kB
HardwareCorrupted:     0 kB
AnonHugePages:   1591296 kB
CmaTotal:              0 kB
CmaFree:               0 kB
HugePages_Total:       0
HugePages_Free:        0
HugePages_Rsvd:        0
HugePages_Surp:        0
Hugepagesize:       2048 kB
DirectMap4k:      209472 kB
DirectMap2M:     6080512 kB
DirectMap1G:    10485760 kB


CPU:total 6 (6 cores per cpu, 1 threads per core) family 16 model 10 stepping 0, cmov, cx8, fxsr, mmx, sse, sse2, sse3, popcnt, mmxext, 3dnowpref, lzcnt, sse4a, tsc, tscinvbit, tscinv

/proc/cpuinfo:
processor	: 0
vendor_id	: AuthenticAMD
cpu family	: 16
model		: 10
model name	: AMD Phenom(tm) II X6 1090T Processor
stepping	: 0
microcode	: 0x10000bf
cpu MHz		: 3200.000
cache size	: 512 KB
physical id	: 0
siblings	: 6
core id		: 0
cpu cores	: 6
apicid		: 0
initial apicid	: 0
fpu		: yes
fpu_exception	: yes
cpuid level	: 6
wp		: yes
flags		: fpu vme de pse tsc msr pae mce cx8 apic sep mtrr pge mca cmov pat pse36 clflush mmx fxsr sse sse2 ht syscall nx mmxext fxsr_opt pdpe1gb rdtscp lm 3dnowext 3dnow constant_tsc rep_good nopl nonstop_tsc extd_apicid aperfmperf pni monitor cx16 popcnt lahf_lm cmp_legacy svm extapic cr8_legacy abm sse4a misalignsse 3dnowprefetch osvw ibs skinit wdt cpb hw_pstate vmmcall npt lbrv svm_lock nrip_save pausefilter
bugs		: tlb_mmatch apic_c1e fxsave_leak sysret_ss_attrs
bogomips	: 7449.35
TLB size	: 1024 4K pages
clflush size	: 64
cache_alignment	: 64
address sizes	: 48 bits physical, 48 bits virtual
power management: ts ttp tm stc 100mhzsteps hwpstate cpb

processor	: 1
vendor_id	: AuthenticAMD
cpu family	: 16
model		: 10
model name	: AMD Phenom(tm) II X6 1090T Processor
stepping	: 0
microcode	: 0x10000bf
cpu MHz		: 3200.000
cache size	: 512 KB
physical id	: 0
siblings	: 6
core id		: 1
cpu cores	: 6
apicid		: 1
initial apicid	: 1
fpu		: yes
fpu_exception	: yes
cpuid level	: 6
wp		: yes
flags		: fpu vme de pse tsc msr pae mce cx8 apic sep mtrr pge mca cmov pat pse36 clflush mmx fxsr sse sse2 ht syscall nx mmxext fxsr_opt pdpe1gb rdtscp lm 3dnowext 3dnow constant_tsc rep_good nopl nonstop_tsc extd_apicid aperfmperf pni monitor cx16 popcnt lahf_lm cmp_legacy svm extapic cr8_legacy abm sse4a misalignsse 3dnowprefetch osvw ibs skinit wdt cpb hw_pstate vmmcall npt lbrv svm_lock nrip_save pausefilter
bugs		: tlb_mmatch apic_c1e fxsave_leak sysret_ss_attrs
bogomips	: 7449.35
TLB size	: 1024 4K pages
clflush size	: 64
cache_alignment	: 64
address sizes	: 48 bits physical, 48 bits virtual
power management: ts ttp tm stc 100mhzsteps hwpstate cpb

processor	: 2
vendor_id	: AuthenticAMD
cpu family	: 16
model		: 10
model name	: AMD Phenom(tm) II X6 1090T Processor
stepping	: 0
microcode	: 0x10000bf
cpu MHz		: 3200.000
cache size	: 512 KB
physical id	: 0
siblings	: 6
core id		: 2
cpu cores	: 6
apicid		: 2
initial apicid	: 2
fpu		: yes
fpu_exception	: yes
cpuid level	: 6
wp		: yes
flags		: fpu vme de pse tsc msr pae mce cx8 apic sep mtrr pge mca cmov pat pse36 clflush mmx fxsr sse sse2 ht syscall nx mmxext fxsr_opt pdpe1gb rdtscp lm 3dnowext 3dnow constant_tsc rep_good nopl nonstop_tsc extd_apicid aperfmperf pni monitor cx16 popcnt lahf_lm cmp_legacy svm extapic cr8_legacy abm sse4a misalignsse 3dnowprefetch osvw ibs skinit wdt cpb hw_pstate vmmcall npt lbrv svm_lock nrip_save pausefilter
bugs		: tlb_mmatch apic_c1e fxsave_leak sysret_ss_attrs
bogomips	: 7449.35
TLB size	: 1024 4K pages
clflush size	: 64
cache_alignment	: 64
address sizes	: 48 bits physical, 48 bits virtual
power management: ts ttp tm stc 100mhzsteps hwpstate cpb

processor	: 3
vendor_id	: AuthenticAMD
cpu family	: 16
model		: 10
model name	: AMD Phenom(tm) II X6 1090T Processor
stepping	: 0
microcode	: 0x10000bf
cpu MHz		: 3200.000
cache size	: 512 KB
physical id	: 0
siblings	: 6
core id		: 3
cpu cores	: 6
apicid		: 3
initial apicid	: 3
fpu		: yes
fpu_exception	: yes
cpuid level	: 6
wp		: yes
flags		: fpu vme de pse tsc msr pae mce cx8 apic sep mtrr pge mca cmov pat pse36 clflush mmx fxsr sse sse2 ht syscall nx mmxext fxsr_opt pdpe1gb rdtscp lm 3dnowext 3dnow constant_tsc rep_good nopl nonstop_tsc extd_apicid aperfmperf pni monitor cx16 popcnt lahf_lm cmp_legacy svm extapic cr8_legacy abm sse4a misalignsse 3dnowprefetch osvw ibs skinit wdt cpb hw_pstate vmmcall npt lbrv svm_lock nrip_save pausefilter
bugs		: tlb_mmatch apic_c1e fxsave_leak sysret_ss_attrs
bogomips	: 7449.35
TLB size	: 1024 4K pages
clflush size	: 64
cache_alignment	: 64
address sizes	: 48 bits physical, 48 bits virtual
power management: ts ttp tm stc 100mhzsteps hwpstate cpb

processor	: 4
vendor_id	: AuthenticAMD
cpu family	: 16
model		: 10
model name	: AMD Phenom(tm) II X6 1090T Processor
stepping	: 0
microcode	: 0x10000bf
cpu MHz		: 3200.000
cache size	: 512 KB
physical id	: 0
siblings	: 6
core id		: 4
cpu cores	: 6
apicid		: 4
initial apicid	: 4
fpu		: yes
fpu_exception	: yes
cpuid level	: 6
wp		: yes
flags		: fpu vme de pse tsc msr pae mce cx8 apic sep mtrr pge mca cmov pat pse36 clflush mmx fxsr sse sse2 ht syscall nx mmxext fxsr_opt pdpe1gb rdtscp lm 3dnowext 3dnow constant_tsc rep_good nopl nonstop_tsc extd_apicid aperfmperf pni monitor cx16 popcnt lahf_lm cmp_legacy svm extapic cr8_legacy abm sse4a misalignsse 3dnowprefetch osvw ibs skinit wdt cpb hw_pstate vmmcall npt lbrv svm_lock nrip_save pausefilter
bugs		: tlb_mmatch apic_c1e fxsave_leak sysret_ss_attrs
bogomips	: 7449.35
TLB size	: 1024 4K pages
clflush size	: 64
cache_alignment	: 64
address sizes	: 48 bits physical, 48 bits virtual
power management: ts ttp tm stc 100mhzsteps hwpstate cpb

processor	: 5
vendor_id	: AuthenticAMD
cpu family	: 16
model		: 10
model name	: AMD Phenom(tm) II X6 1090T Processor
stepping	: 0
microcode	: 0x10000bf
cpu MHz		: 3200.000
cache size	: 512 KB
physical id	: 0
siblings	: 6
core id		: 5
cpu cores	: 6
apicid		: 5
initial apicid	: 5
fpu		: yes
fpu_exception	: yes
cpuid level	: 6
wp		: yes
flags		: fpu vme de pse tsc msr pae mce cx8 apic sep mtrr pge mca cmov pat pse36 clflush mmx fxsr sse sse2 ht syscall nx mmxext fxsr_opt pdpe1gb rdtscp lm 3dnowext 3dnow constant_tsc rep_good nopl nonstop_tsc extd_apicid aperfmperf pni monitor cx16 popcnt lahf_lm cmp_legacy svm extapic cr8_legacy abm sse4a misalignsse 3dnowprefetch osvw ibs skinit wdt cpb hw_pstate vmmcall npt lbrv svm_lock nrip_save pausefilter
bugs		: tlb_mmatch apic_c1e fxsave_leak sysret_ss_attrs
bogomips	: 7449.35
TLB size	: 1024 4K pages
clflush size	: 64
cache_alignment	: 64
address sizes	: 48 bits physical, 48 bits virtual
power management: ts ttp tm stc 100mhzsteps hwpstate cpb



Memory: 4k page, physical 16431440k(5586784k free), swap 16774140k(16774140k free)

vm_info: OpenJDK 64-Bit Server VM (25.76-b03) for linux-amd64 JRE (1.8.0_76-release-b03), built on Jun 29 2016 09:39:19 by "builder" with gcc 4.8.4

time: Thu Oct 20 13:19:57 2016
elapsed time: 1 seconds (0d 0h 0m 1s)

