#
# A fatal error has been detected by the Java Runtime Environment:
#
#  SIGSEGV (0xb) at pc=0x00007f4b130d6876, pid=22209, tid=0x00007f4ae0933700
#
# JRE version: OpenJDK Runtime Environment (8.0_76-b03) (build 1.8.0_76-release-b03)
# Java VM: OpenJDK 64-Bit Server VM (25.76-b03 mixed mode linux-amd64 compressed oops)
# Problematic frame:
# V  [libjvm.so+0x401876]  ciObjectFactory::create_new_metadata(Metadata*)+0x316
#
# Failed to write core dump. Core dumps have been disabled. To enable core dumping, try "ulimit -c unlimited" before starting Java again
#
# If you would like to submit a bug report, please visit:
#   http://bugreport.java.com/bugreport/crash.jsp
#

---------------  T H R E A D  ---------------

Current thread (0x00007f4b0c0c2000):  JavaThread "C1 CompilerThread2" daemon [_thread_in_vm, id=22267, stack(0x00007f4ae0833000,0x00007f4ae0934000)]

siginfo: si_signo: 11 (SIGSEGV), si_code: 1 (SEGV_MAPERR), si_addr: 0x0000000000000008

Registers:
RAX=0x0000000000000000, RBX=0x0000000100031d60, RCX=0x00007f4b13ddd2c0, RDX=0x00007f4ae0933a20
RSP=0x00007f4ae0931dc0, RBP=0x00007f4ae0931e10, RSI=0x0000000000000001, RDI=0x0000000100031d60
R8 =0x0000000000000003, R9 =0x0000000000000328, R10=0x0000000048311790, R11=0x00007f4b136f1c70
R12=0x00007f4b0c0c2000, R13=0x00007f4ad0055d10, R14=0x00007f4ad00ccda0, R15=0x0000000000000075
RIP=0x00007f4b130d6876, EFLAGS=0x0000000000010202, CSGSFS=0x0000000000000033, ERR=0x0000000000000004
  TRAPNO=0x000000000000000e

Top of Stack: (sp=0x00007f4ae0931dc0)
0x00007f4ae0931dc0:   00007f010000000e 00007f4ad00ccd50
0x00007f4ae0931dd0:   00007f4ae0931e20 00007f4ac84c1a00
0x00007f4ae0931de0:   00007f4b10726b50 0000000000000066
0x00007f4ae0931df0:   0000000100031d60 00007f4ad0055d10
0x00007f4ae0931e00:   00007f4ad00ccda0 0000000000000075
0x00007f4ae0931e10:   00007f4ae0931e50 00007f4b130d52ff
0x00007f4ae0931e20:   00007f4ae0931e50 0000000100031d60
0x00007f4ae0931e30:   0000000000000001 0000000000000003
0x00007f4ae0931e40:   00007f4ad00ccda0 00007f4ad00ccd90
0x00007f4ae0931e50:   00007f4ae0931e90 00007f4b130ce11b
0x00007f4ae0931e60:   00007f4b107d4300 00007f4ac84c2b00
0x00007f4ae0931e70:   00007f4b107d4300 00007f4ad00ccda0
0x00007f4ae0931e80:   00007f4ac84c2cb0 00007f4ad00ccd90
0x00007f4ae0931e90:   00007f4ae0931f10 00007f4b130d034f
0x00007f4ae0931ea0:   00007f4b14636220 0000000000000073
0x00007f4ae0931eb0:   00000000000083b0 00007f4ad00cd1e8
0x00007f4ae0931ec0:   00007f4ad00ccd50 00007f4b107d4400
0x00007f4ae0931ed0:   00007f4b0c0c2400 00007f4ad00c5200
0x00007f4ae0931ee0:   00000000eab64db8 0000000000000001
0x00007f4ae0931ef0:   00007f4ac84c1a00 00007f4b13b6e770
0x00007f4ae0931f00:   00007f4ae0931f90 00007f4b107d4300
0x00007f4ae0931f10:   00007f4ae0931f70 00007f4b130c7a36
0x00007f4ae0931f20:   00007f4ae0931fe0 00007f4b0c0c2000
0x00007f4ae0931f30:   00007f4ac84bc2c0 00007f4ae093205f
0x00007f4ae0931f40:   00007f4ae0931fb0 00007f4ac84c1a00
0x00007f4ae0931f50:   00007f4ae0931f90 00007f4b13b6e770
0x00007f4ae0931f60:   00007f4b0c0c2000 0000000000000001
0x00007f4ae0931f70:   00007f4ae0931fc0 00007f4b130cb815
0x00007f4ae0931f80:   00007f4ac84c1a00 00007f4b10728220
0x00007f4ae0931f90:   00007f4b10728220 00007f4b0c0c2000
0x00007f4ae0931fa0:   00007f4ac84c1a00 00007f4ae09323a0
0x00007f4ae0931fb0:   0000000000000000 00000000000000b7 

Instructions: (pc=0x00007f4b130d6876)
0x00007f4b130d6856:   06 48 83 c4 28 4c 89 e8 5b 41 5c 41 5d 41 5e 41
0x00007f4b130d6866:   5f 5d c3 0f 1f 80 00 00 00 00 48 8b 03 48 89 df
0x00007f4b130d6876:   ff 50 08 84 c0 0f 84 16 fd ff ff 8b 43 08 85 c0
0x00007f4b130d6886:   0f 8e 0b fd ff ff f6 83 fe 00 00 00 08 0f 84 fe 

Register to memory mapping:

RAX=0x0000000000000000 is an unknown value
RBX=0x0000000100031d60 is pointing into metadata
RCX=0x00007f4b13ddd2c0: <offset 0x2182c0> in /lib/x86_64-linux-gnu/libpthread.so.0 at 0x00007f4b13bc5000
RDX=0x00007f4ae0933a20 is pointing into the stack for thread: 0x00007f4b0c0c2000
RSP=0x00007f4ae0931dc0 is pointing into the stack for thread: 0x00007f4b0c0c2000
RBP=0x00007f4ae0931e10 is pointing into the stack for thread: 0x00007f4b0c0c2000
RSI=0x0000000000000001 is an unknown value
RDI=0x0000000100031d60 is pointing into metadata
R8 =0x0000000000000003 is an unknown value
R9 =0x0000000000000328 is an unknown value
R10=0x0000000048311790 is an unknown value
R11=0x00007f4b136f1c70: <offset 0xa1cc70> in /usr/local/android-studio/jre/jre/lib/amd64/server/libjvm.so at 0x00007f4b12cd5000
R12=0x00007f4b0c0c2000 is a thread
R13=0x00007f4ad0055d10 is an unknown value
R14=0x00007f4ad00ccda0 is an unknown value
R15=0x0000000000000075 is an unknown value


Stack: [0x00007f4ae0833000,0x00007f4ae0934000],  sp=0x00007f4ae0931dc0,  free space=1019k
Native frames: (J=compiled Java code, j=interpreted, Vv=VM code, C=native code)
V  [libjvm.so+0x401876]  ciObjectFactory::create_new_metadata(Metadata*)+0x316
V  [libjvm.so+0x4002ff]  ciObjectFactory::get_metadata(Metadata*)+0x7f
V  [libjvm.so+0x3f911b]  ciReceiverTypeData::translate_receiver_data_from(ProfileData const*)+0x7b
V  [libjvm.so+0x3fb34f]  ciMethodData::load_data()+0x19f
V  [libjvm.so+0x3f2a36]  ciMethod::ensure_method_data(methodHandle)+0xa6
V  [libjvm.so+0x3f6815]  ciMethod::ensure_method_data()+0xa5
V  [libjvm.so+0x3473c2]  GraphBuilder::try_inline_full(ciMethod*, bool, Bytecodes::Code, Instruction*)+0x2d2
V  [libjvm.so+0x347c32]  GraphBuilder::try_inline(ciMethod*, bool, Bytecodes::Code, Instruction*)+0x152
V  [libjvm.so+0x34872e]  GraphBuilder::invoke(Bytecodes::Code)+0xabe
V  [libjvm.so+0x345ef6]  GraphBuilder::iterate_bytecodes_for_block(int)+0x1bb6
V  [libjvm.so+0x346374]  GraphBuilder::iterate_all_blocks(bool)+0x84
V  [libjvm.so+0x34673d]  GraphBuilder::GraphBuilder(Compilation*, IRScope*)+0x36d
V  [libjvm.so+0x34c4c1]  IRScope::IRScope(Compilation*, IRScope*, int, ciMethod*, int, bool)+0x171
V  [libjvm.so+0x34d1bd]  IR::IR(Compilation*, ciMethod*, int)+0xad
V  [libjvm.so+0x32f4f0]  Compilation::build_hir()+0xf0
V  [libjvm.so+0x330b5a]  Compilation::compile_java_method()+0xfa
V  [libjvm.so+0x330f2a]  Compilation::compile_method()+0x7a
V  [libjvm.so+0x3313e3]  Compilation::Compilation(AbstractCompiler*, ciEnv*, ciMethod*, int, BufferBlob*)+0x243
V  [libjvm.so+0x3320f8]  Compiler::compile_method(ciEnv*, ciMethod*, int)+0xa8
V  [libjvm.so+0x46d832]  CompileBroker::invoke_compiler_on_method(CompileTask*)+0x8b2
V  [libjvm.so+0x46e6e8]  CompileBroker::compiler_thread_loop()+0x4e8
V  [libjvm.so+0x986ec0]  JavaThread::thread_main_inner()+0xf0
V  [libjvm.so+0x8425b2]  java_start(Thread*)+0xf2
C  [libpthread.so.0+0x76fa]  start_thread+0xca


Current CompileTask:
C1:    923  693       2       com.android.dx.ssa.SsaRenamer$BlockRenamer::process (191 bytes)


---------------  P R O C E S S  ---------------

Java Threads: ( => current thread )
  0x00007f4b0c163000 JavaThread "pool-2-thread-4" [_thread_in_Java, id=22291, stack(0x00007f4ae012c000,0x00007f4ae022d000)]
  0x00007f4b0c161800 JavaThread "pool-2-thread-3" [_thread_in_Java, id=22290, stack(0x00007f4ae022d000,0x00007f4ae032e000)]
  0x00007f4b0c152800 JavaThread "pool-2-thread-2" [_thread_in_Java, id=22285, stack(0x00007f4ae032e000,0x00007f4ae042f000)]
  0x00007f4b0c150800 JavaThread "pool-3-thread-1" [_thread_blocked, id=22284, stack(0x00007f4ae042f000,0x00007f4ae0530000)]
  0x00007f4b0c14f000 JavaThread "pool-2-thread-1" [_thread_in_Java, id=22280, stack(0x00007f4ae0530000,0x00007f4ae0631000)]
  0x00007f4b0c0c4800 JavaThread "Service Thread" daemon [_thread_blocked, id=22272, stack(0x00007f4ae0732000,0x00007f4ae0833000)]
=>0x00007f4b0c0c2000 JavaThread "C1 CompilerThread2" daemon [_thread_in_vm, id=22267, stack(0x00007f4ae0833000,0x00007f4ae0934000)]
  0x00007f4b0c0c0000 JavaThread "C2 CompilerThread1" daemon [_thread_in_native, id=22262, stack(0x00007f4ae0934000,0x00007f4ae0a35000)]
  0x00007f4b0c0bd000 JavaThread "C2 CompilerThread0" daemon [_thread_in_native, id=22261, stack(0x00007f4ae0a35000,0x00007f4ae0b36000)]
  0x00007f4b0c0bb800 JavaThread "Signal Dispatcher" daemon [_thread_blocked, id=22260, stack(0x00007f4ae0b36000,0x00007f4ae0c37000)]
  0x00007f4b0c087800 JavaThread "Finalizer" daemon [_thread_blocked, id=22251, stack(0x00007f4ae15f6000,0x00007f4ae16f7000)]
  0x00007f4b0c083000 JavaThread "Reference Handler" daemon [_thread_blocked, id=22243, stack(0x00007f4ae16f7000,0x00007f4ae17f8000)]
  0x00007f4b0c00a000 JavaThread "main" [_thread_blocked, id=22211, stack(0x00007f4b146c9000,0x00007f4b147ca000)]

Other Threads:
  0x00007f4b0c07b800 VMThread [stack: 0x00007f4ae17f8000,0x00007f4ae18f9000] [id=22230]
  0x00007f4b0c0c7000 WatcherThread [stack: 0x00007f4ae0631000,0x00007f4ae0732000] [id=22274]

VM state:not at safepoint (normal execution)

VM Mutex/Monitor currently owned by a thread: None

Heap:
 PSYoungGen      total 75264K, used 28648K [0x00000000eab00000, 0x00000000eff00000, 0x0000000100000000)
  eden space 64512K, 44% used [0x00000000eab00000,0x00000000ec6fa3b0,0x00000000eea00000)
  from space 10752K, 0% used [0x00000000ef480000,0x00000000ef480000,0x00000000eff00000)
  to   space 10752K, 0% used [0x00000000eea00000,0x00000000eea00000,0x00000000ef480000)
 ParOldGen       total 172032K, used 0K [0x00000000c0000000, 0x00000000ca800000, 0x00000000eab00000)
  object space 172032K, 0% used [0x00000000c0000000,0x00000000c0000000,0x00000000ca800000)
 Metaspace       used 5527K, capacity 6768K, committed 7040K, reserved 1056768K
  class space    used 561K, capacity 616K, committed 640K, reserved 1048576K

Card table byte_map: [0x00007f4b11366000,0x00007f4b11567000] byte_map_base: 0x00007f4b10d66000

Marking Bits: (ParMarkBitMap*) 0x00007f4b13b981a0
 Begin Bits: [0x00007f4ae2000000, 0x00007f4ae3000000)
 End Bits:   [0x00007f4ae3000000, 0x00007f4ae4000000)

Polling page: 0x00007f4b147e8000

CodeCache: size=245760Kb used=2509Kb max_used=2509Kb free=243251Kb
 bounds [0x00007f4afd000000, 0x00007f4afd280000, 0x00007f4b0c000000]
 total_blobs=868 nmethods=608 adapters=176
 compilation: enabled

Compilation events (10 events):
Event: 0,892 Thread 0x00007f4b0c0c2000 nmethod 354 0x00007f4afd273610 code [0x00007f4afd273760, 0x00007f4afd273870]
Event: 0,892 Thread 0x00007f4b0c0c2000  668       2       com.android.dx.ssa.PhiInsn::accept (8 bytes)
Event: 0,892 Thread 0x00007f4b0c0c2000 nmethod 668 0x00007f4afd2738d0 code [0x00007f4afd273a40, 0x00007f4afd273bc8]
Event: 0,892 Thread 0x00007f4b0c0c2000  399       1       com.android.dx.cf.code.Frame::getLocals (5 bytes)
Event: 0,892 Thread 0x00007f4b0c0c2000 nmethod 399 0x00007f4afd273c50 code [0x00007f4afd273da0, 0x00007f4afd273eb0]
Event: 0,892 Thread 0x00007f4b0c0c2000  390       1       com.android.dx.cf.code.ByteBlock::getCatches (5 bytes)
Event: 0,892 Thread 0x00007f4b0c0c2000 nmethod 390 0x00007f4afd273f10 code [0x00007f4afd274060, 0x00007f4afd274170]
Event: 0,892 Thread 0x00007f4b0c0c2000  391       1       com.android.dx.cf.code.ByteBlock::getEnd (5 bytes)
Event: 0,912 Thread 0x00007f4b0c0c2000 nmethod 391 0x00007f4afd2741d0 code [0x00007f4afd274320, 0x00007f4afd274430]
Event: 0,912 Thread 0x00007f4b0c0c2000  693       2       com.android.dx.ssa.SsaRenamer$BlockRenamer::process (191 bytes)

GC Heap History (0 events):
No events

Deoptimization events (2 events):
Event: 0,202 Thread 0x00007f4b0c00a000 Uncommon trap: reason=unstable_if action=reinterpret pc=0x00007f4afd134284 method=java.lang.String.indexOf(II)I @ 49
Event: 0,610 Thread 0x00007f4b0c152800 Uncommon trap: reason=unstable_if action=reinterpret pc=0x00007f4afd1dd41c method=com.android.dx.rop.cst.Constant.compareTo(Lcom/android/dx/rop/cst/Constant;)I @ 12

Internal exceptions (2 events):
Event: 0,033 Thread 0x00007f4b0c00a000 Exception <a 'java/lang/NoSuchMethodError': Method sun.misc.Unsafe.defineClass(Ljava/lang/String;[BII)Ljava/lang/Class; name or signature does not match> (0x00000000eab07cc0) thrown at [/ssd/Android/AOSP-openjdk/external/jetbrains/jdk/hotspot/src/share/vm
Event: 0,033 Thread 0x00007f4b0c00a000 Exception <a 'java/lang/NoSuchMethodError': Method sun.misc.Unsafe.prefetchRead(Ljava/lang/Object;J)V name or signature does not match> (0x00000000eab07fa8) thrown at [/ssd/Android/AOSP-openjdk/external/jetbrains/jdk/hotspot/src/share/vm/prims/jni.cpp, li

Events (10 events):
Event: 0,610 Thread 0x00007f4b0c152800 DEOPT PACKING pc=0x00007f4afd1dd41c sp=0x00007f4ae042ce90
Event: 0,610 Thread 0x00007f4b0c152800 DEOPT UNPACKING pc=0x00007f4afd004f69 sp=0x00007f4ae042ce50 mode 2
Event: 0,676 loading class com/android/dx/dex/file/MethodAnnotationStruct
Event: 0,676 loading class com/android/dx/dex/file/MethodAnnotationStruct done
Event: 0,805 Executing VM operation: ForceSafepoint
Event: 0,806 Executing VM operation: ForceSafepoint done
Event: 0,910 loading class java/util/HashMap$KeySet
Event: 0,910 loading class java/util/HashMap$KeySet done
Event: 0,910 loading class java/util/HashMap$KeyIterator
Event: 0,910 loading class java/util/HashMap$KeyIterator done


Dynamic libraries:
00400000-00401000 r-xp 00000000 08:01 117965799                          /usr/local/android-studio/jre/bin/java
00600000-00601000 r--p 00000000 08:01 117965799                          /usr/local/android-studio/jre/bin/java
00601000-00602000 rw-p 00001000 08:01 117965799                          /usr/local/android-studio/jre/bin/java
00fc8000-00fe9000 rw-p 00000000 00:00 0                                  [heap]
c0000000-ca800000 rw-p 00000000 00:00 0 
ca800000-eab00000 ---p 00000000 00:00 0 
eab00000-eff00000 rw-p 00000000 00:00 0 
eff00000-100000000 ---p 00000000 00:00 0 
100000000-1000a0000 rw-p 00000000 00:00 0 
1000a0000-140000000 ---p 00000000 00:00 0 
7f4aa4000000-7f4aa4021000 rw-p 00000000 00:00 0 
7f4aa4021000-7f4aa8000000 ---p 00000000 00:00 0 
7f4aac000000-7f4aac021000 rw-p 00000000 00:00 0 
7f4aac021000-7f4ab0000000 ---p 00000000 00:00 0 
7f4ab0000000-7f4ab0021000 rw-p 00000000 00:00 0 
7f4ab0021000-7f4ab4000000 ---p 00000000 00:00 0 
7f4ab4000000-7f4ab4032000 rw-p 00000000 00:00 0 
7f4ab4032000-7f4ab8000000 ---p 00000000 00:00 0 
7f4ab8000000-7f4ab8021000 rw-p 00000000 00:00 0 
7f4ab8021000-7f4abc000000 ---p 00000000 00:00 0 
7f4abc000000-7f4abc021000 rw-p 00000000 00:00 0 
7f4abc021000-7f4ac0000000 ---p 00000000 00:00 0 
7f4ac0000000-7f4ac0021000 rw-p 00000000 00:00 0 
7f4ac0021000-7f4ac4000000 ---p 00000000 00:00 0 
7f4ac4000000-7f4ac436d000 rw-p 00000000 00:00 0 
7f4ac436d000-7f4ac8000000 ---p 00000000 00:00 0 
7f4ac8000000-7f4ac87b5000 rw-p 00000000 00:00 0 
7f4ac87b5000-7f4acc000000 ---p 00000000 00:00 0 
7f4acc000000-7f4acc021000 rw-p 00000000 00:00 0 
7f4acc021000-7f4ad0000000 ---p 00000000 00:00 0 
7f4ad0000000-7f4ad0422000 rw-p 00000000 00:00 0 
7f4ad0422000-7f4ad4000000 ---p 00000000 00:00 0 
7f4ad4000000-7f4ad4021000 rw-p 00000000 00:00 0 
7f4ad4021000-7f4ad8000000 ---p 00000000 00:00 0 
7f4ad8000000-7f4ad8021000 rw-p 00000000 00:00 0 
7f4ad8021000-7f4adc000000 ---p 00000000 00:00 0 
7f4adc000000-7f4adc021000 rw-p 00000000 00:00 0 
7f4adc021000-7f4ae0000000 ---p 00000000 00:00 0 
7f4ae012c000-7f4ae012f000 ---p 00000000 00:00 0 
7f4ae012f000-7f4ae022d000 rw-p 00000000 00:00 0 
7f4ae022d000-7f4ae0230000 ---p 00000000 00:00 0 
7f4ae0230000-7f4ae032e000 rw-p 00000000 00:00 0 
7f4ae032e000-7f4ae0331000 ---p 00000000 00:00 0 
7f4ae0331000-7f4ae042f000 rw-p 00000000 00:00 0 
7f4ae042f000-7f4ae0432000 ---p 00000000 00:00 0 
7f4ae0432000-7f4ae0530000 rw-p 00000000 00:00 0 
7f4ae0530000-7f4ae0533000 ---p 00000000 00:00 0 
7f4ae0533000-7f4ae0631000 rw-p 00000000 00:00 0 
7f4ae0631000-7f4ae0632000 ---p 00000000 00:00 0 
7f4ae0632000-7f4ae0732000 rw-p 00000000 00:00 0 
7f4ae0732000-7f4ae0735000 ---p 00000000 00:00 0 
7f4ae0735000-7f4ae0833000 rw-p 00000000 00:00 0 
7f4ae0833000-7f4ae0836000 ---p 00000000 00:00 0 
7f4ae0836000-7f4ae0934000 rw-p 00000000 00:00 0 
7f4ae0934000-7f4ae0937000 ---p 00000000 00:00 0 
7f4ae0937000-7f4ae0a35000 rw-p 00000000 00:00 0 
7f4ae0a35000-7f4ae0a38000 ---p 00000000 00:00 0 
7f4ae0a38000-7f4ae0b36000 rw-p 00000000 00:00 0 
7f4ae0b36000-7f4ae0b39000 ---p 00000000 00:00 0 
7f4ae0b39000-7f4ae0c37000 rw-p 00000000 00:00 0 
7f4ae0c37000-7f4ae15f6000 r--p 00000000 08:01 3939084                    /usr/lib/locale/locale-archive
7f4ae15f6000-7f4ae15f9000 ---p 00000000 00:00 0 
7f4ae15f9000-7f4ae16f7000 rw-p 00000000 00:00 0 
7f4ae16f7000-7f4ae16fa000 ---p 00000000 00:00 0 
7f4ae16fa000-7f4ae17f8000 rw-p 00000000 00:00 0 
7f4ae17f8000-7f4ae17f9000 ---p 00000000 00:00 0 
7f4ae17f9000-7f4ae4000000 rw-p 00000000 00:00 0 
7f4ae4000000-7f4ae4021000 rw-p 00000000 00:00 0 
7f4ae4021000-7f4ae8000000 ---p 00000000 00:00 0 
7f4ae8000000-7f4ae8021000 rw-p 00000000 00:00 0 
7f4ae8021000-7f4aec000000 ---p 00000000 00:00 0 
7f4aec000000-7f4aec021000 rw-p 00000000 00:00 0 
7f4aec021000-7f4af0000000 ---p 00000000 00:00 0 
7f4af0000000-7f4af0021000 rw-p 00000000 00:00 0 
7f4af0021000-7f4af4000000 ---p 00000000 00:00 0 
7f4af4000000-7f4af4021000 rw-p 00000000 00:00 0 
7f4af4021000-7f4af8000000 ---p 00000000 00:00 0 
7f4af8000000-7f4af8021000 rw-p 00000000 00:00 0 
7f4af8021000-7f4afc000000 ---p 00000000 00:00 0 
7f4afc0c3000-7f4afce33000 rw-p 00000000 00:00 0 
7f4afce33000-7f4afd000000 r--s 03bec000 08:01 117965856                  /usr/local/android-studio/jre/jre/lib/rt.jar
7f4afd000000-7f4afd280000 rwxp 00000000 00:00 0 
7f4afd280000-7f4b0c000000 ---p 00000000 00:00 0 
7f4b0c000000-7f4b0c3a4000 rw-p 00000000 00:00 0 
7f4b0c3a4000-7f4b10000000 ---p 00000000 00:00 0 
7f4b10004000-7f4b1084a000 rw-p 00000000 00:00 0 
7f4b1084a000-7f4b10a0a000 ---p 00000000 00:00 0 
7f4b10a0a000-7f4b10c0a000 rw-p 00000000 00:00 0 
7f4b10c0a000-7f4b10c0b000 ---p 00000000 00:00 0 
7f4b10c0b000-7f4b10d0b000 rw-p 00000000 00:00 0 
7f4b10d0b000-7f4b10d0c000 ---p 00000000 00:00 0 
7f4b10d0c000-7f4b10e0c000 rw-p 00000000 00:00 0 
7f4b10e0c000-7f4b10e0d000 ---p 00000000 00:00 0 
7f4b10e0d000-7f4b10f0d000 rw-p 00000000 00:00 0 
7f4b10f0d000-7f4b10f0e000 ---p 00000000 00:00 0 
7f4b10f0e000-7f4b1100e000 rw-p 00000000 00:00 0 
7f4b1100e000-7f4b1100f000 ---p 00000000 00:00 0 
7f4b1100f000-7f4b1110f000 rw-p 00000000 00:00 0 
7f4b1110f000-7f4b11110000 ---p 00000000 00:00 0 
7f4b11110000-7f4b11264000 rw-p 00000000 00:00 0 
7f4b11264000-7f4b11366000 ---p 00000000 00:00 0 
7f4b11366000-7f4b113ba000 rw-p 00000000 00:00 0 
7f4b113ba000-7f4b114bb000 ---p 00000000 00:00 0 
7f4b114bb000-7f4b114e6000 rw-p 00000000 00:00 0 
7f4b114e6000-7f4b11566000 ---p 00000000 00:00 0 
7f4b11566000-7f4b11571000 rw-p 00000000 00:00 0 
7f4b11571000-7f4b11927000 ---p 00000000 00:00 0 
7f4b11927000-7f4b11941000 r-xp 00000000 08:01 117965883                  /usr/local/android-studio/jre/jre/lib/amd64/libzip.so
7f4b11941000-7f4b11b41000 ---p 0001a000 08:01 117965883                  /usr/local/android-studio/jre/jre/lib/amd64/libzip.so
7f4b11b41000-7f4b11b42000 r--p 0001a000 08:01 117965883                  /usr/local/android-studio/jre/jre/lib/amd64/libzip.so
7f4b11b42000-7f4b11b43000 rw-p 0001b000 08:01 117965883                  /usr/local/android-studio/jre/jre/lib/amd64/libzip.so
7f4b11b43000-7f4b11b4e000 r-xp 00000000 08:01 22286722                   /lib/x86_64-linux-gnu/libnss_files-2.23.so
7f4b11b4e000-7f4b11d4d000 ---p 0000b000 08:01 22286722                   /lib/x86_64-linux-gnu/libnss_files-2.23.so
7f4b11d4d000-7f4b11d4e000 r--p 0000a000 08:01 22286722                   /lib/x86_64-linux-gnu/libnss_files-2.23.so
7f4b11d4e000-7f4b11d4f000 rw-p 0000b000 08:01 22286722                   /lib/x86_64-linux-gnu/libnss_files-2.23.so
7f4b11d4f000-7f4b11d55000 rw-p 00000000 00:00 0 
7f4b11d55000-7f4b11d60000 r-xp 00000000 08:01 22286732                   /lib/x86_64-linux-gnu/libnss_nis-2.23.so
7f4b11d60000-7f4b11f5f000 ---p 0000b000 08:01 22286732                   /lib/x86_64-linux-gnu/libnss_nis-2.23.so
7f4b11f5f000-7f4b11f60000 r--p 0000a000 08:01 22286732                   /lib/x86_64-linux-gnu/libnss_nis-2.23.so
7f4b11f60000-7f4b11f61000 rw-p 0000b000 08:01 22286732                   /lib/x86_64-linux-gnu/libnss_nis-2.23.so
7f4b11f61000-7f4b11f77000 r-xp 00000000 08:01 22286716                   /lib/x86_64-linux-gnu/libnsl-2.23.so
7f4b11f77000-7f4b12176000 ---p 00016000 08:01 22286716                   /lib/x86_64-linux-gnu/libnsl-2.23.so
7f4b12176000-7f4b12177000 r--p 00015000 08:01 22286716                   /lib/x86_64-linux-gnu/libnsl-2.23.so
7f4b12177000-7f4b12178000 rw-p 00016000 08:01 22286716                   /lib/x86_64-linux-gnu/libnsl-2.23.so
7f4b12178000-7f4b1217a000 rw-p 00000000 00:00 0 
7f4b1217a000-7f4b12182000 r-xp 00000000 08:01 22286718                   /lib/x86_64-linux-gnu/libnss_compat-2.23.so
7f4b12182000-7f4b12381000 ---p 00008000 08:01 22286718                   /lib/x86_64-linux-gnu/libnss_compat-2.23.so
7f4b12381000-7f4b12382000 r--p 00007000 08:01 22286718                   /lib/x86_64-linux-gnu/libnss_compat-2.23.so
7f4b12382000-7f4b12383000 rw-p 00008000 08:01 22286718                   /lib/x86_64-linux-gnu/libnss_compat-2.23.so
7f4b12383000-7f4b123b0000 r-xp 00000000 08:01 117965893                  /usr/local/android-studio/jre/jre/lib/amd64/libjava.so
7f4b123b0000-7f4b125af000 ---p 0002d000 08:01 117965893                  /usr/local/android-studio/jre/jre/lib/amd64/libjava.so
7f4b125af000-7f4b125b0000 r--p 0002c000 08:01 117965893                  /usr/local/android-studio/jre/jre/lib/amd64/libjava.so
7f4b125b0000-7f4b125b2000 rw-p 0002d000 08:01 117965893                  /usr/local/android-studio/jre/jre/lib/amd64/libjava.so
7f4b125b2000-7f4b125c2000 r-xp 00000000 08:01 117965909                  /usr/local/android-studio/jre/jre/lib/amd64/libverify.so
7f4b125c2000-7f4b127c1000 ---p 00010000 08:01 117965909                  /usr/local/android-studio/jre/jre/lib/amd64/libverify.so
7f4b127c1000-7f4b127c3000 r--p 0000f000 08:01 117965909                  /usr/local/android-studio/jre/jre/lib/amd64/libverify.so
7f4b127c3000-7f4b127c4000 rw-p 00011000 08:01 117965909                  /usr/local/android-studio/jre/jre/lib/amd64/libverify.so
7f4b127c4000-7f4b127cb000 r-xp 00000000 08:01 22286777                   /lib/x86_64-linux-gnu/librt-2.23.so
7f4b127cb000-7f4b129ca000 ---p 00007000 08:01 22286777                   /lib/x86_64-linux-gnu/librt-2.23.so
7f4b129ca000-7f4b129cb000 r--p 00006000 08:01 22286777                   /lib/x86_64-linux-gnu/librt-2.23.so
7f4b129cb000-7f4b129cc000 rw-p 00007000 08:01 22286777                   /lib/x86_64-linux-gnu/librt-2.23.so
7f4b129cc000-7f4b12ad4000 r-xp 00000000 08:01 22286693                   /lib/x86_64-linux-gnu/libm-2.23.so
7f4b12ad4000-7f4b12cd3000 ---p 00108000 08:01 22286693                   /lib/x86_64-linux-gnu/libm-2.23.so
7f4b12cd3000-7f4b12cd4000 r--p 00107000 08:01 22286693                   /lib/x86_64-linux-gnu/libm-2.23.so
7f4b12cd4000-7f4b12cd5000 rw-p 00108000 08:01 22286693                   /lib/x86_64-linux-gnu/libm-2.23.so
7f4b12cd5000-7f4b138bb000 r-xp 00000000 08:01 117965913                  /usr/local/android-studio/jre/jre/lib/amd64/server/libjvm.so
7f4b138bb000-7f4b13abb000 ---p 00be6000 08:01 117965913                  /usr/local/android-studio/jre/jre/lib/amd64/server/libjvm.so
7f4b13abb000-7f4b13b5a000 r--p 00be6000 08:01 117965913                  /usr/local/android-studio/jre/jre/lib/amd64/server/libjvm.so
7f4b13b5a000-7f4b13b83000 rw-p 00c85000 08:01 117965913                  /usr/local/android-studio/jre/jre/lib/amd64/server/libjvm.so
7f4b13b83000-7f4b13bc5000 rw-p 00000000 00:00 0 
7f4b13bc5000-7f4b13bdd000 r-xp 00000000 08:01 22286769                   /lib/x86_64-linux-gnu/libpthread-2.23.so
7f4b13bdd000-7f4b13ddc000 ---p 00018000 08:01 22286769                   /lib/x86_64-linux-gnu/libpthread-2.23.so
7f4b13ddc000-7f4b13ddd000 r--p 00017000 08:01 22286769                   /lib/x86_64-linux-gnu/libpthread-2.23.so
7f4b13ddd000-7f4b13dde000 rw-p 00018000 08:01 22286769                   /lib/x86_64-linux-gnu/libpthread-2.23.so
7f4b13dde000-7f4b13de2000 rw-p 00000000 00:00 0 
7f4b13de2000-7f4b13de5000 r-xp 00000000 08:01 22286647                   /lib/x86_64-linux-gnu/libdl-2.23.so
7f4b13de5000-7f4b13fe4000 ---p 00003000 08:01 22286647                   /lib/x86_64-linux-gnu/libdl-2.23.so
7f4b13fe4000-7f4b13fe5000 r--p 00002000 08:01 22286647                   /lib/x86_64-linux-gnu/libdl-2.23.so
7f4b13fe5000-7f4b13fe6000 rw-p 00003000 08:01 22286647                   /lib/x86_64-linux-gnu/libdl-2.23.so
7f4b13fe6000-7f4b141a6000 r-xp 00000000 08:01 22286623                   /lib/x86_64-linux-gnu/libc-2.23.so
7f4b141a6000-7f4b143a5000 ---p 001c0000 08:01 22286623                   /lib/x86_64-linux-gnu/libc-2.23.so
7f4b143a5000-7f4b143a9000 r--p 001bf000 08:01 22286623                   /lib/x86_64-linux-gnu/libc-2.23.so
7f4b143a9000-7f4b143ab000 rw-p 001c3000 08:01 22286623                   /lib/x86_64-linux-gnu/libc-2.23.so
7f4b143ab000-7f4b143af000 rw-p 00000000 00:00 0 
7f4b143af000-7f4b143c5000 r-xp 00000000 08:01 117965773                  /usr/local/android-studio/jre/lib/amd64/jli/libjli.so
7f4b143c5000-7f4b145c4000 ---p 00016000 08:01 117965773                  /usr/local/android-studio/jre/lib/amd64/jli/libjli.so
7f4b145c4000-7f4b145c5000 r--p 00015000 08:01 117965773                  /usr/local/android-studio/jre/lib/amd64/jli/libjli.so
7f4b145c5000-7f4b145c6000 rw-p 00016000 08:01 117965773                  /usr/local/android-studio/jre/lib/amd64/jli/libjli.so
7f4b145c6000-7f4b145ec000 r-xp 00000000 08:01 22286595                   /lib/x86_64-linux-gnu/ld-2.23.so
7f4b145f0000-7f4b146c9000 rw-p 00000000 00:00 0 
7f4b146c9000-7f4b146cc000 ---p 00000000 00:00 0 
7f4b146cc000-7f4b147ce000 rw-p 00000000 00:00 0 
7f4b147d1000-7f4b147df000 r--s 000e0000 08:01 106696168                  /home/n3v10t/Android/Sdk/build-tools/24.0.1/lib/dx.jar
7f4b147df000-7f4b147e7000 rw-s 00000000 08:01 107089017                  /tmp/hsperfdata_n3v10t/22209
7f4b147e7000-7f4b147e8000 rw-p 00000000 00:00 0 
7f4b147e8000-7f4b147e9000 r--p 00000000 00:00 0 
7f4b147e9000-7f4b147eb000 rw-p 00000000 00:00 0 
7f4b147eb000-7f4b147ec000 r--p 00025000 08:01 22286595                   /lib/x86_64-linux-gnu/ld-2.23.so
7f4b147ec000-7f4b147ed000 rw-p 00026000 08:01 22286595                   /lib/x86_64-linux-gnu/ld-2.23.so
7f4b147ed000-7f4b147ee000 rw-p 00000000 00:00 0 
7fff9736b000-7fff9738d000 rw-p 00000000 00:00 0                          [stack]
7fff973e1000-7fff973e3000 r--p 00000000 00:00 0                          [vvar]
7fff973e3000-7fff973e5000 r-xp 00000000 00:00 0                          [vdso]
ffffffffff600000-ffffffffff601000 r-xp 00000000 00:00 0                  [vsyscall]

VM Arguments:
jvm_args: -Djava.awt.headless=true -Xmx1024M -Dfile.encoding=UTF-8 -Duser.country=US -Duser.language=en -Duser.variant 
java_command: com.android.dx.command.Main --dex --force-jumbo --num-threads=4 --multi-dex --output /home/n3v10t/Android-Projects/BumbleBeeM/app/build/intermediates/transforms/dex/debug/folders/1000/10/com.android.support-support-vector-drawable-24.2.1_58b2cdbc66f4fee327c9dbd6ff97b6d412de82cc /home/n3v10t/Android-Projects/BumbleBeeM/app/build/intermediates/exploded-aar/com.android.support/support-vector-drawable/24.2.1/jars/classes.jar
java_class_path (initial): /home/n3v10t/Android/Sdk/build-tools/24.0.1/lib/dx.jar
Launcher Type: SUN_STANDARD

Environment Variables:
PATH=/home/n3v10t/bin:/home/n3v10t/.local/bin:/usr/local/sbin:/usr/local/bin:/usr/sbin:/usr/bin:/sbin:/bin:/usr/games:/usr/local/games:/snap/bin
LD_LIBRARY_PATH=.:
SHELL=/bin/bash
DISPLAY=:0

Signal Handlers:
SIGSEGV: [libjvm.so+0x9daac0], sa_mask[0]=11111111011111111101111111111110, sa_flags=SA_RESTART|SA_SIGINFO
SIGBUS: [libjvm.so+0x9daac0], sa_mask[0]=11111111011111111101111111111110, sa_flags=SA_RESTART|SA_SIGINFO
SIGFPE: [libjvm.so+0x840d90], sa_mask[0]=11111111011111111101111111111110, sa_flags=SA_RESTART|SA_SIGINFO
SIGPIPE: [libjvm.so+0x840d90], sa_mask[0]=11111111011111111101111111111110, sa_flags=SA_RESTART|SA_SIGINFO
SIGXFSZ: [libjvm.so+0x840d90], sa_mask[0]=11111111011111111101111111111110, sa_flags=SA_RESTART|SA_SIGINFO
SIGILL: [libjvm.so+0x840d90], sa_mask[0]=11111111011111111101111111111110, sa_flags=SA_RESTART|SA_SIGINFO
SIGUSR1: SIG_DFL, sa_mask[0]=00000000000000000000000000000000, sa_flags=none
SIGUSR2: [libjvm.so+0x840c60], sa_mask[0]=00100000000000000000000000000000, sa_flags=SA_RESTART|SA_SIGINFO
SIGHUP: [libjvm.so+0x840e50], sa_mask[0]=11111111011111111101111111111110, sa_flags=SA_RESTART|SA_SIGINFO
SIGINT: [libjvm.so+0x840e50], sa_mask[0]=11111111011111111101111111111110, sa_flags=SA_RESTART|SA_SIGINFO
SIGTERM: [libjvm.so+0x840e50], sa_mask[0]=11111111011111111101111111111110, sa_flags=SA_RESTART|SA_SIGINFO
SIGQUIT: [libjvm.so+0x840e50], sa_mask[0]=11111111011111111101111111111110, sa_flags=SA_RESTART|SA_SIGINFO


---------------  S Y S T E M  ---------------

OS:DISTRIB_ID=Ubuntu
DISTRIB_RELEASE=16.04
DISTRIB_CODENAME=xenial
DISTRIB_DESCRIPTION="Ubuntu 16.04.1 LTS"

uname:Linux 4.4.0-42-generic #62-Ubuntu SMP Fri Oct 7 23:11:45 UTC 2016 x86_64
libc:glibc 2.23 NPTL 2.23 
rlimit: STACK 8192k, CORE 0k, NPROC 63770, NOFILE 65536, AS infinity
load average:0,72 0,60 0,62

/proc/meminfo:
MemTotal:       16431440 kB
MemFree:         5576644 kB
MemAvailable:   12698000 kB
Buffers:          279332 kB
Cached:          6839944 kB
SwapCached:            0 kB
Active:          8132116 kB
Inactive:        2112460 kB
Active(anon):    3127044 kB
Inactive(anon):    62936 kB
Active(file):    5005072 kB
Inactive(file):  2049524 kB
Unevictable:          64 kB
Mlocked:              64 kB
SwapTotal:      16774140 kB
SwapFree:       16774140 kB
Dirty:             19092 kB
Writeback:             0 kB
AnonPages:       3131976 kB
Mapped:           368124 kB
Shmem:             64684 kB
Slab:             448768 kB
SReclaimable:     404048 kB
SUnreclaim:        44720 kB
KernelStack:       13984 kB
PageTables:        50180 kB
NFS_Unstable:          0 kB
Bounce:                0 kB
WritebackTmp:          0 kB
CommitLimit:    24989860 kB
Committed_AS:    9501696 kB
VmallocTotal:   34359738367 kB
VmallocUsed:           0 kB
VmallocChunk:          0 kB
HardwareCorrupted:     0 kB
AnonHugePages:   1624064 kB
CmaTotal:              0 kB
CmaFree:               0 kB
HugePages_Total:       0
HugePages_Free:        0
HugePages_Rsvd:        0
HugePages_Surp:        0
Hugepagesize:       2048 kB
DirectMap4k:      209472 kB
DirectMap2M:     6080512 kB
DirectMap1G:    10485760 kB


CPU:total 6 (6 cores per cpu, 1 threads per core) family 16 model 10 stepping 0, cmov, cx8, fxsr, mmx, sse, sse2, sse3, popcnt, mmxext, 3dnowpref, lzcnt, sse4a, tsc, tscinvbit, tscinv

/proc/cpuinfo:
processor	: 0
vendor_id	: AuthenticAMD
cpu family	: 16
model		: 10
model name	: AMD Phenom(tm) II X6 1090T Processor
stepping	: 0
microcode	: 0x10000bf
cpu MHz		: 3200.000
cache size	: 512 KB
physical id	: 0
siblings	: 6
core id		: 0
cpu cores	: 6
apicid		: 0
initial apicid	: 0
fpu		: yes
fpu_exception	: yes
cpuid level	: 6
wp		: yes
flags		: fpu vme de pse tsc msr pae mce cx8 apic sep mtrr pge mca cmov pat pse36 clflush mmx fxsr sse sse2 ht syscall nx mmxext fxsr_opt pdpe1gb rdtscp lm 3dnowext 3dnow constant_tsc rep_good nopl nonstop_tsc extd_apicid aperfmperf pni monitor cx16 popcnt lahf_lm cmp_legacy svm extapic cr8_legacy abm sse4a misalignsse 3dnowprefetch osvw ibs skinit wdt cpb hw_pstate vmmcall npt lbrv svm_lock nrip_save pausefilter
bugs		: tlb_mmatch apic_c1e fxsave_leak sysret_ss_attrs
bogomips	: 7449.35
TLB size	: 1024 4K pages
clflush size	: 64
cache_alignment	: 64
address sizes	: 48 bits physical, 48 bits virtual
power management: ts ttp tm stc 100mhzsteps hwpstate cpb

processor	: 1
vendor_id	: AuthenticAMD
cpu family	: 16
model		: 10
model name	: AMD Phenom(tm) II X6 1090T Processor
stepping	: 0
microcode	: 0x10000bf
cpu MHz		: 3200.000
cache size	: 512 KB
physical id	: 0
siblings	: 6
core id		: 1
cpu cores	: 6
apicid		: 1
initial apicid	: 1
fpu		: yes
fpu_exception	: yes
cpuid level	: 6
wp		: yes
flags		: fpu vme de pse tsc msr pae mce cx8 apic sep mtrr pge mca cmov pat pse36 clflush mmx fxsr sse sse2 ht syscall nx mmxext fxsr_opt pdpe1gb rdtscp lm 3dnowext 3dnow constant_tsc rep_good nopl nonstop_tsc extd_apicid aperfmperf pni monitor cx16 popcnt lahf_lm cmp_legacy svm extapic cr8_legacy abm sse4a misalignsse 3dnowprefetch osvw ibs skinit wdt cpb hw_pstate vmmcall npt lbrv svm_lock nrip_save pausefilter
bugs		: tlb_mmatch apic_c1e fxsave_leak sysret_ss_attrs
bogomips	: 7449.35
TLB size	: 1024 4K pages
clflush size	: 64
cache_alignment	: 64
address sizes	: 48 bits physical, 48 bits virtual
power management: ts ttp tm stc 100mhzsteps hwpstate cpb

processor	: 2
vendor_id	: AuthenticAMD
cpu family	: 16
model		: 10
model name	: AMD Phenom(tm) II X6 1090T Processor
stepping	: 0
microcode	: 0x10000bf
cpu MHz		: 3200.000
cache size	: 512 KB
physical id	: 0
siblings	: 6
core id		: 2
cpu cores	: 6
apicid		: 2
initial apicid	: 2
fpu		: yes
fpu_exception	: yes
cpuid level	: 6
wp		: yes
flags		: fpu vme de pse tsc msr pae mce cx8 apic sep mtrr pge mca cmov pat pse36 clflush mmx fxsr sse sse2 ht syscall nx mmxext fxsr_opt pdpe1gb rdtscp lm 3dnowext 3dnow constant_tsc rep_good nopl nonstop_tsc extd_apicid aperfmperf pni monitor cx16 popcnt lahf_lm cmp_legacy svm extapic cr8_legacy abm sse4a misalignsse 3dnowprefetch osvw ibs skinit wdt cpb hw_pstate vmmcall npt lbrv svm_lock nrip_save pausefilter
bugs		: tlb_mmatch apic_c1e fxsave_leak sysret_ss_attrs
bogomips	: 7449.35
TLB size	: 1024 4K pages
clflush size	: 64
cache_alignment	: 64
address sizes	: 48 bits physical, 48 bits virtual
power management: ts ttp tm stc 100mhzsteps hwpstate cpb

processor	: 3
vendor_id	: AuthenticAMD
cpu family	: 16
model		: 10
model name	: AMD Phenom(tm) II X6 1090T Processor
stepping	: 0
microcode	: 0x10000bf
cpu MHz		: 3200.000
cache size	: 512 KB
physical id	: 0
siblings	: 6
core id		: 3
cpu cores	: 6
apicid		: 3
initial apicid	: 3
fpu		: yes
fpu_exception	: yes
cpuid level	: 6
wp		: yes
flags		: fpu vme de pse tsc msr pae mce cx8 apic sep mtrr pge mca cmov pat pse36 clflush mmx fxsr sse sse2 ht syscall nx mmxext fxsr_opt pdpe1gb rdtscp lm 3dnowext 3dnow constant_tsc rep_good nopl nonstop_tsc extd_apicid aperfmperf pni monitor cx16 popcnt lahf_lm cmp_legacy svm extapic cr8_legacy abm sse4a misalignsse 3dnowprefetch osvw ibs skinit wdt cpb hw_pstate vmmcall npt lbrv svm_lock nrip_save pausefilter
bugs		: tlb_mmatch apic_c1e fxsave_leak sysret_ss_attrs
bogomips	: 7449.35
TLB size	: 1024 4K pages
clflush size	: 64
cache_alignment	: 64
address sizes	: 48 bits physical, 48 bits virtual
power management: ts ttp tm stc 100mhzsteps hwpstate cpb

processor	: 4
vendor_id	: AuthenticAMD
cpu family	: 16
model		: 10
model name	: AMD Phenom(tm) II X6 1090T Processor
stepping	: 0
microcode	: 0x10000bf
cpu MHz		: 3200.000
cache size	: 512 KB
physical id	: 0
siblings	: 6
core id		: 4
cpu cores	: 6
apicid		: 4
initial apicid	: 4
fpu		: yes
fpu_exception	: yes
cpuid level	: 6
wp		: yes
flags		: fpu vme de pse tsc msr pae mce cx8 apic sep mtrr pge mca cmov pat pse36 clflush mmx fxsr sse sse2 ht syscall nx mmxext fxsr_opt pdpe1gb rdtscp lm 3dnowext 3dnow constant_tsc rep_good nopl nonstop_tsc extd_apicid aperfmperf pni monitor cx16 popcnt lahf_lm cmp_legacy svm extapic cr8_legacy abm sse4a misalignsse 3dnowprefetch osvw ibs skinit wdt cpb hw_pstate vmmcall npt lbrv svm_lock nrip_save pausefilter
bugs		: tlb_mmatch apic_c1e fxsave_leak sysret_ss_attrs
bogomips	: 7449.35
TLB size	: 1024 4K pages
clflush size	: 64
cache_alignment	: 64
address sizes	: 48 bits physical, 48 bits virtual
power management: ts ttp tm stc 100mhzsteps hwpstate cpb

processor	: 5
vendor_id	: AuthenticAMD
cpu family	: 16
model		: 10
model name	: AMD Phenom(tm) II X6 1090T Processor
stepping	: 0
microcode	: 0x10000bf
cpu MHz		: 3200.000
cache size	: 512 KB
physical id	: 0
siblings	: 6
core id		: 5
cpu cores	: 6
apicid		: 5
initial apicid	: 5
fpu		: yes
fpu_exception	: yes
cpuid level	: 6
wp		: yes
flags		: fpu vme de pse tsc msr pae mce cx8 apic sep mtrr pge mca cmov pat pse36 clflush mmx fxsr sse sse2 ht syscall nx mmxext fxsr_opt pdpe1gb rdtscp lm 3dnowext 3dnow constant_tsc rep_good nopl nonstop_tsc extd_apicid aperfmperf pni monitor cx16 popcnt lahf_lm cmp_legacy svm extapic cr8_legacy abm sse4a misalignsse 3dnowprefetch osvw ibs skinit wdt cpb hw_pstate vmmcall npt lbrv svm_lock nrip_save pausefilter
bugs		: tlb_mmatch apic_c1e fxsave_leak sysret_ss_attrs
bogomips	: 7449.35
TLB size	: 1024 4K pages
clflush size	: 64
cache_alignment	: 64
address sizes	: 48 bits physical, 48 bits virtual
power management: ts ttp tm stc 100mhzsteps hwpstate cpb



Memory: 4k page, physical 16431440k(5576644k free), swap 16774140k(16774140k free)

vm_info: OpenJDK 64-Bit Server VM (25.76-b03) for linux-amd64 JRE (1.8.0_76-release-b03), built on Jun 29 2016 09:39:19 by "builder" with gcc 4.8.4

time: Thu Oct 20 13:19:55 2016
elapsed time: 0 seconds (0d 0h 0m 0s)

