#
# A fatal error has been detected by the Java Runtime Environment:
#
#  SIGSEGV (0xb) at pc=0x00007f34eeeff163, pid=13835, tid=0x00007f34cbdfd700
#
# JRE version: OpenJDK Runtime Environment (8.0_76-b03) (build 1.8.0_76-release-b03)
# Java VM: OpenJDK 64-Bit Server VM (25.76-b03 mixed mode linux-amd64 compressed oops)
# Problematic frame:
# V  [libjvm.so+0x70d163]  Klass::external_name() const+0x23
#
# Failed to write core dump. Core dumps have been disabled. To enable core dumping, try "ulimit -c unlimited" before starting Java again
#
# If you would like to submit a bug report, please visit:
#   http://bugreport.java.com/bugreport/crash.jsp
#

---------------  T H R E A D  ---------------

Current thread (0x00007f34e813e800):  JavaThread "pool-2-thread-3" [_thread_in_vm, id=13886, stack(0x00007f34cbcfd000,0x00007f34cbdfe000)]

siginfo: si_signo: 11 (SIGSEGV), si_code: 1 (SEGV_MAPERR), si_addr: 0x00000001a90007d8

Registers:
RAX=0x0000000000000000, RBX=0x00000001a90007d0, RCX=0x0000000000000003, RDX=0x00000001a90007d0
RSP=0x00007f34cbdfbc60, RBP=0x00007f34cbdfbcc0, RSI=0x00000000ed24c181, RDI=0x00000001a90007d0
R8 =0x0000000000000032, R9 =0x00000000ed25c8e0, R10=0x00000000ed24c181, R11=0x0000000000000033
R12=0x00007f34a004d780, R13=0x00007f34a004db68, R14=0x00007f34a004d790, R15=0x00007f34e8139260
RIP=0x00007f34eeeff163, EFLAGS=0x0000000000010246, CSGSFS=0x0000000000000033, ERR=0x0000000000000004
  TRAPNO=0x000000000000000e

Top of Stack: (sp=0x00007f34cbdfbc60)
0x00007f34cbdfbc60:   00007f34cbdfbcc0 00007f34eeab879d
0x00007f34cbdfbc70:   00007f34cbdfc000 00007f34d92cc66c
0x00007f34cbdfbc80:   00007f34d8d12440 40cbcf4e2ed30400
0x00007f34cbdfbc90:   00007f34d8d9b638 00007f34e813e800
0x00007f34cbdfbca0:   00007f34a004d780 00007f34a004db68
0x00007f34cbdfbcb0:   00007f34a004d790 00007f34e8139260
0x00007f34cbdfbcc0:   00007f34cbdfbd10 00007f34eeba4d82
0x00007f34cbdfbcd0:   0000000000000000 00000000000003d8
0x00007f34cbdfbce0:   00007f34cbdfc000 000000010007d2f0
0x00007f34cbdfbcf0:   0000000000000000 00007f34cbdfbfb0
0x00007f34cbdfbd00:   00007f34cbdfc018 00007f34e813e800
0x00007f34cbdfbd10:   00007f34cbdfbef0 00007f34d91050a6
0x00007f34cbdfbd20:   0000000000000000 0000000000000000
0x00007f34cbdfbd30:   4026cccccccccccd 40f4a6d000000000
0x00007f34cbdfbd40:   400d555555555555 400d555555555555
0x00007f34cbdfbd50:   4036000000000000 4036000000000000
0x00007f34cbdfbd60:   0000000000000000 2f656c69662f7865
0x00007f34cbdfbd70:   ffffff0000000000 0000000000000000
0x00007f34cbdfbd80:   ffffff0000000000 0000000000000000
0x00007f34cbdfbd90:   0000000000000000 0000000000000000
0x00007f34cbdfbda0:   0000000000000000 4026cccccccccccd
0x00007f34cbdfbdb0:   00007f34cbdfc000 00007f34d927ddbc
0x00007f34cbdfbdc0:   00007f34ef67aff0 0000000000000000
0x00007f34cbdfbdd0:   00007f34cbdfbe30 00007f34eeab7c28
0x00007f34cbdfbde0:   00007f34cbdfc2b8 00007f34d92ed7b4
0x00007f34cbdfbdf0:   00007f34cbdfc000 00007f34d92bc864
0x00007f34cbdfbe00:   0000000000000000 00007f34cbdfbee0
0x00007f34cbdfbe10:   00007f34e802d550 0000000100054d60
0x00007f34cbdfbe20:   0000000100016f40 0000000000000001
0x00007f34cbdfbe30:   00007f34e813e800 000000000000009e
0x00007f34cbdfbe40:   00007f34cbdfbec0 00007f34eedda5df
0x00007f34cbdfbe50:   00007f34cbdfc000 00007f34d92bc02c 

Instructions: (pc=0x00007f34eeeff163)
0x00007f34eeeff143:   e5 41 57 41 56 41 55 41 54 53 48 89 fb 48 83 ec
0x00007f34eeeff153:   38 64 48 8b 04 25 28 00 00 00 48 89 45 c8 31 c0
0x00007f34eeeff163:   8b 47 08 85 c0 0f 8e fa 00 00 00 f6 87 fe 00 00
0x00007f34eeeff173:   00 08 0f 84 ed 00 00 00 48 8b 7f 68 45 31 c0 48 

Register to memory mapping:

RAX=0x0000000000000000 is an unknown value
RBX=0x00000001a90007d0 is an unknown value
RCX=0x0000000000000003 is an unknown value
RDX=0x00000001a90007d0 is an unknown value
RSP=0x00007f34cbdfbc60 is pointing into the stack for thread: 0x00007f34e813e800
RBP=0x00007f34cbdfbcc0 is pointing into the stack for thread: 0x00007f34e813e800
RSI=0x00000000ed24c181 is an unknown value
RDI=0x00000001a90007d0 is an unknown value
R8 =0x0000000000000032 is an unknown value
R9 =0x00000000ed25c8e0 is an oop
[Ljava.lang.Object; 
 - klass: 'java/lang/Object'[]
 - length: 247
R10=0x00000000ed24c181 is an unknown value
R11=0x0000000000000033 is an unknown value
R12=0x00007f34a004d780 is an unknown value
R13=0x00007f34a004db68 is an unknown value
R14=0x00007f34a004d790 is an unknown value
R15=0x00007f34e8139260 is an unknown value


Stack: [0x00007f34cbcfd000,0x00007f34cbdfe000],  sp=0x00007f34cbdfbc60,  free space=1019k
Native frames: (J=compiled Java code, j=interpreted, Vv=VM code, C=native code)
V  [libjvm.so+0x70d163]  Klass::external_name() const+0x23
V  [libjvm.so+0x3b2d82]  Runtime1::throw_class_cast_exception(JavaThread*, oopDesc*)+0x52
v  ~RuntimeStub::throw_class_cast_exception Runtime1 stub
J 696 C1 com.android.dx.ssa.SsaMethod.forEachInsn(Lcom/android/dx/ssa/SsaInsn$Visitor;)V (36 bytes) @ 0x00007f34d926e042 [0x00007f34d926daa0+0x5a2]
j  com.android.dx.ssa.SsaMethod.buildUseList()V+66
J 879 C1 com.android.dx.ssa.SCCP.addUsersToWorklist(II)V (103 bytes) @ 0x00007f34d92eb8d4 [0x00007f34d92eb840+0x94]
J 626 C1 com.android.dx.ssa.SCCP.simulateStmt(Lcom/android/dx/ssa/SsaInsn;)V (481 bytes) @ 0x00007f34d92671e4 [0x00007f34d92657e0+0x1a04]
J 807 C1 com.android.dx.ssa.SCCP.simulateBlock(Lcom/android/dx/ssa/SsaBasicBlock;)V (54 bytes) @ 0x00007f34d92af2bc [0x00007f34d92aebc0+0x6fc]
j  com.android.dx.ssa.SCCP.run()V+87
j  com.android.dx.ssa.SCCP.process(Lcom/android/dx/ssa/SsaMethod;)V+8
j  com.android.dx.ssa.Optimizer.runSsaFormSteps(Lcom/android/dx/ssa/SsaMethod;Ljava/util/EnumSet;)V+27
j  com.android.dx.ssa.Optimizer.optimizeMinimizeRegisters(Lcom/android/dx/rop/code/RopMethod;IZLjava/util/EnumSet;)Lcom/android/dx/rop/code/RopMethod;+27
j  com.android.dx.ssa.Optimizer.optimize(Lcom/android/dx/rop/code/RopMethod;IZZLcom/android/dx/rop/code/TranslationAdvice;Ljava/util/EnumSet;)Lcom/android/dx/rop/code/RopMethod;+59
j  com.android.dx.ssa.Optimizer.optimize(Lcom/android/dx/rop/code/RopMethod;IZZLcom/android/dx/rop/code/TranslationAdvice;)Lcom/android/dx/rop/code/RopMethod;+11
j  com.android.dx.dex.cf.CfTranslator.processMethods(Lcom/android/dx/cf/direct/DirectClassFile;Lcom/android/dx/dex/cf/CfOptions;Lcom/android/dx/dex/DexOptions;Lcom/android/dx/dex/file/ClassDefItem;Lcom/android/dx/dex/file/DexFile;)V+265
j  com.android.dx.dex.cf.CfTranslator.translate0(Lcom/android/dx/cf/direct/DirectClassFile;[BLcom/android/dx/dex/cf/CfOptions;Lcom/android/dx/dex/DexOptions;Lcom/android/dx/dex/file/DexFile;)Lcom/android/dx/dex/file/ClassDefItem;+120
j  com.android.dx.dex.cf.CfTranslator.translate(Lcom/android/dx/cf/direct/DirectClassFile;[BLcom/android/dx/dex/cf/CfOptions;Lcom/android/dx/dex/DexOptions;Lcom/android/dx/dex/file/DexFile;)Lcom/android/dx/dex/file/ClassDefItem;+6
j  com.android.dx.command.dexer.Main.translateClass([BLcom/android/dx/cf/direct/DirectClassFile;)Lcom/android/dx/dex/file/ClassDefItem;+17
j  com.android.dx.command.dexer.Main.access$2700([BLcom/android/dx/cf/direct/DirectClassFile;)Lcom/android/dx/dex/file/ClassDefItem;+2
j  com.android.dx.command.dexer.Main$ClassTranslatorTask.call()Lcom/android/dx/dex/file/ClassDefItem;+8
j  com.android.dx.command.dexer.Main$ClassTranslatorTask.call()Ljava/lang/Object;+1
j  java.util.concurrent.FutureTask.run()V+42
j  java.util.concurrent.ThreadPoolExecutor.runWorker(Ljava/util/concurrent/ThreadPoolExecutor$Worker;)V+95
j  java.util.concurrent.ThreadPoolExecutor$Worker.run()V+5
j  java.lang.Thread.run()V+11
v  ~StubRoutines::call_stub
V  [libjvm.so+0x6257fa]  JavaCalls::call_helper(JavaValue*, methodHandle*, JavaCallArguments*, Thread*)+0xeea
V  [libjvm.so+0x622ed4]  JavaCalls::call_virtual(JavaValue*, KlassHandle, Symbol*, Symbol*, JavaCallArguments*, Thread*)+0x2a4
V  [libjvm.so+0x6234ca]  JavaCalls::call_virtual(JavaValue*, Handle, KlassHandle, Symbol*, Symbol*, Thread*)+0x4a
V  [libjvm.so+0x663efe]  thread_entry(JavaThread*, Thread*)+0x8e
V  [libjvm.so+0x986ec0]  JavaThread::thread_main_inner()+0xf0
V  [libjvm.so+0x8425b2]  java_start(Thread*)+0xf2
C  [libpthread.so.0+0x76fa]  start_thread+0xca

Java frames: (J=compiled Java code, j=interpreted, Vv=VM code)
v  ~RuntimeStub::throw_class_cast_exception Runtime1 stub
J 696 C1 com.android.dx.ssa.SsaMethod.forEachInsn(Lcom/android/dx/ssa/SsaInsn$Visitor;)V (36 bytes) @ 0x00007f34d926e042 [0x00007f34d926daa0+0x5a2]
j  com.android.dx.ssa.SsaMethod.buildUseList()V+66
J 879 C1 com.android.dx.ssa.SCCP.addUsersToWorklist(II)V (103 bytes) @ 0x00007f34d92eb8d4 [0x00007f34d92eb840+0x94]
J 626 C1 com.android.dx.ssa.SCCP.simulateStmt(Lcom/android/dx/ssa/SsaInsn;)V (481 bytes) @ 0x00007f34d92671e4 [0x00007f34d92657e0+0x1a04]
J 807 C1 com.android.dx.ssa.SCCP.simulateBlock(Lcom/android/dx/ssa/SsaBasicBlock;)V (54 bytes) @ 0x00007f34d92af2bc [0x00007f34d92aebc0+0x6fc]
j  com.android.dx.ssa.SCCP.run()V+87
j  com.android.dx.ssa.SCCP.process(Lcom/android/dx/ssa/SsaMethod;)V+8
j  com.android.dx.ssa.Optimizer.runSsaFormSteps(Lcom/android/dx/ssa/SsaMethod;Ljava/util/EnumSet;)V+27
j  com.android.dx.ssa.Optimizer.optimizeMinimizeRegisters(Lcom/android/dx/rop/code/RopMethod;IZLjava/util/EnumSet;)Lcom/android/dx/rop/code/RopMethod;+27
j  com.android.dx.ssa.Optimizer.optimize(Lcom/android/dx/rop/code/RopMethod;IZZLcom/android/dx/rop/code/TranslationAdvice;Ljava/util/EnumSet;)Lcom/android/dx/rop/code/RopMethod;+59
j  com.android.dx.ssa.Optimizer.optimize(Lcom/android/dx/rop/code/RopMethod;IZZLcom/android/dx/rop/code/TranslationAdvice;)Lcom/android/dx/rop/code/RopMethod;+11
j  com.android.dx.dex.cf.CfTranslator.processMethods(Lcom/android/dx/cf/direct/DirectClassFile;Lcom/android/dx/dex/cf/CfOptions;Lcom/android/dx/dex/DexOptions;Lcom/android/dx/dex/file/ClassDefItem;Lcom/android/dx/dex/file/DexFile;)V+265
j  com.android.dx.dex.cf.CfTranslator.translate0(Lcom/android/dx/cf/direct/DirectClassFile;[BLcom/android/dx/dex/cf/CfOptions;Lcom/android/dx/dex/DexOptions;Lcom/android/dx/dex/file/DexFile;)Lcom/android/dx/dex/file/ClassDefItem;+120
j  com.android.dx.dex.cf.CfTranslator.translate(Lcom/android/dx/cf/direct/DirectClassFile;[BLcom/android/dx/dex/cf/CfOptions;Lcom/android/dx/dex/DexOptions;Lcom/android/dx/dex/file/DexFile;)Lcom/android/dx/dex/file/ClassDefItem;+6
j  com.android.dx.command.dexer.Main.translateClass([BLcom/android/dx/cf/direct/DirectClassFile;)Lcom/android/dx/dex/file/ClassDefItem;+17
j  com.android.dx.command.dexer.Main.access$2700([BLcom/android/dx/cf/direct/DirectClassFile;)Lcom/android/dx/dex/file/ClassDefItem;+2
j  com.android.dx.command.dexer.Main$ClassTranslatorTask.call()Lcom/android/dx/dex/file/ClassDefItem;+8
j  com.android.dx.command.dexer.Main$ClassTranslatorTask.call()Ljava/lang/Object;+1
j  java.util.concurrent.FutureTask.run()V+42
j  java.util.concurrent.ThreadPoolExecutor.runWorker(Ljava/util/concurrent/ThreadPoolExecutor$Worker;)V+95
j  java.util.concurrent.ThreadPoolExecutor$Worker.run()V+5
j  java.lang.Thread.run()V+11
v  ~StubRoutines::call_stub

---------------  P R O C E S S  ---------------

Java Threads: ( => current thread )
  0x00007f34e8140800 JavaThread "pool-2-thread-4" [_thread_in_Java, id=13887, stack(0x00007f34cbbfc000,0x00007f34cbcfd000)]
=>0x00007f34e813e800 JavaThread "pool-2-thread-3" [_thread_in_vm, id=13886, stack(0x00007f34cbcfd000,0x00007f34cbdfe000)]
  0x00007f34e813d000 JavaThread "pool-2-thread-2" [_thread_in_Java, id=13876, stack(0x00007f34cbdfe000,0x00007f34cbeff000)]
  0x00007f34e813b000 JavaThread "pool-3-thread-1" [_thread_blocked, id=13871, stack(0x00007f34cbeff000,0x00007f34cc000000)]
  0x00007f34e8139800 JavaThread "pool-2-thread-1" [_thread_in_Java, id=13868, stack(0x00007f34d002b000,0x00007f34d012c000)]
  0x00007f34e80c4800 JavaThread "Service Thread" daemon [_thread_blocked, id=13853, stack(0x00007f34d022d000,0x00007f34d032e000)]
  0x00007f34e80c1800 JavaThread "C1 CompilerThread2" daemon [_thread_in_vm, id=13852, stack(0x00007f34d032e000,0x00007f34d042f000)]
  0x00007f34e80c0000 JavaThread "C2 CompilerThread1" daemon [_thread_in_native, id=13851, stack(0x00007f34d042f000,0x00007f34d0530000)]
  0x00007f34e80bd000 JavaThread "C2 CompilerThread0" daemon [_thread_in_native, id=13850, stack(0x00007f34d0530000,0x00007f34d0631000)]
  0x00007f34e80bb800 JavaThread "Signal Dispatcher" daemon [_thread_blocked, id=13849, stack(0x00007f34d0631000,0x00007f34d0732000)]
  0x00007f34e8087800 JavaThread "Finalizer" daemon [_thread_blocked, id=13848, stack(0x00007f34d10f1000,0x00007f34d11f2000)]
  0x00007f34e8083000 JavaThread "Reference Handler" daemon [_thread_blocked, id=13847, stack(0x00007f34d11f2000,0x00007f34d12f3000)]
  0x00007f34e800a000 JavaThread "main" [_thread_in_Java, id=13837, stack(0x00007f34f01e6000,0x00007f34f02e7000)]

Other Threads:
  0x00007f34e807b800 VMThread [stack: 0x00007f34d12f3000,0x00007f34d13f4000] [id=13846]
  0x00007f34e80c7000 WatcherThread [stack: 0x00007f34d012c000,0x00007f34d022d000] [id=13854]

VM state:not at safepoint (normal execution)

VM Mutex/Monitor currently owned by a thread: None

Heap:
 PSYoungGen      total 75264K, used 42594K [0x00000000eab00000, 0x00000000eff00000, 0x0000000100000000)
  eden space 64512K, 66% used [0x00000000eab00000,0x00000000ed498850,0x00000000eea00000)
  from space 10752K, 0% used [0x00000000ef480000,0x00000000ef480000,0x00000000eff00000)
  to   space 10752K, 0% used [0x00000000eea00000,0x00000000eea00000,0x00000000ef480000)
 ParOldGen       total 172032K, used 0K [0x00000000c0000000, 0x00000000ca800000, 0x00000000eab00000)
  object space 172032K, 0% used [0x00000000c0000000,0x00000000c0000000,0x00000000ca800000)
 Metaspace       used 5591K, capacity 6768K, committed 7040K, reserved 1056768K
  class space    used 558K, capacity 616K, committed 640K, reserved 1048576K

Card table byte_map: [0x00007f34ece83000,0x00007f34ed084000] byte_map_base: 0x00007f34ec883000

Marking Bits: (ParMarkBitMap*) 0x00007f34ef6b51a0
 Begin Bits: [0x00007f34d2000000, 0x00007f34d3000000)
 End Bits:   [0x00007f34d3000000, 0x00007f34d4000000)

Polling page: 0x00007f34f0305000

CodeCache: size=245760Kb used=3235Kb max_used=3235Kb free=242524Kb
 bounds [0x00007f34d9000000, 0x00007f34d9330000, 0x00007f34e8000000]
 total_blobs=1161 nmethods=901 adapters=176
 compilation: enabled

Compilation events (10 events):
Event: 1,054 Thread 0x00007f34e80c1800 nmethod 873 0x00007f34d93188d0 code [0x00007f34d9318a40, 0x00007f34d9318be8]
Event: 1,055 Thread 0x00007f34e80c1800  875       2       com.android.dx.cf.code.RopperMachine::jopToRopOpcode (1103 bytes)
Event: 1,055 Thread 0x00007f34e80c1800 nmethod 875 0x00007f34d9318cd0 code [0x00007f34d9318f40, 0x00007f34d9319cb8]
Event: 1,055 Thread 0x00007f34e80c1800  877       2       com.android.dx.rop.type.Type::getFrameType (5 bytes)
Event: 1,056 Thread 0x00007f34e80c1800 nmethod 877 0x00007f34d931a350 code [0x00007f34d931a4c0, 0x00007f34d931a628]
Event: 1,056 Thread 0x00007f34e80c1800  878       2       com.android.dx.rop.type.Type::getFrameType (58 bytes)
Event: 1,056 Thread 0x00007f34e80c1800 nmethod 878 0x00007f34d931a6d0 code [0x00007f34d931a840, 0x00007f34d931a9d0]
Event: 1,056 Thread 0x00007f34e80c1800  876       2       com.android.dx.cf.code.ExecutionStack::peek (42 bytes)
Event: 1,056 Thread 0x00007f34e80c1800 nmethod 876 0x00007f34d931aa50 code [0x00007f34d931ac20, 0x00007f34d931b128]
Event: 1,056 Thread 0x00007f34e80c1800  911       2       com.android.dx.cf.code.Merger::isPossiblyAssignableFrom (202 bytes)

GC Heap History (0 events):
No events

Deoptimization events (10 events):
Event: 0,407 Thread 0x00007f34e8140800 Uncommon trap: reason=unstable_if action=reinterpret pc=0x00007f34d915d6e8 method=java.lang.String.compareTo(Ljava/lang/String;)I @ 38
Event: 0,618 Thread 0x00007f34e813e800 Uncommon trap: reason=class_check action=maybe_recompile pc=0x00007f34d9226eac method=com.android.dx.ssa.NormalSsaInsn.accept(Lcom/android/dx/ssa/SsaInsn$Visitor;)V @ 9
Event: 0,635 Thread 0x00007f34e800a000 Uncommon trap: reason=unstable_if action=reinterpret pc=0x00007f34d91d8ba8 method=java.util.HashMap.getNode(ILjava/lang/Object;)Ljava/util/HashMap$Node; @ 129
Event: 0,648 Thread 0x00007f34e800a000 Uncommon trap: reason=unstable_if action=reinterpret pc=0x00007f34d92082f8 method=java.util.BitSet.ensureCapacity(I)V @ 6
Event: 0,648 Thread 0x00007f34e800a000 Uncommon trap: reason=unstable_if action=reinterpret pc=0x00007f34d91e57ec method=java.util.BitSet.nextSetBit(I)I @ 87
Event: 0,680 Thread 0x00007f34e800a000 Uncommon trap: reason=unstable_if action=reinterpret pc=0x00007f34d922c99c method=com.android.dx.rop.cst.Constant.compareTo(Lcom/android/dx/rop/cst/Constant;)I @ 12
Event: 0,852 Thread 0x00007f34e813d000 Uncommon trap: reason=class_check action=maybe_recompile pc=0x00007f34d9226eac method=com.android.dx.ssa.NormalSsaInsn.accept(Lcom/android/dx/ssa/SsaInsn$Visitor;)V @ 9
Event: 0,852 Thread 0x00007f34e813d000 Uncommon trap: reason=class_check action=maybe_recompile pc=0x00007f34d9226eac method=com.android.dx.ssa.NormalSsaInsn.accept(Lcom/android/dx/ssa/SsaInsn$Visitor;)V @ 9
Event: 0,862 Thread 0x00007f34e813d000 Uncommon trap: reason=class_check action=maybe_recompile pc=0x00007f34d9226eac method=com.android.dx.ssa.NormalSsaInsn.accept(Lcom/android/dx/ssa/SsaInsn$Visitor;)V @ 9
Event: 0,865 Thread 0x00007f34e813d000 Uncommon trap: reason=class_check action=maybe_recompile pc=0x00007f34d91f9450 method=com.android.dx.ssa.NormalSsaInsn.accept(Lcom/android/dx/ssa/SsaInsn$Visitor;)V @ 9

Internal exceptions (2 events):
Event: 0,071 Thread 0x00007f34e800a000 Exception <a 'java/lang/NoSuchMethodError': Method sun.misc.Unsafe.defineClass(Ljava/lang/String;[BII)Ljava/lang/Class; name or signature does not match> (0x00000000eab07cc0) thrown at [/ssd/Android/AOSP-openjdk/external/jetbrains/jdk/hotspot/src/share/vm
Event: 0,071 Thread 0x00007f34e800a000 Exception <a 'java/lang/NoSuchMethodError': Method sun.misc.Unsafe.prefetchRead(Ljava/lang/Object;J)V name or signature does not match> (0x00000000eab07fa8) thrown at [/ssd/Android/AOSP-openjdk/external/jetbrains/jdk/hotspot/src/share/vm/prims/jni.cpp, li

Events (10 events):
Event: 0,852 Thread 0x00007f34e813d000 DEOPT UNPACKING pc=0x00007f34d9004f69 sp=0x00007f34cbefd190 mode 2
Event: 0,852 Thread 0x00007f34e813d000 Uncommon trap: trap_request=0xffffffde fr.pc=0x00007f34d9226eac
Event: 0,852 Thread 0x00007f34e813d000 DEOPT PACKING pc=0x00007f34d9226eac sp=0x00007f34cbefcf70
Event: 0,852 Thread 0x00007f34e813d000 DEOPT UNPACKING pc=0x00007f34d9004f69 sp=0x00007f34cbefced0 mode 2
Event: 0,862 Thread 0x00007f34e813d000 Uncommon trap: trap_request=0xffffffde fr.pc=0x00007f34d9226eac
Event: 0,862 Thread 0x00007f34e813d000 DEOPT PACKING pc=0x00007f34d9226eac sp=0x00007f34cbefd200
Event: 0,862 Thread 0x00007f34e813d000 DEOPT UNPACKING pc=0x00007f34d9004f69 sp=0x00007f34cbefd160 mode 2
Event: 0,865 Thread 0x00007f34e813d000 Uncommon trap: trap_request=0xffffffde fr.pc=0x00007f34d91f9450
Event: 0,865 Thread 0x00007f34e813d000 DEOPT PACKING pc=0x00007f34d91f9450 sp=0x00007f34cbefd1c0
Event: 0,865 Thread 0x00007f34e813d000 DEOPT UNPACKING pc=0x00007f34d9004f69 sp=0x00007f34cbefd180 mode 2


Dynamic libraries:
00400000-00401000 r-xp 00000000 08:01 117965799                          /usr/local/android-studio/jre/bin/java
00600000-00601000 r--p 00000000 08:01 117965799                          /usr/local/android-studio/jre/bin/java
00601000-00602000 rw-p 00001000 08:01 117965799                          /usr/local/android-studio/jre/bin/java
0159e000-015bf000 rw-p 00000000 00:00 0                                  [heap]
c0000000-ca800000 rw-p 00000000 00:00 0 
ca800000-eab00000 ---p 00000000 00:00 0 
eab00000-eff00000 rw-p 00000000 00:00 0 
eff00000-100000000 ---p 00000000 00:00 0 
100000000-1000a0000 rw-p 00000000 00:00 0 
1000a0000-140000000 ---p 00000000 00:00 0 
7f3474000000-7f3474021000 rw-p 00000000 00:00 0 
7f3474021000-7f3478000000 ---p 00000000 00:00 0 
7f347c000000-7f347c021000 rw-p 00000000 00:00 0 
7f347c021000-7f3480000000 ---p 00000000 00:00 0 
7f3480000000-7f3480296000 rw-p 00000000 00:00 0 
7f3480296000-7f3484000000 ---p 00000000 00:00 0 
7f3484000000-7f3484048000 rw-p 00000000 00:00 0 
7f3484048000-7f3488000000 ---p 00000000 00:00 0 
7f3488000000-7f3488021000 rw-p 00000000 00:00 0 
7f3488021000-7f348c000000 ---p 00000000 00:00 0 
7f348c000000-7f348c021000 rw-p 00000000 00:00 0 
7f348c021000-7f3490000000 ---p 00000000 00:00 0 
7f3490000000-7f3490021000 rw-p 00000000 00:00 0 
7f3490021000-7f3494000000 ---p 00000000 00:00 0 
7f3494000000-7f349429c000 rw-p 00000000 00:00 0 
7f349429c000-7f3498000000 ---p 00000000 00:00 0 
7f3498000000-7f349857c000 rw-p 00000000 00:00 0 
7f349857c000-7f349c000000 ---p 00000000 00:00 0 
7f349c000000-7f349c021000 rw-p 00000000 00:00 0 
7f349c021000-7f34a0000000 ---p 00000000 00:00 0 
7f34a0000000-7f34a02bd000 rw-p 00000000 00:00 0 
7f34a02bd000-7f34a4000000 ---p 00000000 00:00 0 
7f34a4000000-7f34a4021000 rw-p 00000000 00:00 0 
7f34a4021000-7f34a8000000 ---p 00000000 00:00 0 
7f34a8000000-7f34a8021000 rw-p 00000000 00:00 0 
7f34a8021000-7f34ac000000 ---p 00000000 00:00 0 
7f34ac000000-7f34ac021000 rw-p 00000000 00:00 0 
7f34ac021000-7f34b0000000 ---p 00000000 00:00 0 
7f34b0000000-7f34b0021000 rw-p 00000000 00:00 0 
7f34b0021000-7f34b4000000 ---p 00000000 00:00 0 
7f34b4000000-7f34b4021000 rw-p 00000000 00:00 0 
7f34b4021000-7f34b8000000 ---p 00000000 00:00 0 
7f34bc000000-7f34bc021000 rw-p 00000000 00:00 0 
7f34bc021000-7f34c0000000 ---p 00000000 00:00 0 
7f34c4000000-7f34c4021000 rw-p 00000000 00:00 0 
7f34c4021000-7f34c8000000 ---p 00000000 00:00 0 
7f34cbbfc000-7f34cbbff000 ---p 00000000 00:00 0 
7f34cbbff000-7f34cbcfd000 rw-p 00000000 00:00 0 
7f34cbcfd000-7f34cbd00000 ---p 00000000 00:00 0 
7f34cbd00000-7f34cbdfe000 rw-p 00000000 00:00 0 
7f34cbdfe000-7f34cbe01000 ---p 00000000 00:00 0 
7f34cbe01000-7f34cbeff000 rw-p 00000000 00:00 0 
7f34cbeff000-7f34cbf02000 ---p 00000000 00:00 0 
7f34cbf02000-7f34cc000000 rw-p 00000000 00:00 0 
7f34cc000000-7f34cc021000 rw-p 00000000 00:00 0 
7f34cc021000-7f34d0000000 ---p 00000000 00:00 0 
7f34d002b000-7f34d002e000 ---p 00000000 00:00 0 
7f34d002e000-7f34d012c000 rw-p 00000000 00:00 0 
7f34d012c000-7f34d012d000 ---p 00000000 00:00 0 
7f34d012d000-7f34d022d000 rw-p 00000000 00:00 0 
7f34d022d000-7f34d0230000 ---p 00000000 00:00 0 
7f34d0230000-7f34d032e000 rw-p 00000000 00:00 0 
7f34d032e000-7f34d0331000 ---p 00000000 00:00 0 
7f34d0331000-7f34d042f000 rw-p 00000000 00:00 0 
7f34d042f000-7f34d0432000 ---p 00000000 00:00 0 
7f34d0432000-7f34d0530000 rw-p 00000000 00:00 0 
7f34d0530000-7f34d0533000 ---p 00000000 00:00 0 
7f34d0533000-7f34d0631000 rw-p 00000000 00:00 0 
7f34d0631000-7f34d0634000 ---p 00000000 00:00 0 
7f34d0634000-7f34d0732000 rw-p 00000000 00:00 0 
7f34d0732000-7f34d10f1000 r--p 00000000 08:01 3939084                    /usr/lib/locale/locale-archive
7f34d10f1000-7f34d10f4000 ---p 00000000 00:00 0 
7f34d10f4000-7f34d11f2000 rw-p 00000000 00:00 0 
7f34d11f2000-7f34d11f5000 ---p 00000000 00:00 0 
7f34d11f5000-7f34d12f3000 rw-p 00000000 00:00 0 
7f34d12f3000-7f34d12f4000 ---p 00000000 00:00 0 
7f34d12f4000-7f34d4000000 rw-p 00000000 00:00 0 
7f34d4000000-7f34d4021000 rw-p 00000000 00:00 0 
7f34d4021000-7f34d8000000 ---p 00000000 00:00 0 
7f34d80d8000-7f34d8e40000 rw-p 00000000 00:00 0 
7f34d8e40000-7f34d9000000 ---p 00000000 00:00 0 
7f34d9000000-7f34d9330000 rwxp 00000000 00:00 0 
7f34d9330000-7f34e8000000 ---p 00000000 00:00 0 
7f34e8000000-7f34e8384000 rw-p 00000000 00:00 0 
7f34e8384000-7f34ec000000 ---p 00000000 00:00 0 
7f34ec009000-7f34ec011000 r--s 00032000 08:01 119669444                  /home/n3v10t/Android-Projects/BumbleBeeM/app/build/intermediates/exploded-aar/com.android.support/support-compat/24.2.1/jars/libs/internal_impl-24.2.1.jar
7f34ec011000-7f34ec2e4000 rw-p 00000000 00:00 0 
7f34ec2e4000-7f34ec4b1000 r--s 03bec000 08:01 117965856                  /usr/local/android-studio/jre/jre/lib/rt.jar
7f34ec4b1000-7f34ec727000 rw-p 00000000 00:00 0 
7f34ec727000-7f34ec728000 ---p 00000000 00:00 0 
7f34ec728000-7f34ec828000 rw-p 00000000 00:00 0 
7f34ec828000-7f34ec829000 ---p 00000000 00:00 0 
7f34ec829000-7f34ec929000 rw-p 00000000 00:00 0 
7f34ec929000-7f34ec92a000 ---p 00000000 00:00 0 
7f34ec92a000-7f34eca2a000 rw-p 00000000 00:00 0 
7f34eca2a000-7f34eca2b000 ---p 00000000 00:00 0 
7f34eca2b000-7f34ecb2b000 rw-p 00000000 00:00 0 
7f34ecb2b000-7f34ecb2c000 ---p 00000000 00:00 0 
7f34ecb2c000-7f34ecc2c000 rw-p 00000000 00:00 0 
7f34ecc2c000-7f34ecc2d000 ---p 00000000 00:00 0 
7f34ecc2d000-7f34ecd81000 rw-p 00000000 00:00 0 
7f34ecd81000-7f34ece83000 ---p 00000000 00:00 0 
7f34ece83000-7f34eced7000 rw-p 00000000 00:00 0 
7f34eced7000-7f34ecfd8000 ---p 00000000 00:00 0 
7f34ecfd8000-7f34ed003000 rw-p 00000000 00:00 0 
7f34ed003000-7f34ed083000 ---p 00000000 00:00 0 
7f34ed083000-7f34ed091000 rw-p 00000000 00:00 0 
7f34ed091000-7f34ed444000 ---p 00000000 00:00 0 
7f34ed444000-7f34ed45e000 r-xp 00000000 08:01 117965883                  /usr/local/android-studio/jre/jre/lib/amd64/libzip.so
7f34ed45e000-7f34ed65e000 ---p 0001a000 08:01 117965883                  /usr/local/android-studio/jre/jre/lib/amd64/libzip.so
7f34ed65e000-7f34ed65f000 r--p 0001a000 08:01 117965883                  /usr/local/android-studio/jre/jre/lib/amd64/libzip.so
7f34ed65f000-7f34ed660000 rw-p 0001b000 08:01 117965883                  /usr/local/android-studio/jre/jre/lib/amd64/libzip.so
7f34ed660000-7f34ed66b000 r-xp 00000000 08:01 22286722                   /lib/x86_64-linux-gnu/libnss_files-2.23.so
7f34ed66b000-7f34ed86a000 ---p 0000b000 08:01 22286722                   /lib/x86_64-linux-gnu/libnss_files-2.23.so
7f34ed86a000-7f34ed86b000 r--p 0000a000 08:01 22286722                   /lib/x86_64-linux-gnu/libnss_files-2.23.so
7f34ed86b000-7f34ed86c000 rw-p 0000b000 08:01 22286722                   /lib/x86_64-linux-gnu/libnss_files-2.23.so
7f34ed86c000-7f34ed872000 rw-p 00000000 00:00 0 
7f34ed872000-7f34ed87d000 r-xp 00000000 08:01 22286732                   /lib/x86_64-linux-gnu/libnss_nis-2.23.so
7f34ed87d000-7f34eda7c000 ---p 0000b000 08:01 22286732                   /lib/x86_64-linux-gnu/libnss_nis-2.23.so
7f34eda7c000-7f34eda7d000 r--p 0000a000 08:01 22286732                   /lib/x86_64-linux-gnu/libnss_nis-2.23.so
7f34eda7d000-7f34eda7e000 rw-p 0000b000 08:01 22286732                   /lib/x86_64-linux-gnu/libnss_nis-2.23.so
7f34eda7e000-7f34eda94000 r-xp 00000000 08:01 22286716                   /lib/x86_64-linux-gnu/libnsl-2.23.so
7f34eda94000-7f34edc93000 ---p 00016000 08:01 22286716                   /lib/x86_64-linux-gnu/libnsl-2.23.so
7f34edc93000-7f34edc94000 r--p 00015000 08:01 22286716                   /lib/x86_64-linux-gnu/libnsl-2.23.so
7f34edc94000-7f34edc95000 rw-p 00016000 08:01 22286716                   /lib/x86_64-linux-gnu/libnsl-2.23.so
7f34edc95000-7f34edc97000 rw-p 00000000 00:00 0 
7f34edc97000-7f34edc9f000 r-xp 00000000 08:01 22286718                   /lib/x86_64-linux-gnu/libnss_compat-2.23.so
7f34edc9f000-7f34ede9e000 ---p 00008000 08:01 22286718                   /lib/x86_64-linux-gnu/libnss_compat-2.23.so
7f34ede9e000-7f34ede9f000 r--p 00007000 08:01 22286718                   /lib/x86_64-linux-gnu/libnss_compat-2.23.so
7f34ede9f000-7f34edea0000 rw-p 00008000 08:01 22286718                   /lib/x86_64-linux-gnu/libnss_compat-2.23.so
7f34edea0000-7f34edecd000 r-xp 00000000 08:01 117965893                  /usr/local/android-studio/jre/jre/lib/amd64/libjava.so
7f34edecd000-7f34ee0cc000 ---p 0002d000 08:01 117965893                  /usr/local/android-studio/jre/jre/lib/amd64/libjava.so
7f34ee0cc000-7f34ee0cd000 r--p 0002c000 08:01 117965893                  /usr/local/android-studio/jre/jre/lib/amd64/libjava.so
7f34ee0cd000-7f34ee0cf000 rw-p 0002d000 08:01 117965893                  /usr/local/android-studio/jre/jre/lib/amd64/libjava.so
7f34ee0cf000-7f34ee0df000 r-xp 00000000 08:01 117965909                  /usr/local/android-studio/jre/jre/lib/amd64/libverify.so
7f34ee0df000-7f34ee2de000 ---p 00010000 08:01 117965909                  /usr/local/android-studio/jre/jre/lib/amd64/libverify.so
7f34ee2de000-7f34ee2e0000 r--p 0000f000 08:01 117965909                  /usr/local/android-studio/jre/jre/lib/amd64/libverify.so
7f34ee2e0000-7f34ee2e1000 rw-p 00011000 08:01 117965909                  /usr/local/android-studio/jre/jre/lib/amd64/libverify.so
7f34ee2e1000-7f34ee2e8000 r-xp 00000000 08:01 22286777                   /lib/x86_64-linux-gnu/librt-2.23.so
7f34ee2e8000-7f34ee4e7000 ---p 00007000 08:01 22286777                   /lib/x86_64-linux-gnu/librt-2.23.so
7f34ee4e7000-7f34ee4e8000 r--p 00006000 08:01 22286777                   /lib/x86_64-linux-gnu/librt-2.23.so
7f34ee4e8000-7f34ee4e9000 rw-p 00007000 08:01 22286777                   /lib/x86_64-linux-gnu/librt-2.23.so
7f34ee4e9000-7f34ee5f1000 r-xp 00000000 08:01 22286693                   /lib/x86_64-linux-gnu/libm-2.23.so
7f34ee5f1000-7f34ee7f0000 ---p 00108000 08:01 22286693                   /lib/x86_64-linux-gnu/libm-2.23.so
7f34ee7f0000-7f34ee7f1000 r--p 00107000 08:01 22286693                   /lib/x86_64-linux-gnu/libm-2.23.so
7f34ee7f1000-7f34ee7f2000 rw-p 00108000 08:01 22286693                   /lib/x86_64-linux-gnu/libm-2.23.so
7f34ee7f2000-7f34ef3d8000 r-xp 00000000 08:01 117965913                  /usr/local/android-studio/jre/jre/lib/amd64/server/libjvm.so
7f34ef3d8000-7f34ef5d8000 ---p 00be6000 08:01 117965913                  /usr/local/android-studio/jre/jre/lib/amd64/server/libjvm.so
7f34ef5d8000-7f34ef677000 r--p 00be6000 08:01 117965913                  /usr/local/android-studio/jre/jre/lib/amd64/server/libjvm.so
7f34ef677000-7f34ef6a0000 rw-p 00c85000 08:01 117965913                  /usr/local/android-studio/jre/jre/lib/amd64/server/libjvm.so
7f34ef6a0000-7f34ef6e2000 rw-p 00000000 00:00 0 
7f34ef6e2000-7f34ef6fa000 r-xp 00000000 08:01 22286769                   /lib/x86_64-linux-gnu/libpthread-2.23.so
7f34ef6fa000-7f34ef8f9000 ---p 00018000 08:01 22286769                   /lib/x86_64-linux-gnu/libpthread-2.23.so
7f34ef8f9000-7f34ef8fa000 r--p 00017000 08:01 22286769                   /lib/x86_64-linux-gnu/libpthread-2.23.so
7f34ef8fa000-7f34ef8fb000 rw-p 00018000 08:01 22286769                   /lib/x86_64-linux-gnu/libpthread-2.23.so
7f34ef8fb000-7f34ef8ff000 rw-p 00000000 00:00 0 
7f34ef8ff000-7f34ef902000 r-xp 00000000 08:01 22286647                   /lib/x86_64-linux-gnu/libdl-2.23.so
7f34ef902000-7f34efb01000 ---p 00003000 08:01 22286647                   /lib/x86_64-linux-gnu/libdl-2.23.so
7f34efb01000-7f34efb02000 r--p 00002000 08:01 22286647                   /lib/x86_64-linux-gnu/libdl-2.23.so
7f34efb02000-7f34efb03000 rw-p 00003000 08:01 22286647                   /lib/x86_64-linux-gnu/libdl-2.23.so
7f34efb03000-7f34efcc3000 r-xp 00000000 08:01 22286623                   /lib/x86_64-linux-gnu/libc-2.23.so
7f34efcc3000-7f34efec2000 ---p 001c0000 08:01 22286623                   /lib/x86_64-linux-gnu/libc-2.23.so
7f34efec2000-7f34efec6000 r--p 001bf000 08:01 22286623                   /lib/x86_64-linux-gnu/libc-2.23.so
7f34efec6000-7f34efec8000 rw-p 001c3000 08:01 22286623                   /lib/x86_64-linux-gnu/libc-2.23.so
7f34efec8000-7f34efecc000 rw-p 00000000 00:00 0 
7f34efecc000-7f34efee2000 r-xp 00000000 08:01 117965773                  /usr/local/android-studio/jre/lib/amd64/jli/libjli.so
7f34efee2000-7f34f00e1000 ---p 00016000 08:01 117965773                  /usr/local/android-studio/jre/lib/amd64/jli/libjli.so
7f34f00e1000-7f34f00e2000 r--p 00015000 08:01 117965773                  /usr/local/android-studio/jre/lib/amd64/jli/libjli.so
7f34f00e2000-7f34f00e3000 rw-p 00016000 08:01 117965773                  /usr/local/android-studio/jre/lib/amd64/jli/libjli.so
7f34f00e3000-7f34f0109000 r-xp 00000000 08:01 22286595                   /lib/x86_64-linux-gnu/ld-2.23.so
7f34f010d000-7f34f01e6000 rw-p 00000000 00:00 0 
7f34f01e6000-7f34f01e9000 ---p 00000000 00:00 0 
7f34f01e9000-7f34f02eb000 rw-p 00000000 00:00 0 
7f34f02ee000-7f34f02fc000 r--s 000e0000 08:01 106696168                  /home/n3v10t/Android/Sdk/build-tools/24.0.1/lib/dx.jar
7f34f02fc000-7f34f0304000 rw-s 00000000 08:01 106827181                  /tmp/hsperfdata_n3v10t/13835
7f34f0304000-7f34f0305000 rw-p 00000000 00:00 0 
7f34f0305000-7f34f0306000 r--p 00000000 00:00 0 
7f34f0306000-7f34f0308000 rw-p 00000000 00:00 0 
7f34f0308000-7f34f0309000 r--p 00025000 08:01 22286595                   /lib/x86_64-linux-gnu/ld-2.23.so
7f34f0309000-7f34f030a000 rw-p 00026000 08:01 22286595                   /lib/x86_64-linux-gnu/ld-2.23.so
7f34f030a000-7f34f030b000 rw-p 00000000 00:00 0 
7ffde3dea000-7ffde3e0c000 rw-p 00000000 00:00 0                          [stack]
7ffde3e81000-7ffde3e83000 r--p 00000000 00:00 0                          [vvar]
7ffde3e83000-7ffde3e85000 r-xp 00000000 00:00 0                          [vdso]
ffffffffff600000-ffffffffff601000 r-xp 00000000 00:00 0                  [vsyscall]

VM Arguments:
jvm_args: -Djava.awt.headless=true -Xmx1024M -Dfile.encoding=UTF-8 -Duser.country=US -Duser.language=en -Duser.variant 
java_command: com.android.dx.command.Main --dex --force-jumbo --num-threads=4 --multi-dex --output /home/n3v10t/Android-Projects/BumbleBeeM/app/build/intermediates/transforms/dex/debug/folders/1000/10/internal_impl-24.2.1_0a14654b3a6c28f261365ecfeb4e26ef3fb18e63 /home/n3v10t/Android-Projects/BumbleBeeM/app/build/intermediates/exploded-aar/com.android.support/support-compat/24.2.1/jars/libs/internal_impl-24.2.1.jar
java_class_path (initial): /home/n3v10t/Android/Sdk/build-tools/24.0.1/lib/dx.jar
Launcher Type: SUN_STANDARD

Environment Variables:
PATH=/home/n3v10t/bin:/home/n3v10t/.local/bin:/usr/local/sbin:/usr/local/bin:/usr/sbin:/usr/bin:/sbin:/bin:/usr/games:/usr/local/games:/snap/bin
LD_LIBRARY_PATH=.:
SHELL=/bin/bash
DISPLAY=:0

Signal Handlers:
SIGSEGV: [libjvm.so+0x9daac0], sa_mask[0]=11111111011111111101111111111110, sa_flags=SA_RESTART|SA_SIGINFO
SIGBUS: [libjvm.so+0x9daac0], sa_mask[0]=11111111011111111101111111111110, sa_flags=SA_RESTART|SA_SIGINFO
SIGFPE: [libjvm.so+0x840d90], sa_mask[0]=11111111011111111101111111111110, sa_flags=SA_RESTART|SA_SIGINFO
SIGPIPE: [libjvm.so+0x840d90], sa_mask[0]=11111111011111111101111111111110, sa_flags=SA_RESTART|SA_SIGINFO
SIGXFSZ: [libjvm.so+0x840d90], sa_mask[0]=11111111011111111101111111111110, sa_flags=SA_RESTART|SA_SIGINFO
SIGILL: [libjvm.so+0x840d90], sa_mask[0]=11111111011111111101111111111110, sa_flags=SA_RESTART|SA_SIGINFO
SIGUSR1: SIG_DFL, sa_mask[0]=00000000000000000000000000000000, sa_flags=none
SIGUSR2: [libjvm.so+0x840c60], sa_mask[0]=00100000000000000000000000000000, sa_flags=SA_RESTART|SA_SIGINFO
SIGHUP: [libjvm.so+0x840e50], sa_mask[0]=11111111011111111101111111111110, sa_flags=SA_RESTART|SA_SIGINFO
SIGINT: [libjvm.so+0x840e50], sa_mask[0]=11111111011111111101111111111110, sa_flags=SA_RESTART|SA_SIGINFO
SIGTERM: [libjvm.so+0x840e50], sa_mask[0]=11111111011111111101111111111110, sa_flags=SA_RESTART|SA_SIGINFO
SIGQUIT: [libjvm.so+0x840e50], sa_mask[0]=11111111011111111101111111111110, sa_flags=SA_RESTART|SA_SIGINFO


---------------  S Y S T E M  ---------------

OS:DISTRIB_ID=Ubuntu
DISTRIB_RELEASE=16.04
DISTRIB_CODENAME=xenial
DISTRIB_DESCRIPTION="Ubuntu 16.04.1 LTS"

uname:Linux 4.4.0-38-generic #57-Ubuntu SMP Tue Sep 6 15:42:33 UTC 2016 x86_64
libc:glibc 2.23 NPTL 2.23 
rlimit: STACK 8192k, CORE 0k, NPROC 63772, NOFILE 65536, AS infinity
load average:1,84 0,69 0,54

/proc/meminfo:
MemTotal:       16431444 kB
MemFree:         5219424 kB
MemAvailable:    9006712 kB
Buffers:          209176 kB
Cached:          4093820 kB
SwapCached:            0 kB
Active:          8449680 kB
Inactive:        2279604 kB
Active(anon):    6427816 kB
Inactive(anon):   430056 kB
Active(file):    2021864 kB
Inactive(file):  1849548 kB
Unevictable:          64 kB
Mlocked:              64 kB
SwapTotal:      16774140 kB
SwapFree:       16774140 kB
Dirty:             32284 kB
Writeback:             0 kB
AnonPages:       6428612 kB
Mapped:           805488 kB
Shmem:            431588 kB
Slab:             302828 kB
SReclaimable:     253188 kB
SUnreclaim:        49640 kB
KernelStack:       16800 kB
PageTables:        71792 kB
NFS_Unstable:          0 kB
Bounce:                0 kB
WritebackTmp:          0 kB
CommitLimit:    24989860 kB
Committed_AS:   15848644 kB
VmallocTotal:   34359738367 kB
VmallocUsed:           0 kB
VmallocChunk:          0 kB
HardwareCorrupted:     0 kB
AnonHugePages:   4001792 kB
CmaTotal:              0 kB
CmaFree:               0 kB
HugePages_Total:       0
HugePages_Free:        0
HugePages_Rsvd:        0
HugePages_Surp:        0
Hugepagesize:       2048 kB
DirectMap4k:      213568 kB
DirectMap2M:    10270720 kB
DirectMap1G:     6291456 kB


CPU:total 6 (6 cores per cpu, 1 threads per core) family 16 model 10 stepping 0, cmov, cx8, fxsr, mmx, sse, sse2, sse3, popcnt, mmxext, 3dnowpref, lzcnt, sse4a, tsc, tscinvbit, tscinv

/proc/cpuinfo:
processor	: 0
vendor_id	: AuthenticAMD
cpu family	: 16
model		: 10
model name	: AMD Phenom(tm) II X6 1090T Processor
stepping	: 0
microcode	: 0x10000bf
cpu MHz		: 3200.000
cache size	: 512 KB
physical id	: 0
siblings	: 6
core id		: 0
cpu cores	: 6
apicid		: 0
initial apicid	: 0
fpu		: yes
fpu_exception	: yes
cpuid level	: 6
wp		: yes
flags		: fpu vme de pse tsc msr pae mce cx8 apic sep mtrr pge mca cmov pat pse36 clflush mmx fxsr sse sse2 ht syscall nx mmxext fxsr_opt pdpe1gb rdtscp lm 3dnowext 3dnow constant_tsc rep_good nopl nonstop_tsc extd_apicid aperfmperf pni monitor cx16 popcnt lahf_lm cmp_legacy svm extapic cr8_legacy abm sse4a misalignsse 3dnowprefetch osvw ibs skinit wdt cpb hw_pstate vmmcall npt lbrv svm_lock nrip_save pausefilter
bugs		: tlb_mmatch apic_c1e fxsave_leak sysret_ss_attrs
bogomips	: 7449.34
TLB size	: 1024 4K pages
clflush size	: 64
cache_alignment	: 64
address sizes	: 48 bits physical, 48 bits virtual
power management: ts ttp tm stc 100mhzsteps hwpstate cpb

processor	: 1
vendor_id	: AuthenticAMD
cpu family	: 16
model		: 10
model name	: AMD Phenom(tm) II X6 1090T Processor
stepping	: 0
microcode	: 0x10000bf
cpu MHz		: 3200.000
cache size	: 512 KB
physical id	: 0
siblings	: 6
core id		: 1
cpu cores	: 6
apicid		: 1
initial apicid	: 1
fpu		: yes
fpu_exception	: yes
cpuid level	: 6
wp		: yes
flags		: fpu vme de pse tsc msr pae mce cx8 apic sep mtrr pge mca cmov pat pse36 clflush mmx fxsr sse sse2 ht syscall nx mmxext fxsr_opt pdpe1gb rdtscp lm 3dnowext 3dnow constant_tsc rep_good nopl nonstop_tsc extd_apicid aperfmperf pni monitor cx16 popcnt lahf_lm cmp_legacy svm extapic cr8_legacy abm sse4a misalignsse 3dnowprefetch osvw ibs skinit wdt cpb hw_pstate vmmcall npt lbrv svm_lock nrip_save pausefilter
bugs		: tlb_mmatch apic_c1e fxsave_leak sysret_ss_attrs
bogomips	: 7449.34
TLB size	: 1024 4K pages
clflush size	: 64
cache_alignment	: 64
address sizes	: 48 bits physical, 48 bits virtual
power management: ts ttp tm stc 100mhzsteps hwpstate cpb

processor	: 2
vendor_id	: AuthenticAMD
cpu family	: 16
model		: 10
model name	: AMD Phenom(tm) II X6 1090T Processor
stepping	: 0
microcode	: 0x10000bf
cpu MHz		: 3200.000
cache size	: 512 KB
physical id	: 0
siblings	: 6
core id		: 2
cpu cores	: 6
apicid		: 2
initial apicid	: 2
fpu		: yes
fpu_exception	: yes
cpuid level	: 6
wp		: yes
flags		: fpu vme de pse tsc msr pae mce cx8 apic sep mtrr pge mca cmov pat pse36 clflush mmx fxsr sse sse2 ht syscall nx mmxext fxsr_opt pdpe1gb rdtscp lm 3dnowext 3dnow constant_tsc rep_good nopl nonstop_tsc extd_apicid aperfmperf pni monitor cx16 popcnt lahf_lm cmp_legacy svm extapic cr8_legacy abm sse4a misalignsse 3dnowprefetch osvw ibs skinit wdt cpb hw_pstate vmmcall npt lbrv svm_lock nrip_save pausefilter
bugs		: tlb_mmatch apic_c1e fxsave_leak sysret_ss_attrs
bogomips	: 7449.34
TLB size	: 1024 4K pages
clflush size	: 64
cache_alignment	: 64
address sizes	: 48 bits physical, 48 bits virtual
power management: ts ttp tm stc 100mhzsteps hwpstate cpb

processor	: 3
vendor_id	: AuthenticAMD
cpu family	: 16
model		: 10
model name	: AMD Phenom(tm) II X6 1090T Processor
stepping	: 0
microcode	: 0x10000bf
cpu MHz		: 3200.000
cache size	: 512 KB
physical id	: 0
siblings	: 6
core id		: 3
cpu cores	: 6
apicid		: 3
initial apicid	: 3
fpu		: yes
fpu_exception	: yes
cpuid level	: 6
wp		: yes
flags		: fpu vme de pse tsc msr pae mce cx8 apic sep mtrr pge mca cmov pat pse36 clflush mmx fxsr sse sse2 ht syscall nx mmxext fxsr_opt pdpe1gb rdtscp lm 3dnowext 3dnow constant_tsc rep_good nopl nonstop_tsc extd_apicid aperfmperf pni monitor cx16 popcnt lahf_lm cmp_legacy svm extapic cr8_legacy abm sse4a misalignsse 3dnowprefetch osvw ibs skinit wdt cpb hw_pstate vmmcall npt lbrv svm_lock nrip_save pausefilter
bugs		: tlb_mmatch apic_c1e fxsave_leak sysret_ss_attrs
bogomips	: 7449.34
TLB size	: 1024 4K pages
clflush size	: 64
cache_alignment	: 64
address sizes	: 48 bits physical, 48 bits virtual
power management: ts ttp tm stc 100mhzsteps hwpstate cpb

processor	: 4
vendor_id	: AuthenticAMD
cpu family	: 16
model		: 10
model name	: AMD Phenom(tm) II X6 1090T Processor
stepping	: 0
microcode	: 0x10000bf
cpu MHz		: 3200.000
cache size	: 512 KB
physical id	: 0
siblings	: 6
core id		: 4
cpu cores	: 6
apicid		: 4
initial apicid	: 4
fpu		: yes
fpu_exception	: yes
cpuid level	: 6
wp		: yes
flags		: fpu vme de pse tsc msr pae mce cx8 apic sep mtrr pge mca cmov pat pse36 clflush mmx fxsr sse sse2 ht syscall nx mmxext fxsr_opt pdpe1gb rdtscp lm 3dnowext 3dnow constant_tsc rep_good nopl nonstop_tsc extd_apicid aperfmperf pni monitor cx16 popcnt lahf_lm cmp_legacy svm extapic cr8_legacy abm sse4a misalignsse 3dnowprefetch osvw ibs skinit wdt cpb hw_pstate vmmcall npt lbrv svm_lock nrip_save pausefilter
bugs		: tlb_mmatch apic_c1e fxsave_leak sysret_ss_attrs
bogomips	: 7449.34
TLB size	: 1024 4K pages
clflush size	: 64
cache_alignment	: 64
address sizes	: 48 bits physical, 48 bits virtual
power management: ts ttp tm stc 100mhzsteps hwpstate cpb

processor	: 5
vendor_id	: AuthenticAMD
cpu family	: 16
model		: 10
model name	: AMD Phenom(tm) II X6 1090T Processor
stepping	: 0
microcode	: 0x10000bf
cpu MHz		: 3200.000
cache size	: 512 KB
physical id	: 0
siblings	: 6
core id		: 5
cpu cores	: 6
apicid		: 5
initial apicid	: 5
fpu		: yes
fpu_exception	: yes
cpuid level	: 6
wp		: yes
flags		: fpu vme de pse tsc msr pae mce cx8 apic sep mtrr pge mca cmov pat pse36 clflush mmx fxsr sse sse2 ht syscall nx mmxext fxsr_opt pdpe1gb rdtscp lm 3dnowext 3dnow constant_tsc rep_good nopl nonstop_tsc extd_apicid aperfmperf pni monitor cx16 popcnt lahf_lm cmp_legacy svm extapic cr8_legacy abm sse4a misalignsse 3dnowprefetch osvw ibs skinit wdt cpb hw_pstate vmmcall npt lbrv svm_lock nrip_save pausefilter
bugs		: tlb_mmatch apic_c1e fxsave_leak sysret_ss_attrs
bogomips	: 7449.34
TLB size	: 1024 4K pages
clflush size	: 64
cache_alignment	: 64
address sizes	: 48 bits physical, 48 bits virtual
power management: ts ttp tm stc 100mhzsteps hwpstate cpb



Memory: 4k page, physical 16431444k(5219424k free), swap 16774140k(16774140k free)

vm_info: OpenJDK 64-Bit Server VM (25.76-b03) for linux-amd64 JRE (1.8.0_76-release-b03), built on Jun 29 2016 09:39:19 by "builder" with gcc 4.8.4

time: Thu Oct  6 17:51:17 2016
elapsed time: 1 seconds (0d 0h 0m 1s)

