#
# A fatal error has been detected by the Java Runtime Environment:
#
#  SIGSEGV (0xb) at pc=0x00007f3a95122002, pid=20590, tid=0x00007f3a9414e700
#
# JRE version: OpenJDK Runtime Environment (8.0_76-b03) (build 1.8.0_76-release-b03)
# Java VM: OpenJDK 64-Bit Server VM (25.76-b03 mixed mode linux-amd64 compressed oops)
# Problematic frame:
# V  [libjvm.so+0x8b0002]  oopDesc* PSPromotionManager::copy_to_survivor_space<false>(oopDesc*)+0x2e2
#
# Failed to write core dump. Core dumps have been disabled. To enable core dumping, try "ulimit -c unlimited" before starting Java again
#
# If you would like to submit a bug report, please visit:
#   http://bugreport.java.com/bugreport/crash.jsp
#

---------------  T H R E A D  ---------------

Current thread (0x00007f3a9001f000):  GCTaskThread [stack: 0x00007f3a9404e000,0x00007f3a9414f000] [id=20593]

siginfo: si_signo: 11 (SIGSEGV), si_code: 1 (SEGV_MAPERR), si_addr: 0x00000000000000e8

Registers:
RAX=0x0000000000000000, RBX=0x00000000ec24c230, RCX=0x0000000000000000, RDX=0x00007f3a9570bb80
RSP=0x00007f3a9414dcc0, RBP=0x00007f3a9414dd20, RSI=0x00000000ec24c230, RDI=0x0000000100000b48
R8 =0x0000000000000001, R9 =0x00007f3a900785d8, R10=0x00000000eebd43a1, R11=0x00007f3a957356c0
R12=0x00000000eebd43a0, R13=0x0000000000000000, R14=0x00007f3a90078540, R15=0x00007f3a9570bb90
RIP=0x00007f3a95122002, EFLAGS=0x0000000000010246, CSGSFS=0x0000000000000033, ERR=0x0000000000000004
  TRAPNO=0x000000000000000e

Top of Stack: (sp=0x00007f3a9414dcc0)
0x00007f3a9414dcc0:   0000000000000016 00007f3a90073ec0
0x00007f3a9414dcd0:   00007f3a90073ec0 0000000000000001
0x00007f3a9414dce0:   00000000eebd0000 0000000000001000
0x00007f3a9414dcf0:   00007f3a9414dd10 00007f3a90078540
0x00007f3a9414dd00:   00000000eebd43a0 0000000000000000
0x00007f3a9414dd10:   00007f3a900785d8 00007f3a9570bb90
0x00007f3a9414dd20:   00007f3a9414dd90 00007f3a95121808
0x00007f3a9414dd30:   0000000000000000 00007f3a900785a8
0x00007f3a9414dd40:   00007f3a9414de00 00007f3a90163000
0x00007f3a9414dd50:   00007f3a90020701 00007f3a9001ea01
0x00007f3a9414dd60:   00007f3a956f1150 00007f3a9414dda0
0x00007f3a9414dd70:   00007f3a9002a580 00007f3a90078540
0x00007f3a9414dd80:   00007f3a9001f000 00007f3a9572a4d8
0x00007f3a9414dd90:   00007f3a9414de00 00007f3a9512545e
0x00007f3a9414dda0:   00007f3a956f1150 00007f3a9001ea00
0x00007f3a9414ddb0:   00007f3a90078540 00007f3a9507b41b
0x00007f3a9414ddc0:   00007f3a956e9740 00007f3a9002a500
0x00007f3a9414ddd0:   00007f3a9414dda0 00007f3a94def501
0x00007f3a9414dde0:   0000000000000001 0000000000000001
0x00007f3a9414ddf0:   00007f3a9002a580 00007f3a952cf37b
0x00007f3a9414de00:   00007f3a9414df10 00007f3a94df0f02
0x00007f3a9414de10:   00000000000003d8 00007f3a9001fc18
0x00007f3a9414de20:   00007f3a9001f840 00007f3a9414dea0
0x00007f3a9414de30:   00007f3a9001f7f0 00007f3a9001f830
0x00007f3a9414de40:   00007f3a9414de50 0000000000000000
0x00007f3a9414de50:   0000000000000000 00007f3a90020400
0x00007f3a9414de60:   00007f3a9001f000 00007f3a9001fc20
0x00007f3a9414de70:   00007f3a9001fc60 00007f3a9001fc70
0x00007f3a9414de80:   00007f3a9001fd48 00000000000000d8
0x00007f3a9414de90:   00007f3a9001fe80 00007f3a900207f0
0x00007f3a9414dea0:   00007f3a9001f000 00007f3a9001fc20
0x00007f3a9414deb0:   00007f3a9001fc60 00007f3a9001fc70 

Instructions: (pc=0x00007f3a95122002)
0x00007f3a95121fe2:   3a 8b 4f 08 83 f9 00 0f 8f 7d fd ff ff 0f 85 3b
0x00007f3a95121ff2:   02 00 00 0f 1f 00 48 8b 07 4c 89 45 b8 48 89 de
0x00007f3a95122002:   ff 90 e8 00 00 00 4c 8b 45 b8 e9 69 fd ff ff 0f
0x00007f3a95122012:   1f 80 00 00 00 00 41 80 7e 59 00 75 6e 48 8d 05 

Register to memory mapping:

RAX=0x0000000000000000 is an unknown value
RBX=0x00000000ec24c230 is an oop

[error occurred during error reporting (printing register info), id 0xb]

Stack: [0x00007f3a9404e000,0x00007f3a9414f000],  sp=0x00007f3a9414dcc0,  free space=1023k
Native frames: (J=compiled Java code, j=interpreted, Vv=VM code, C=native code)
V  [libjvm.so+0x8b0002]  oopDesc* PSPromotionManager::copy_to_survivor_space<false>(oopDesc*)+0x2e2
V  [libjvm.so+0x8af808]  PSPromotionManager::drain_stacks_depth(bool)+0x6f8
V  [libjvm.so+0x8b345e]  ThreadRootsTask::do_it(GCTaskManager*, unsigned int)+0x8e
V  [libjvm.so+0x57ef02]  GCTaskThread::run()+0x162
V  [libjvm.so+0x8425b2]  java_start(Thread*)+0xf2


---------------  P R O C E S S  ---------------

Java Threads: ( => current thread )
  0x00007f3a9016c000 JavaThread "pool-2-thread-4" [_thread_blocked, id=20658, stack(0x00007f3a65d28000,0x00007f3a65e29000)]
  0x00007f3a9016a000 JavaThread "pool-2-thread-3" [_thread_blocked, id=20657, stack(0x00007f3a65e29000,0x00007f3a65f2a000)]
  0x00007f3a90169800 JavaThread "pool-2-thread-2" [_thread_blocked, id=20656, stack(0x00007f3a65f2a000,0x00007f3a6602b000)]
  0x00007f3a90164800 JavaThread "pool-3-thread-1" [_thread_blocked, id=20655, stack(0x00007f3a6602b000,0x00007f3a6612c000)]
  0x00007f3a90163000 JavaThread "pool-2-thread-1" [_thread_blocked, id=20654, stack(0x00007f3a6612c000,0x00007f3a6622d000)]
  0x00007f3a900c4800 JavaThread "Service Thread" daemon [_thread_blocked, id=20635, stack(0x00007f3a6632e000,0x00007f3a6642f000)]
  0x00007f3a900c1800 JavaThread "C1 CompilerThread2" daemon [_thread_blocked, id=20634, stack(0x00007f3a6642f000,0x00007f3a66530000)]
  0x00007f3a900c0000 JavaThread "C2 CompilerThread1" daemon [_thread_in_native, id=20632, stack(0x00007f3a66530000,0x00007f3a66631000)]
  0x00007f3a900bd000 JavaThread "C2 CompilerThread0" daemon [_thread_blocked, id=20630, stack(0x00007f3a66631000,0x00007f3a66732000)]
  0x00007f3a900bb800 JavaThread "Signal Dispatcher" daemon [_thread_blocked, id=20628, stack(0x00007f3a66732000,0x00007f3a66833000)]
  0x00007f3a90087800 JavaThread "Finalizer" daemon [_thread_blocked, id=20611, stack(0x00007f3a671f2000,0x00007f3a672f3000)]
  0x00007f3a90083000 JavaThread "Reference Handler" daemon [_thread_blocked, id=20605, stack(0x00007f3a672f3000,0x00007f3a673f4000)]
  0x00007f3a9000a000 JavaThread "main" [_thread_blocked, id=20592, stack(0x00007f3a96266000,0x00007f3a96367000)]

Other Threads:
  0x00007f3a9007b800 VMThread [stack: 0x00007f3a673f4000,0x00007f3a674f5000] [id=20601]
  0x00007f3a900c7000 WatcherThread [stack: 0x00007f3a6622d000,0x00007f3a6632e000] [id=20637]

=>0x00007f3a9001f000 (exited) GCTaskThread [stack: 0x00007f3a9404e000,0x00007f3a9414f000] [id=20593]

VM state:at safepoint (normal execution)

VM Mutex/Monitor currently owned by a thread:  ([mutex/lock_event])
[0x00007f3a90006620] Threads_lock - owner thread: 0x00007f3a9007b800
[0x00007f3a90006b20] Heap_lock - owner thread: 0x00007f3a90163000

Heap:
 PSYoungGen      total 75264K, used 64512K [0x00000000eab00000, 0x00000000eff00000, 0x0000000100000000)
  eden space 64512K, 100% used [0x00000000eab00000,0x00000000eea00000,0x00000000eea00000)
  from space 10752K, 0% used [0x00000000ef480000,0x00000000ef480000,0x00000000eff00000)
  to   space 10752K, 74% used [0x00000000eea00000,0x00000000ef1d1c98,0x00000000ef480000)
 ParOldGen       total 172032K, used 0K [0x00000000c0000000, 0x00000000ca800000, 0x00000000eab00000)
  object space 172032K, 0% used [0x00000000c0000000,0x00000000c0000000,0x00000000ca800000)
 Metaspace       used 5713K, capacity 6896K, committed 7040K, reserved 1056768K
  class space    used 562K, capacity 616K, committed 640K, reserved 1048576K

Card table byte_map: [0x00007f3a7fdb4000,0x00007f3a7ffb5000] byte_map_base: 0x00007f3a7f7b4000

Marking Bits: (ParMarkBitMap*) 0x00007f3a957351a0
 Begin Bits: [0x00007f3a7d759000, 0x00007f3a7e759000)
 End Bits:   [0x00007f3a7e759000, 0x00007f3a7f759000)

Polling page: 0x00007f3a96385000

CodeCache: size=245760Kb used=3871Kb max_used=3871Kb free=241888Kb
 bounds [0x00007f3a80375000, 0x00007f3a80745000, 0x00007f3a8f375000]
 total_blobs=1345 nmethods=1083 adapters=176
 compilation: enabled

Compilation events (10 events):
Event: 1,332 Thread 0x00007f3a900c1800 nmethod 1145 0x00007f3a80729450 code [0x00007f3a80729820, 0x00007f3a8072aea8]
Event: 1,332 Thread 0x00007f3a900c1800 1163 %     3       com.android.dx.ssa.LocalVariableExtractor::processBlock @ 119 (383 bytes)
Event: 1,335 Thread 0x00007f3a900c1800 nmethod 1163% 0x00007f3a8072d810 code [0x00007f3a8072dce0, 0x00007f3a80731468]
Event: 1,335 Thread 0x00007f3a900c1800 1150       2       com.android.dx.ssa.SCCP::run (298 bytes)
Event: 1,368 Thread 0x00007f3a900c1800 nmethod 1150 0x00007f3a80733dd0 code [0x00007f3a80734080, 0x00007f3a80734a48]
Event: 1,368 Thread 0x00007f3a900c1800 1171       2       com.android.dx.rop.cst.Constant::compareTo (33 bytes)
Event: 1,368 Thread 0x00007f3a900c1800 nmethod 1171 0x00007f3a807354d0 code [0x00007f3a80735660, 0x00007f3a807358d8]
Event: 1,368 Thread 0x00007f3a900c1800 1165 %     3       com.android.dx.ssa.SsaRenamer$BlockRenamer::process @ 29 (191 bytes)
Event: 1,369 Thread 0x00007f3a900c1800 nmethod 1165% 0x00007f3a80735a90 code [0x00007f3a80735e00, 0x00007f3a80737bd8]
Event: 1,369 Thread 0x00007f3a900c1800 1168       3       com.android.dx.ssa.LocalVariableExtractor::processBlock (383 bytes)

GC Heap History (1 events):
Event: 1,376 GC heap before
{Heap before GC invocations=1 (full 0):
 PSYoungGen      total 75264K, used 64512K [0x00000000eab00000, 0x00000000eff00000, 0x0000000100000000)
  eden space 64512K, 100% used [0x00000000eab00000,0x00000000eea00000,0x00000000eea00000)
  from space 10752K, 0% used [0x00000000ef480000,0x00000000ef480000,0x00000000eff00000)
  to   space 10752K, 0% used [0x00000000eea00000,0x00000000eea00000,0x00000000ef480000)
 ParOldGen       total 172032K, used 0K [0x00000000c0000000, 0x00000000ca800000, 0x00000000eab00000)
  object space 172032K, 0% used [0x00000000c0000000,0x00000000c0000000,0x00000000ca800000)
 Metaspace       used 5713K, capacity 6896K, committed 7040K, reserved 1056768K
  class space    used 562K, capacity 616K, committed 640K, reserved 1048576K

Deoptimization events (10 events):
Event: 0,672 Thread 0x00007f3a90169800 Uncommon trap: reason=class_check action=maybe_recompile pc=0x00007f3a805886d0 method=com.android.dx.ssa.NormalSsaInsn.accept(Lcom/android/dx/ssa/SsaInsn$Visitor;)V @ 9
Event: 0,746 Thread 0x00007f3a90169800 Uncommon trap: reason=class_check action=maybe_recompile pc=0x00007f3a805aec40 method=com.android.dx.rop.type.Type.equals(Ljava/lang/Object;)Z @ 8
Event: 0,747 Thread 0x00007f3a90169800 Uncommon trap: reason=unstable_if action=reinterpret pc=0x00007f3a80578050 method=java.util.HashMap.getNode(ILjava/lang/Object;)Ljava/util/HashMap$Node; @ 62
Event: 0,763 Thread 0x00007f3a90169800 Uncommon trap: reason=unstable_if action=reinterpret pc=0x00007f3a805aec20 method=com.android.dx.rop.code.RegisterSpec.equals(ILcom/android/dx/rop/type/TypeBearer;Lcom/android/dx/rop/code/LocalItem;)Z @ 16
Event: 0,773 Thread 0x00007f3a90163000 Uncommon trap: reason=unstable_if action=reinterpret pc=0x00007f3a8058706c method=java.util.BitSet.nextSetBit(I)I @ 87
Event: 1,100 Thread 0x00007f3a9000a000 Uncommon trap: reason=unstable_if action=reinterpret pc=0x00007f3a80596360 method=java.util.HashMap.getNode(ILjava/lang/Object;)Ljava/util/HashMap$Node; @ 62
Event: 1,101 Thread 0x00007f3a9000a000 Uncommon trap: reason=null_check action=make_not_entrant pc=0x00007f3a8065902c method=com.android.dx.ssa.SsaRenamer.getLocalForNewReg(I)Lcom/android/dx/rop/code/LocalItem; @ 19
Event: 1,101 Thread 0x00007f3a9000a000 Uncommon trap: reason=null_check action=make_not_entrant pc=0x00007f3a8067f7c4 method=com.android.dx.ssa.SsaRenamer.getLocalForNewReg(I)Lcom/android/dx/rop/code/LocalItem; @ 19
Event: 1,350 Thread 0x00007f3a9016a000 Uncommon trap: reason=unstable_if action=reinterpret pc=0x00007f3a8065199c method=com.android.dx.rop.cst.Constant.compareTo(Lcom/android/dx/rop/cst/Constant;)I @ 12
Event: 1,353 Thread 0x00007f3a9016a000 Uncommon trap: reason=null_check action=make_not_entrant pc=0x00007f3a805b5150 method=com.android.dx.rop.type.Type.equals(Ljava/lang/Object;)Z @ 8

Internal exceptions (6 events):
Event: 0,033 Thread 0x00007f3a9000a000 Exception <a 'java/lang/NoSuchMethodError': Method sun.misc.Unsafe.defineClass(Ljava/lang/String;[BII)Ljava/lang/Class; name or signature does not match> (0x00000000eab07cc0) thrown at [/ssd/Android/AOSP-openjdk/external/jetbrains/jdk/hotspot/src/share/vm
Event: 0,034 Thread 0x00007f3a9000a000 Exception <a 'java/lang/NoSuchMethodError': Method sun.misc.Unsafe.prefetchRead(Ljava/lang/Object;J)V name or signature does not match> (0x00000000eab07fa8) thrown at [/ssd/Android/AOSP-openjdk/external/jetbrains/jdk/hotspot/src/share/vm/prims/jni.cpp, li
Event: 0,741 Thread 0x00007f3a9016c000 Exception <a 'java/lang/ClassCastException': <unknown> cannot be cast to com.android.dx.cf.attrib.InnerClassList$Item> (0x00000000ec15e310) thrown at [/ssd/Android/AOSP-openjdk/external/jetbrains/jdk/hotspot/src/share/vm/interpreter/interpreterRuntime.cpp
Event: 1,101 Thread 0x00007f3a9000a000 Implicit null exception at 0x00007f3a806570d3 to 0x00007f3a80659011
Event: 1,101 Thread 0x00007f3a9000a000 Implicit null exception at 0x00007f3a8067d633 to 0x00007f3a8067f795
Event: 1,353 Thread 0x00007f3a9016a000 Implicit null exception at 0x00007f3a805b50a2 to 0x00007f3a805b5142

Events (10 events):
Event: 1,101 Thread 0x00007f3a9000a000 DEOPT UNPACKING pc=0x00007f3a80379f69 sp=0x00007f3a96364678 mode 2
Event: 1,324 Executing VM operation: ForceSafepoint
Event: 1,330 Executing VM operation: ForceSafepoint done
Event: 1,350 Thread 0x00007f3a9016a000 Uncommon trap: trap_request=0xffffff65 fr.pc=0x00007f3a8065199c
Event: 1,351 Thread 0x00007f3a9016a000 DEOPT PACKING pc=0x00007f3a8065199c sp=0x00007f3a65f27e90
Event: 1,351 Thread 0x00007f3a9016a000 DEOPT UNPACKING pc=0x00007f3a80379f69 sp=0x00007f3a65f27e50 mode 2
Event: 1,353 Thread 0x00007f3a9016a000 Uncommon trap: trap_request=0xfffffff4 fr.pc=0x00007f3a805b5150
Event: 1,353 Thread 0x00007f3a9016a000 DEOPT PACKING pc=0x00007f3a805b5150 sp=0x00007f3a65f27e00
Event: 1,353 Thread 0x00007f3a9016a000 DEOPT UNPACKING pc=0x00007f3a80379f69 sp=0x00007f3a65f27da8 mode 2
Event: 1,373 Executing VM operation: ParallelGCFailedAllocation


Dynamic libraries:
00400000-00401000 r-xp 00000000 08:01 117965799                          /usr/local/android-studio/jre/bin/java
00600000-00601000 r--p 00000000 08:01 117965799                          /usr/local/android-studio/jre/bin/java
00601000-00602000 rw-p 00001000 08:01 117965799                          /usr/local/android-studio/jre/bin/java
01ec9000-01eea000 rw-p 00000000 00:00 0                                  [heap]
c0000000-ca800000 rw-p 00000000 00:00 0 
ca800000-eab00000 ---p 00000000 00:00 0 
eab00000-eff00000 rw-p 00000000 00:00 0 
eff00000-100000000 ---p 00000000 00:00 0 
100000000-1000a0000 rw-p 00000000 00:00 0 
1000a0000-140000000 ---p 00000000 00:00 0 
7f3a28000000-7f3a28024000 rw-p 00000000 00:00 0 
7f3a28024000-7f3a2c000000 ---p 00000000 00:00 0 
7f3a2c000000-7f3a2c026000 rw-p 00000000 00:00 0 
7f3a2c026000-7f3a30000000 ---p 00000000 00:00 0 
7f3a30000000-7f3a30021000 rw-p 00000000 00:00 0 
7f3a30021000-7f3a34000000 ---p 00000000 00:00 0 
7f3a34000000-7f3a34028000 rw-p 00000000 00:00 0 
7f3a34028000-7f3a38000000 ---p 00000000 00:00 0 
7f3a38000000-7f3a38021000 rw-p 00000000 00:00 0 
7f3a38021000-7f3a3c000000 ---p 00000000 00:00 0 
7f3a3c000000-7f3a3c040000 rw-p 00000000 00:00 0 
7f3a3c040000-7f3a40000000 ---p 00000000 00:00 0 
7f3a40000000-7f3a4061e000 rw-p 00000000 00:00 0 
7f3a4061e000-7f3a44000000 ---p 00000000 00:00 0 
7f3a44000000-7f3a44021000 rw-p 00000000 00:00 0 
7f3a44021000-7f3a48000000 ---p 00000000 00:00 0 
7f3a48000000-7f3a485d4000 rw-p 00000000 00:00 0 
7f3a485d4000-7f3a4c000000 ---p 00000000 00:00 0 
7f3a4c000000-7f3a4c4d2000 rw-p 00000000 00:00 0 
7f3a4c4d2000-7f3a50000000 ---p 00000000 00:00 0 
7f3a50000000-7f3a50021000 rw-p 00000000 00:00 0 
7f3a50021000-7f3a54000000 ---p 00000000 00:00 0 
7f3a54000000-7f3a54021000 rw-p 00000000 00:00 0 
7f3a54021000-7f3a58000000 ---p 00000000 00:00 0 
7f3a58000000-7f3a58021000 rw-p 00000000 00:00 0 
7f3a58021000-7f3a5c000000 ---p 00000000 00:00 0 
7f3a5c000000-7f3a5c021000 rw-p 00000000 00:00 0 
7f3a5c021000-7f3a60000000 ---p 00000000 00:00 0 
7f3a60000000-7f3a60021000 rw-p 00000000 00:00 0 
7f3a60021000-7f3a64000000 ---p 00000000 00:00 0 
7f3a65d28000-7f3a65d2b000 ---p 00000000 00:00 0 
7f3a65d2b000-7f3a65e29000 rw-p 00000000 00:00 0 
7f3a65e29000-7f3a65e2c000 ---p 00000000 00:00 0 
7f3a65e2c000-7f3a65f2a000 rw-p 00000000 00:00 0 
7f3a65f2a000-7f3a65f2d000 ---p 00000000 00:00 0 
7f3a65f2d000-7f3a6602b000 rw-p 00000000 00:00 0 
7f3a6602b000-7f3a6602e000 ---p 00000000 00:00 0 
7f3a6602e000-7f3a6612c000 rw-p 00000000 00:00 0 
7f3a6612c000-7f3a6612f000 ---p 00000000 00:00 0 
7f3a6612f000-7f3a6622d000 rw-p 00000000 00:00 0 
7f3a6622d000-7f3a6622e000 ---p 00000000 00:00 0 
7f3a6622e000-7f3a6632e000 rw-p 00000000 00:00 0 
7f3a6632e000-7f3a66331000 ---p 00000000 00:00 0 
7f3a66331000-7f3a6642f000 rw-p 00000000 00:00 0 
7f3a6642f000-7f3a66432000 ---p 00000000 00:00 0 
7f3a66432000-7f3a66530000 rw-p 00000000 00:00 0 
7f3a66530000-7f3a66533000 ---p 00000000 00:00 0 
7f3a66533000-7f3a66631000 rw-p 00000000 00:00 0 
7f3a66631000-7f3a66634000 ---p 00000000 00:00 0 
7f3a66634000-7f3a66732000 rw-p 00000000 00:00 0 
7f3a66732000-7f3a66735000 ---p 00000000 00:00 0 
7f3a66735000-7f3a66833000 rw-p 00000000 00:00 0 
7f3a66833000-7f3a671f2000 r--p 00000000 08:01 3939084                    /usr/lib/locale/locale-archive
7f3a671f2000-7f3a671f5000 ---p 00000000 00:00 0 
7f3a671f5000-7f3a672f3000 rw-p 00000000 00:00 0 
7f3a672f3000-7f3a672f6000 ---p 00000000 00:00 0 
7f3a672f6000-7f3a673f4000 rw-p 00000000 00:00 0 
7f3a673f4000-7f3a673f5000 ---p 00000000 00:00 0 
7f3a673f5000-7f3a68000000 rw-p 00000000 00:00 0 
7f3a68000000-7f3a68021000 rw-p 00000000 00:00 0 
7f3a68021000-7f3a6c000000 ---p 00000000 00:00 0 
7f3a6c000000-7f3a6c021000 rw-p 00000000 00:00 0 
7f3a6c021000-7f3a70000000 ---p 00000000 00:00 0 
7f3a70000000-7f3a70021000 rw-p 00000000 00:00 0 
7f3a70021000-7f3a74000000 ---p 00000000 00:00 0 
7f3a74000000-7f3a74021000 rw-p 00000000 00:00 0 
7f3a74021000-7f3a78000000 ---p 00000000 00:00 0 
7f3a78000000-7f3a78282000 rw-p 00000000 00:00 0 
7f3a78282000-7f3a7c000000 ---p 00000000 00:00 0 
7f3a7c059000-7f3a7c067000 r--s 0006d000 08:01 119799842                  /home/n3v10t/Android-Projects/BumbleBeeM/app/build/intermediates/exploded-aar/com.android.support/support-compat/24.2.1/jars/classes.jar
7f3a7c067000-7f3a7cb16000 rw-p 00000000 00:00 0 
7f3a7cb16000-7f3a7cce3000 r--s 03bec000 08:01 117965856                  /usr/local/android-studio/jre/jre/lib/rt.jar
7f3a7cce3000-7f3a7d399000 rw-p 00000000 00:00 0 
7f3a7d399000-7f3a7d559000 ---p 00000000 00:00 0 
7f3a7d559000-7f3a7f759000 rw-p 00000000 00:00 0 
7f3a7f759000-7f3a7f75a000 ---p 00000000 00:00 0 
7f3a7f75a000-7f3a7f85a000 rw-p 00000000 00:00 0 
7f3a7f85a000-7f3a7f85b000 ---p 00000000 00:00 0 
7f3a7f85b000-7f3a7f95b000 rw-p 00000000 00:00 0 
7f3a7f95b000-7f3a7f95c000 ---p 00000000 00:00 0 
7f3a7f95c000-7f3a7fa5c000 rw-p 00000000 00:00 0 
7f3a7fa5c000-7f3a7fa5d000 ---p 00000000 00:00 0 
7f3a7fa5d000-7f3a7fb5d000 rw-p 00000000 00:00 0 
7f3a7fb5d000-7f3a7fb5e000 ---p 00000000 00:00 0 
7f3a7fb5e000-7f3a7fcb2000 rw-p 00000000 00:00 0 
7f3a7fcb2000-7f3a7fdb4000 ---p 00000000 00:00 0 
7f3a7fdb4000-7f3a7fe08000 rw-p 00000000 00:00 0 
7f3a7fe08000-7f3a7ff09000 ---p 00000000 00:00 0 
7f3a7ff09000-7f3a7ff34000 rw-p 00000000 00:00 0 
7f3a7ff34000-7f3a7ffb4000 ---p 00000000 00:00 0 
7f3a7ffb4000-7f3a7ffc5000 rw-p 00000000 00:00 0 
7f3a7ffc5000-7f3a80375000 ---p 00000000 00:00 0 
7f3a80375000-7f3a80745000 rwxp 00000000 00:00 0 
7f3a80745000-7f3a8f375000 ---p 00000000 00:00 0 
7f3a8f375000-7f3a8f38f000 r-xp 00000000 08:01 117965883                  /usr/local/android-studio/jre/jre/lib/amd64/libzip.so
7f3a8f38f000-7f3a8f58f000 ---p 0001a000 08:01 117965883                  /usr/local/android-studio/jre/jre/lib/amd64/libzip.so
7f3a8f58f000-7f3a8f590000 r--p 0001a000 08:01 117965883                  /usr/local/android-studio/jre/jre/lib/amd64/libzip.so
7f3a8f590000-7f3a8f591000 rw-p 0001b000 08:01 117965883                  /usr/local/android-studio/jre/jre/lib/amd64/libzip.so
7f3a8f591000-7f3a8f59c000 r-xp 00000000 08:01 22286722                   /lib/x86_64-linux-gnu/libnss_files-2.23.so
7f3a8f59c000-7f3a8f79b000 ---p 0000b000 08:01 22286722                   /lib/x86_64-linux-gnu/libnss_files-2.23.so
7f3a8f79b000-7f3a8f79c000 r--p 0000a000 08:01 22286722                   /lib/x86_64-linux-gnu/libnss_files-2.23.so
7f3a8f79c000-7f3a8f79d000 rw-p 0000b000 08:01 22286722                   /lib/x86_64-linux-gnu/libnss_files-2.23.so
7f3a8f79d000-7f3a8f7a3000 rw-p 00000000 00:00 0 
7f3a8f7a3000-7f3a8f7ae000 r-xp 00000000 08:01 22286732                   /lib/x86_64-linux-gnu/libnss_nis-2.23.so
7f3a8f7ae000-7f3a8f9ad000 ---p 0000b000 08:01 22286732                   /lib/x86_64-linux-gnu/libnss_nis-2.23.so
7f3a8f9ad000-7f3a8f9ae000 r--p 0000a000 08:01 22286732                   /lib/x86_64-linux-gnu/libnss_nis-2.23.so
7f3a8f9ae000-7f3a8f9af000 rw-p 0000b000 08:01 22286732                   /lib/x86_64-linux-gnu/libnss_nis-2.23.so
7f3a8f9af000-7f3a8f9c5000 r-xp 00000000 08:01 22286716                   /lib/x86_64-linux-gnu/libnsl-2.23.so
7f3a8f9c5000-7f3a8fbc4000 ---p 00016000 08:01 22286716                   /lib/x86_64-linux-gnu/libnsl-2.23.so
7f3a8fbc4000-7f3a8fbc5000 r--p 00015000 08:01 22286716                   /lib/x86_64-linux-gnu/libnsl-2.23.so
7f3a8fbc5000-7f3a8fbc6000 rw-p 00016000 08:01 22286716                   /lib/x86_64-linux-gnu/libnsl-2.23.so
7f3a8fbc6000-7f3a8fbc8000 rw-p 00000000 00:00 0 
7f3a8fbc8000-7f3a8fbd0000 r-xp 00000000 08:01 22286718                   /lib/x86_64-linux-gnu/libnss_compat-2.23.so
7f3a8fbd0000-7f3a8fdcf000 ---p 00008000 08:01 22286718                   /lib/x86_64-linux-gnu/libnss_compat-2.23.so
7f3a8fdcf000-7f3a8fdd0000 r--p 00007000 08:01 22286718                   /lib/x86_64-linux-gnu/libnss_compat-2.23.so
7f3a8fdd0000-7f3a8fdd1000 rw-p 00008000 08:01 22286718                   /lib/x86_64-linux-gnu/libnss_compat-2.23.so
7f3a8fdd1000-7f3a8fdfe000 r-xp 00000000 08:01 117965893                  /usr/local/android-studio/jre/jre/lib/amd64/libjava.so
7f3a8fdfe000-7f3a8fffd000 ---p 0002d000 08:01 117965893                  /usr/local/android-studio/jre/jre/lib/amd64/libjava.so
7f3a8fffd000-7f3a8fffe000 r--p 0002c000 08:01 117965893                  /usr/local/android-studio/jre/jre/lib/amd64/libjava.so
7f3a8fffe000-7f3a90000000 rw-p 0002d000 08:01 117965893                  /usr/local/android-studio/jre/jre/lib/amd64/libjava.so
7f3a90000000-7f3a903a4000 rw-p 00000000 00:00 0 
7f3a903a4000-7f3a94000000 ---p 00000000 00:00 0 
7f3a94001000-7f3a9404e000 rw-p 00000000 00:00 0 
7f3a9404e000-7f3a9404f000 ---p 00000000 00:00 0 
7f3a9404f000-7f3a9414f000 rw-p 00000000 00:00 0 
7f3a9414f000-7f3a9415f000 r-xp 00000000 08:01 117965909                  /usr/local/android-studio/jre/jre/lib/amd64/libverify.so
7f3a9415f000-7f3a9435e000 ---p 00010000 08:01 117965909                  /usr/local/android-studio/jre/jre/lib/amd64/libverify.so
7f3a9435e000-7f3a94360000 r--p 0000f000 08:01 117965909                  /usr/local/android-studio/jre/jre/lib/amd64/libverify.so
7f3a94360000-7f3a94361000 rw-p 00011000 08:01 117965909                  /usr/local/android-studio/jre/jre/lib/amd64/libverify.so
7f3a94361000-7f3a94368000 r-xp 00000000 08:01 22286777                   /lib/x86_64-linux-gnu/librt-2.23.so
7f3a94368000-7f3a94567000 ---p 00007000 08:01 22286777                   /lib/x86_64-linux-gnu/librt-2.23.so
7f3a94567000-7f3a94568000 r--p 00006000 08:01 22286777                   /lib/x86_64-linux-gnu/librt-2.23.so
7f3a94568000-7f3a94569000 rw-p 00007000 08:01 22286777                   /lib/x86_64-linux-gnu/librt-2.23.so
7f3a94569000-7f3a94671000 r-xp 00000000 08:01 22286693                   /lib/x86_64-linux-gnu/libm-2.23.so
7f3a94671000-7f3a94870000 ---p 00108000 08:01 22286693                   /lib/x86_64-linux-gnu/libm-2.23.so
7f3a94870000-7f3a94871000 r--p 00107000 08:01 22286693                   /lib/x86_64-linux-gnu/libm-2.23.so
7f3a94871000-7f3a94872000 rw-p 00108000 08:01 22286693                   /lib/x86_64-linux-gnu/libm-2.23.so
7f3a94872000-7f3a95458000 r-xp 00000000 08:01 117965913                  /usr/local/android-studio/jre/jre/lib/amd64/server/libjvm.so
7f3a95458000-7f3a95658000 ---p 00be6000 08:01 117965913                  /usr/local/android-studio/jre/jre/lib/amd64/server/libjvm.so
7f3a95658000-7f3a956f7000 r--p 00be6000 08:01 117965913                  /usr/local/android-studio/jre/jre/lib/amd64/server/libjvm.so
7f3a956f7000-7f3a95720000 rw-p 00c85000 08:01 117965913                  /usr/local/android-studio/jre/jre/lib/amd64/server/libjvm.so
7f3a95720000-7f3a95762000 rw-p 00000000 00:00 0 
7f3a95762000-7f3a9577a000 r-xp 00000000 08:01 22286769                   /lib/x86_64-linux-gnu/libpthread-2.23.so
7f3a9577a000-7f3a95979000 ---p 00018000 08:01 22286769                   /lib/x86_64-linux-gnu/libpthread-2.23.so
7f3a95979000-7f3a9597a000 r--p 00017000 08:01 22286769                   /lib/x86_64-linux-gnu/libpthread-2.23.so
7f3a9597a000-7f3a9597b000 rw-p 00018000 08:01 22286769                   /lib/x86_64-linux-gnu/libpthread-2.23.so
7f3a9597b000-7f3a9597f000 rw-p 00000000 00:00 0 
7f3a9597f000-7f3a95982000 r-xp 00000000 08:01 22286647                   /lib/x86_64-linux-gnu/libdl-2.23.so
7f3a95982000-7f3a95b81000 ---p 00003000 08:01 22286647                   /lib/x86_64-linux-gnu/libdl-2.23.so
7f3a95b81000-7f3a95b82000 r--p 00002000 08:01 22286647                   /lib/x86_64-linux-gnu/libdl-2.23.so
7f3a95b82000-7f3a95b83000 rw-p 00003000 08:01 22286647                   /lib/x86_64-linux-gnu/libdl-2.23.so
7f3a95b83000-7f3a95d43000 r-xp 00000000 08:01 22286623                   /lib/x86_64-linux-gnu/libc-2.23.so
7f3a95d43000-7f3a95f42000 ---p 001c0000 08:01 22286623                   /lib/x86_64-linux-gnu/libc-2.23.so
7f3a95f42000-7f3a95f46000 r--p 001bf000 08:01 22286623                   /lib/x86_64-linux-gnu/libc-2.23.so
7f3a95f46000-7f3a95f48000 rw-p 001c3000 08:01 22286623                   /lib/x86_64-linux-gnu/libc-2.23.so
7f3a95f48000-7f3a95f4c000 rw-p 00000000 00:00 0 
7f3a95f4c000-7f3a95f62000 r-xp 00000000 08:01 117965773                  /usr/local/android-studio/jre/lib/amd64/jli/libjli.so
7f3a95f62000-7f3a96161000 ---p 00016000 08:01 117965773                  /usr/local/android-studio/jre/lib/amd64/jli/libjli.so
7f3a96161000-7f3a96162000 r--p 00015000 08:01 117965773                  /usr/local/android-studio/jre/lib/amd64/jli/libjli.so
7f3a96162000-7f3a96163000 rw-p 00016000 08:01 117965773                  /usr/local/android-studio/jre/lib/amd64/jli/libjli.so
7f3a96163000-7f3a96189000 r-xp 00000000 08:01 22286595                   /lib/x86_64-linux-gnu/ld-2.23.so
7f3a9618d000-7f3a96266000 rw-p 00000000 00:00 0 
7f3a96266000-7f3a96269000 ---p 00000000 00:00 0 
7f3a96269000-7f3a9636b000 rw-p 00000000 00:00 0 
7f3a9636e000-7f3a9637c000 r--s 000e0000 08:01 106696168                  /home/n3v10t/Android/Sdk/build-tools/24.0.1/lib/dx.jar
7f3a9637c000-7f3a96384000 rw-s 00000000 08:01 107088977                  /tmp/hsperfdata_n3v10t/20590
7f3a96384000-7f3a96385000 rw-p 00000000 00:00 0 
7f3a96385000-7f3a96386000 ---p 00000000 00:00 0 
7f3a96386000-7f3a96388000 rw-p 00000000 00:00 0 
7f3a96388000-7f3a96389000 r--p 00025000 08:01 22286595                   /lib/x86_64-linux-gnu/ld-2.23.so
7f3a96389000-7f3a9638a000 rw-p 00026000 08:01 22286595                   /lib/x86_64-linux-gnu/ld-2.23.so
7f3a9638a000-7f3a9638b000 rw-p 00000000 00:00 0 
7ffda0fdf000-7ffda1001000 rw-p 00000000 00:00 0                          [stack]
7ffda10a8000-7ffda10aa000 r--p 00000000 00:00 0                          [vvar]
7ffda10aa000-7ffda10ac000 r-xp 00000000 00:00 0                          [vdso]
ffffffffff600000-ffffffffff601000 r-xp 00000000 00:00 0                  [vsyscall]

VM Arguments:
jvm_args: -Djava.awt.headless=true -Xmx1024M -Dfile.encoding=UTF-8 -Duser.country=US -Duser.language=en -Duser.variant 
java_command: com.android.dx.command.Main --dex --force-jumbo --num-threads=4 --multi-dex --output /home/n3v10t/Android-Projects/BumbleBeeM/app/build/intermediates/transforms/dex/debug/folders/1000/10/com.android.support-support-compat-24.2.1_cd95d0ea9945f3e5082c42859536e646cd47b47b /home/n3v10t/Android-Projects/BumbleBeeM/app/build/intermediates/exploded-aar/com.android.support/support-compat/24.2.1/jars/classes.jar
java_class_path (initial): /home/n3v10t/Android/Sdk/build-tools/24.0.1/lib/dx.jar
Launcher Type: SUN_STANDARD

Environment Variables:
PATH=/home/n3v10t/bin:/home/n3v10t/.local/bin:/usr/local/sbin:/usr/local/bin:/usr/sbin:/usr/bin:/sbin:/bin:/usr/games:/usr/local/games:/snap/bin
LD_LIBRARY_PATH=.:
SHELL=/bin/bash
DISPLAY=:0

Signal Handlers:
SIGSEGV: [libjvm.so+0x9daac0], sa_mask[0]=11111111011111111101111111111110, sa_flags=SA_RESTART|SA_SIGINFO
SIGBUS: [libjvm.so+0x9daac0], sa_mask[0]=11111111011111111101111111111110, sa_flags=SA_RESTART|SA_SIGINFO
SIGFPE: [libjvm.so+0x840d90], sa_mask[0]=11111111011111111101111111111110, sa_flags=SA_RESTART|SA_SIGINFO
SIGPIPE: [libjvm.so+0x840d90], sa_mask[0]=11111111011111111101111111111110, sa_flags=SA_RESTART|SA_SIGINFO
SIGXFSZ: [libjvm.so+0x840d90], sa_mask[0]=11111111011111111101111111111110, sa_flags=SA_RESTART|SA_SIGINFO
SIGILL: [libjvm.so+0x840d90], sa_mask[0]=11111111011111111101111111111110, sa_flags=SA_RESTART|SA_SIGINFO
SIGUSR1: SIG_DFL, sa_mask[0]=00000000000000000000000000000000, sa_flags=none
SIGUSR2: [libjvm.so+0x840c60], sa_mask[0]=00100000000000000000000000000000, sa_flags=SA_RESTART|SA_SIGINFO
SIGHUP: [libjvm.so+0x840e50], sa_mask[0]=11111111011111111101111111111110, sa_flags=SA_RESTART|SA_SIGINFO
SIGINT: [libjvm.so+0x840e50], sa_mask[0]=11111111011111111101111111111110, sa_flags=SA_RESTART|SA_SIGINFO
SIGTERM: [libjvm.so+0x840e50], sa_mask[0]=11111111011111111101111111111110, sa_flags=SA_RESTART|SA_SIGINFO
SIGQUIT: [libjvm.so+0x840e50], sa_mask[0]=11111111011111111101111111111110, sa_flags=SA_RESTART|SA_SIGINFO


---------------  S Y S T E M  ---------------

OS:DISTRIB_ID=Ubuntu
DISTRIB_RELEASE=16.04
DISTRIB_CODENAME=xenial
DISTRIB_DESCRIPTION="Ubuntu 16.04.1 LTS"

uname:Linux 4.4.0-42-generic #62-Ubuntu SMP Fri Oct 7 23:11:45 UTC 2016 x86_64
libc:glibc 2.23 NPTL 2.23 
rlimit: STACK 8192k, CORE 0k, NPROC 63770, NOFILE 65536, AS infinity
load average:3,30 0,82 0,54

/proc/meminfo:
MemTotal:       16431440 kB
MemFree:         5635880 kB
MemAvailable:   12713100 kB
Buffers:          275012 kB
Cached:          6801368 kB
SwapCached:            0 kB
Active:          8071596 kB
Inactive:        2121928 kB
Active(anon):    3119000 kB
Inactive(anon):    62572 kB
Active(file):    4952596 kB
Inactive(file):  2059356 kB
Unevictable:          64 kB
Mlocked:              64 kB
SwapTotal:      16774140 kB
SwapFree:       16774140 kB
Dirty:             22732 kB
Writeback:             0 kB
AnonPages:       3119464 kB
Mapped:           365888 kB
Shmem:             64320 kB
Slab:             447552 kB
SReclaimable:     402556 kB
SUnreclaim:        44996 kB
KernelStack:       13744 kB
PageTables:        49624 kB
NFS_Unstable:          0 kB
Bounce:                0 kB
WritebackTmp:          0 kB
CommitLimit:    24989860 kB
Committed_AS:    9068660 kB
VmallocTotal:   34359738367 kB
VmallocUsed:           0 kB
VmallocChunk:          0 kB
HardwareCorrupted:     0 kB
AnonHugePages:   1820672 kB
CmaTotal:              0 kB
CmaFree:               0 kB
HugePages_Total:       0
HugePages_Free:        0
HugePages_Rsvd:        0
HugePages_Surp:        0
Hugepagesize:       2048 kB
DirectMap4k:      209472 kB
DirectMap2M:     6080512 kB
DirectMap1G:    10485760 kB


CPU:total 6 (6 cores per cpu, 1 threads per core) family 16 model 10 stepping 0, cmov, cx8, fxsr, mmx, sse, sse2, sse3, popcnt, mmxext, 3dnowpref, lzcnt, sse4a, tsc, tscinvbit, tscinv

/proc/cpuinfo:
processor	: 0
vendor_id	: AuthenticAMD
cpu family	: 16
model		: 10
model name	: AMD Phenom(tm) II X6 1090T Processor
stepping	: 0
microcode	: 0x10000bf
cpu MHz		: 3200.000
cache size	: 512 KB
physical id	: 0
siblings	: 6
core id		: 0
cpu cores	: 6
apicid		: 0
initial apicid	: 0
fpu		: yes
fpu_exception	: yes
cpuid level	: 6
wp		: yes
flags		: fpu vme de pse tsc msr pae mce cx8 apic sep mtrr pge mca cmov pat pse36 clflush mmx fxsr sse sse2 ht syscall nx mmxext fxsr_opt pdpe1gb rdtscp lm 3dnowext 3dnow constant_tsc rep_good nopl nonstop_tsc extd_apicid aperfmperf pni monitor cx16 popcnt lahf_lm cmp_legacy svm extapic cr8_legacy abm sse4a misalignsse 3dnowprefetch osvw ibs skinit wdt cpb hw_pstate vmmcall npt lbrv svm_lock nrip_save pausefilter
bugs		: tlb_mmatch apic_c1e fxsave_leak sysret_ss_attrs
bogomips	: 7449.35
TLB size	: 1024 4K pages
clflush size	: 64
cache_alignment	: 64
address sizes	: 48 bits physical, 48 bits virtual
power management: ts ttp tm stc 100mhzsteps hwpstate cpb

processor	: 1
vendor_id	: AuthenticAMD
cpu family	: 16
model		: 10
model name	: AMD Phenom(tm) II X6 1090T Processor
stepping	: 0
microcode	: 0x10000bf
cpu MHz		: 3200.000
cache size	: 512 KB
physical id	: 0
siblings	: 6
core id		: 1
cpu cores	: 6
apicid		: 1
initial apicid	: 1
fpu		: yes
fpu_exception	: yes
cpuid level	: 6
wp		: yes
flags		: fpu vme de pse tsc msr pae mce cx8 apic sep mtrr pge mca cmov pat pse36 clflush mmx fxsr sse sse2 ht syscall nx mmxext fxsr_opt pdpe1gb rdtscp lm 3dnowext 3dnow constant_tsc rep_good nopl nonstop_tsc extd_apicid aperfmperf pni monitor cx16 popcnt lahf_lm cmp_legacy svm extapic cr8_legacy abm sse4a misalignsse 3dnowprefetch osvw ibs skinit wdt cpb hw_pstate vmmcall npt lbrv svm_lock nrip_save pausefilter
bugs		: tlb_mmatch apic_c1e fxsave_leak sysret_ss_attrs
bogomips	: 7449.35
TLB size	: 1024 4K pages
clflush size	: 64
cache_alignment	: 64
address sizes	: 48 bits physical, 48 bits virtual
power management: ts ttp tm stc 100mhzsteps hwpstate cpb

processor	: 2
vendor_id	: AuthenticAMD
cpu family	: 16
model		: 10
model name	: AMD Phenom(tm) II X6 1090T Processor
stepping	: 0
microcode	: 0x10000bf
cpu MHz		: 3200.000
cache size	: 512 KB
physical id	: 0
siblings	: 6
core id		: 2
cpu cores	: 6
apicid		: 2
initial apicid	: 2
fpu		: yes
fpu_exception	: yes
cpuid level	: 6
wp		: yes
flags		: fpu vme de pse tsc msr pae mce cx8 apic sep mtrr pge mca cmov pat pse36 clflush mmx fxsr sse sse2 ht syscall nx mmxext fxsr_opt pdpe1gb rdtscp lm 3dnowext 3dnow constant_tsc rep_good nopl nonstop_tsc extd_apicid aperfmperf pni monitor cx16 popcnt lahf_lm cmp_legacy svm extapic cr8_legacy abm sse4a misalignsse 3dnowprefetch osvw ibs skinit wdt cpb hw_pstate vmmcall npt lbrv svm_lock nrip_save pausefilter
bugs		: tlb_mmatch apic_c1e fxsave_leak sysret_ss_attrs
bogomips	: 7449.35
TLB size	: 1024 4K pages
clflush size	: 64
cache_alignment	: 64
address sizes	: 48 bits physical, 48 bits virtual
power management: ts ttp tm stc 100mhzsteps hwpstate cpb

processor	: 3
vendor_id	: AuthenticAMD
cpu family	: 16
model		: 10
model name	: AMD Phenom(tm) II X6 1090T Processor
stepping	: 0
microcode	: 0x10000bf
cpu MHz		: 3200.000
cache size	: 512 KB
physical id	: 0
siblings	: 6
core id		: 3
cpu cores	: 6
apicid		: 3
initial apicid	: 3
fpu		: yes
fpu_exception	: yes
cpuid level	: 6
wp		: yes
flags		: fpu vme de pse tsc msr pae mce cx8 apic sep mtrr pge mca cmov pat pse36 clflush mmx fxsr sse sse2 ht syscall nx mmxext fxsr_opt pdpe1gb rdtscp lm 3dnowext 3dnow constant_tsc rep_good nopl nonstop_tsc extd_apicid aperfmperf pni monitor cx16 popcnt lahf_lm cmp_legacy svm extapic cr8_legacy abm sse4a misalignsse 3dnowprefetch osvw ibs skinit wdt cpb hw_pstate vmmcall npt lbrv svm_lock nrip_save pausefilter
bugs		: tlb_mmatch apic_c1e fxsave_leak sysret_ss_attrs
bogomips	: 7449.35
TLB size	: 1024 4K pages
clflush size	: 64
cache_alignment	: 64
address sizes	: 48 bits physical, 48 bits virtual
power management: ts ttp tm stc 100mhzsteps hwpstate cpb

processor	: 4
vendor_id	: AuthenticAMD
cpu family	: 16
model		: 10
model name	: AMD Phenom(tm) II X6 1090T Processor
stepping	: 0
microcode	: 0x10000bf
cpu MHz		: 3200.000
cache size	: 512 KB
physical id	: 0
siblings	: 6
core id		: 4
cpu cores	: 6
apicid		: 4
initial apicid	: 4
fpu		: yes
fpu_exception	: yes
cpuid level	: 6
wp		: yes
flags		: fpu vme de pse tsc msr pae mce cx8 apic sep mtrr pge mca cmov pat pse36 clflush mmx fxsr sse sse2 ht syscall nx mmxext fxsr_opt pdpe1gb rdtscp lm 3dnowext 3dnow constant_tsc rep_good nopl nonstop_tsc extd_apicid aperfmperf pni monitor cx16 popcnt lahf_lm cmp_legacy svm extapic cr8_legacy abm sse4a misalignsse 3dnowprefetch osvw ibs skinit wdt cpb hw_pstate vmmcall npt lbrv svm_lock nrip_save pausefilter
bugs		: tlb_mmatch apic_c1e fxsave_leak sysret_ss_attrs
bogomips	: 7449.35
TLB size	: 1024 4K pages
clflush size	: 64
cache_alignment	: 64
address sizes	: 48 bits physical, 48 bits virtual
power management: ts ttp tm stc 100mhzsteps hwpstate cpb

processor	: 5
vendor_id	: AuthenticAMD
cpu family	: 16
model		: 10
model name	: AMD Phenom(tm) II X6 1090T Processor
stepping	: 0
microcode	: 0x10000bf
cpu MHz		: 3200.000
cache size	: 512 KB
physical id	: 0
siblings	: 6
core id		: 5
cpu cores	: 6
apicid		: 5
initial apicid	: 5
fpu		: yes
fpu_exception	: yes
cpuid level	: 6
wp		: yes
flags		: fpu vme de pse tsc msr pae mce cx8 apic sep mtrr pge mca cmov pat pse36 clflush mmx fxsr sse sse2 ht syscall nx mmxext fxsr_opt pdpe1gb rdtscp lm 3dnowext 3dnow constant_tsc rep_good nopl nonstop_tsc extd_apicid aperfmperf pni monitor cx16 popcnt lahf_lm cmp_legacy svm extapic cr8_legacy abm sse4a misalignsse 3dnowprefetch osvw ibs skinit wdt cpb hw_pstate vmmcall npt lbrv svm_lock nrip_save pausefilter
bugs		: tlb_mmatch apic_c1e fxsave_leak sysret_ss_attrs
bogomips	: 7449.35
TLB size	: 1024 4K pages
clflush size	: 64
cache_alignment	: 64
address sizes	: 48 bits physical, 48 bits virtual
power management: ts ttp tm stc 100mhzsteps hwpstate cpb



Memory: 4k page, physical 16431440k(5635880k free), swap 16774140k(16774140k free)

vm_info: OpenJDK 64-Bit Server VM (25.76-b03) for linux-amd64 JRE (1.8.0_76-release-b03), built on Jun 29 2016 09:39:19 by "builder" with gcc 4.8.4

time: Thu Oct 20 13:05:30 2016
elapsed time: 1 seconds (0d 0h 0m 1s)

