#
# A fatal error has been detected by the Java Runtime Environment:
#
#  SIGSEGV (0xb) at pc=0x00007f1a51623fe3, pid=22208, tid=0x00007f1a3c1ad700
#
# JRE version: OpenJDK Runtime Environment (8.0_76-b03) (build 1.8.0_76-release-b03)
# Java VM: OpenJDK 64-Bit Server VM (25.76-b03 mixed mode linux-amd64 compressed oops)
# Problematic frame:
# V  [libjvm.so+0x8affe3]  oopDesc* PSPromotionManager::copy_to_survivor_space<false>(oopDesc*)+0x2c3
#
# Failed to write core dump. Core dumps have been disabled. To enable core dumping, try "ulimit -c unlimited" before starting Java again
#
# If you would like to submit a bug report, please visit:
#   http://bugreport.java.com/bugreport/crash.jsp
#

---------------  T H R E A D  ---------------

Current thread (0x00007f1a4c021000):  GCTaskThread [stack: 0x00007f1a3c0ad000,0x00007f1a3c1ae000] [id=22213]

siginfo: si_signo: 11 (SIGSEGV), si_code: 1 (SEGV_MAPERR), si_addr: 0x000000076b2eb2c8

Registers:
RAX=0x0000000000000001, RBX=0x00000000ed65d5c8, RCX=0x0000000000000003, RDX=0x00007f1a51c0db80
RSP=0x00007f1a3c1accc0, RBP=0x00007f1a3c1acd20, RSI=0x00000000ed65d5c8, RDI=0x000000076b2eb2c0
R8 =0x0000002220002210, R9 =0x00007f1a4c0787d8, R10=0x00000000f3675729, R11=0x00007f1a51c376c0
R12=0x00000000f3675728, R13=0x0000000000000000, R14=0x00007f1a4c078740, R15=0x00007f1a51c0db90
RIP=0x00007f1a51623fe3, EFLAGS=0x0000000000010206, CSGSFS=0x0000000000000033, ERR=0x0000000000000004
  TRAPNO=0x000000000000000e

Top of Stack: (sp=0x00007f1a3c1accc0)
0x00007f1a3c1accc0:   0000000000000000 0000000000000000
0x00007f1a3c1accd0:   0000000000000000 00000000f3675718
0x00007f1a3c1acce0:   00000000f366e928 0000000000001000
0x00007f1a3c1accf0:   0000000000000000 00007f1a4c078740
0x00007f1a3c1acd00:   00000000f3675728 0000000000000000
0x00007f1a3c1acd10:   00007f1a4c0787d8 00007f1a51c0db90
0x00007f1a3c1acd20:   00007f1a3c1acd90 00007f1a51623808
0x00007f1a3c1acd30:   0303030303030303 00007f1a4c0787a8
0x00007f1a3c1acd40:   00007f1a3c1acd00 00007f1a4c00a000
0x00007f1a3c1acd50:   00007f1a4c0bd001 00007f1a4c078701
0x00007f1a3c1acd60:   00007f1a4c021000 00007f1a3c1acda0
0x00007f1a3c1acd70:   00007f1a006eb9c0 00007f1a4c078740
0x00007f1a3c1acd80:   00007f1a4c021000 00007f1a51c2c4d8
0x00007f1a3c1acd90:   00007f1a3c1ace00 00007f1a5162745e
0x00007f1a3c1acda0:   00007f1a51bf3150 00007f1a4c01ea00
0x00007f1a3c1acdb0:   00007f1a4c078740 00007f1a5157d41b
0x00007f1a3c1acdc0:   00007f1a51beb740 00007f1a006eb900
0x00007f1a3c1acdd0:   00007f1a3c1acda0 00007f1a512f1501
0x00007f1a3c1acde0:   0000000000000001 0000000000000001
0x00007f1a3c1acdf0:   00007f1a006eb9c0 00007f1a517d137b
0x00007f1a3c1ace00:   00007f1a3c1acf10 00007f1a512f2f02
0x00007f1a3c1ace10:   00000000000003d8 00007f1a4c021828
0x00007f1a3c1ace20:   00007f1a4c021450 00007f1a3c1acea0
0x00007f1a3c1ace30:   00007f1a4c021400 00007f1a4c021440
0x00007f1a3c1ace40:   00007f1a3c1ace50 0000000000000000
0x00007f1a3c1ace50:   0000000000000000 00007f1a4c022000
0x00007f1a3c1ace60:   00007f1a4c021000 00007f1a4c021830
0x00007f1a3c1ace70:   00007f1a4c021870 00007f1a4c021880
0x00007f1a3c1ace80:   00007f1a4c021958 00000000000000d8
0x00007f1a3c1ace90:   00007f1a4c021a90 00007f1a4c022400
0x00007f1a3c1acea0:   00007f1a4c021000 00007f1a4c021830
0x00007f1a3c1aceb0:   00007f1a4c021870 00007f1a4c021880 

Instructions: (pc=0x00007f1a51623fe3)
0x00007f1a51623fc3:   e9 3d fe ff ff 0f 1f 84 00 00 00 00 00 48 8d 15
0x00007f1a51623fd3:   a9 9b 5e 00 8b 7e 08 8b 4a 08 48 d3 e7 48 03 3a
0x00007f1a51623fe3:   8b 4f 08 83 f9 00 0f 8f 7d fd ff ff 0f 85 3b 02
0x00007f1a51623ff3:   00 00 0f 1f 00 48 8b 07 4c 89 45 b8 48 89 de ff 

Register to memory mapping:

RAX=0x0000000000000001 is an unknown value
RBX=0x00000000ed65d5c8 is an oop

[error occurred during error reporting (printing register info), id 0xb]

Stack: [0x00007f1a3c0ad000,0x00007f1a3c1ae000],  sp=0x00007f1a3c1accc0,  free space=1023k
Native frames: (J=compiled Java code, j=interpreted, Vv=VM code, C=native code)
V  [libjvm.so+0x8affe3]  oopDesc* PSPromotionManager::copy_to_survivor_space<false>(oopDesc*)+0x2c3
V  [libjvm.so+0x8af808]  PSPromotionManager::drain_stacks_depth(bool)+0x6f8
V  [libjvm.so+0x8b345e]  ThreadRootsTask::do_it(GCTaskManager*, unsigned int)+0x8e
V  [libjvm.so+0x57ef02]  GCTaskThread::run()+0x162
V  [libjvm.so+0x8425b2]  java_start(Thread*)+0xf2


---------------  P R O C E S S  ---------------

Java Threads: ( => current thread )
  0x00007f1a4c166800 JavaThread "pool-2-thread-4" [_thread_blocked, id=22296, stack(0x00007f1a2a22d000,0x00007f1a2a32e000)]
  0x00007f1a4c164800 JavaThread "pool-2-thread-3" [_thread_blocked, id=22294, stack(0x00007f1a2a32e000,0x00007f1a2a42f000)]
  0x00007f1a4c163800 JavaThread "pool-2-thread-2" [_thread_blocked, id=22293, stack(0x00007f1a2a42f000,0x00007f1a2a530000)]
  0x00007f1a4c14a000 JavaThread "pool-3-thread-1" [_thread_blocked, id=22287, stack(0x00007f1a2a530000,0x00007f1a2a631000)]
  0x00007f1a4c149000 JavaThread "pool-2-thread-1" [_thread_blocked, id=22286, stack(0x00007f1a2a631000,0x00007f1a2a732000)]
  0x00007f1a4c0c4800 JavaThread "Service Thread" daemon [_thread_blocked, id=22276, stack(0x00007f1a2a833000,0x00007f1a2a934000)]
  0x00007f1a4c0c1800 JavaThread "C1 CompilerThread2" daemon [_thread_blocked, id=22275, stack(0x00007f1a2a934000,0x00007f1a2aa35000)]
  0x00007f1a4c0c0000 JavaThread "C2 CompilerThread1" daemon [_thread_in_native, id=22271, stack(0x00007f1a2aa35000,0x00007f1a2ab36000)]
  0x00007f1a4c0bd000 JavaThread "C2 CompilerThread0" daemon [_thread_in_native, id=22270, stack(0x00007f1a2ab36000,0x00007f1a2ac37000)]
  0x00007f1a4c0bb800 JavaThread "Signal Dispatcher" daemon [_thread_blocked, id=22269, stack(0x00007f1a2ac37000,0x00007f1a2ad38000)]
  0x00007f1a4c087800 JavaThread "Finalizer" daemon [_thread_blocked, id=22247, stack(0x00007f1a2b6f7000,0x00007f1a2b7f8000)]
  0x00007f1a4c083000 JavaThread "Reference Handler" daemon [_thread_blocked, id=22235, stack(0x00007f1a2b7f8000,0x00007f1a2b8f9000)]
  0x00007f1a4c00a000 JavaThread "main" [_thread_blocked, id=22210, stack(0x00007f1a52768000,0x00007f1a52869000)]

Other Threads:
  0x00007f1a4c07b800 VMThread [stack: 0x00007f1a2b8f9000,0x00007f1a2b9fa000] [id=22232]
  0x00007f1a4c0c7000 WatcherThread [stack: 0x00007f1a2a732000,0x00007f1a2a833000] [id=22277]

=>0x00007f1a4c021000 (exited) GCTaskThread [stack: 0x00007f1a3c0ad000,0x00007f1a3c1ae000] [id=22213]

VM state:at safepoint (normal execution)

VM Mutex/Monitor currently owned by a thread:  ([mutex/lock_event])
[0x00007f1a4c006640] Threads_lock - owner thread: 0x00007f1a4c07b800
[0x00007f1a4c006b40] Heap_lock - owner thread: 0x00007f1a4c149000

Heap:
 PSYoungGen      total 75264K, used 75238K [0x00000000eab00000, 0x00000000f3e00000, 0x0000000100000000)
  eden space 64512K, 100% used [0x00000000eab00000,0x00000000eea00000,0x00000000eea00000)
  from space 10752K, 99% used [0x00000000eea00000,0x00000000ef479a98,0x00000000ef480000)
  to   space 10752K, 99% used [0x00000000f3380000,0x00000000f3dfa938,0x00000000f3e00000)
 ParOldGen       total 172032K, used 1701K [0x00000000c0000000, 0x00000000ca800000, 0x00000000eab00000)
  object space 172032K, 0% used [0x00000000c0000000,0x00000000c01a9440,0x00000000ca800000)
 Metaspace       used 5880K, capacity 6960K, committed 7040K, reserved 1056768K
  class space    used 580K, capacity 616K, committed 640K, reserved 1048576K

Card table byte_map: [0x00007f1a3c405000,0x00007f1a3c606000] byte_map_base: 0x00007f1a3be05000

Marking Bits: (ParMarkBitMap*) 0x00007f1a51c371a0
 Begin Bits: [0x00007f1a39ca9000, 0x00007f1a3aca9000)
 End Bits:   [0x00007f1a3aca9000, 0x00007f1a3bca9000)

Polling page: 0x00007f1a52887000

CodeCache: size=245760Kb used=4955Kb max_used=4955Kb free=240804Kb
 bounds [0x00007f1a3c9c6000, 0x00007f1a3cea6000, 0x00007f1a4b9c6000]
 total_blobs=1538 nmethods=1278 adapters=176
 compilation: enabled

Compilation events (10 events):
Event: 2,102 Thread 0x00007f1a4c0c1800 nmethod 1389 0x00007f1a3ce99550 code [0x00007f1a3ce997e0, 0x00007f1a3ce9aad8]
Event: 2,102 Thread 0x00007f1a4c0c1800 1392   !   3       com.android.dx.cf.code.Simulator::simulate (74 bytes)
Event: 2,103 Thread 0x00007f1a4c0c1800 nmethod 1392 0x00007f1a3ce9b550 code [0x00007f1a3ce9b720, 0x00007f1a3ce9bfd8]
Event: 2,103 Thread 0x00007f1a4c0c1800 1393       3       java.util.ArrayList::clear (39 bytes)
Event: 2,103 Thread 0x00007f1a4c0c1800 nmethod 1393 0x00007f1a3ce9c450 code [0x00007f1a3ce9c5e0, 0x00007f1a3ce9c950]
Event: 2,103 Thread 0x00007f1a4c0c1800 1382       2       com.android.dx.ssa.DomFront::calcDomFronts (154 bytes)
Event: 2,103 Thread 0x00007f1a4c0c1800 nmethod 1382 0x00007f1a3ce9ca90 code [0x00007f1a3ce9cca0, 0x00007f1a3ce9d2e8]
Event: 2,103 Thread 0x00007f1a4c0c1800 1380       2       com.android.dx.dex.code.RopTranslator::pickOrder (400 bytes)
Event: 2,105 Thread 0x00007f1a4c0c1800 nmethod 1380 0x00007f1a3ce9dbd0 code [0x00007f1a3ce9de20, 0x00007f1a3ce9e978]
Event: 2,105 Thread 0x00007f1a4c0c1800 1383       2       com.android.dx.ssa.PhiTypeResolver::run (179 bytes)

GC Heap History (3 events):
Event: 1,509 GC heap before
{Heap before GC invocations=1 (full 0):
 PSYoungGen      total 75264K, used 64512K [0x00000000eab00000, 0x00000000eff00000, 0x0000000100000000)
  eden space 64512K, 100% used [0x00000000eab00000,0x00000000eea00000,0x00000000eea00000)
  from space 10752K, 0% used [0x00000000ef480000,0x00000000ef480000,0x00000000eff00000)
  to   space 10752K, 0% used [0x00000000eea00000,0x00000000eea00000,0x00000000ef480000)
 ParOldGen       total 172032K, used 0K [0x00000000c0000000, 0x00000000ca800000, 0x00000000eab00000)
  object space 172032K, 0% used [0x00000000c0000000,0x00000000c0000000,0x00000000ca800000)
 Metaspace       used 5766K, capacity 6832K, committed 7040K, reserved 1056768K
  class space    used 579K, capacity 616K, committed 640K, reserved 1048576K
Event: 1,557 GC heap after
Heap after GC invocations=1 (full 0):
 PSYoungGen      total 75264K, used 10726K [0x00000000eab00000, 0x00000000f3e00000, 0x0000000100000000)
  eden space 64512K, 0% used [0x00000000eab00000,0x00000000eab00000,0x00000000eea00000)
  from space 10752K, 99% used [0x00000000eea00000,0x00000000ef479a98,0x00000000ef480000)
  to   space 10752K, 0% used [0x00000000f3380000,0x00000000f3380000,0x00000000f3e00000)
 ParOldGen       total 172032K, used 789K [0x00000000c0000000, 0x00000000ca800000, 0x00000000eab00000)
  object space 172032K, 0% used [0x00000000c0000000,0x00000000c00c5440,0x00000000ca800000)
 Metaspace       used 5766K, capacity 6832K, committed 7040K, reserved 1056768K
  class space    used 579K, capacity 616K, committed 640K, reserved 1048576K
}
Event: 2,113 GC heap before
{Heap before GC invocations=2 (full 0):
 PSYoungGen      total 75264K, used 75238K [0x00000000eab00000, 0x00000000f3e00000, 0x0000000100000000)
  eden space 64512K, 100% used [0x00000000eab00000,0x00000000eea00000,0x00000000eea00000)
  from space 10752K, 99% used [0x00000000eea00000,0x00000000ef479a98,0x00000000ef480000)
  to   space 10752K, 0% used [0x00000000f3380000,0x00000000f3380000,0x00000000f3e00000)
 ParOldGen       total 172032K, used 789K [0x00000000c0000000, 0x00000000ca800000, 0x00000000eab00000)
  object space 172032K, 0% used [0x00000000c0000000,0x00000000c00c5440,0x00000000ca800000)
 Metaspace       used 5880K, capacity 6960K, committed 7040K, reserved 1056768K
  class space    used 580K, capacity 616K, committed 640K, reserved 1048576K

Deoptimization events (10 events):
Event: 1,080 Thread 0x00007f1a4c163800 Uncommon trap: reason=bimorphic action=maybe_recompile pc=0x00007f1a3cbe3c44 method=java.util.HashMap.getNode(ILjava/lang/Object;)Ljava/util/HashMap$Node; @ 126
Event: 1,080 Thread 0x00007f1a4c163800 Uncommon trap: reason=bimorphic action=maybe_recompile pc=0x00007f1a3cbe3c44 method=java.util.HashMap.getNode(ILjava/lang/Object;)Ljava/util/HashMap$Node; @ 126
Event: 1,080 Thread 0x00007f1a4c163800 Uncommon trap: reason=bimorphic action=maybe_recompile pc=0x00007f1a3cbe3c44 method=java.util.HashMap.getNode(ILjava/lang/Object;)Ljava/util/HashMap$Node; @ 126
Event: 1,092 Thread 0x00007f1a4c00a000 Uncommon trap: reason=unstable_if action=reinterpret pc=0x00007f1a3cc52250 method=com.android.dx.rop.code.RegisterSpecSet.put(Lcom/android/dx/rop/code/RegisterSpec;)V @ 77
Event: 1,092 Thread 0x00007f1a4c00a000 Uncommon trap: reason=unstable_if action=reinterpret pc=0x00007f1a3ccd1b00 method=com.android.dx.rop.code.RegisterSpecSet.put(Lcom/android/dx/rop/code/RegisterSpec;)V @ 77
Event: 1,107 Thread 0x00007f1a4c166800 Uncommon trap: reason=null_check action=make_not_entrant pc=0x00007f1a3ccbf2f8 method=com.android.dx.ssa.SsaRenamer.getLocalForNewReg(I)Lcom/android/dx/rop/code/LocalItem; @ 19
Event: 1,190 Thread 0x00007f1a4c149000 Uncommon trap: reason=unstable_if action=reinterpret pc=0x00007f1a3ccac28c method=com.android.dx.rop.code.LocalItem.hashCode()I @ 25
Event: 1,190 Thread 0x00007f1a4c149000 Uncommon trap: reason=unstable_if action=reinterpret pc=0x00007f1a3cc53f1c method=com.android.dx.rop.code.LocalItem.hashCode()I @ 25
Event: 1,234 Thread 0x00007f1a4c163800 Uncommon trap: reason=unstable_if action=reinterpret pc=0x00007f1a3cbeb478 method=java.util.HashMap.getNode(ILjava/lang/Object;)Ljava/util/HashMap$Node; @ 84
Event: 1,352 Thread 0x00007f1a4c164800 Uncommon trap: reason=unstable_if action=reinterpret pc=0x00007f1a3cd32968 method=com.android.dx.rop.code.RegisterSpec.equals(ILcom/android/dx/rop/type/TypeBearer;Lcom/android/dx/rop/code/LocalItem;)Z @ 42

Internal exceptions (9 events):
Event: 0,029 Thread 0x00007f1a4c00a000 Exception <a 'java/lang/NoSuchMethodError': Method sun.misc.Unsafe.defineClass(Ljava/lang/String;[BII)Ljava/lang/Class; name or signature does not match> (0x00000000eab07cc0) thrown at [/ssd/Android/AOSP-openjdk/external/jetbrains/jdk/hotspot/src/share/vm
Event: 0,030 Thread 0x00007f1a4c00a000 Exception <a 'java/lang/NoSuchMethodError': Method sun.misc.Unsafe.prefetchRead(Ljava/lang/Object;J)V name or signature does not match> (0x00000000eab07fa8) thrown at [/ssd/Android/AOSP-openjdk/external/jetbrains/jdk/hotspot/src/share/vm/prims/jni.cpp, li
Event: 1,076 Thread 0x00007f1a4c166800 Implicit null exception at 0x00007f1a3cc9d4f9 to 0x00007f1a3cc9dfc5
Event: 1,077 Thread 0x00007f1a4c166800 Exception <a 'java/lang/NullPointerException'> (0x00000000ec797a68) thrown at [/ssd/Android/AOSP-openjdk/external/jetbrains/jdk/hotspot/src/share/vm/runtime/sharedRuntime.cpp, line 605]
Event: 1,107 Thread 0x00007f1a4c166800 Implicit null exception at 0x00007f1a3ccbcc88 to 0x00007f1a3ccbf2d5
Event: 1,220 Thread 0x00007f1a4c00a000 Exception <a 'java/lang/ArrayIndexOutOfBoundsException': 18> (0x00000000ed3eae30) thrown at [/ssd/Android/AOSP-openjdk/external/jetbrains/jdk/hotspot/src/share/vm/interpreter/interpreterRuntime.cpp, line 366]
Event: 1,220 Thread 0x00007f1a4c00a000 Exception <a 'java/lang/ArrayIndexOutOfBoundsException': 145> (0x00000000ed3ec9b0) thrown at [/ssd/Android/AOSP-openjdk/external/jetbrains/jdk/hotspot/src/share/vm/interpreter/interpreterRuntime.cpp, line 366]
Event: 1,221 Thread 0x00007f1a4c00a000 Exception <a 'java/lang/ArrayIndexOutOfBoundsException': 40> (0x00000000ed3edc98) thrown at [/ssd/Android/AOSP-openjdk/external/jetbrains/jdk/hotspot/src/share/vm/interpreter/interpreterRuntime.cpp, line 366]
Event: 1,989 Thread 0x00007f1a4c163800 Exception <a 'java/lang/CloneNotSupportedException': <unknown>> (0x00000000edcf0ae0) thrown at [/ssd/Android/AOSP-openjdk/external/jetbrains/jdk/hotspot/src/share/vm/prims/jvm.cpp, line 601]

Events (10 events):
Event: 2,019 Thread 0x00007f1a4c163800 DEOPT UNPACKING pc=0x00007f1a3ca0cf73 sp=0x00007f1a2a52e0d0 mode 0
Event: 2,024 Thread 0x00007f1a4c149000 DEOPT PACKING pc=0x00007f1a3cb9f334 sp=0x00007f1a2a730200
Event: 2,024 Thread 0x00007f1a4c149000 DEOPT UNPACKING pc=0x00007f1a3ca0cf73 sp=0x00007f1a2a72ff50 mode 0
Event: 2,071 Thread 0x00007f1a4c164800 DEOPT PACKING pc=0x00007f1a3cbd3679 sp=0x00007f1a2a42d2d0
Event: 2,071 Thread 0x00007f1a4c164800 DEOPT UNPACKING pc=0x00007f1a3ca0cf73 sp=0x00007f1a2a42d020 mode 0
Event: 2,079 Thread 0x00007f1a4c00a000 DEOPT PACKING pc=0x00007f1a3cdc9d37 sp=0x00007f1a528666b0
Event: 2,079 Thread 0x00007f1a4c00a000 DEOPT UNPACKING pc=0x00007f1a3ca0cf73 sp=0x00007f1a528664b0 mode 0
Event: 2,088 Thread 0x00007f1a4c164800 DEOPT PACKING pc=0x00007f1a3cb9f334 sp=0x00007f1a2a42d250
Event: 2,088 Thread 0x00007f1a4c164800 DEOPT UNPACKING pc=0x00007f1a3ca0cf73 sp=0x00007f1a2a42cf98 mode 0
Event: 2,105 Executing VM operation: ParallelGCFailedAllocation


Dynamic libraries:
00400000-00401000 r-xp 00000000 08:01 117965799                          /usr/local/android-studio/jre/bin/java
00600000-00601000 r--p 00000000 08:01 117965799                          /usr/local/android-studio/jre/bin/java
00601000-00602000 rw-p 00001000 08:01 117965799                          /usr/local/android-studio/jre/bin/java
0108c000-010ad000 rw-p 00000000 00:00 0                                  [heap]
c0000000-ca800000 rw-p 00000000 00:00 0 
ca800000-eab00000 ---p 00000000 00:00 0 
eab00000-f3e00000 rw-p 00000000 00:00 0 
f3e00000-100000000 ---p 00000000 00:00 0 
100000000-1000a0000 rw-p 00000000 00:00 0 
1000a0000-140000000 ---p 00000000 00:00 0 
7f19dc000000-7f19dc028000 rw-p 00000000 00:00 0 
7f19dc028000-7f19e0000000 ---p 00000000 00:00 0 
7f19e4000000-7f19e4021000 rw-p 00000000 00:00 0 
7f19e4021000-7f19e8000000 ---p 00000000 00:00 0 
7f19e8000000-7f19e8024000 rw-p 00000000 00:00 0 
7f19e8024000-7f19ec000000 ---p 00000000 00:00 0 
7f19ec000000-7f19ec021000 rw-p 00000000 00:00 0 
7f19ec021000-7f19f0000000 ---p 00000000 00:00 0 
7f19f0000000-7f19f0021000 rw-p 00000000 00:00 0 
7f19f0021000-7f19f4000000 ---p 00000000 00:00 0 
7f19f4000000-7f19f4021000 rw-p 00000000 00:00 0 
7f19f4021000-7f19f8000000 ---p 00000000 00:00 0 
7f19f8000000-7f19f8021000 rw-p 00000000 00:00 0 
7f19f8021000-7f19fc000000 ---p 00000000 00:00 0 
7f19fc000000-7f19fc559000 rw-p 00000000 00:00 0 
7f19fc559000-7f1a00000000 ---p 00000000 00:00 0 
7f1a00000000-7f1a0090b000 rw-p 00000000 00:00 0 
7f1a0090b000-7f1a04000000 ---p 00000000 00:00 0 
7f1a04000000-7f1a04021000 rw-p 00000000 00:00 0 
7f1a04021000-7f1a08000000 ---p 00000000 00:00 0 
7f1a08000000-7f1a08563000 rw-p 00000000 00:00 0 
7f1a08563000-7f1a0c000000 ---p 00000000 00:00 0 
7f1a0c000000-7f1a0c021000 rw-p 00000000 00:00 0 
7f1a0c021000-7f1a10000000 ---p 00000000 00:00 0 
7f1a10000000-7f1a10021000 rw-p 00000000 00:00 0 
7f1a10021000-7f1a14000000 ---p 00000000 00:00 0 
7f1a14000000-7f1a14021000 rw-p 00000000 00:00 0 
7f1a14021000-7f1a18000000 ---p 00000000 00:00 0 
7f1a18000000-7f1a18021000 rw-p 00000000 00:00 0 
7f1a18021000-7f1a1c000000 ---p 00000000 00:00 0 
7f1a1c000000-7f1a1c021000 rw-p 00000000 00:00 0 
7f1a1c021000-7f1a20000000 ---p 00000000 00:00 0 
7f1a24000000-7f1a24282000 rw-p 00000000 00:00 0 
7f1a24282000-7f1a28000000 ---p 00000000 00:00 0 
7f1a2a22d000-7f1a2a230000 ---p 00000000 00:00 0 
7f1a2a230000-7f1a2a32e000 rw-p 00000000 00:00 0 
7f1a2a32e000-7f1a2a331000 ---p 00000000 00:00 0 
7f1a2a331000-7f1a2a42f000 rw-p 00000000 00:00 0 
7f1a2a42f000-7f1a2a432000 ---p 00000000 00:00 0 
7f1a2a432000-7f1a2a530000 rw-p 00000000 00:00 0 
7f1a2a530000-7f1a2a533000 ---p 00000000 00:00 0 
7f1a2a533000-7f1a2a631000 rw-p 00000000 00:00 0 
7f1a2a631000-7f1a2a634000 ---p 00000000 00:00 0 
7f1a2a634000-7f1a2a732000 rw-p 00000000 00:00 0 
7f1a2a732000-7f1a2a733000 ---p 00000000 00:00 0 
7f1a2a733000-7f1a2a833000 rw-p 00000000 00:00 0 
7f1a2a833000-7f1a2a836000 ---p 00000000 00:00 0 
7f1a2a836000-7f1a2a934000 rw-p 00000000 00:00 0 
7f1a2a934000-7f1a2a937000 ---p 00000000 00:00 0 
7f1a2a937000-7f1a2aa35000 rw-p 00000000 00:00 0 
7f1a2aa35000-7f1a2aa38000 ---p 00000000 00:00 0 
7f1a2aa38000-7f1a2ab36000 rw-p 00000000 00:00 0 
7f1a2ab36000-7f1a2ab39000 ---p 00000000 00:00 0 
7f1a2ab39000-7f1a2ac37000 rw-p 00000000 00:00 0 
7f1a2ac37000-7f1a2ac3a000 ---p 00000000 00:00 0 
7f1a2ac3a000-7f1a2ad38000 rw-p 00000000 00:00 0 
7f1a2ad38000-7f1a2b6f7000 r--p 00000000 08:01 3939084                    /usr/lib/locale/locale-archive
7f1a2b6f7000-7f1a2b6fa000 ---p 00000000 00:00 0 
7f1a2b6fa000-7f1a2b7f8000 rw-p 00000000 00:00 0 
7f1a2b7f8000-7f1a2b7fb000 ---p 00000000 00:00 0 
7f1a2b7fb000-7f1a2b8f9000 rw-p 00000000 00:00 0 
7f1a2b8f9000-7f1a2b8fa000 ---p 00000000 00:00 0 
7f1a2b8fa000-7f1a2c000000 rw-p 00000000 00:00 0 
7f1a2c000000-7f1a2c021000 rw-p 00000000 00:00 0 
7f1a2c021000-7f1a30000000 ---p 00000000 00:00 0 
7f1a30000000-7f1a30021000 rw-p 00000000 00:00 0 
7f1a30021000-7f1a34000000 ---p 00000000 00:00 0 
7f1a34000000-7f1a34021000 rw-p 00000000 00:00 0 
7f1a34021000-7f1a38000000 ---p 00000000 00:00 0 
7f1a38065000-7f1a39066000 rw-p 00000000 00:00 0 
7f1a39066000-7f1a39233000 r--s 03bec000 08:01 117965856                  /usr/local/android-studio/jre/jre/lib/rt.jar
7f1a39233000-7f1a398e9000 rw-p 00000000 00:00 0 
7f1a398e9000-7f1a39aa9000 ---p 00000000 00:00 0 
7f1a39aa9000-7f1a3bca9000 rw-p 00000000 00:00 0 
7f1a3bca9000-7f1a3bcaa000 ---p 00000000 00:00 0 
7f1a3bcaa000-7f1a3bdaa000 rw-p 00000000 00:00 0 
7f1a3bdaa000-7f1a3bdab000 ---p 00000000 00:00 0 
7f1a3bdab000-7f1a3beab000 rw-p 00000000 00:00 0 
7f1a3beab000-7f1a3beac000 ---p 00000000 00:00 0 
7f1a3beac000-7f1a3bfac000 rw-p 00000000 00:00 0 
7f1a3bfac000-7f1a3bfad000 ---p 00000000 00:00 0 
7f1a3bfad000-7f1a3c0ad000 rw-p 00000000 00:00 0 
7f1a3c0ad000-7f1a3c0ae000 ---p 00000000 00:00 0 
7f1a3c0ae000-7f1a3c1ae000 rw-p 00000000 00:00 0 
7f1a3c1ae000-7f1a3c1af000 ---p 00000000 00:00 0 
7f1a3c1af000-7f1a3c303000 rw-p 00000000 00:00 0 
7f1a3c303000-7f1a3c405000 ---p 00000000 00:00 0 
7f1a3c405000-7f1a3c459000 rw-p 00000000 00:00 0 
7f1a3c459000-7f1a3c55a000 ---p 00000000 00:00 0 
7f1a3c55a000-7f1a3c5a4000 rw-p 00000000 00:00 0 
7f1a3c5a4000-7f1a3c605000 ---p 00000000 00:00 0 
7f1a3c605000-7f1a3c61a000 rw-p 00000000 00:00 0 
7f1a3c61a000-7f1a3c9c6000 ---p 00000000 00:00 0 
7f1a3c9c6000-7f1a3cea6000 rwxp 00000000 00:00 0 
7f1a3cea6000-7f1a4b9c6000 ---p 00000000 00:00 0 
7f1a4b9c6000-7f1a4b9e0000 r-xp 00000000 08:01 117965883                  /usr/local/android-studio/jre/jre/lib/amd64/libzip.so
7f1a4b9e0000-7f1a4bbe0000 ---p 0001a000 08:01 117965883                  /usr/local/android-studio/jre/jre/lib/amd64/libzip.so
7f1a4bbe0000-7f1a4bbe1000 r--p 0001a000 08:01 117965883                  /usr/local/android-studio/jre/jre/lib/amd64/libzip.so
7f1a4bbe1000-7f1a4bbe2000 rw-p 0001b000 08:01 117965883                  /usr/local/android-studio/jre/jre/lib/amd64/libzip.so
7f1a4bbe2000-7f1a4bbed000 r-xp 00000000 08:01 22286722                   /lib/x86_64-linux-gnu/libnss_files-2.23.so
7f1a4bbed000-7f1a4bdec000 ---p 0000b000 08:01 22286722                   /lib/x86_64-linux-gnu/libnss_files-2.23.so
7f1a4bdec000-7f1a4bded000 r--p 0000a000 08:01 22286722                   /lib/x86_64-linux-gnu/libnss_files-2.23.so
7f1a4bded000-7f1a4bdee000 rw-p 0000b000 08:01 22286722                   /lib/x86_64-linux-gnu/libnss_files-2.23.so
7f1a4bdee000-7f1a4bdf4000 rw-p 00000000 00:00 0 
7f1a4bdf4000-7f1a4bdff000 r-xp 00000000 08:01 22286732                   /lib/x86_64-linux-gnu/libnss_nis-2.23.so
7f1a4bdff000-7f1a4bffe000 ---p 0000b000 08:01 22286732                   /lib/x86_64-linux-gnu/libnss_nis-2.23.so
7f1a4bffe000-7f1a4bfff000 r--p 0000a000 08:01 22286732                   /lib/x86_64-linux-gnu/libnss_nis-2.23.so
7f1a4bfff000-7f1a4c000000 rw-p 0000b000 08:01 22286732                   /lib/x86_64-linux-gnu/libnss_nis-2.23.so
7f1a4c000000-7f1a4c39c000 rw-p 00000000 00:00 0 
7f1a4c39c000-7f1a50000000 ---p 00000000 00:00 0 
7f1a50000000-7f1a50016000 r-xp 00000000 08:01 22286716                   /lib/x86_64-linux-gnu/libnsl-2.23.so
7f1a50016000-7f1a50215000 ---p 00016000 08:01 22286716                   /lib/x86_64-linux-gnu/libnsl-2.23.so
7f1a50215000-7f1a50216000 r--p 00015000 08:01 22286716                   /lib/x86_64-linux-gnu/libnsl-2.23.so
7f1a50216000-7f1a50217000 rw-p 00016000 08:01 22286716                   /lib/x86_64-linux-gnu/libnsl-2.23.so
7f1a50217000-7f1a50219000 rw-p 00000000 00:00 0 
7f1a50219000-7f1a50221000 r-xp 00000000 08:01 22286718                   /lib/x86_64-linux-gnu/libnss_compat-2.23.so
7f1a50221000-7f1a50420000 ---p 00008000 08:01 22286718                   /lib/x86_64-linux-gnu/libnss_compat-2.23.so
7f1a50420000-7f1a50421000 r--p 00007000 08:01 22286718                   /lib/x86_64-linux-gnu/libnss_compat-2.23.so
7f1a50421000-7f1a50422000 rw-p 00008000 08:01 22286718                   /lib/x86_64-linux-gnu/libnss_compat-2.23.so
7f1a50422000-7f1a5044f000 r-xp 00000000 08:01 117965893                  /usr/local/android-studio/jre/jre/lib/amd64/libjava.so
7f1a5044f000-7f1a5064e000 ---p 0002d000 08:01 117965893                  /usr/local/android-studio/jre/jre/lib/amd64/libjava.so
7f1a5064e000-7f1a5064f000 r--p 0002c000 08:01 117965893                  /usr/local/android-studio/jre/jre/lib/amd64/libjava.so
7f1a5064f000-7f1a50651000 rw-p 0002d000 08:01 117965893                  /usr/local/android-studio/jre/jre/lib/amd64/libjava.so
7f1a50651000-7f1a50661000 r-xp 00000000 08:01 117965909                  /usr/local/android-studio/jre/jre/lib/amd64/libverify.so
7f1a50661000-7f1a50860000 ---p 00010000 08:01 117965909                  /usr/local/android-studio/jre/jre/lib/amd64/libverify.so
7f1a50860000-7f1a50862000 r--p 0000f000 08:01 117965909                  /usr/local/android-studio/jre/jre/lib/amd64/libverify.so
7f1a50862000-7f1a50863000 rw-p 00011000 08:01 117965909                  /usr/local/android-studio/jre/jre/lib/amd64/libverify.so
7f1a50863000-7f1a5086a000 r-xp 00000000 08:01 22286777                   /lib/x86_64-linux-gnu/librt-2.23.so
7f1a5086a000-7f1a50a69000 ---p 00007000 08:01 22286777                   /lib/x86_64-linux-gnu/librt-2.23.so
7f1a50a69000-7f1a50a6a000 r--p 00006000 08:01 22286777                   /lib/x86_64-linux-gnu/librt-2.23.so
7f1a50a6a000-7f1a50a6b000 rw-p 00007000 08:01 22286777                   /lib/x86_64-linux-gnu/librt-2.23.so
7f1a50a6b000-7f1a50b73000 r-xp 00000000 08:01 22286693                   /lib/x86_64-linux-gnu/libm-2.23.so
7f1a50b73000-7f1a50d72000 ---p 00108000 08:01 22286693                   /lib/x86_64-linux-gnu/libm-2.23.so
7f1a50d72000-7f1a50d73000 r--p 00107000 08:01 22286693                   /lib/x86_64-linux-gnu/libm-2.23.so
7f1a50d73000-7f1a50d74000 rw-p 00108000 08:01 22286693                   /lib/x86_64-linux-gnu/libm-2.23.so
7f1a50d74000-7f1a5195a000 r-xp 00000000 08:01 117965913                  /usr/local/android-studio/jre/jre/lib/amd64/server/libjvm.so
7f1a5195a000-7f1a51b5a000 ---p 00be6000 08:01 117965913                  /usr/local/android-studio/jre/jre/lib/amd64/server/libjvm.so
7f1a51b5a000-7f1a51bf9000 r--p 00be6000 08:01 117965913                  /usr/local/android-studio/jre/jre/lib/amd64/server/libjvm.so
7f1a51bf9000-7f1a51c22000 rw-p 00c85000 08:01 117965913                  /usr/local/android-studio/jre/jre/lib/amd64/server/libjvm.so
7f1a51c22000-7f1a51c64000 rw-p 00000000 00:00 0 
7f1a51c64000-7f1a51c7c000 r-xp 00000000 08:01 22286769                   /lib/x86_64-linux-gnu/libpthread-2.23.so
7f1a51c7c000-7f1a51e7b000 ---p 00018000 08:01 22286769                   /lib/x86_64-linux-gnu/libpthread-2.23.so
7f1a51e7b000-7f1a51e7c000 r--p 00017000 08:01 22286769                   /lib/x86_64-linux-gnu/libpthread-2.23.so
7f1a51e7c000-7f1a51e7d000 rw-p 00018000 08:01 22286769                   /lib/x86_64-linux-gnu/libpthread-2.23.so
7f1a51e7d000-7f1a51e81000 rw-p 00000000 00:00 0 
7f1a51e81000-7f1a51e84000 r-xp 00000000 08:01 22286647                   /lib/x86_64-linux-gnu/libdl-2.23.so
7f1a51e84000-7f1a52083000 ---p 00003000 08:01 22286647                   /lib/x86_64-linux-gnu/libdl-2.23.so
7f1a52083000-7f1a52084000 r--p 00002000 08:01 22286647                   /lib/x86_64-linux-gnu/libdl-2.23.so
7f1a52084000-7f1a52085000 rw-p 00003000 08:01 22286647                   /lib/x86_64-linux-gnu/libdl-2.23.so
7f1a52085000-7f1a52245000 r-xp 00000000 08:01 22286623                   /lib/x86_64-linux-gnu/libc-2.23.so
7f1a52245000-7f1a52444000 ---p 001c0000 08:01 22286623                   /lib/x86_64-linux-gnu/libc-2.23.so
7f1a52444000-7f1a52448000 r--p 001bf000 08:01 22286623                   /lib/x86_64-linux-gnu/libc-2.23.so
7f1a52448000-7f1a5244a000 rw-p 001c3000 08:01 22286623                   /lib/x86_64-linux-gnu/libc-2.23.so
7f1a5244a000-7f1a5244e000 rw-p 00000000 00:00 0 
7f1a5244e000-7f1a52464000 r-xp 00000000 08:01 117965773                  /usr/local/android-studio/jre/lib/amd64/jli/libjli.so
7f1a52464000-7f1a52663000 ---p 00016000 08:01 117965773                  /usr/local/android-studio/jre/lib/amd64/jli/libjli.so
7f1a52663000-7f1a52664000 r--p 00015000 08:01 117965773                  /usr/local/android-studio/jre/lib/amd64/jli/libjli.so
7f1a52664000-7f1a52665000 rw-p 00016000 08:01 117965773                  /usr/local/android-studio/jre/lib/amd64/jli/libjli.so
7f1a52665000-7f1a5268b000 r-xp 00000000 08:01 22286595                   /lib/x86_64-linux-gnu/ld-2.23.so
7f1a5268b000-7f1a5268f000 r--s 0003a000 08:01 119799841                  /home/n3v10t/Android-Projects/BumbleBeeM/app/build/intermediates/exploded-aar/com.android.support/support-core-ui/24.2.1/jars/classes.jar
7f1a5268f000-7f1a52768000 rw-p 00000000 00:00 0 
7f1a52768000-7f1a5276b000 ---p 00000000 00:00 0 
7f1a5276b000-7f1a5286d000 rw-p 00000000 00:00 0 
7f1a52870000-7f1a5287e000 r--s 000e0000 08:01 106696168                  /home/n3v10t/Android/Sdk/build-tools/24.0.1/lib/dx.jar
7f1a5287e000-7f1a52886000 rw-s 00000000 08:01 107089016                  /tmp/hsperfdata_n3v10t/22208
7f1a52886000-7f1a52887000 rw-p 00000000 00:00 0 
7f1a52887000-7f1a52888000 ---p 00000000 00:00 0 
7f1a52888000-7f1a5288a000 rw-p 00000000 00:00 0 
7f1a5288a000-7f1a5288b000 r--p 00025000 08:01 22286595                   /lib/x86_64-linux-gnu/ld-2.23.so
7f1a5288b000-7f1a5288c000 rw-p 00026000 08:01 22286595                   /lib/x86_64-linux-gnu/ld-2.23.so
7f1a5288c000-7f1a5288d000 rw-p 00000000 00:00 0 
7ffd69684000-7ffd696a6000 rw-p 00000000 00:00 0                          [stack]
7ffd6976a000-7ffd6976c000 r--p 00000000 00:00 0                          [vvar]
7ffd6976c000-7ffd6976e000 r-xp 00000000 00:00 0                          [vdso]
ffffffffff600000-ffffffffff601000 r-xp 00000000 00:00 0                  [vsyscall]

VM Arguments:
jvm_args: -Djava.awt.headless=true -Xmx1024M -Dfile.encoding=UTF-8 -Duser.country=US -Duser.language=en -Duser.variant 
java_command: com.android.dx.command.Main --dex --force-jumbo --num-threads=4 --multi-dex --output /home/n3v10t/Android-Projects/BumbleBeeM/app/build/intermediates/transforms/dex/debug/folders/1000/10/com.android.support-support-core-ui-24.2.1_8906b98c9164aa5af203508cb199fb494cb8e11a /home/n3v10t/Android-Projects/BumbleBeeM/app/build/intermediates/exploded-aar/com.android.support/support-core-ui/24.2.1/jars/classes.jar
java_class_path (initial): /home/n3v10t/Android/Sdk/build-tools/24.0.1/lib/dx.jar
Launcher Type: SUN_STANDARD

Environment Variables:
PATH=/home/n3v10t/bin:/home/n3v10t/.local/bin:/usr/local/sbin:/usr/local/bin:/usr/sbin:/usr/bin:/sbin:/bin:/usr/games:/usr/local/games:/snap/bin
LD_LIBRARY_PATH=.:
SHELL=/bin/bash
DISPLAY=:0

Signal Handlers:
SIGSEGV: [libjvm.so+0x9daac0], sa_mask[0]=11111111011111111101111111111110, sa_flags=SA_RESTART|SA_SIGINFO
SIGBUS: [libjvm.so+0x9daac0], sa_mask[0]=11111111011111111101111111111110, sa_flags=SA_RESTART|SA_SIGINFO
SIGFPE: [libjvm.so+0x840d90], sa_mask[0]=11111111011111111101111111111110, sa_flags=SA_RESTART|SA_SIGINFO
SIGPIPE: [libjvm.so+0x840d90], sa_mask[0]=11111111011111111101111111111110, sa_flags=SA_RESTART|SA_SIGINFO
SIGXFSZ: [libjvm.so+0x840d90], sa_mask[0]=11111111011111111101111111111110, sa_flags=SA_RESTART|SA_SIGINFO
SIGILL: [libjvm.so+0x840d90], sa_mask[0]=11111111011111111101111111111110, sa_flags=SA_RESTART|SA_SIGINFO
SIGUSR1: SIG_DFL, sa_mask[0]=00000000000000000000000000000000, sa_flags=none
SIGUSR2: [libjvm.so+0x840c60], sa_mask[0]=00100000000000000000000000000000, sa_flags=SA_RESTART|SA_SIGINFO
SIGHUP: [libjvm.so+0x840e50], sa_mask[0]=11111111011111111101111111111110, sa_flags=SA_RESTART|SA_SIGINFO
SIGINT: [libjvm.so+0x840e50], sa_mask[0]=11111111011111111101111111111110, sa_flags=SA_RESTART|SA_SIGINFO
SIGTERM: [libjvm.so+0x840e50], sa_mask[0]=11111111011111111101111111111110, sa_flags=SA_RESTART|SA_SIGINFO
SIGQUIT: [libjvm.so+0x840e50], sa_mask[0]=11111111011111111101111111111110, sa_flags=SA_RESTART|SA_SIGINFO


---------------  S Y S T E M  ---------------

OS:DISTRIB_ID=Ubuntu
DISTRIB_RELEASE=16.04
DISTRIB_CODENAME=xenial
DISTRIB_DESCRIPTION="Ubuntu 16.04.1 LTS"

uname:Linux 4.4.0-42-generic #62-Ubuntu SMP Fri Oct 7 23:11:45 UTC 2016 x86_64
libc:glibc 2.23 NPTL 2.23 
rlimit: STACK 8192k, CORE 0k, NPROC 63770, NOFILE 65536, AS infinity
load average:3,30 1,14 0,80

/proc/meminfo:
MemTotal:       16431440 kB
MemFree:         5523700 kB
MemAvailable:   12645192 kB
Buffers:          279356 kB
Cached:          6839944 kB
SwapCached:            0 kB
Active:          8192000 kB
Inactive:        2112480 kB
Active(anon):    3186924 kB
Inactive(anon):    62936 kB
Active(file):    5005076 kB
Inactive(file):  2049544 kB
Unevictable:          64 kB
Mlocked:              64 kB
SwapTotal:      16774140 kB
SwapFree:       16774140 kB
Dirty:             22864 kB
Writeback:             0 kB
AnonPages:       3185132 kB
Mapped:           371212 kB
Shmem:             64684 kB
Slab:             449076 kB
SReclaimable:     404160 kB
SUnreclaim:        44916 kB
KernelStack:       13888 kB
PageTables:        50188 kB
NFS_Unstable:          0 kB
Bounce:                0 kB
WritebackTmp:          0 kB
CommitLimit:    24989860 kB
Committed_AS:    9304112 kB
VmallocTotal:   34359738367 kB
VmallocUsed:           0 kB
VmallocChunk:          0 kB
HardwareCorrupted:     0 kB
AnonHugePages:   1761280 kB
CmaTotal:              0 kB
CmaFree:               0 kB
HugePages_Total:       0
HugePages_Free:        0
HugePages_Rsvd:        0
HugePages_Surp:        0
Hugepagesize:       2048 kB
DirectMap4k:      209472 kB
DirectMap2M:     6080512 kB
DirectMap1G:    10485760 kB


CPU:total 6 (6 cores per cpu, 1 threads per core) family 16 model 10 stepping 0, cmov, cx8, fxsr, mmx, sse, sse2, sse3, popcnt, mmxext, 3dnowpref, lzcnt, sse4a, tsc, tscinvbit, tscinv

/proc/cpuinfo:
processor	: 0
vendor_id	: AuthenticAMD
cpu family	: 16
model		: 10
model name	: AMD Phenom(tm) II X6 1090T Processor
stepping	: 0
microcode	: 0x10000bf
cpu MHz		: 3200.000
cache size	: 512 KB
physical id	: 0
siblings	: 6
core id		: 0
cpu cores	: 6
apicid		: 0
initial apicid	: 0
fpu		: yes
fpu_exception	: yes
cpuid level	: 6
wp		: yes
flags		: fpu vme de pse tsc msr pae mce cx8 apic sep mtrr pge mca cmov pat pse36 clflush mmx fxsr sse sse2 ht syscall nx mmxext fxsr_opt pdpe1gb rdtscp lm 3dnowext 3dnow constant_tsc rep_good nopl nonstop_tsc extd_apicid aperfmperf pni monitor cx16 popcnt lahf_lm cmp_legacy svm extapic cr8_legacy abm sse4a misalignsse 3dnowprefetch osvw ibs skinit wdt cpb hw_pstate vmmcall npt lbrv svm_lock nrip_save pausefilter
bugs		: tlb_mmatch apic_c1e fxsave_leak sysret_ss_attrs
bogomips	: 7449.35
TLB size	: 1024 4K pages
clflush size	: 64
cache_alignment	: 64
address sizes	: 48 bits physical, 48 bits virtual
power management: ts ttp tm stc 100mhzsteps hwpstate cpb

processor	: 1
vendor_id	: AuthenticAMD
cpu family	: 16
model		: 10
model name	: AMD Phenom(tm) II X6 1090T Processor
stepping	: 0
microcode	: 0x10000bf
cpu MHz		: 3200.000
cache size	: 512 KB
physical id	: 0
siblings	: 6
core id		: 1
cpu cores	: 6
apicid		: 1
initial apicid	: 1
fpu		: yes
fpu_exception	: yes
cpuid level	: 6
wp		: yes
flags		: fpu vme de pse tsc msr pae mce cx8 apic sep mtrr pge mca cmov pat pse36 clflush mmx fxsr sse sse2 ht syscall nx mmxext fxsr_opt pdpe1gb rdtscp lm 3dnowext 3dnow constant_tsc rep_good nopl nonstop_tsc extd_apicid aperfmperf pni monitor cx16 popcnt lahf_lm cmp_legacy svm extapic cr8_legacy abm sse4a misalignsse 3dnowprefetch osvw ibs skinit wdt cpb hw_pstate vmmcall npt lbrv svm_lock nrip_save pausefilter
bugs		: tlb_mmatch apic_c1e fxsave_leak sysret_ss_attrs
bogomips	: 7449.35
TLB size	: 1024 4K pages
clflush size	: 64
cache_alignment	: 64
address sizes	: 48 bits physical, 48 bits virtual
power management: ts ttp tm stc 100mhzsteps hwpstate cpb

processor	: 2
vendor_id	: AuthenticAMD
cpu family	: 16
model		: 10
model name	: AMD Phenom(tm) II X6 1090T Processor
stepping	: 0
microcode	: 0x10000bf
cpu MHz		: 3200.000
cache size	: 512 KB
physical id	: 0
siblings	: 6
core id		: 2
cpu cores	: 6
apicid		: 2
initial apicid	: 2
fpu		: yes
fpu_exception	: yes
cpuid level	: 6
wp		: yes
flags		: fpu vme de pse tsc msr pae mce cx8 apic sep mtrr pge mca cmov pat pse36 clflush mmx fxsr sse sse2 ht syscall nx mmxext fxsr_opt pdpe1gb rdtscp lm 3dnowext 3dnow constant_tsc rep_good nopl nonstop_tsc extd_apicid aperfmperf pni monitor cx16 popcnt lahf_lm cmp_legacy svm extapic cr8_legacy abm sse4a misalignsse 3dnowprefetch osvw ibs skinit wdt cpb hw_pstate vmmcall npt lbrv svm_lock nrip_save pausefilter
bugs		: tlb_mmatch apic_c1e fxsave_leak sysret_ss_attrs
bogomips	: 7449.35
TLB size	: 1024 4K pages
clflush size	: 64
cache_alignment	: 64
address sizes	: 48 bits physical, 48 bits virtual
power management: ts ttp tm stc 100mhzsteps hwpstate cpb

processor	: 3
vendor_id	: AuthenticAMD
cpu family	: 16
model		: 10
model name	: AMD Phenom(tm) II X6 1090T Processor
stepping	: 0
microcode	: 0x10000bf
cpu MHz		: 3200.000
cache size	: 512 KB
physical id	: 0
siblings	: 6
core id		: 3
cpu cores	: 6
apicid		: 3
initial apicid	: 3
fpu		: yes
fpu_exception	: yes
cpuid level	: 6
wp		: yes
flags		: fpu vme de pse tsc msr pae mce cx8 apic sep mtrr pge mca cmov pat pse36 clflush mmx fxsr sse sse2 ht syscall nx mmxext fxsr_opt pdpe1gb rdtscp lm 3dnowext 3dnow constant_tsc rep_good nopl nonstop_tsc extd_apicid aperfmperf pni monitor cx16 popcnt lahf_lm cmp_legacy svm extapic cr8_legacy abm sse4a misalignsse 3dnowprefetch osvw ibs skinit wdt cpb hw_pstate vmmcall npt lbrv svm_lock nrip_save pausefilter
bugs		: tlb_mmatch apic_c1e fxsave_leak sysret_ss_attrs
bogomips	: 7449.35
TLB size	: 1024 4K pages
clflush size	: 64
cache_alignment	: 64
address sizes	: 48 bits physical, 48 bits virtual
power management: ts ttp tm stc 100mhzsteps hwpstate cpb

processor	: 4
vendor_id	: AuthenticAMD
cpu family	: 16
model		: 10
model name	: AMD Phenom(tm) II X6 1090T Processor
stepping	: 0
microcode	: 0x10000bf
cpu MHz		: 3200.000
cache size	: 512 KB
physical id	: 0
siblings	: 6
core id		: 4
cpu cores	: 6
apicid		: 4
initial apicid	: 4
fpu		: yes
fpu_exception	: yes
cpuid level	: 6
wp		: yes
flags		: fpu vme de pse tsc msr pae mce cx8 apic sep mtrr pge mca cmov pat pse36 clflush mmx fxsr sse sse2 ht syscall nx mmxext fxsr_opt pdpe1gb rdtscp lm 3dnowext 3dnow constant_tsc rep_good nopl nonstop_tsc extd_apicid aperfmperf pni monitor cx16 popcnt lahf_lm cmp_legacy svm extapic cr8_legacy abm sse4a misalignsse 3dnowprefetch osvw ibs skinit wdt cpb hw_pstate vmmcall npt lbrv svm_lock nrip_save pausefilter
bugs		: tlb_mmatch apic_c1e fxsave_leak sysret_ss_attrs
bogomips	: 7449.35
TLB size	: 1024 4K pages
clflush size	: 64
cache_alignment	: 64
address sizes	: 48 bits physical, 48 bits virtual
power management: ts ttp tm stc 100mhzsteps hwpstate cpb

processor	: 5
vendor_id	: AuthenticAMD
cpu family	: 16
model		: 10
model name	: AMD Phenom(tm) II X6 1090T Processor
stepping	: 0
microcode	: 0x10000bf
cpu MHz		: 3200.000
cache size	: 512 KB
physical id	: 0
siblings	: 6
core id		: 5
cpu cores	: 6
apicid		: 5
initial apicid	: 5
fpu		: yes
fpu_exception	: yes
cpuid level	: 6
wp		: yes
flags		: fpu vme de pse tsc msr pae mce cx8 apic sep mtrr pge mca cmov pat pse36 clflush mmx fxsr sse sse2 ht syscall nx mmxext fxsr_opt pdpe1gb rdtscp lm 3dnowext 3dnow constant_tsc rep_good nopl nonstop_tsc extd_apicid aperfmperf pni monitor cx16 popcnt lahf_lm cmp_legacy svm extapic cr8_legacy abm sse4a misalignsse 3dnowprefetch osvw ibs skinit wdt cpb hw_pstate vmmcall npt lbrv svm_lock nrip_save pausefilter
bugs		: tlb_mmatch apic_c1e fxsave_leak sysret_ss_attrs
bogomips	: 7449.35
TLB size	: 1024 4K pages
clflush size	: 64
cache_alignment	: 64
address sizes	: 48 bits physical, 48 bits virtual
power management: ts ttp tm stc 100mhzsteps hwpstate cpb



Memory: 4k page, physical 16431440k(5523700k free), swap 16774140k(16774140k free)

vm_info: OpenJDK 64-Bit Server VM (25.76-b03) for linux-amd64 JRE (1.8.0_76-release-b03), built on Jun 29 2016 09:39:19 by "builder" with gcc 4.8.4

time: Thu Oct 20 13:19:56 2016
elapsed time: 2 seconds (0d 0h 0m 2s)

