#
# A fatal error has been detected by the Java Runtime Environment:
#
#  SIGSEGV (0xb) at pc=0x00007fcedacecdd7, pid=14044, tid=0x00007fced8675700
#
# JRE version: OpenJDK Runtime Environment (8.0_76-b03) (build 1.8.0_76-release-b03)
# Java VM: OpenJDK 64-Bit Server VM (25.76-b03 mixed mode linux-amd64 compressed oops)
# Problematic frame:
# V  [libjvm.so+0x8aedd7]  PSPromotionManager::oop_promotion_failed(oopDesc*, markOopDesc*)+0x157
#
# Failed to write core dump. Core dumps have been disabled. To enable core dumping, try "ulimit -c unlimited" before starting Java again
#
# If you would like to submit a bug report, please visit:
#   http://bugreport.java.com/bugreport/crash.jsp
#

---------------  T H R E A D  ---------------

Current thread (0x00007fced4024800):  GCTaskThread [stack: 0x00007fced8575000,0x00007fced8676000] [id=14052]

siginfo: si_signo: 11 (SIGSEGV), si_code: 1 (SEGV_MAPERR), si_addr: 0x0000004000000138

Registers:
RAX=0x0000004000000020, RBX=0x00000000ec64cbb0, RCX=0x0000000000000003, RDX=0x00000000ec64cbb0
RSP=0x00007fced8674c90, RBP=0x00007fced8674cb0, RSI=0x00007fced4078a00, RDI=0x000000010008a708
R8 =0x0000000000000001, R9 =0x00007fced401bb78, R10=0x00000000700079d0, R11=0x000000000002aa00
R12=0x0000000000000001, R13=0x00007fced4078a00, R14=0x00007fcedb2f6754, R15=0x0000000000000000
RIP=0x00007fcedacecdd7, EFLAGS=0x0000000000010a97, CSGSFS=0x0000000000000033, ERR=0x0000000000000004
  TRAPNO=0x000000000000000e

Top of Stack: (sp=0x00007fced8674c90)
0x00007fced8674c90:   00000000ec64cbb0 000000000e000f3a
0x00007fced8674ca0:   00007fced4017b20 00007fced4078a00
0x00007fced8674cb0:   00007fced8674d20 00007fcedacee0a0
0x00007fced8674cc0:   000000000000000b 00007fced40cad00
0x00007fced8674cd0:   00007fced4073e20 0000000000000001
0x00007fced8674ce0:   00000000eea99898 0000000000001000
0x00007fced8674cf0:   00007fced8674d10 00007fced4078a00
0x00007fced8674d00:   00000000eea99f78 0000000000000000
0x00007fced8674d10:   00007fced4078a98 00007fcedb2d7b90
0x00007fced8674d20:   00007fced8674d90 00007fcedaced808
0x00007fced8674d30:   0303030303030303 00007fced4078a68
0x00007fced8674d40:   00007fced8674e00 00007fced4145000
0x00007fced8674d50:   00007fced4025a01 00007fced401ea01
0x00007fced8674d60:   00007fcedb2bd150 00007fced8674da0
0x00007fced8674d70:   00007fced402a420 00007fced4078a00
0x00007fced8674d80:   00007fced4024800 00007fcedb2f64d8
0x00007fced8674d90:   00007fced8674e00 00007fcedacf145e
0x00007fced8674da0:   00007fcedb2bd150 00007fced401ea00
0x00007fced8674db0:   00007fced4078a00 00007fcedac4741b
0x00007fced8674dc0:   00007fcedb2b5740 00007fced402a400
0x00007fced8674dd0:   00007fced8674da0 00007fceda9bb501
0x00007fced8674de0:   0000000000000001 0000000000000001
0x00007fced8674df0:   00007fced402a420 00007fcedae9b37b
0x00007fced8674e00:   00007fced8674f10 00007fceda9bcf02
0x00007fced8674e10:   00000000000003d8 00007fced4024f48
0x00007fced8674e20:   00007fced4024b70 00007fced8674ea0
0x00007fced8674e30:   00007fced4024b20 00007fced4024b60
0x00007fced8674e40:   00007fced8674e50 0000000000000000
0x00007fced8674e50:   0000000000000000 00007fced4025700
0x00007fced8674e60:   00007fced4024800 00007fced4024f50
0x00007fced8674e70:   00007fced4024f90 00007fced4024fa0
0x00007fced8674e80:   00007fced4025078 00000000000000d8 

Instructions: (pc=0x00007fcedacecdd7)
0x00007fcedacecdb7:   5e 00 8b 7b 08 8b 48 08 48 d3 e7 48 03 38 81 7f
0x00007fcedacecdc7:   08 ff ff ff bf 77 0f 48 8b 07 48 89 da 4c 89 ee
0x00007fcedacecdd7:   ff 90 18 01 00 00 4c 89 e6 48 89 df e8 c8 24 00
0x00007fcedacecde7:   00 48 89 d8 5b 41 5c 41 5d 41 5e 5d c3 0f 1f 40 

Register to memory mapping:

RAX=0x0000004000000020 is an unknown value
RBX=0x00000000ec64cbb0 is an oop

[error occurred during error reporting (printing register info), id 0xb]

Stack: [0x00007fced8575000,0x00007fced8676000],  sp=0x00007fced8674c90,  free space=1023k
Native frames: (J=compiled Java code, j=interpreted, Vv=VM code, C=native code)
V  [libjvm.so+0x8aedd7]  PSPromotionManager::oop_promotion_failed(oopDesc*, markOopDesc*)+0x157
V  [libjvm.so+0x8b00a0]  oopDesc* PSPromotionManager::copy_to_survivor_space<false>(oopDesc*)+0x380
V  [libjvm.so+0x8af808]  PSPromotionManager::drain_stacks_depth(bool)+0x6f8
V  [libjvm.so+0x8b345e]  ThreadRootsTask::do_it(GCTaskManager*, unsigned int)+0x8e
V  [libjvm.so+0x57ef02]  GCTaskThread::run()+0x162
V  [libjvm.so+0x8425b2]  java_start(Thread*)+0xf2


---------------  P R O C E S S  ---------------

Java Threads: ( => current thread )
  0x00007fced4145000 JavaThread "pool-2-thread-4" [_thread_blocked, id=14105, stack(0x00007fcebb8f9000,0x00007fcebb9fa000)]
  0x00007fced4143800 JavaThread "pool-2-thread-3" [_thread_blocked, id=14102, stack(0x00007fcebb9fa000,0x00007fcebbafb000)]
  0x00007fced4141000 JavaThread "pool-2-thread-2" [_thread_blocked, id=14100, stack(0x00007fcebbafb000,0x00007fcebbbfc000)]
  0x00007fced413f800 JavaThread "pool-3-thread-1" [_thread_blocked, id=14087, stack(0x00007fcebbbfc000,0x00007fcebbcfd000)]
  0x00007fced413c000 JavaThread "pool-2-thread-1" [_thread_blocked, id=14086, stack(0x00007fcebbcfd000,0x00007fcebbdfe000)]
  0x00007fced40c4800 JavaThread "Service Thread" daemon [_thread_blocked, id=14076, stack(0x00007fcebbeff000,0x00007fcebc000000)]
  0x00007fced40c1800 JavaThread "C1 CompilerThread2" daemon [_thread_blocked, id=14074, stack(0x00007fcec0058000,0x00007fcec0159000)]
  0x00007fced40c0000 JavaThread "C2 CompilerThread1" daemon [_thread_blocked, id=14073, stack(0x00007fcec0159000,0x00007fcec025a000)]
  0x00007fced40bd000 JavaThread "C2 CompilerThread0" daemon [_thread_blocked, id=14068, stack(0x00007fcec025a000,0x00007fcec035b000)]
  0x00007fced40bb800 JavaThread "Signal Dispatcher" daemon [_thread_blocked, id=14063, stack(0x00007fcec035b000,0x00007fcec045c000)]
  0x00007fced4087800 JavaThread "Finalizer" daemon [_thread_blocked, id=14059, stack(0x00007fcec0e1b000,0x00007fcec0f1c000)]
  0x00007fced4083000 JavaThread "Reference Handler" daemon [_thread_blocked, id=14058, stack(0x00007fcec0f1c000,0x00007fcec101d000)]
  0x00007fced400a000 JavaThread "main" [_thread_blocked, id=14046, stack(0x00007fcedbe32000,0x00007fcedbf33000)]

Other Threads:
  0x00007fced407b800 VMThread [stack: 0x00007fcec101d000,0x00007fcec111e000] [id=14056]
  0x00007fced40c7000 WatcherThread [stack: 0x00007fcebbdfe000,0x00007fcebbeff000] [id=14077]

=>0x00007fced4024800 (exited) GCTaskThread [stack: 0x00007fced8575000,0x00007fced8676000] [id=14052]

VM state:at safepoint (normal execution)

VM Mutex/Monitor currently owned by a thread:  ([mutex/lock_event])
[0x00007fced4006580] Threads_lock - owner thread: 0x00007fced407b800
[0x00007fced4006a80] Heap_lock - owner thread: 0x00007fced4141000

Heap:
 PSYoungGen      total 75264K, used 64512K [0x00000000eab00000, 0x00000000eff00000, 0x0000000100000000)
  eden space 64512K, 100% used [0x00000000eab00000,0x00000000eea00000,0x00000000eea00000)
  from space 10752K, 0% used [0x00000000ef480000,0x00000000ef480000,0x00000000eff00000)
  to   space 10752K, 99% used [0x00000000eea00000,0x00000000ef47b548,0x00000000ef480000)
 ParOldGen       total 699392K, used 3909K [0x00000000c0000000, 0x00000000eab00000, 0x00000000eab00000)
  object space 699392K, 0% used [0x00000000c0000000,0x00000000c03d17c8,0x00000000eab00000)
 Metaspace       used 5584K, capacity 6832K, committed 7040K, reserved 1056768K
  class space    used 552K, capacity 616K, committed 640K, reserved 1048576K

Card table byte_map: [0x00007fced8acf000,0x00007fced8cd0000] byte_map_base: 0x00007fced84cf000

Marking Bits: (ParMarkBitMap*) 0x00007fcedb3011a0
 Begin Bits: [0x00007fcec3000000, 0x00007fcec4000000)
 End Bits:   [0x00007fcec4000000, 0x00007fcec5000000)

Polling page: 0x00007fcedbf51000

CodeCache: size=245760Kb used=3990Kb max_used=3990Kb free=241769Kb
 bounds [0x00007fcec5000000, 0x00007fcec53f0000, 0x00007fced4000000]
 total_blobs=1333 nmethods=1074 adapters=175
 compilation: enabled

Compilation events (10 events):
Event: 1,044 Thread 0x00007fced40c0000 1108       4       com.android.dx.rop.code.BasicBlockList$RegCountVisitor::visit (52 bytes)
Event: 1,046 Thread 0x00007fced40c1800 1113       3       com.android.dx.rop.code.RopMethod::calcPredecessors (227 bytes)
Event: 1,047 Thread 0x00007fced40c1800 nmethod 1113 0x00007fcec53e1610 code [0x00007fcec53e1920, 0x00007fcec53e3508]
Event: 1,047 Thread 0x00007fced40c1800 1114       2       com.android.dx.ssa.SsaMethod::convertRopToSsaBlocks (103 bytes)
Event: 1,048 Thread 0x00007fced40c1800 nmethod 1114 0x00007fcec53db1d0 code [0x00007fcec53db3c0, 0x00007fcec53db9c8]
Event: 1,056 Thread 0x00007fced40c1800 1116 %     3       com.android.dx.ssa.SsaBasicBlock::newFromRop @ 58 (183 bytes)
Event: 1,057 Thread 0x00007fced40c1800 nmethod 1116% 0x00007fcec53e44d0 code [0x00007fcec53e47e0, 0x00007fcec53e6688]
Event: 1,057 Thread 0x00007fced40c1800 1118 %     3       com.android.dx.rop.code.RopMethod::calcPredecessors @ 157 (227 bytes)
Event: 1,059 Thread 0x00007fced40c1800 nmethod 1118% 0x00007fcec53e7610 code [0x00007fcec53e7920, 0x00007fcec53e9648]
Event: 1,059 Thread 0x00007fced40c1800 1119       3       com.android.dx.ssa.SsaBasicBlock::newFromRop (183 bytes)

GC Heap History (1 events):
Event: 1,064 GC heap before
{Heap before GC invocations=1 (full 0):
 PSYoungGen      total 75264K, used 64512K [0x00000000eab00000, 0x00000000eff00000, 0x0000000100000000)
  eden space 64512K, 100% used [0x00000000eab00000,0x00000000eea00000,0x00000000eea00000)
  from space 10752K, 0% used [0x00000000ef480000,0x00000000ef480000,0x00000000eff00000)
  to   space 10752K, 0% used [0x00000000eea00000,0x00000000eea00000,0x00000000ef480000)
 ParOldGen       total 172032K, used 0K [0x00000000c0000000, 0x00000000ca800000, 0x00000000eab00000)
  object space 172032K, 0% used [0x00000000c0000000,0x00000000c0000000,0x00000000ca800000)
 Metaspace       used 5584K, capacity 6832K, committed 7040K, reserved 1056768K
  class space    used 552K, capacity 616K, committed 640K, reserved 1048576K

Deoptimization events (10 events):
Event: 0,563 Thread 0x00007fced400a000 Uncommon trap: reason=unstable_if action=reinterpret pc=0x00007fcec5242fb8 method=com.android.dx.rop.code.RegisterSpec.equals(ILcom/android/dx/rop/type/TypeBearer;Lcom/android/dx/rop/code/LocalItem;)Z @ 24
Event: 0,567 Thread 0x00007fced400a000 Uncommon trap: reason=unstable_if action=reinterpret pc=0x00007fcec51f16f8 method=java.util.BitSet.ensureCapacity(I)V @ 6
Event: 0,643 Thread 0x00007fced4145000 Uncommon trap: reason=unloaded action=reinterpret pc=0x00007fcec52bf6c8 method=com.android.dx.ssa.SsaRenamer$BlockRenamer.visitMoveInsn(Lcom/android/dx/ssa/NormalSsaInsn;)V @ 208
Event: 0,643 Thread 0x00007fced4145000 Uncommon trap: reason=null_check action=make_not_entrant pc=0x00007fcec5286068 method=com.android.dx.rop.code.LocalItem.equals(Ljava/lang/Object;)Z @ 1
Event: 0,700 Thread 0x00007fced4143800 Uncommon trap: reason=unstable_if action=reinterpret pc=0x00007fcec51f251c method=com.android.dx.rop.cst.Constant.compareTo(Lcom/android/dx/rop/cst/Constant;)I @ 12
Event: 0,748 Thread 0x00007fced4143800 Uncommon trap: reason=class_check action=maybe_recompile pc=0x00007fcec52bcf10 method=com.android.dx.rop.type.Type.equals(Ljava/lang/Object;)Z @ 8
Event: 0,748 Thread 0x00007fced4143800 Uncommon trap: reason=class_check action=maybe_recompile pc=0x00007fcec52bcf10 method=com.android.dx.rop.type.Type.equals(Ljava/lang/Object;)Z @ 8
Event: 0,750 Thread 0x00007fced4143800 Uncommon trap: reason=class_check action=maybe_recompile pc=0x00007fcec52bcf10 method=com.android.dx.rop.type.Type.equals(Ljava/lang/Object;)Z @ 8
Event: 0,750 Thread 0x00007fced4143800 Uncommon trap: reason=class_check action=maybe_recompile pc=0x00007fcec52bcf10 method=com.android.dx.rop.type.Type.equals(Ljava/lang/Object;)Z @ 8
Event: 0,872 Thread 0x00007fced4143800 Uncommon trap: reason=null_check action=make_not_entrant pc=0x00007fcec533d2d0 method=com.android.dx.rop.type.Type.equals(Ljava/lang/Object;)Z @ 8

Internal exceptions (3 events):
Event: 0,066 Thread 0x00007fced400a000 Exception <a 'java/lang/NoSuchMethodError': Method sun.misc.Unsafe.defineClass(Ljava/lang/String;[BII)Ljava/lang/Class; name or signature does not match> (0x00000000eab07cc0) thrown at [/ssd/Android/AOSP-openjdk/external/jetbrains/jdk/hotspot/src/share/vm
Event: 0,066 Thread 0x00007fced400a000 Exception <a 'java/lang/NoSuchMethodError': Method sun.misc.Unsafe.prefetchRead(Ljava/lang/Object;J)V name or signature does not match> (0x00000000eab07fa8) thrown at [/ssd/Android/AOSP-openjdk/external/jetbrains/jdk/hotspot/src/share/vm/prims/jni.cpp, li
Event: 0,872 Thread 0x00007fced4143800 Implicit null exception at 0x00007fcec533d222 to 0x00007fcec533d2c2

Events (10 events):
Event: 0,921 Thread 0x00007fced4141000 DEOPT UNPACKING pc=0x00007fcec5046f73 sp=0x00007fcebbbf9e28 mode 0
Event: 0,921 Thread 0x00007fced4141000 DEOPT PACKING pc=0x00007fcec527555a sp=0x00007fcebbbfa0a0
Event: 0,921 Thread 0x00007fced4141000 DEOPT UNPACKING pc=0x00007fcec5046f73 sp=0x00007fcebbbf9e28 mode 0
Event: 0,921 Thread 0x00007fced4141000 DEOPT PACKING pc=0x00007fcec527555a sp=0x00007fcebbbfa0a0
Event: 0,928 Thread 0x00007fced4145000 DEOPT PACKING pc=0x00007fcec527555a sp=0x00007fcebb9f80a0
Event: 0,928 Thread 0x00007fced4145000 DEOPT UNPACKING pc=0x00007fcec5046f73 sp=0x00007fcebb9f7e28 mode 0
Event: 0,929 Thread 0x00007fced4145000 DEOPT PACKING pc=0x00007fcec527555a sp=0x00007fcebb9f80a0
Event: 0,929 Thread 0x00007fced4145000 DEOPT UNPACKING pc=0x00007fcec5046f73 sp=0x00007fcebb9f7e28 mode 0
Event: 0,938 Thread 0x00007fced4141000 DEOPT UNPACKING pc=0x00007fcec5046f73 sp=0x00007fcebbbf9e28 mode 0
Event: 1,059 Executing VM operation: ParallelGCFailedAllocation


Dynamic libraries:
00400000-00401000 r-xp 00000000 08:01 117965799                          /usr/local/android-studio/jre/bin/java
00600000-00601000 r--p 00000000 08:01 117965799                          /usr/local/android-studio/jre/bin/java
00601000-00602000 rw-p 00001000 08:01 117965799                          /usr/local/android-studio/jre/bin/java
015f5000-01616000 rw-p 00000000 00:00 0                                  [heap]
c0000000-eff00000 rw-p 00000000 00:00 0 
eff00000-100000000 ---p 00000000 00:00 0 
100000000-1000a0000 rw-p 00000000 00:00 0 
1000a0000-140000000 ---p 00000000 00:00 0 
7fce64000000-7fce64021000 rw-p 00000000 00:00 0 
7fce64021000-7fce68000000 ---p 00000000 00:00 0 
7fce6c000000-7fce6c034000 rw-p 00000000 00:00 0 
7fce6c034000-7fce70000000 ---p 00000000 00:00 0 
7fce70000000-7fce70026000 rw-p 00000000 00:00 0 
7fce70026000-7fce74000000 ---p 00000000 00:00 0 
7fce74000000-7fce7402e000 rw-p 00000000 00:00 0 
7fce7402e000-7fce78000000 ---p 00000000 00:00 0 
7fce78000000-7fce78021000 rw-p 00000000 00:00 0 
7fce78021000-7fce7c000000 ---p 00000000 00:00 0 
7fce7c000000-7fce7c021000 rw-p 00000000 00:00 0 
7fce7c021000-7fce80000000 ---p 00000000 00:00 0 
7fce80000000-7fce80021000 rw-p 00000000 00:00 0 
7fce80021000-7fce84000000 ---p 00000000 00:00 0 
7fce84000000-7fce8453a000 rw-p 00000000 00:00 0 
7fce8453a000-7fce88000000 ---p 00000000 00:00 0 
7fce88000000-7fce887ef000 rw-p 00000000 00:00 0 
7fce887ef000-7fce8c000000 ---p 00000000 00:00 0 
7fce8c000000-7fce8c021000 rw-p 00000000 00:00 0 
7fce8c021000-7fce90000000 ---p 00000000 00:00 0 
7fce90000000-7fce903d0000 rw-p 00000000 00:00 0 
7fce903d0000-7fce94000000 ---p 00000000 00:00 0 
7fce94000000-7fce94021000 rw-p 00000000 00:00 0 
7fce94021000-7fce98000000 ---p 00000000 00:00 0 
7fce98000000-7fce98021000 rw-p 00000000 00:00 0 
7fce98021000-7fce9c000000 ---p 00000000 00:00 0 
7fce9c000000-7fce9c021000 rw-p 00000000 00:00 0 
7fce9c021000-7fcea0000000 ---p 00000000 00:00 0 
7fcea0000000-7fcea0021000 rw-p 00000000 00:00 0 
7fcea0021000-7fcea4000000 ---p 00000000 00:00 0 
7fcea4000000-7fcea4021000 rw-p 00000000 00:00 0 
7fcea4021000-7fcea8000000 ---p 00000000 00:00 0 
7fcea8000000-7fcea8021000 rw-p 00000000 00:00 0 
7fcea8021000-7fceac000000 ---p 00000000 00:00 0 
7fceac000000-7fceac280000 rw-p 00000000 00:00 0 
7fceac280000-7fceb0000000 ---p 00000000 00:00 0 
7fceb4000000-7fceb4021000 rw-p 00000000 00:00 0 
7fceb4021000-7fceb8000000 ---p 00000000 00:00 0 
7fcebb8f9000-7fcebb8fc000 ---p 00000000 00:00 0 
7fcebb8fc000-7fcebb9fa000 rw-p 00000000 00:00 0 
7fcebb9fa000-7fcebb9fd000 ---p 00000000 00:00 0 
7fcebb9fd000-7fcebbafb000 rw-p 00000000 00:00 0 
7fcebbafb000-7fcebbafe000 ---p 00000000 00:00 0 
7fcebbafe000-7fcebbbfc000 rw-p 00000000 00:00 0 
7fcebbbfc000-7fcebbbff000 ---p 00000000 00:00 0 
7fcebbbff000-7fcebbcfd000 rw-p 00000000 00:00 0 
7fcebbcfd000-7fcebbd00000 ---p 00000000 00:00 0 
7fcebbd00000-7fcebbdfe000 rw-p 00000000 00:00 0 
7fcebbdfe000-7fcebbdff000 ---p 00000000 00:00 0 
7fcebbdff000-7fcebbeff000 rw-p 00000000 00:00 0 
7fcebbeff000-7fcebbf02000 ---p 00000000 00:00 0 
7fcebbf02000-7fcebc000000 rw-p 00000000 00:00 0 
7fcebc000000-7fcebc021000 rw-p 00000000 00:00 0 
7fcebc021000-7fcec0000000 ---p 00000000 00:00 0 
7fcec0058000-7fcec005b000 ---p 00000000 00:00 0 
7fcec005b000-7fcec0159000 rw-p 00000000 00:00 0 
7fcec0159000-7fcec015c000 ---p 00000000 00:00 0 
7fcec015c000-7fcec025a000 rw-p 00000000 00:00 0 
7fcec025a000-7fcec025d000 ---p 00000000 00:00 0 
7fcec025d000-7fcec035b000 rw-p 00000000 00:00 0 
7fcec035b000-7fcec035e000 ---p 00000000 00:00 0 
7fcec035e000-7fcec045c000 rw-p 00000000 00:00 0 
7fcec045c000-7fcec0e1b000 r--p 00000000 08:01 3939084                    /usr/lib/locale/locale-archive
7fcec0e1b000-7fcec0e1e000 ---p 00000000 00:00 0 
7fcec0e1e000-7fcec0f1c000 rw-p 00000000 00:00 0 
7fcec0f1c000-7fcec0f1f000 ---p 00000000 00:00 0 
7fcec0f1f000-7fcec101d000 rw-p 00000000 00:00 0 
7fcec101d000-7fcec101e000 ---p 00000000 00:00 0 
7fcec101e000-7fcec2633000 rw-p 00000000 00:00 0 
7fcec2633000-7fcec2800000 r--s 03bec000 08:01 117965856                  /usr/local/android-studio/jre/jre/lib/rt.jar
7fcec2800000-7fcec2e40000 rw-p 00000000 00:00 0 
7fcec2e40000-7fcec3000000 ---p 00000000 00:00 0 
7fcec3000000-7fcec5000000 rw-p 00000000 00:00 0 
7fcec5000000-7fcec53f0000 rwxp 00000000 00:00 0 
7fcec53f0000-7fced4000000 ---p 00000000 00:00 0 
7fced4000000-7fced439c000 rw-p 00000000 00:00 0 
7fced439c000-7fced8000000 ---p 00000000 00:00 0 
7fced800b000-7fced8373000 rw-p 00000000 00:00 0 
7fced8373000-7fced8374000 ---p 00000000 00:00 0 
7fced8374000-7fced8474000 rw-p 00000000 00:00 0 
7fced8474000-7fced8475000 ---p 00000000 00:00 0 
7fced8475000-7fced8575000 rw-p 00000000 00:00 0 
7fced8575000-7fced8576000 ---p 00000000 00:00 0 
7fced8576000-7fced8676000 rw-p 00000000 00:00 0 
7fced8676000-7fced8677000 ---p 00000000 00:00 0 
7fced8677000-7fced8777000 rw-p 00000000 00:00 0 
7fced8777000-7fced8778000 ---p 00000000 00:00 0 
7fced8778000-7fced8878000 rw-p 00000000 00:00 0 
7fced8878000-7fced8879000 ---p 00000000 00:00 0 
7fced8879000-7fced8acf000 rw-p 00000000 00:00 0 
7fced8acf000-7fced8c24000 rw-p 00000000 00:00 0 
7fced8c24000-7fced8c4f000 rw-p 00000000 00:00 0 
7fced8c4f000-7fced8ccf000 ---p 00000000 00:00 0 
7fced8ccf000-7fced8ce0000 rw-p 00000000 00:00 0 
7fced8ce0000-7fced9090000 ---p 00000000 00:00 0 
7fced9090000-7fced90aa000 r-xp 00000000 08:01 117965883                  /usr/local/android-studio/jre/jre/lib/amd64/libzip.so
7fced90aa000-7fced92aa000 ---p 0001a000 08:01 117965883                  /usr/local/android-studio/jre/jre/lib/amd64/libzip.so
7fced92aa000-7fced92ab000 r--p 0001a000 08:01 117965883                  /usr/local/android-studio/jre/jre/lib/amd64/libzip.so
7fced92ab000-7fced92ac000 rw-p 0001b000 08:01 117965883                  /usr/local/android-studio/jre/jre/lib/amd64/libzip.so
7fced92ac000-7fced92b7000 r-xp 00000000 08:01 22286722                   /lib/x86_64-linux-gnu/libnss_files-2.23.so
7fced92b7000-7fced94b6000 ---p 0000b000 08:01 22286722                   /lib/x86_64-linux-gnu/libnss_files-2.23.so
7fced94b6000-7fced94b7000 r--p 0000a000 08:01 22286722                   /lib/x86_64-linux-gnu/libnss_files-2.23.so
7fced94b7000-7fced94b8000 rw-p 0000b000 08:01 22286722                   /lib/x86_64-linux-gnu/libnss_files-2.23.so
7fced94b8000-7fced94be000 rw-p 00000000 00:00 0 
7fced94be000-7fced94c9000 r-xp 00000000 08:01 22286732                   /lib/x86_64-linux-gnu/libnss_nis-2.23.so
7fced94c9000-7fced96c8000 ---p 0000b000 08:01 22286732                   /lib/x86_64-linux-gnu/libnss_nis-2.23.so
7fced96c8000-7fced96c9000 r--p 0000a000 08:01 22286732                   /lib/x86_64-linux-gnu/libnss_nis-2.23.so
7fced96c9000-7fced96ca000 rw-p 0000b000 08:01 22286732                   /lib/x86_64-linux-gnu/libnss_nis-2.23.so
7fced96ca000-7fced96e0000 r-xp 00000000 08:01 22286716                   /lib/x86_64-linux-gnu/libnsl-2.23.so
7fced96e0000-7fced98df000 ---p 00016000 08:01 22286716                   /lib/x86_64-linux-gnu/libnsl-2.23.so
7fced98df000-7fced98e0000 r--p 00015000 08:01 22286716                   /lib/x86_64-linux-gnu/libnsl-2.23.so
7fced98e0000-7fced98e1000 rw-p 00016000 08:01 22286716                   /lib/x86_64-linux-gnu/libnsl-2.23.so
7fced98e1000-7fced98e3000 rw-p 00000000 00:00 0 
7fced98e3000-7fced98eb000 r-xp 00000000 08:01 22286718                   /lib/x86_64-linux-gnu/libnss_compat-2.23.so
7fced98eb000-7fced9aea000 ---p 00008000 08:01 22286718                   /lib/x86_64-linux-gnu/libnss_compat-2.23.so
7fced9aea000-7fced9aeb000 r--p 00007000 08:01 22286718                   /lib/x86_64-linux-gnu/libnss_compat-2.23.so
7fced9aeb000-7fced9aec000 rw-p 00008000 08:01 22286718                   /lib/x86_64-linux-gnu/libnss_compat-2.23.so
7fced9aec000-7fced9b19000 r-xp 00000000 08:01 117965893                  /usr/local/android-studio/jre/jre/lib/amd64/libjava.so
7fced9b19000-7fced9d18000 ---p 0002d000 08:01 117965893                  /usr/local/android-studio/jre/jre/lib/amd64/libjava.so
7fced9d18000-7fced9d19000 r--p 0002c000 08:01 117965893                  /usr/local/android-studio/jre/jre/lib/amd64/libjava.so
7fced9d19000-7fced9d1b000 rw-p 0002d000 08:01 117965893                  /usr/local/android-studio/jre/jre/lib/amd64/libjava.so
7fced9d1b000-7fced9d2b000 r-xp 00000000 08:01 117965909                  /usr/local/android-studio/jre/jre/lib/amd64/libverify.so
7fced9d2b000-7fced9f2a000 ---p 00010000 08:01 117965909                  /usr/local/android-studio/jre/jre/lib/amd64/libverify.so
7fced9f2a000-7fced9f2c000 r--p 0000f000 08:01 117965909                  /usr/local/android-studio/jre/jre/lib/amd64/libverify.so
7fced9f2c000-7fced9f2d000 rw-p 00011000 08:01 117965909                  /usr/local/android-studio/jre/jre/lib/amd64/libverify.so
7fced9f2d000-7fced9f34000 r-xp 00000000 08:01 22286777                   /lib/x86_64-linux-gnu/librt-2.23.so
7fced9f34000-7fceda133000 ---p 00007000 08:01 22286777                   /lib/x86_64-linux-gnu/librt-2.23.so
7fceda133000-7fceda134000 r--p 00006000 08:01 22286777                   /lib/x86_64-linux-gnu/librt-2.23.so
7fceda134000-7fceda135000 rw-p 00007000 08:01 22286777                   /lib/x86_64-linux-gnu/librt-2.23.so
7fceda135000-7fceda23d000 r-xp 00000000 08:01 22286693                   /lib/x86_64-linux-gnu/libm-2.23.so
7fceda23d000-7fceda43c000 ---p 00108000 08:01 22286693                   /lib/x86_64-linux-gnu/libm-2.23.so
7fceda43c000-7fceda43d000 r--p 00107000 08:01 22286693                   /lib/x86_64-linux-gnu/libm-2.23.so
7fceda43d000-7fceda43e000 rw-p 00108000 08:01 22286693                   /lib/x86_64-linux-gnu/libm-2.23.so
7fceda43e000-7fcedb024000 r-xp 00000000 08:01 117965913                  /usr/local/android-studio/jre/jre/lib/amd64/server/libjvm.so
7fcedb024000-7fcedb224000 ---p 00be6000 08:01 117965913                  /usr/local/android-studio/jre/jre/lib/amd64/server/libjvm.so
7fcedb224000-7fcedb2c3000 r--p 00be6000 08:01 117965913                  /usr/local/android-studio/jre/jre/lib/amd64/server/libjvm.so
7fcedb2c3000-7fcedb2ec000 rw-p 00c85000 08:01 117965913                  /usr/local/android-studio/jre/jre/lib/amd64/server/libjvm.so
7fcedb2ec000-7fcedb32e000 rw-p 00000000 00:00 0 
7fcedb32e000-7fcedb346000 r-xp 00000000 08:01 22286769                   /lib/x86_64-linux-gnu/libpthread-2.23.so
7fcedb346000-7fcedb545000 ---p 00018000 08:01 22286769                   /lib/x86_64-linux-gnu/libpthread-2.23.so
7fcedb545000-7fcedb546000 r--p 00017000 08:01 22286769                   /lib/x86_64-linux-gnu/libpthread-2.23.so
7fcedb546000-7fcedb547000 rw-p 00018000 08:01 22286769                   /lib/x86_64-linux-gnu/libpthread-2.23.so
7fcedb547000-7fcedb54b000 rw-p 00000000 00:00 0 
7fcedb54b000-7fcedb54e000 r-xp 00000000 08:01 22286647                   /lib/x86_64-linux-gnu/libdl-2.23.so
7fcedb54e000-7fcedb74d000 ---p 00003000 08:01 22286647                   /lib/x86_64-linux-gnu/libdl-2.23.so
7fcedb74d000-7fcedb74e000 r--p 00002000 08:01 22286647                   /lib/x86_64-linux-gnu/libdl-2.23.so
7fcedb74e000-7fcedb74f000 rw-p 00003000 08:01 22286647                   /lib/x86_64-linux-gnu/libdl-2.23.so
7fcedb74f000-7fcedb90f000 r-xp 00000000 08:01 22286623                   /lib/x86_64-linux-gnu/libc-2.23.so
7fcedb90f000-7fcedbb0e000 ---p 001c0000 08:01 22286623                   /lib/x86_64-linux-gnu/libc-2.23.so
7fcedbb0e000-7fcedbb12000 r--p 001bf000 08:01 22286623                   /lib/x86_64-linux-gnu/libc-2.23.so
7fcedbb12000-7fcedbb14000 rw-p 001c3000 08:01 22286623                   /lib/x86_64-linux-gnu/libc-2.23.so
7fcedbb14000-7fcedbb18000 rw-p 00000000 00:00 0 
7fcedbb18000-7fcedbb2e000 r-xp 00000000 08:01 117965773                  /usr/local/android-studio/jre/lib/amd64/jli/libjli.so
7fcedbb2e000-7fcedbd2d000 ---p 00016000 08:01 117965773                  /usr/local/android-studio/jre/lib/amd64/jli/libjli.so
7fcedbd2d000-7fcedbd2e000 r--p 00015000 08:01 117965773                  /usr/local/android-studio/jre/lib/amd64/jli/libjli.so
7fcedbd2e000-7fcedbd2f000 rw-p 00016000 08:01 117965773                  /usr/local/android-studio/jre/lib/amd64/jli/libjli.so
7fcedbd2f000-7fcedbd55000 r-xp 00000000 08:01 22286595                   /lib/x86_64-linux-gnu/ld-2.23.so
7fcedbd59000-7fcedbe32000 rw-p 00000000 00:00 0 
7fcedbe32000-7fcedbe35000 ---p 00000000 00:00 0 
7fcedbe35000-7fcedbf37000 rw-p 00000000 00:00 0 
7fcedbf3a000-7fcedbf48000 r--s 000e0000 08:01 106696168                  /home/n3v10t/Android/Sdk/build-tools/24.0.1/lib/dx.jar
7fcedbf48000-7fcedbf50000 rw-s 00000000 08:01 106827181                  /tmp/hsperfdata_n3v10t/14044
7fcedbf50000-7fcedbf51000 rw-p 00000000 00:00 0 
7fcedbf51000-7fcedbf52000 ---p 00000000 00:00 0 
7fcedbf52000-7fcedbf54000 rw-p 00000000 00:00 0 
7fcedbf54000-7fcedbf55000 r--p 00025000 08:01 22286595                   /lib/x86_64-linux-gnu/ld-2.23.so
7fcedbf55000-7fcedbf56000 rw-p 00026000 08:01 22286595                   /lib/x86_64-linux-gnu/ld-2.23.so
7fcedbf56000-7fcedbf57000 rw-p 00000000 00:00 0 
7ffdbbfa2000-7ffdbbfc4000 rw-p 00000000 00:00 0                          [stack]
7ffdbbfc9000-7ffdbbfcb000 r--p 00000000 00:00 0                          [vvar]
7ffdbbfcb000-7ffdbbfcd000 r-xp 00000000 00:00 0                          [vdso]
ffffffffff600000-ffffffffff601000 r-xp 00000000 00:00 0                  [vsyscall]

VM Arguments:
jvm_args: -Djava.awt.headless=true -Xmx1024M -Dfile.encoding=UTF-8 -Duser.country=US -Duser.language=en -Duser.variant 
java_command: com.android.dx.command.Main --dex --force-jumbo --num-threads=4 --multi-dex --output /home/n3v10t/Android-Projects/BumbleBeeM/app/build/intermediates/transforms/dex/debug/folders/1000/5/slice_4 /home/n3v10t/Android-Projects/BumbleBeeM/app/build/intermediates/transforms/instantRunSlicer/debug/folders/1/5/slice_4
java_class_path (initial): /home/n3v10t/Android/Sdk/build-tools/24.0.1/lib/dx.jar
Launcher Type: SUN_STANDARD

Environment Variables:
PATH=/home/n3v10t/bin:/home/n3v10t/.local/bin:/usr/local/sbin:/usr/local/bin:/usr/sbin:/usr/bin:/sbin:/bin:/usr/games:/usr/local/games:/snap/bin
LD_LIBRARY_PATH=.:
SHELL=/bin/bash
DISPLAY=:0

Signal Handlers:
SIGSEGV: [libjvm.so+0x9daac0], sa_mask[0]=11111111011111111101111111111110, sa_flags=SA_RESTART|SA_SIGINFO
SIGBUS: [libjvm.so+0x9daac0], sa_mask[0]=11111111011111111101111111111110, sa_flags=SA_RESTART|SA_SIGINFO
SIGFPE: [libjvm.so+0x840d90], sa_mask[0]=11111111011111111101111111111110, sa_flags=SA_RESTART|SA_SIGINFO
SIGPIPE: [libjvm.so+0x840d90], sa_mask[0]=11111111011111111101111111111110, sa_flags=SA_RESTART|SA_SIGINFO
SIGXFSZ: [libjvm.so+0x840d90], sa_mask[0]=11111111011111111101111111111110, sa_flags=SA_RESTART|SA_SIGINFO
SIGILL: [libjvm.so+0x840d90], sa_mask[0]=11111111011111111101111111111110, sa_flags=SA_RESTART|SA_SIGINFO
SIGUSR1: SIG_DFL, sa_mask[0]=00000000000000000000000000000000, sa_flags=none
SIGUSR2: [libjvm.so+0x840c60], sa_mask[0]=00100000000000000000000000000000, sa_flags=SA_RESTART|SA_SIGINFO
SIGHUP: [libjvm.so+0x840e50], sa_mask[0]=11111111011111111101111111111110, sa_flags=SA_RESTART|SA_SIGINFO
SIGINT: [libjvm.so+0x840e50], sa_mask[0]=11111111011111111101111111111110, sa_flags=SA_RESTART|SA_SIGINFO
SIGTERM: [libjvm.so+0x840e50], sa_mask[0]=11111111011111111101111111111110, sa_flags=SA_RESTART|SA_SIGINFO
SIGQUIT: [libjvm.so+0x840e50], sa_mask[0]=11111111011111111101111111111110, sa_flags=SA_RESTART|SA_SIGINFO


---------------  S Y S T E M  ---------------

OS:DISTRIB_ID=Ubuntu
DISTRIB_RELEASE=16.04
DISTRIB_CODENAME=xenial
DISTRIB_DESCRIPTION="Ubuntu 16.04.1 LTS"

uname:Linux 4.4.0-38-generic #57-Ubuntu SMP Tue Sep 6 15:42:33 UTC 2016 x86_64
libc:glibc 2.23 NPTL 2.23 
rlimit: STACK 8192k, CORE 0k, NPROC 63772, NOFILE 65536, AS infinity
load average:1,84 0,69 0,54

/proc/meminfo:
MemTotal:       16431444 kB
MemFree:         5200116 kB
MemAvailable:    8988232 kB
Buffers:          209228 kB
Cached:          4094220 kB
SwapCached:            0 kB
Active:          8463880 kB
Inactive:        2279708 kB
Active(anon):    6441668 kB
Inactive(anon):   430056 kB
Active(file):    2022212 kB
Inactive(file):  1849652 kB
Unevictable:          64 kB
Mlocked:              64 kB
SwapTotal:      16774140 kB
SwapFree:       16774140 kB
Dirty:             32664 kB
Writeback:             0 kB
AnonPages:       6446428 kB
Mapped:           805500 kB
Shmem:            431588 kB
Slab:             303252 kB
SReclaimable:     253564 kB
SUnreclaim:        49688 kB
KernelStack:       17040 kB
PageTables:        71548 kB
NFS_Unstable:          0 kB
Bounce:                0 kB
WritebackTmp:          0 kB
CommitLimit:    24989860 kB
Committed_AS:   16046732 kB
VmallocTotal:   34359738367 kB
VmallocUsed:           0 kB
VmallocChunk:          0 kB
HardwareCorrupted:     0 kB
AnonHugePages:   4026368 kB
CmaTotal:              0 kB
CmaFree:               0 kB
HugePages_Total:       0
HugePages_Free:        0
HugePages_Rsvd:        0
HugePages_Surp:        0
Hugepagesize:       2048 kB
DirectMap4k:      213568 kB
DirectMap2M:    10270720 kB
DirectMap1G:     6291456 kB


CPU:total 6 (6 cores per cpu, 1 threads per core) family 16 model 10 stepping 0, cmov, cx8, fxsr, mmx, sse, sse2, sse3, popcnt, mmxext, 3dnowpref, lzcnt, sse4a, tsc, tscinvbit, tscinv

/proc/cpuinfo:
processor	: 0
vendor_id	: AuthenticAMD
cpu family	: 16
model		: 10
model name	: AMD Phenom(tm) II X6 1090T Processor
stepping	: 0
microcode	: 0x10000bf
cpu MHz		: 3200.000
cache size	: 512 KB
physical id	: 0
siblings	: 6
core id		: 0
cpu cores	: 6
apicid		: 0
initial apicid	: 0
fpu		: yes
fpu_exception	: yes
cpuid level	: 6
wp		: yes
flags		: fpu vme de pse tsc msr pae mce cx8 apic sep mtrr pge mca cmov pat pse36 clflush mmx fxsr sse sse2 ht syscall nx mmxext fxsr_opt pdpe1gb rdtscp lm 3dnowext 3dnow constant_tsc rep_good nopl nonstop_tsc extd_apicid aperfmperf pni monitor cx16 popcnt lahf_lm cmp_legacy svm extapic cr8_legacy abm sse4a misalignsse 3dnowprefetch osvw ibs skinit wdt cpb hw_pstate vmmcall npt lbrv svm_lock nrip_save pausefilter
bugs		: tlb_mmatch apic_c1e fxsave_leak sysret_ss_attrs
bogomips	: 7449.34
TLB size	: 1024 4K pages
clflush size	: 64
cache_alignment	: 64
address sizes	: 48 bits physical, 48 bits virtual
power management: ts ttp tm stc 100mhzsteps hwpstate cpb

processor	: 1
vendor_id	: AuthenticAMD
cpu family	: 16
model		: 10
model name	: AMD Phenom(tm) II X6 1090T Processor
stepping	: 0
microcode	: 0x10000bf
cpu MHz		: 3200.000
cache size	: 512 KB
physical id	: 0
siblings	: 6
core id		: 1
cpu cores	: 6
apicid		: 1
initial apicid	: 1
fpu		: yes
fpu_exception	: yes
cpuid level	: 6
wp		: yes
flags		: fpu vme de pse tsc msr pae mce cx8 apic sep mtrr pge mca cmov pat pse36 clflush mmx fxsr sse sse2 ht syscall nx mmxext fxsr_opt pdpe1gb rdtscp lm 3dnowext 3dnow constant_tsc rep_good nopl nonstop_tsc extd_apicid aperfmperf pni monitor cx16 popcnt lahf_lm cmp_legacy svm extapic cr8_legacy abm sse4a misalignsse 3dnowprefetch osvw ibs skinit wdt cpb hw_pstate vmmcall npt lbrv svm_lock nrip_save pausefilter
bugs		: tlb_mmatch apic_c1e fxsave_leak sysret_ss_attrs
bogomips	: 7449.34
TLB size	: 1024 4K pages
clflush size	: 64
cache_alignment	: 64
address sizes	: 48 bits physical, 48 bits virtual
power management: ts ttp tm stc 100mhzsteps hwpstate cpb

processor	: 2
vendor_id	: AuthenticAMD
cpu family	: 16
model		: 10
model name	: AMD Phenom(tm) II X6 1090T Processor
stepping	: 0
microcode	: 0x10000bf
cpu MHz		: 3200.000
cache size	: 512 KB
physical id	: 0
siblings	: 6
core id		: 2
cpu cores	: 6
apicid		: 2
initial apicid	: 2
fpu		: yes
fpu_exception	: yes
cpuid level	: 6
wp		: yes
flags		: fpu vme de pse tsc msr pae mce cx8 apic sep mtrr pge mca cmov pat pse36 clflush mmx fxsr sse sse2 ht syscall nx mmxext fxsr_opt pdpe1gb rdtscp lm 3dnowext 3dnow constant_tsc rep_good nopl nonstop_tsc extd_apicid aperfmperf pni monitor cx16 popcnt lahf_lm cmp_legacy svm extapic cr8_legacy abm sse4a misalignsse 3dnowprefetch osvw ibs skinit wdt cpb hw_pstate vmmcall npt lbrv svm_lock nrip_save pausefilter
bugs		: tlb_mmatch apic_c1e fxsave_leak sysret_ss_attrs
bogomips	: 7449.34
TLB size	: 1024 4K pages
clflush size	: 64
cache_alignment	: 64
address sizes	: 48 bits physical, 48 bits virtual
power management: ts ttp tm stc 100mhzsteps hwpstate cpb

processor	: 3
vendor_id	: AuthenticAMD
cpu family	: 16
model		: 10
model name	: AMD Phenom(tm) II X6 1090T Processor
stepping	: 0
microcode	: 0x10000bf
cpu MHz		: 3200.000
cache size	: 512 KB
physical id	: 0
siblings	: 6
core id		: 3
cpu cores	: 6
apicid		: 3
initial apicid	: 3
fpu		: yes
fpu_exception	: yes
cpuid level	: 6
wp		: yes
flags		: fpu vme de pse tsc msr pae mce cx8 apic sep mtrr pge mca cmov pat pse36 clflush mmx fxsr sse sse2 ht syscall nx mmxext fxsr_opt pdpe1gb rdtscp lm 3dnowext 3dnow constant_tsc rep_good nopl nonstop_tsc extd_apicid aperfmperf pni monitor cx16 popcnt lahf_lm cmp_legacy svm extapic cr8_legacy abm sse4a misalignsse 3dnowprefetch osvw ibs skinit wdt cpb hw_pstate vmmcall npt lbrv svm_lock nrip_save pausefilter
bugs		: tlb_mmatch apic_c1e fxsave_leak sysret_ss_attrs
bogomips	: 7449.34
TLB size	: 1024 4K pages
clflush size	: 64
cache_alignment	: 64
address sizes	: 48 bits physical, 48 bits virtual
power management: ts ttp tm stc 100mhzsteps hwpstate cpb

processor	: 4
vendor_id	: AuthenticAMD
cpu family	: 16
model		: 10
model name	: AMD Phenom(tm) II X6 1090T Processor
stepping	: 0
microcode	: 0x10000bf
cpu MHz		: 3200.000
cache size	: 512 KB
physical id	: 0
siblings	: 6
core id		: 4
cpu cores	: 6
apicid		: 4
initial apicid	: 4
fpu		: yes
fpu_exception	: yes
cpuid level	: 6
wp		: yes
flags		: fpu vme de pse tsc msr pae mce cx8 apic sep mtrr pge mca cmov pat pse36 clflush mmx fxsr sse sse2 ht syscall nx mmxext fxsr_opt pdpe1gb rdtscp lm 3dnowext 3dnow constant_tsc rep_good nopl nonstop_tsc extd_apicid aperfmperf pni monitor cx16 popcnt lahf_lm cmp_legacy svm extapic cr8_legacy abm sse4a misalignsse 3dnowprefetch osvw ibs skinit wdt cpb hw_pstate vmmcall npt lbrv svm_lock nrip_save pausefilter
bugs		: tlb_mmatch apic_c1e fxsave_leak sysret_ss_attrs
bogomips	: 7449.34
TLB size	: 1024 4K pages
clflush size	: 64
cache_alignment	: 64
address sizes	: 48 bits physical, 48 bits virtual
power management: ts ttp tm stc 100mhzsteps hwpstate cpb

processor	: 5
vendor_id	: AuthenticAMD
cpu family	: 16
model		: 10
model name	: AMD Phenom(tm) II X6 1090T Processor
stepping	: 0
microcode	: 0x10000bf
cpu MHz		: 3200.000
cache size	: 512 KB
physical id	: 0
siblings	: 6
core id		: 5
cpu cores	: 6
apicid		: 5
initial apicid	: 5
fpu		: yes
fpu_exception	: yes
cpuid level	: 6
wp		: yes
flags		: fpu vme de pse tsc msr pae mce cx8 apic sep mtrr pge mca cmov pat pse36 clflush mmx fxsr sse sse2 ht syscall nx mmxext fxsr_opt pdpe1gb rdtscp lm 3dnowext 3dnow constant_tsc rep_good nopl nonstop_tsc extd_apicid aperfmperf pni monitor cx16 popcnt lahf_lm cmp_legacy svm extapic cr8_legacy abm sse4a misalignsse 3dnowprefetch osvw ibs skinit wdt cpb hw_pstate vmmcall npt lbrv svm_lock nrip_save pausefilter
bugs		: tlb_mmatch apic_c1e fxsave_leak sysret_ss_attrs
bogomips	: 7449.34
TLB size	: 1024 4K pages
clflush size	: 64
cache_alignment	: 64
address sizes	: 48 bits physical, 48 bits virtual
power management: ts ttp tm stc 100mhzsteps hwpstate cpb



Memory: 4k page, physical 16431444k(5198068k free), swap 16774140k(16774140k free)

vm_info: OpenJDK 64-Bit Server VM (25.76-b03) for linux-amd64 JRE (1.8.0_76-release-b03), built on Jun 29 2016 09:39:19 by "builder" with gcc 4.8.4

time: Thu Oct  6 17:51:20 2016
elapsed time: 1 seconds (0d 0h 0m 1s)

