#
# A fatal error has been detected by the Java Runtime Environment:
#
#  SIGSEGV (0xb) at pc=0x0000000000000000, pid=22447, tid=0x00007fab1e009700
#
# JRE version: OpenJDK Runtime Environment (8.0_76-b03) (build 1.8.0_76-release-b03)
# Java VM: OpenJDK 64-Bit Server VM (25.76-b03 mixed mode linux-amd64 compressed oops)
# Problematic frame:
# C  0x0000000000000000
#
# Failed to write core dump. Core dumps have been disabled. To enable core dumping, try "ulimit -c unlimited" before starting Java again
#
# If you would like to submit a bug report, please visit:
#   http://bugreport.java.com/bugreport/crash.jsp
#

---------------  T H R E A D  ---------------

Current thread (0x00007fab4816f000):  JavaThread "pool-2-thread-2" [_thread_in_Java, id=22513, stack(0x00007fab1df09000,0x00007fab1e00a000)]

siginfo: si_signo: 11 (SIGSEGV), si_code: 1 (SEGV_MAPERR), si_addr: 0x0000000000000000

Registers:
RAX=0x0000000100076b48, RBX=0x0000000100062c28, RCX=0x00000000ec576bf0, RDX=0x0000000000000000
RSP=0x00007fab1e008228, RBP=0x00007fab1e008350, RSI=0x00000000ec05c1b0, RDI=0x00000000ec05c1b0
R8 =0x00007fab351f21c8, R9 =0x00007fab34f36ec8, R10=0x000000010007f6d8, R11=0x000000000000090a
R12=0x0000000000000000, R13=0x00007fab38553ae4, R14=0x00007fab1e007fc8, R15=0x00007fab4816f000
RIP=0x0000000000000000, EFLAGS=0x0000000000010216, CSGSFS=0x0000000000000033, ERR=0x0000000000000014
  TRAPNO=0x000000000000000e

Top of Stack: (sp=0x00007fab1e008228)
0x00007fab1e008228:   00007fab3856434c 0000000000000009
0x00007fab1e008238:   00000000ec06b648 00007fab1e008240
0x00007fab1e008248:   00007fab3518f318 00007fab1e0082f8
0x00007fab1e008258:   00007fab385d6a3c 00000000ec05c148
0x00007fab1e008268:   00000000ec05c180 00000000ec050da0
0x00007fab1e008278:   00007fab1e0082a0 00007fab1e008350
0x00007fab1e008288:   00007fab3857ee0c 00007fab1e0082f8
0x00007fab1e008298:   00007fab3837c710 00007fab3837c710
0x00007fab1e0082a8:   000000000000002e 000000000000002f
0x00007fab1e0082b8:   00007fab1e0082b8 00000000ec050da0
0x00007fab1e0082c8:   0000000000000000 00000000ec06b4f0
0x00007fab1e0082d8:   0000000000000000 00007fab1e008350
0x00007fab1e0082e8:   00007fab3837c98d 00007fab1e008350
0x00007fab1e0082f8:   00007fab3837c98d 00000000ec06b4f0
0x00007fab1e008308:   00000000ec050da0 00007fab1e008310
0x00007fab1e008318:   00007fab35157cbd 00007fab1e008388
0x00007fab1e008328:   00007fab3515cad8 00007fab3523be98
0x00007fab1e008338:   00007fab35157d18 00007fab1e008300
0x00007fab1e008348:   00007fab1e008380 00007fab1e0083d0
0x00007fab1e008358:   00007fab3837c98d 00000000ec050da0
0x00007fab1e008368:   00000000ec576ba8 00000000ec050c20
0x00007fab1e008378:   00000000ec5765e8 00000000ec06b4f0
0x00007fab1e008388:   00000000ec04e868 00007fab1e008390
0x00007fab1e008398:   00007fab3518947d 00007fab1e0083f8
0x00007fab1e0083a8:   00007fab35190890 0000000000000000
0x00007fab1e0083b8:   00007fab35189500 00007fab1e008380
0x00007fab1e0083c8:   00007fab1e0083f8 00007fab1e008440
0x00007fab1e0083d8:   00007fab3837c710 0000000000000000
0x00007fab1e0083e8:   00000000ec06b4f0 00000000ec06b480
0x00007fab1e0083f8:   00000000ec066ff8 00007fab1e008400
0x00007fab1e008408:   00007fab351892d9 00007fab1e008458
0x00007fab1e008418:   00007fab35190890 0000000000000000 

Instructions: (pc=0x0000000000000000)
0xffffffffffffffe0:   

Register to memory mapping:

RAX=0x0000000100076b48 is pointing into metadata
RBX=0x0000000100062c28 is pointing into metadata
RCX=0x00000000ec576bf0 is an oop
com.android.dx.rop.code.RegisterSpecList 
 - klass: 'com/android/dx/rop/code/RegisterSpecList'
RDX=0x0000000000000000 is an unknown value
RSP=0x00007fab1e008228 is pointing into the stack for thread: 0x00007fab4816f000
RBP=0x00007fab1e008350 is pointing into the stack for thread: 0x00007fab4816f000
RSI=0x00000000ec05c1b0 is an oop

[error occurred during error reporting (printing register info), id 0xb]

Stack: [0x00007fab1df09000,0x00007fab1e00a000],  sp=0x00007fab1e008228,  free space=1020k

---------------  P R O C E S S  ---------------

Java Threads: ( => current thread )
  0x00007fab48172000 JavaThread "pool-2-thread-4" [_thread_blocked, id=22516, stack(0x00007fab1dd07000,0x00007fab1de08000)]
  0x00007fab48170000 JavaThread "pool-2-thread-3" [_thread_blocked, id=22514, stack(0x00007fab1de08000,0x00007fab1df09000)]
=>0x00007fab4816f000 JavaThread "pool-2-thread-2" [_thread_in_Java, id=22513, stack(0x00007fab1df09000,0x00007fab1e00a000)]
  0x00007fab4816c000 JavaThread "pool-3-thread-1" [_thread_blocked, id=22507, stack(0x00007fab1e00a000,0x00007fab1e10b000)]
  0x00007fab4816b000 JavaThread "pool-2-thread-1" [_thread_in_Java, id=22506, stack(0x00007fab1e10b000,0x00007fab1e20c000)]
  0x00007fab480c4800 JavaThread "Service Thread" daemon [_thread_blocked, id=22478, stack(0x00007fab1e30d000,0x00007fab1e40e000)]
  0x00007fab480c1800 JavaThread "C1 CompilerThread2" daemon [_thread_in_native, id=22474, stack(0x00007fab1e40e000,0x00007fab1e50f000)]
  0x00007fab480c0000 JavaThread "C2 CompilerThread1" daemon [_thread_in_native, id=22470, stack(0x00007fab1e50f000,0x00007fab1e610000)]
  0x00007fab480bd000 JavaThread "C2 CompilerThread0" daemon [_thread_in_native, id=22468, stack(0x00007fab1e610000,0x00007fab1e711000)]
  0x00007fab480bb800 JavaThread "Signal Dispatcher" daemon [_thread_blocked, id=22466, stack(0x00007fab1e711000,0x00007fab1e812000)]
  0x00007fab48087800 JavaThread "Finalizer" daemon [_thread_blocked, id=22462, stack(0x00007fab1f1d1000,0x00007fab1f2d2000)]
  0x00007fab48083000 JavaThread "Reference Handler" daemon [_thread_blocked, id=22459, stack(0x00007fab1f2d2000,0x00007fab1f3d3000)]
  0x00007fab4800a000 JavaThread "main" [_thread_in_Java, id=22449, stack(0x00007fab4e209000,0x00007fab4e30a000)]

Other Threads:
  0x00007fab4807b800 VMThread [stack: 0x00007fab1f3d3000,0x00007fab1f4d4000] [id=22458]
  0x00007fab480c7000 WatcherThread [stack: 0x00007fab1e20c000,0x00007fab1e30d000] [id=22479]

VM state:not at safepoint (normal execution)

VM Mutex/Monitor currently owned by a thread:  ([mutex/lock_event])
[0x00007fab480059a0] CodeCache_lock - owner thread: 0x00007fab480c1800
[0x00007fab48007020] Compile_lock - owner thread: 0x00007fab480c1800
[0x00007fab48007120] MethodCompileQueue_lock - owner thread: 0x00007fab480c1800

Heap:
 PSYoungGen      total 75264K, used 28386K [0x00000000eab00000, 0x00000000eff00000, 0x0000000100000000)
  eden space 64512K, 44% used [0x00000000eab00000,0x00000000ec6b89d8,0x00000000eea00000)
  from space 10752K, 0% used [0x00000000ef480000,0x00000000ef480000,0x00000000eff00000)
  to   space 10752K, 0% used [0x00000000eea00000,0x00000000eea00000,0x00000000ef480000)
 ParOldGen       total 172032K, used 0K [0x00000000c0000000, 0x00000000ca800000, 0x00000000eab00000)
  object space 172032K, 0% used [0x00000000c0000000,0x00000000c0000000,0x00000000ca800000)
 Metaspace       used 5516K, capacity 6704K, committed 6784K, reserved 1056768K
  class space    used 562K, capacity 616K, committed 640K, reserved 1048576K

Card table byte_map: [0x00007fab37db4000,0x00007fab37fb5000] byte_map_base: 0x00007fab377b4000

Marking Bits: (ParMarkBitMap*) 0x00007fab4d6d81a0
 Begin Bits: [0x00007fab35658000, 0x00007fab36658000)
 End Bits:   [0x00007fab36658000, 0x00007fab37658000)

Polling page: 0x00007fab4e328000

CodeCache: size=245760Kb used=2486Kb max_used=2486Kb free=243273Kb
 bounds [0x00007fab38375000, 0x00007fab385e5000, 0x00007fab47375000]
 total_blobs=899 nmethods=638 adapters=176
 compilation: enabled

Compilation events (10 events):
Event: 0,572 Thread 0x00007fab480bd000 nmethod 631 0x00007fab385dbf90 code [0x00007fab385dc160, 0x00007fab385dca18]
Event: 0,572 Thread 0x00007fab480bd000  651       4       com.android.dx.ssa.SsaBasicBlock::isReachable (29 bytes)
Event: 0,573 Thread 0x00007fab480bd000 nmethod 651 0x00007fab385d9090 code [0x00007fab385d91e0, 0x00007fab385d9278]
Event: 0,573 Thread 0x00007fab480bd000  653   !   4       com.android.dx.util.FixedSizeList::<init> (36 bytes)
Event: 0,574 Thread 0x00007fab480bd000 nmethod 653 0x00007fab385d8d50 code [0x00007fab385d8ea0, 0x00007fab385d8fd8]
Event: 0,574 Thread 0x00007fab480bd000  648       4       java.util.ArrayList::remove (69 bytes)
Event: 0,575 Thread 0x00007fab480bd000 nmethod 648 0x00007fab385da250 code [0x00007fab385da3a0, 0x00007fab385da558]
Event: 0,575 Thread 0x00007fab480bd000  647       4       com.android.dx.ssa.NormalSsaInsn::getSources (8 bytes)
Event: 0,576 Thread 0x00007fab480bd000 nmethod 647 0x00007fab385d8a90 code [0x00007fab385d8be0, 0x00007fab385d8c58]
Event: 0,576 Thread 0x00007fab480bd000  666       4       com.android.dx.rop.code.RegisterSpec::hashCodeOf (30 bytes)

GC Heap History (0 events):
No events

Deoptimization events (8 events):
Event: 0,265 Thread 0x00007fab4800a000 Uncommon trap: reason=unstable_if action=reinterpret pc=0x00007fab384cf490 method=java.lang.String.indexOf(II)I @ 49
Event: 0,281 Thread 0x00007fab4816b000 Uncommon trap: reason=unstable_if action=reinterpret pc=0x00007fab384d21a8 method=java.lang.String.compareTo(Ljava/lang/String;)I @ 38
Event: 0,507 Thread 0x00007fab48170000 Uncommon trap: reason=class_check action=maybe_recompile pc=0x00007fab38597910 method=com.android.dx.ssa.NormalSsaInsn.accept(Lcom/android/dx/ssa/SsaInsn$Visitor;)V @ 9
Event: 0,511 Thread 0x00007fab48170000 Uncommon trap: reason=class_check action=maybe_recompile pc=0x00007fab38597910 method=com.android.dx.ssa.NormalSsaInsn.accept(Lcom/android/dx/ssa/SsaInsn$Visitor;)V @ 9
Event: 0,542 Thread 0x00007fab48170000 Uncommon trap: reason=class_check action=maybe_recompile pc=0x00007fab38597910 method=com.android.dx.ssa.NormalSsaInsn.accept(Lcom/android/dx/ssa/SsaInsn$Visitor;)V @ 9
Event: 0,557 Thread 0x00007fab4816f000 Uncommon trap: reason=class_check action=maybe_recompile pc=0x00007fab38597910 method=com.android.dx.ssa.NormalSsaInsn.accept(Lcom/android/dx/ssa/SsaInsn$Visitor;)V @ 9
Event: 0,580 Thread 0x00007fab4800a000 Uncommon trap: reason=unstable_if action=reinterpret pc=0x00007fab385826dc method=java.util.HashMap.getNode(ILjava/lang/Object;)Ljava/util/HashMap$Node; @ 129
Event: 0,581 Thread 0x00007fab4800a000 Uncommon trap: reason=unstable_if action=reinterpret pc=0x00007fab3858196c method=java.util.BitSet.nextSetBit(I)I @ 87

Internal exceptions (2 events):
Event: 0,027 Thread 0x00007fab4800a000 Exception <a 'java/lang/NoSuchMethodError': Method sun.misc.Unsafe.defineClass(Ljava/lang/String;[BII)Ljava/lang/Class; name or signature does not match> (0x00000000eab07cc0) thrown at [/ssd/Android/AOSP-openjdk/external/jetbrains/jdk/hotspot/src/share/vm
Event: 0,027 Thread 0x00007fab4800a000 Exception <a 'java/lang/NoSuchMethodError': Method sun.misc.Unsafe.prefetchRead(Ljava/lang/Object;J)V name or signature does not match> (0x00000000eab07fa8) thrown at [/ssd/Android/AOSP-openjdk/external/jetbrains/jdk/hotspot/src/share/vm/prims/jni.cpp, li

Events (10 events):
Event: 0,580 Thread 0x00007fab4800a000 DEOPT UNPACKING pc=0x00007fab38379f69 sp=0x00007fab4e307308 mode 2
Event: 0,580 loading class com/android/dx/cf/code/Ropper$ExceptionHandlerSetup
Event: 0,580 loading class com/android/dx/cf/code/Ropper$ExceptionHandlerSetup done
Event: 0,581 Thread 0x00007fab4800a000 Uncommon trap: trap_request=0xffffff65 fr.pc=0x00007fab3858196c
Event: 0,581 Thread 0x00007fab4800a000 DEOPT PACKING pc=0x00007fab3858196c sp=0x00007fab4e307a00
Event: 0,581 Thread 0x00007fab4800a000 DEOPT UNPACKING pc=0x00007fab38379f69 sp=0x00007fab4e3079b8 mode 2
Event: 0,582 loading class java/util/HashMap$Values
Event: 0,582 loading class java/util/HashMap$Values done
Event: 0,582 loading class java/util/HashMap$ValueIterator
Event: 0,582 loading class java/util/HashMap$ValueIterator done


Dynamic libraries:
00400000-00401000 r-xp 00000000 08:01 117965799                          /usr/local/android-studio/jre/bin/java
00600000-00601000 r--p 00000000 08:01 117965799                          /usr/local/android-studio/jre/bin/java
00601000-00602000 rw-p 00001000 08:01 117965799                          /usr/local/android-studio/jre/bin/java
00f84000-00fa5000 rw-p 00000000 00:00 0                                  [heap]
c0000000-ca800000 rw-p 00000000 00:00 0 
ca800000-eab00000 ---p 00000000 00:00 0 
eab00000-eff00000 rw-p 00000000 00:00 0 
eff00000-100000000 ---p 00000000 00:00 0 
100000000-1000a0000 rw-p 00000000 00:00 0 
1000a0000-140000000 ---p 00000000 00:00 0 
7faadc000000-7faadc021000 rw-p 00000000 00:00 0 
7faadc021000-7faae0000000 ---p 00000000 00:00 0 
7faae4000000-7faae4021000 rw-p 00000000 00:00 0 
7faae4021000-7faae8000000 ---p 00000000 00:00 0 
7faae8000000-7faae8021000 rw-p 00000000 00:00 0 
7faae8021000-7faaec000000 ---p 00000000 00:00 0 
7faaec000000-7faaec03c000 rw-p 00000000 00:00 0 
7faaec03c000-7faaf0000000 ---p 00000000 00:00 0 
7faaf0000000-7faaf0021000 rw-p 00000000 00:00 0 
7faaf0021000-7faaf4000000 ---p 00000000 00:00 0 
7faaf4000000-7faaf4021000 rw-p 00000000 00:00 0 
7faaf4021000-7faaf8000000 ---p 00000000 00:00 0 
7faaf8000000-7faaf8021000 rw-p 00000000 00:00 0 
7faaf8021000-7faafc000000 ---p 00000000 00:00 0 
7faafc000000-7faafc32f000 rw-p 00000000 00:00 0 
7faafc32f000-7fab00000000 ---p 00000000 00:00 0 
7fab00000000-7fab004e4000 rw-p 00000000 00:00 0 
7fab004e4000-7fab04000000 ---p 00000000 00:00 0 
7fab04000000-7fab04021000 rw-p 00000000 00:00 0 
7fab04021000-7fab08000000 ---p 00000000 00:00 0 
7fab08000000-7fab08164000 rw-p 00000000 00:00 0 
7fab08164000-7fab0c000000 ---p 00000000 00:00 0 
7fab0c000000-7fab0c021000 rw-p 00000000 00:00 0 
7fab0c021000-7fab10000000 ---p 00000000 00:00 0 
7fab10000000-7fab10021000 rw-p 00000000 00:00 0 
7fab10021000-7fab14000000 ---p 00000000 00:00 0 
7fab14000000-7fab14021000 rw-p 00000000 00:00 0 
7fab14021000-7fab18000000 ---p 00000000 00:00 0 
7fab18000000-7fab18021000 rw-p 00000000 00:00 0 
7fab18021000-7fab1c000000 ---p 00000000 00:00 0 
7fab1dd07000-7fab1dd0a000 ---p 00000000 00:00 0 
7fab1dd0a000-7fab1de08000 rw-p 00000000 00:00 0 
7fab1de08000-7fab1de0b000 ---p 00000000 00:00 0 
7fab1de0b000-7fab1df09000 rw-p 00000000 00:00 0 
7fab1df09000-7fab1df0c000 ---p 00000000 00:00 0 
7fab1df0c000-7fab1e00a000 rw-p 00000000 00:00 0 
7fab1e00a000-7fab1e00d000 ---p 00000000 00:00 0 
7fab1e00d000-7fab1e10b000 rw-p 00000000 00:00 0 
7fab1e10b000-7fab1e10e000 ---p 00000000 00:00 0 
7fab1e10e000-7fab1e20c000 rw-p 00000000 00:00 0 
7fab1e20c000-7fab1e20d000 ---p 00000000 00:00 0 
7fab1e20d000-7fab1e30d000 rw-p 00000000 00:00 0 
7fab1e30d000-7fab1e310000 ---p 00000000 00:00 0 
7fab1e310000-7fab1e40e000 rw-p 00000000 00:00 0 
7fab1e40e000-7fab1e411000 ---p 00000000 00:00 0 
7fab1e411000-7fab1e50f000 rw-p 00000000 00:00 0 
7fab1e50f000-7fab1e512000 ---p 00000000 00:00 0 
7fab1e512000-7fab1e610000 rw-p 00000000 00:00 0 
7fab1e610000-7fab1e613000 ---p 00000000 00:00 0 
7fab1e613000-7fab1e711000 rw-p 00000000 00:00 0 
7fab1e711000-7fab1e714000 ---p 00000000 00:00 0 
7fab1e714000-7fab1e812000 rw-p 00000000 00:00 0 
7fab1e812000-7fab1f1d1000 r--p 00000000 08:01 3939084                    /usr/lib/locale/locale-archive
7fab1f1d1000-7fab1f1d4000 ---p 00000000 00:00 0 
7fab1f1d4000-7fab1f2d2000 rw-p 00000000 00:00 0 
7fab1f2d2000-7fab1f2d5000 ---p 00000000 00:00 0 
7fab1f2d5000-7fab1f3d3000 rw-p 00000000 00:00 0 
7fab1f3d3000-7fab1f3d4000 ---p 00000000 00:00 0 
7fab1f3d4000-7fab20000000 rw-p 00000000 00:00 0 
7fab20000000-7fab20021000 rw-p 00000000 00:00 0 
7fab20021000-7fab24000000 ---p 00000000 00:00 0 
7fab24000000-7fab24021000 rw-p 00000000 00:00 0 
7fab24021000-7fab28000000 ---p 00000000 00:00 0 
7fab28000000-7fab28021000 rw-p 00000000 00:00 0 
7fab28021000-7fab2c000000 ---p 00000000 00:00 0 
7fab2c000000-7fab2c021000 rw-p 00000000 00:00 0 
7fab2c021000-7fab30000000 ---p 00000000 00:00 0 
7fab30000000-7fab30021000 rw-p 00000000 00:00 0 
7fab30021000-7fab34000000 ---p 00000000 00:00 0 
7fab3401e000-7fab34a8b000 rw-p 00000000 00:00 0 
7fab34a8b000-7fab34c58000 r--s 03bec000 08:01 117965856                  /usr/local/android-studio/jre/jre/lib/rt.jar
7fab34c58000-7fab35258000 rw-p 00000000 00:00 0 
7fab35258000-7fab35458000 ---p 00000000 00:00 0 
7fab35458000-7fab37658000 rw-p 00000000 00:00 0 
7fab37658000-7fab37659000 ---p 00000000 00:00 0 
7fab37659000-7fab37759000 rw-p 00000000 00:00 0 
7fab37759000-7fab3775a000 ---p 00000000 00:00 0 
7fab3775a000-7fab3785a000 rw-p 00000000 00:00 0 
7fab3785a000-7fab3785b000 ---p 00000000 00:00 0 
7fab3785b000-7fab3795b000 rw-p 00000000 00:00 0 
7fab3795b000-7fab3795c000 ---p 00000000 00:00 0 
7fab3795c000-7fab37a5c000 rw-p 00000000 00:00 0 
7fab37a5c000-7fab37a5d000 ---p 00000000 00:00 0 
7fab37a5d000-7fab37b5d000 rw-p 00000000 00:00 0 
7fab37b5d000-7fab37b5e000 ---p 00000000 00:00 0 
7fab37b5e000-7fab37cb2000 rw-p 00000000 00:00 0 
7fab37cb2000-7fab37db4000 ---p 00000000 00:00 0 
7fab37db4000-7fab37e08000 rw-p 00000000 00:00 0 
7fab37e08000-7fab37f09000 ---p 00000000 00:00 0 
7fab37f09000-7fab37f34000 rw-p 00000000 00:00 0 
7fab37f34000-7fab37fb4000 ---p 00000000 00:00 0 
7fab37fb4000-7fab37fbf000 rw-p 00000000 00:00 0 
7fab37fbf000-7fab38375000 ---p 00000000 00:00 0 
7fab38375000-7fab385e5000 rwxp 00000000 00:00 0 
7fab385e5000-7fab47375000 ---p 00000000 00:00 0 
7fab47375000-7fab4738f000 r-xp 00000000 08:01 117965883                  /usr/local/android-studio/jre/jre/lib/amd64/libzip.so
7fab4738f000-7fab4758f000 ---p 0001a000 08:01 117965883                  /usr/local/android-studio/jre/jre/lib/amd64/libzip.so
7fab4758f000-7fab47590000 r--p 0001a000 08:01 117965883                  /usr/local/android-studio/jre/jre/lib/amd64/libzip.so
7fab47590000-7fab47591000 rw-p 0001b000 08:01 117965883                  /usr/local/android-studio/jre/jre/lib/amd64/libzip.so
7fab47591000-7fab4759c000 r-xp 00000000 08:01 22286722                   /lib/x86_64-linux-gnu/libnss_files-2.23.so
7fab4759c000-7fab4779b000 ---p 0000b000 08:01 22286722                   /lib/x86_64-linux-gnu/libnss_files-2.23.so
7fab4779b000-7fab4779c000 r--p 0000a000 08:01 22286722                   /lib/x86_64-linux-gnu/libnss_files-2.23.so
7fab4779c000-7fab4779d000 rw-p 0000b000 08:01 22286722                   /lib/x86_64-linux-gnu/libnss_files-2.23.so
7fab4779d000-7fab477a3000 rw-p 00000000 00:00 0 
7fab477a3000-7fab477ae000 r-xp 00000000 08:01 22286732                   /lib/x86_64-linux-gnu/libnss_nis-2.23.so
7fab477ae000-7fab479ad000 ---p 0000b000 08:01 22286732                   /lib/x86_64-linux-gnu/libnss_nis-2.23.so
7fab479ad000-7fab479ae000 r--p 0000a000 08:01 22286732                   /lib/x86_64-linux-gnu/libnss_nis-2.23.so
7fab479ae000-7fab479af000 rw-p 0000b000 08:01 22286732                   /lib/x86_64-linux-gnu/libnss_nis-2.23.so
7fab479af000-7fab479c5000 r-xp 00000000 08:01 22286716                   /lib/x86_64-linux-gnu/libnsl-2.23.so
7fab479c5000-7fab47bc4000 ---p 00016000 08:01 22286716                   /lib/x86_64-linux-gnu/libnsl-2.23.so
7fab47bc4000-7fab47bc5000 r--p 00015000 08:01 22286716                   /lib/x86_64-linux-gnu/libnsl-2.23.so
7fab47bc5000-7fab47bc6000 rw-p 00016000 08:01 22286716                   /lib/x86_64-linux-gnu/libnsl-2.23.so
7fab47bc6000-7fab47bc8000 rw-p 00000000 00:00 0 
7fab47bc8000-7fab47bd0000 r-xp 00000000 08:01 22286718                   /lib/x86_64-linux-gnu/libnss_compat-2.23.so
7fab47bd0000-7fab47dcf000 ---p 00008000 08:01 22286718                   /lib/x86_64-linux-gnu/libnss_compat-2.23.so
7fab47dcf000-7fab47dd0000 r--p 00007000 08:01 22286718                   /lib/x86_64-linux-gnu/libnss_compat-2.23.so
7fab47dd0000-7fab47dd1000 rw-p 00008000 08:01 22286718                   /lib/x86_64-linux-gnu/libnss_compat-2.23.so
7fab47dd1000-7fab47dfe000 r-xp 00000000 08:01 117965893                  /usr/local/android-studio/jre/jre/lib/amd64/libjava.so
7fab47dfe000-7fab47ffd000 ---p 0002d000 08:01 117965893                  /usr/local/android-studio/jre/jre/lib/amd64/libjava.so
7fab47ffd000-7fab47ffe000 r--p 0002c000 08:01 117965893                  /usr/local/android-studio/jre/jre/lib/amd64/libjava.so
7fab47ffe000-7fab48000000 rw-p 0002d000 08:01 117965893                  /usr/local/android-studio/jre/jre/lib/amd64/libjava.so
7fab48000000-7fab48384000 rw-p 00000000 00:00 0 
7fab48384000-7fab4c000000 ---p 00000000 00:00 0 
7fab4c000000-7fab4c00e000 r--s 0006d000 08:01 119799817                  /home/n3v10t/Android-Projects/BumbleBeeM/app/build/intermediates/exploded-aar/com.android.support/support-compat/24.2.1/jars/classes.jar
7fab4c00e000-7fab4c0f2000 rw-p 00000000 00:00 0 
7fab4c0f2000-7fab4c102000 r-xp 00000000 08:01 117965909                  /usr/local/android-studio/jre/jre/lib/amd64/libverify.so
7fab4c102000-7fab4c301000 ---p 00010000 08:01 117965909                  /usr/local/android-studio/jre/jre/lib/amd64/libverify.so
7fab4c301000-7fab4c303000 r--p 0000f000 08:01 117965909                  /usr/local/android-studio/jre/jre/lib/amd64/libverify.so
7fab4c303000-7fab4c304000 rw-p 00011000 08:01 117965909                  /usr/local/android-studio/jre/jre/lib/amd64/libverify.so
7fab4c304000-7fab4c30b000 r-xp 00000000 08:01 22286777                   /lib/x86_64-linux-gnu/librt-2.23.so
7fab4c30b000-7fab4c50a000 ---p 00007000 08:01 22286777                   /lib/x86_64-linux-gnu/librt-2.23.so
7fab4c50a000-7fab4c50b000 r--p 00006000 08:01 22286777                   /lib/x86_64-linux-gnu/librt-2.23.so
7fab4c50b000-7fab4c50c000 rw-p 00007000 08:01 22286777                   /lib/x86_64-linux-gnu/librt-2.23.so
7fab4c50c000-7fab4c614000 r-xp 00000000 08:01 22286693                   /lib/x86_64-linux-gnu/libm-2.23.so
7fab4c614000-7fab4c813000 ---p 00108000 08:01 22286693                   /lib/x86_64-linux-gnu/libm-2.23.so
7fab4c813000-7fab4c814000 r--p 00107000 08:01 22286693                   /lib/x86_64-linux-gnu/libm-2.23.so
7fab4c814000-7fab4c815000 rw-p 00108000 08:01 22286693                   /lib/x86_64-linux-gnu/libm-2.23.so
7fab4c815000-7fab4d3fb000 r-xp 00000000 08:01 117965913                  /usr/local/android-studio/jre/jre/lib/amd64/server/libjvm.so
7fab4d3fb000-7fab4d5fb000 ---p 00be6000 08:01 117965913                  /usr/local/android-studio/jre/jre/lib/amd64/server/libjvm.so
7fab4d5fb000-7fab4d69a000 r--p 00be6000 08:01 117965913                  /usr/local/android-studio/jre/jre/lib/amd64/server/libjvm.so
7fab4d69a000-7fab4d6c3000 rw-p 00c85000 08:01 117965913                  /usr/local/android-studio/jre/jre/lib/amd64/server/libjvm.so
7fab4d6c3000-7fab4d705000 rw-p 00000000 00:00 0 
7fab4d705000-7fab4d71d000 r-xp 00000000 08:01 22286769                   /lib/x86_64-linux-gnu/libpthread-2.23.so
7fab4d71d000-7fab4d91c000 ---p 00018000 08:01 22286769                   /lib/x86_64-linux-gnu/libpthread-2.23.so
7fab4d91c000-7fab4d91d000 r--p 00017000 08:01 22286769                   /lib/x86_64-linux-gnu/libpthread-2.23.so
7fab4d91d000-7fab4d91e000 rw-p 00018000 08:01 22286769                   /lib/x86_64-linux-gnu/libpthread-2.23.so
7fab4d91e000-7fab4d922000 rw-p 00000000 00:00 0 
7fab4d922000-7fab4d925000 r-xp 00000000 08:01 22286647                   /lib/x86_64-linux-gnu/libdl-2.23.so
7fab4d925000-7fab4db24000 ---p 00003000 08:01 22286647                   /lib/x86_64-linux-gnu/libdl-2.23.so
7fab4db24000-7fab4db25000 r--p 00002000 08:01 22286647                   /lib/x86_64-linux-gnu/libdl-2.23.so
7fab4db25000-7fab4db26000 rw-p 00003000 08:01 22286647                   /lib/x86_64-linux-gnu/libdl-2.23.so
7fab4db26000-7fab4dce6000 r-xp 00000000 08:01 22286623                   /lib/x86_64-linux-gnu/libc-2.23.so
7fab4dce6000-7fab4dee5000 ---p 001c0000 08:01 22286623                   /lib/x86_64-linux-gnu/libc-2.23.so
7fab4dee5000-7fab4dee9000 r--p 001bf000 08:01 22286623                   /lib/x86_64-linux-gnu/libc-2.23.so
7fab4dee9000-7fab4deeb000 rw-p 001c3000 08:01 22286623                   /lib/x86_64-linux-gnu/libc-2.23.so
7fab4deeb000-7fab4deef000 rw-p 00000000 00:00 0 
7fab4deef000-7fab4df05000 r-xp 00000000 08:01 117965773                  /usr/local/android-studio/jre/lib/amd64/jli/libjli.so
7fab4df05000-7fab4e104000 ---p 00016000 08:01 117965773                  /usr/local/android-studio/jre/lib/amd64/jli/libjli.so
7fab4e104000-7fab4e105000 r--p 00015000 08:01 117965773                  /usr/local/android-studio/jre/lib/amd64/jli/libjli.so
7fab4e105000-7fab4e106000 rw-p 00016000 08:01 117965773                  /usr/local/android-studio/jre/lib/amd64/jli/libjli.so
7fab4e106000-7fab4e12c000 r-xp 00000000 08:01 22286595                   /lib/x86_64-linux-gnu/ld-2.23.so
7fab4e130000-7fab4e209000 rw-p 00000000 00:00 0 
7fab4e209000-7fab4e20c000 ---p 00000000 00:00 0 
7fab4e20c000-7fab4e30e000 rw-p 00000000 00:00 0 
7fab4e311000-7fab4e31f000 r--s 000e0000 08:01 106696168                  /home/n3v10t/Android/Sdk/build-tools/24.0.1/lib/dx.jar
7fab4e31f000-7fab4e327000 rw-s 00000000 08:01 107089018                  /tmp/hsperfdata_n3v10t/22447
7fab4e327000-7fab4e328000 rw-p 00000000 00:00 0 
7fab4e328000-7fab4e329000 r--p 00000000 00:00 0 
7fab4e329000-7fab4e32b000 rw-p 00000000 00:00 0 
7fab4e32b000-7fab4e32c000 r--p 00025000 08:01 22286595                   /lib/x86_64-linux-gnu/ld-2.23.so
7fab4e32c000-7fab4e32d000 rw-p 00026000 08:01 22286595                   /lib/x86_64-linux-gnu/ld-2.23.so
7fab4e32d000-7fab4e32e000 rw-p 00000000 00:00 0 
7fff10f4d000-7fff10f6f000 rw-p 00000000 00:00 0                          [stack]
7fff10ff4000-7fff10ff6000 r--p 00000000 00:00 0                          [vvar]
7fff10ff6000-7fff10ff8000 r-xp 00000000 00:00 0                          [vdso]
ffffffffff600000-ffffffffff601000 r-xp 00000000 00:00 0                  [vsyscall]

VM Arguments:
jvm_args: -Djava.awt.headless=true -Xmx1024M -Dfile.encoding=UTF-8 -Duser.country=US -Duser.language=en -Duser.variant 
java_command: com.android.dx.command.Main --dex --force-jumbo --num-threads=4 --multi-dex --output /home/n3v10t/Android-Projects/BumbleBeeM/app/build/intermediates/transforms/dex/debug/folders/1000/10/com.android.support-support-compat-24.2.1_cd95d0ea9945f3e5082c42859536e646cd47b47b /home/n3v10t/Android-Projects/BumbleBeeM/app/build/intermediates/exploded-aar/com.android.support/support-compat/24.2.1/jars/classes.jar
java_class_path (initial): /home/n3v10t/Android/Sdk/build-tools/24.0.1/lib/dx.jar
Launcher Type: SUN_STANDARD

Environment Variables:
PATH=/home/n3v10t/bin:/home/n3v10t/.local/bin:/usr/local/sbin:/usr/local/bin:/usr/sbin:/usr/bin:/sbin:/bin:/usr/games:/usr/local/games:/snap/bin
LD_LIBRARY_PATH=.:
SHELL=/bin/bash
DISPLAY=:0

Signal Handlers:
SIGSEGV: [libjvm.so+0x9daac0], sa_mask[0]=11111111011111111101111111111110, sa_flags=SA_RESTART|SA_SIGINFO
SIGBUS: [libjvm.so+0x9daac0], sa_mask[0]=11111111011111111101111111111110, sa_flags=SA_RESTART|SA_SIGINFO
SIGFPE: [libjvm.so+0x840d90], sa_mask[0]=11111111011111111101111111111110, sa_flags=SA_RESTART|SA_SIGINFO
SIGPIPE: [libjvm.so+0x840d90], sa_mask[0]=11111111011111111101111111111110, sa_flags=SA_RESTART|SA_SIGINFO
SIGXFSZ: [libjvm.so+0x840d90], sa_mask[0]=11111111011111111101111111111110, sa_flags=SA_RESTART|SA_SIGINFO
SIGILL: [libjvm.so+0x840d90], sa_mask[0]=11111111011111111101111111111110, sa_flags=SA_RESTART|SA_SIGINFO
SIGUSR1: SIG_DFL, sa_mask[0]=00000000000000000000000000000000, sa_flags=none
SIGUSR2: [libjvm.so+0x840c60], sa_mask[0]=00100000000000000000000000000000, sa_flags=SA_RESTART|SA_SIGINFO
SIGHUP: [libjvm.so+0x840e50], sa_mask[0]=11111111011111111101111111111110, sa_flags=SA_RESTART|SA_SIGINFO
SIGINT: [libjvm.so+0x840e50], sa_mask[0]=11111111011111111101111111111110, sa_flags=SA_RESTART|SA_SIGINFO
SIGTERM: [libjvm.so+0x840e50], sa_mask[0]=11111111011111111101111111111110, sa_flags=SA_RESTART|SA_SIGINFO
SIGQUIT: [libjvm.so+0x840e50], sa_mask[0]=11111111011111111101111111111110, sa_flags=SA_RESTART|SA_SIGINFO


---------------  S Y S T E M  ---------------

OS:DISTRIB_ID=Ubuntu
DISTRIB_RELEASE=16.04
DISTRIB_CODENAME=xenial
DISTRIB_DESCRIPTION="Ubuntu 16.04.1 LTS"

uname:Linux 4.4.0-42-generic #62-Ubuntu SMP Fri Oct 7 23:11:45 UTC 2016 x86_64
libc:glibc 2.23 NPTL 2.23 
rlimit: STACK 8192k, CORE 0k, NPROC 63770, NOFILE 65536, AS infinity
load average:3,30 1,14 0,80

/proc/meminfo:
MemTotal:       16431440 kB
MemFree:         5722320 kB
MemAvailable:   12841856 kB
Buffers:          279368 kB
Cached:          6838260 kB
SwapCached:            0 kB
Active:          7994248 kB
Inactive:        2112788 kB
Active(anon):    2991152 kB
Inactive(anon):    62888 kB
Active(file):    5003096 kB
Inactive(file):  2049900 kB
Unevictable:          64 kB
Mlocked:              64 kB
SwapTotal:      16774140 kB
SwapFree:       16774140 kB
Dirty:             23432 kB
Writeback:             0 kB
AnonPages:       2989664 kB
Mapped:           367904 kB
Shmem:             64636 kB
Slab:             448732 kB
SReclaimable:     403828 kB
SUnreclaim:        44904 kB
KernelStack:       13712 kB
PageTables:        49648 kB
NFS_Unstable:          0 kB
Bounce:                0 kB
WritebackTmp:          0 kB
CommitLimit:    24989860 kB
Committed_AS:    9478296 kB
VmallocTotal:   34359738367 kB
VmallocUsed:           0 kB
VmallocChunk:          0 kB
HardwareCorrupted:     0 kB
AnonHugePages:   1617920 kB
CmaTotal:              0 kB
CmaFree:               0 kB
HugePages_Total:       0
HugePages_Free:        0
HugePages_Rsvd:        0
HugePages_Surp:        0
Hugepagesize:       2048 kB
DirectMap4k:      209472 kB
DirectMap2M:     6080512 kB
DirectMap1G:    10485760 kB


CPU:total 6 (6 cores per cpu, 1 threads per core) family 16 model 10 stepping 0, cmov, cx8, fxsr, mmx, sse, sse2, sse3, popcnt, mmxext, 3dnowpref, lzcnt, sse4a, tsc, tscinvbit, tscinv

/proc/cpuinfo:
processor	: 0
vendor_id	: AuthenticAMD
cpu family	: 16
model		: 10
model name	: AMD Phenom(tm) II X6 1090T Processor
stepping	: 0
microcode	: 0x10000bf
cpu MHz		: 3200.000
cache size	: 512 KB
physical id	: 0
siblings	: 6
core id		: 0
cpu cores	: 6
apicid		: 0
initial apicid	: 0
fpu		: yes
fpu_exception	: yes
cpuid level	: 6
wp		: yes
flags		: fpu vme de pse tsc msr pae mce cx8 apic sep mtrr pge mca cmov pat pse36 clflush mmx fxsr sse sse2 ht syscall nx mmxext fxsr_opt pdpe1gb rdtscp lm 3dnowext 3dnow constant_tsc rep_good nopl nonstop_tsc extd_apicid aperfmperf pni monitor cx16 popcnt lahf_lm cmp_legacy svm extapic cr8_legacy abm sse4a misalignsse 3dnowprefetch osvw ibs skinit wdt cpb hw_pstate vmmcall npt lbrv svm_lock nrip_save pausefilter
bugs		: tlb_mmatch apic_c1e fxsave_leak sysret_ss_attrs
bogomips	: 7449.35
TLB size	: 1024 4K pages
clflush size	: 64
cache_alignment	: 64
address sizes	: 48 bits physical, 48 bits virtual
power management: ts ttp tm stc 100mhzsteps hwpstate cpb

processor	: 1
vendor_id	: AuthenticAMD
cpu family	: 16
model		: 10
model name	: AMD Phenom(tm) II X6 1090T Processor
stepping	: 0
microcode	: 0x10000bf
cpu MHz		: 3200.000
cache size	: 512 KB
physical id	: 0
siblings	: 6
core id		: 1
cpu cores	: 6
apicid		: 1
initial apicid	: 1
fpu		: yes
fpu_exception	: yes
cpuid level	: 6
wp		: yes
flags		: fpu vme de pse tsc msr pae mce cx8 apic sep mtrr pge mca cmov pat pse36 clflush mmx fxsr sse sse2 ht syscall nx mmxext fxsr_opt pdpe1gb rdtscp lm 3dnowext 3dnow constant_tsc rep_good nopl nonstop_tsc extd_apicid aperfmperf pni monitor cx16 popcnt lahf_lm cmp_legacy svm extapic cr8_legacy abm sse4a misalignsse 3dnowprefetch osvw ibs skinit wdt cpb hw_pstate vmmcall npt lbrv svm_lock nrip_save pausefilter
bugs		: tlb_mmatch apic_c1e fxsave_leak sysret_ss_attrs
bogomips	: 7449.35
TLB size	: 1024 4K pages
clflush size	: 64
cache_alignment	: 64
address sizes	: 48 bits physical, 48 bits virtual
power management: ts ttp tm stc 100mhzsteps hwpstate cpb

processor	: 2
vendor_id	: AuthenticAMD
cpu family	: 16
model		: 10
model name	: AMD Phenom(tm) II X6 1090T Processor
stepping	: 0
microcode	: 0x10000bf
cpu MHz		: 3200.000
cache size	: 512 KB
physical id	: 0
siblings	: 6
core id		: 2
cpu cores	: 6
apicid		: 2
initial apicid	: 2
fpu		: yes
fpu_exception	: yes
cpuid level	: 6
wp		: yes
flags		: fpu vme de pse tsc msr pae mce cx8 apic sep mtrr pge mca cmov pat pse36 clflush mmx fxsr sse sse2 ht syscall nx mmxext fxsr_opt pdpe1gb rdtscp lm 3dnowext 3dnow constant_tsc rep_good nopl nonstop_tsc extd_apicid aperfmperf pni monitor cx16 popcnt lahf_lm cmp_legacy svm extapic cr8_legacy abm sse4a misalignsse 3dnowprefetch osvw ibs skinit wdt cpb hw_pstate vmmcall npt lbrv svm_lock nrip_save pausefilter
bugs		: tlb_mmatch apic_c1e fxsave_leak sysret_ss_attrs
bogomips	: 7449.35
TLB size	: 1024 4K pages
clflush size	: 64
cache_alignment	: 64
address sizes	: 48 bits physical, 48 bits virtual
power management: ts ttp tm stc 100mhzsteps hwpstate cpb

processor	: 3
vendor_id	: AuthenticAMD
cpu family	: 16
model		: 10
model name	: AMD Phenom(tm) II X6 1090T Processor
stepping	: 0
microcode	: 0x10000bf
cpu MHz		: 3200.000
cache size	: 512 KB
physical id	: 0
siblings	: 6
core id		: 3
cpu cores	: 6
apicid		: 3
initial apicid	: 3
fpu		: yes
fpu_exception	: yes
cpuid level	: 6
wp		: yes
flags		: fpu vme de pse tsc msr pae mce cx8 apic sep mtrr pge mca cmov pat pse36 clflush mmx fxsr sse sse2 ht syscall nx mmxext fxsr_opt pdpe1gb rdtscp lm 3dnowext 3dnow constant_tsc rep_good nopl nonstop_tsc extd_apicid aperfmperf pni monitor cx16 popcnt lahf_lm cmp_legacy svm extapic cr8_legacy abm sse4a misalignsse 3dnowprefetch osvw ibs skinit wdt cpb hw_pstate vmmcall npt lbrv svm_lock nrip_save pausefilter
bugs		: tlb_mmatch apic_c1e fxsave_leak sysret_ss_attrs
bogomips	: 7449.35
TLB size	: 1024 4K pages
clflush size	: 64
cache_alignment	: 64
address sizes	: 48 bits physical, 48 bits virtual
power management: ts ttp tm stc 100mhzsteps hwpstate cpb

processor	: 4
vendor_id	: AuthenticAMD
cpu family	: 16
model		: 10
model name	: AMD Phenom(tm) II X6 1090T Processor
stepping	: 0
microcode	: 0x10000bf
cpu MHz		: 3200.000
cache size	: 512 KB
physical id	: 0
siblings	: 6
core id		: 4
cpu cores	: 6
apicid		: 4
initial apicid	: 4
fpu		: yes
fpu_exception	: yes
cpuid level	: 6
wp		: yes
flags		: fpu vme de pse tsc msr pae mce cx8 apic sep mtrr pge mca cmov pat pse36 clflush mmx fxsr sse sse2 ht syscall nx mmxext fxsr_opt pdpe1gb rdtscp lm 3dnowext 3dnow constant_tsc rep_good nopl nonstop_tsc extd_apicid aperfmperf pni monitor cx16 popcnt lahf_lm cmp_legacy svm extapic cr8_legacy abm sse4a misalignsse 3dnowprefetch osvw ibs skinit wdt cpb hw_pstate vmmcall npt lbrv svm_lock nrip_save pausefilter
bugs		: tlb_mmatch apic_c1e fxsave_leak sysret_ss_attrs
bogomips	: 7449.35
TLB size	: 1024 4K pages
clflush size	: 64
cache_alignment	: 64
address sizes	: 48 bits physical, 48 bits virtual
power management: ts ttp tm stc 100mhzsteps hwpstate cpb

processor	: 5
vendor_id	: AuthenticAMD
cpu family	: 16
model		: 10
model name	: AMD Phenom(tm) II X6 1090T Processor
stepping	: 0
microcode	: 0x10000bf
cpu MHz		: 3200.000
cache size	: 512 KB
physical id	: 0
siblings	: 6
core id		: 5
cpu cores	: 6
apicid		: 5
initial apicid	: 5
fpu		: yes
fpu_exception	: yes
cpuid level	: 6
wp		: yes
flags		: fpu vme de pse tsc msr pae mce cx8 apic sep mtrr pge mca cmov pat pse36 clflush mmx fxsr sse sse2 ht syscall nx mmxext fxsr_opt pdpe1gb rdtscp lm 3dnowext 3dnow constant_tsc rep_good nopl nonstop_tsc extd_apicid aperfmperf pni monitor cx16 popcnt lahf_lm cmp_legacy svm extapic cr8_legacy abm sse4a misalignsse 3dnowprefetch osvw ibs skinit wdt cpb hw_pstate vmmcall npt lbrv svm_lock nrip_save pausefilter
bugs		: tlb_mmatch apic_c1e fxsave_leak sysret_ss_attrs
bogomips	: 7449.35
TLB size	: 1024 4K pages
clflush size	: 64
cache_alignment	: 64
address sizes	: 48 bits physical, 48 bits virtual
power management: ts ttp tm stc 100mhzsteps hwpstate cpb



Memory: 4k page, physical 16431440k(5722072k free), swap 16774140k(16774140k free)

vm_info: OpenJDK 64-Bit Server VM (25.76-b03) for linux-amd64 JRE (1.8.0_76-release-b03), built on Jun 29 2016 09:39:19 by "builder" with gcc 4.8.4

time: Thu Oct 20 13:19:58 2016
elapsed time: 0 seconds (0d 0h 0m 0s)

