#
# A fatal error has been detected by the Java Runtime Environment:
#
#  SIGSEGV (0xb) at pc=0x00007fd6d91a73eb, pid=20660, tid=0x00007fd6b343e700
#
# JRE version: OpenJDK Runtime Environment (8.0_76-b03) (build 1.8.0_76-release-b03)
# Java VM: OpenJDK 64-Bit Server VM (25.76-b03 mixed mode linux-amd64 compressed oops)
# Problematic frame:
# J 280 C1 java.util.TreeMap.successor(Ljava/util/TreeMap$Entry;)Ljava/util/TreeMap$Entry; (66 bytes) @ 0x00007fd6d91a73eb [0x00007fd6d91a72e0+0x10b]
#
# Failed to write core dump. Core dumps have been disabled. To enable core dumping, try "ulimit -c unlimited" before starting Java again
#
# If you would like to submit a bug report, please visit:
#   http://bugreport.java.com/bugreport/crash.jsp
#

---------------  T H R E A D  ---------------

Current thread (0x00007fd6e8143800):  JavaThread "pool-1-thread-1" [_thread_in_Java, id=20747, stack(0x00007fd6b333e000,0x00007fd6b343f000)]

siginfo: si_signo: 11 (SIGSEGV), si_code: 1 (SEGV_MAPERR), si_addr: 0x0000000098eb29ad

Registers:
RAX=0x0000000098eb2995, RBX=0x0000000000000138, RCX=0x00000000eb69ab28, RDX=0x00000000000001f8
RSP=0x00007fd6b343d520, RBP=0x00007fd6b343d650, RSI=0x00000000eb65cbd9, RDI=0x00007fd6d63ee2f0
R8 =0x00007fd6d651e4b0, R9 =0x0000000000000028, R10=0x00007fd6eeaab200, R11=0x00007fd6d91a5a60
R12=0x0000000000000000, R13=0x00007fd6b343d608, R14=0x00007fd6b343d6c8, R15=0x00007fd6e8143800
RIP=0x00007fd6d91a73eb, EFLAGS=0x0000000000010206, CSGSFS=0x0000000000000033, ERR=0x0000000000000004
  TRAPNO=0x000000000000000e

Top of Stack: (sp=0x00007fd6b343d520)
0x00007fd6b343d520:   0000000200004019 00007fd6d651e4b0
0x00007fd6b343d530:   00007fd6e8143800 00007fd6e8143800
0x00007fd6b343d540:   00007fd6d651e4b0 00007fd6e8143800
0x00007fd6b343d550:   00007fd6b343d650 00007fd6d91a6894
0x00007fd6b343d560:   00007fd6b343d5f8 00007fd6b343d5b8
0x00007fd6b343d570:   00007fd6e8143800 00000000000000b2
0x00007fd6b343d580:   0000000000000000 00000000eb69ab28
0x00007fd6b343d590:   00000000eb65cbd9 00007fd6e8143800
0x00007fd6b343d5a0:   00007fd6b343d5f8 00007fd6d901e284
0x00007fd6b343d5b0:   00007fd6b343d650 00007fd6d91a5b34
0x00007fd6b343d5c0:   00007fd6d6577f00 00007fd6b343d608
0x00007fd6b343d5d0:   00007fd6d657ffe0 0000000000000000
0x00007fd6b343d5e0:   00007fd6d6577f18 0000000000000000
0x00007fd6b343d5f0:   00007fd6b343d650 00007fd6d90077e4
0x00007fd6b343d600:   00007fd6d90077e4 00000000eb69ab28
0x00007fd6b343d610:   00007fd6b343d610 00007fd6d65a6560
0x00007fd6b343d620:   00007fd6b343d6c8 00007fd6d65a8288
0x00007fd6b343d630:   0000000000000000 00007fd6d65a6690
0x00007fd6b343d640:   00007fd6b343d608 00007fd6b343d6c0
0x00007fd6b343d650:   00007fd6b343d710 00007fd6d900798d
0x00007fd6b343d660:   00000000eb658b30 00000000eb65c980
0x00007fd6b343d670:   00000000eb69ab28 0000000000000015
0x00007fd6b343d680:   00000000eb65c980 00000000eb66b528
0x00007fd6b343d690:   00000000eb658b30 00000000eac12d88
0x00007fd6b343d6a0:   0000000000000002 000000000000000d
0x00007fd6b343d6b0:   00000000eac299b0 00000000eb69a9a0
0x00007fd6b343d6c0:   00000000eac29700 00000000eac299b0
0x00007fd6b343d6d0:   00007fd6b343d6d0 00007fd6d651231c
0x00007fd6b343d6e0:   00007fd6b343d768 00007fd6d6519488
0x00007fd6b343d6f0:   0000000000000000 00007fd6d6512598
0x00007fd6b343d700:   00007fd6b343d6c0 00007fd6b343d758
0x00007fd6b343d710:   00007fd6b343d7b0 00007fd6d9007710 

Instructions: (pc=0x00007fd6d91a73eb)
0x00007fd6d91a73cb:   00 0f 84 77 01 00 00 85 05 28 3d 54 16 48 b8 f0
0x00007fd6d91a73db:   e2 3e d6 d6 7f 00 00 ff 80 68 01 00 00 48 8b c6
0x00007fd6d91a73eb:   8b 70 18 48 83 fe 00 48 bf f0 e2 3e d6 d6 7f 00
0x00007fd6d91a73fb:   00 48 bb 48 01 00 00 00 00 00 00 0f 84 0a 00 00 

Register to memory mapping:

RAX=0x0000000098eb2995 is an unknown value
RBX=0x0000000000000138 is an unknown value
RCX=0x00000000eb69ab28 is an oop
java.util.TreeMap$ValueIterator 
 - klass: 'java/util/TreeMap$ValueIterator'
RDX=0x00000000000001f8 is an unknown value
RSP=0x00007fd6b343d520 is pointing into the stack for thread: 0x00007fd6e8143800
RBP=0x00007fd6b343d650 is pointing into the stack for thread: 0x00007fd6e8143800
RSI=0x00000000eb65cbd9 is an unknown value
RDI=0x00007fd6d63ee2f0 is pointing into metadata
R8 =0x00007fd6d651e4b0 is pointing into metadata
R9 =0x0000000000000028 is an unknown value
R10=0x00007fd6eeaab200: <offset 0xed3200> in /usr/local/android-studio/jre/jre/lib/amd64/server/libjvm.so at 0x00007fd6edbd8000
R11=0x00007fd6d91a5a60 is at entry_point+32 in (nmethod*)0x00007fd6d91a58d0
R12=0x0000000000000000 is an unknown value
R13=0x00007fd6b343d608 is pointing into the stack for thread: 0x00007fd6e8143800
R14=0x00007fd6b343d6c8 is pointing into the stack for thread: 0x00007fd6e8143800
R15=0x00007fd6e8143800 is a thread


Stack: [0x00007fd6b333e000,0x00007fd6b343f000],  sp=0x00007fd6b343d520,  free space=1021k
Native frames: (J=compiled Java code, j=interpreted, Vv=VM code, C=native code)
J 280 C1 java.util.TreeMap.successor(Ljava/util/TreeMap$Entry;)Ljava/util/TreeMap$Entry; (66 bytes) @ 0x00007fd6d91a73eb [0x00007fd6d91a72e0+0x10b]
J 279 C1 java.util.TreeMap$PrivateEntryIterator.nextEntry()Ljava/util/TreeMap$Entry; (54 bytes) @ 0x00007fd6d91a6894 [0x00007fd6d91a6780+0x114]
J 281 C1 java.util.TreeMap$ValueIterator.next()Ljava/lang/Object; (8 bytes) @ 0x00007fd6d91a5b34 [0x00007fd6d91a5a40+0xf4]
j  com.android.dx.dex.file.MapItem.addMap([Lcom/android/dx/dex/file/Section;Lcom/android/dx/dex/file/MixedItemSection;)V+104
j  com.android.dx.dex.file.DexFile.toDex0(ZZ)Lcom/android/dx/util/ByteArrayAnnotatedOutput;+172
j  com.android.dx.dex.file.DexFile.toDex(Ljava/io/Writer;Z)[B+13
j  com.android.dx.command.dexer.Main.writeDex(Lcom/android/dx/dex/file/DexFile;)[B+44
j  com.android.dx.command.dexer.Main.access$3000(Lcom/android/dx/dex/file/DexFile;)[B+1
j  com.android.dx.command.dexer.Main$DexWriter.call()[B+4
j  com.android.dx.command.dexer.Main$DexWriter.call()Ljava/lang/Object;+1
j  java.util.concurrent.FutureTask.run()V+42
j  java.util.concurrent.ThreadPoolExecutor.runWorker(Ljava/util/concurrent/ThreadPoolExecutor$Worker;)V+95
j  java.util.concurrent.ThreadPoolExecutor$Worker.run()V+5
j  java.lang.Thread.run()V+11
v  ~StubRoutines::call_stub
V  [libjvm.so+0x6257fa]  JavaCalls::call_helper(JavaValue*, methodHandle*, JavaCallArguments*, Thread*)+0xeea
V  [libjvm.so+0x622ed4]  JavaCalls::call_virtual(JavaValue*, KlassHandle, Symbol*, Symbol*, JavaCallArguments*, Thread*)+0x2a4
V  [libjvm.so+0x6234ca]  JavaCalls::call_virtual(JavaValue*, Handle, KlassHandle, Symbol*, Symbol*, Thread*)+0x4a
V  [libjvm.so+0x663efe]  thread_entry(JavaThread*, Thread*)+0x8e
V  [libjvm.so+0x986ec0]  JavaThread::thread_main_inner()+0xf0
V  [libjvm.so+0x8425b2]  java_start(Thread*)+0xf2
C  [libpthread.so.0+0x76fa]  start_thread+0xca


---------------  P R O C E S S  ---------------

Java Threads: ( => current thread )
=>0x00007fd6e8143800 JavaThread "pool-1-thread-1" [_thread_in_Java, id=20747, stack(0x00007fd6b333e000,0x00007fd6b343f000)]
  0x00007fd6e80c4800 JavaThread "Service Thread" daemon [_thread_blocked, id=20694, stack(0x00007fd6d40a9000,0x00007fd6d41aa000)]
  0x00007fd6e80c1800 JavaThread "C1 CompilerThread2" daemon [_thread_blocked, id=20693, stack(0x00007fd6d41aa000,0x00007fd6d42ab000)]
  0x00007fd6e80c0000 JavaThread "C2 CompilerThread1" daemon [_thread_blocked, id=20690, stack(0x00007fd6d42ab000,0x00007fd6d43ac000)]
  0x00007fd6e80bd000 JavaThread "C2 CompilerThread0" daemon [_thread_blocked, id=20689, stack(0x00007fd6d43ac000,0x00007fd6d44ad000)]
  0x00007fd6e80bb800 JavaThread "Signal Dispatcher" daemon [_thread_blocked, id=20680, stack(0x00007fd6d44ad000,0x00007fd6d45ae000)]
  0x00007fd6e8087800 JavaThread "Finalizer" daemon [_thread_blocked, id=20675, stack(0x00007fd6d45ae000,0x00007fd6d46af000)]
  0x00007fd6e8083000 JavaThread "Reference Handler" daemon [_thread_blocked, id=20673, stack(0x00007fd6d46af000,0x00007fd6d47b0000)]
  0x00007fd6e800a000 JavaThread "main" [_thread_blocked, id=20664, stack(0x00007fd6ef5cc000,0x00007fd6ef6cd000)]

Other Threads:
  0x00007fd6e807b800 VMThread [stack: 0x00007fd6d47b0000,0x00007fd6d48b1000] [id=20672]
  0x00007fd6e80c7000 WatcherThread [stack: 0x00007fd6b3540000,0x00007fd6b3641000] [id=20695]

VM state:not at safepoint (normal execution)

VM Mutex/Monitor currently owned by a thread: None

Heap:
 PSYoungGen      total 75264K, used 12905K [0x00000000eab00000, 0x00000000eff00000, 0x0000000100000000)
  eden space 64512K, 20% used [0x00000000eab00000,0x00000000eb79a5e8,0x00000000eea00000)
  from space 10752K, 0% used [0x00000000ef480000,0x00000000ef480000,0x00000000eff00000)
  to   space 10752K, 0% used [0x00000000eea00000,0x00000000eea00000,0x00000000ef480000)
 ParOldGen       total 172032K, used 0K [0x00000000c0000000, 0x00000000ca800000, 0x00000000eab00000)
  object space 172032K, 0% used [0x00000000c0000000,0x00000000c0000000,0x00000000ca800000)
 Metaspace       used 4179K, capacity 5296K, committed 5376K, reserved 1056768K
  class space    used 451K, capacity 488K, committed 512K, reserved 1048576K

Card table byte_map: [0x00007fd6ec269000,0x00007fd6ec46a000] byte_map_base: 0x00007fd6ebc69000

Marking Bits: (ParMarkBitMap*) 0x00007fd6eea9b1a0
 Begin Bits: [0x00007fd6d6afb000, 0x00007fd6d7afb000)
 End Bits:   [0x00007fd6d7afb000, 0x00007fd6d8afb000)

Polling page: 0x00007fd6ef6eb000

CodeCache: size=245760Kb used=1773Kb max_used=1773Kb free=243986Kb
 bounds [0x00007fd6d9000000, 0x00007fd6d9270000, 0x00007fd6e8000000]
 total_blobs=578 nmethods=325 adapters=169
 compilation: enabled

Compilation events (10 events):
Event: 0,340 Thread 0x00007fd6e80c1800  322       3       java.util.Collections$UnmodifiableCollection$1::next (10 bytes)
Event: 0,340 Thread 0x00007fd6e80c1800 nmethod 322 0x00007fd6d91ba310 code [0x00007fd6d91ba480, 0x00007fd6d91ba6a8]
Event: 0,340 Thread 0x00007fd6e80c1800  323       3       com.android.dx.util.ByteArrayAnnotatedOutput::writeByte (51 bytes)
Event: 0,340 Thread 0x00007fd6e80c1800 nmethod 323 0x00007fd6d91ba750 code [0x00007fd6d91ba8e0, 0x00007fd6d91bac78]
Event: 0,340 Thread 0x00007fd6e80c1800  321       1       com.android.dx.dex.file.DexFile::getFieldIds (5 bytes)
Event: 0,340 Thread 0x00007fd6e80c1800 nmethod 321 0x00007fd6d91bae90 code [0x00007fd6d91bafe0, 0x00007fd6d91bb0f0]
Event: 0,340 Thread 0x00007fd6e80c1800  325       3       com.android.dx.rop.cst.CstBaseMethodRef::compareTo0 (29 bytes)
Event: 0,340 Thread 0x00007fd6e80c1800 nmethod 325 0x00007fd6d91bb150 code [0x00007fd6d91bb2e0, 0x00007fd6d91bb678]
Event: 0,340 Thread 0x00007fd6e80c1800  324       3       com.android.dx.util.ByteArrayAnnotatedOutput::writeUleb128 (34 bytes)
Event: 0,340 Thread 0x00007fd6e80c1800 nmethod 324 0x00007fd6d91bb7d0 code [0x00007fd6d91bb940, 0x00007fd6d91bbb78]

GC Heap History (0 events):
No events

Deoptimization events (0 events):
No events

Internal exceptions (2 events):
Event: 0,037 Thread 0x00007fd6e800a000 Exception <a 'java/lang/NoSuchMethodError': Method sun.misc.Unsafe.defineClass(Ljava/lang/String;[BII)Ljava/lang/Class; name or signature does not match> (0x00000000eab07cc0) thrown at [/ssd/Android/AOSP-openjdk/external/jetbrains/jdk/hotspot/src/share/vm
Event: 0,037 Thread 0x00007fd6e800a000 Exception <a 'java/lang/NoSuchMethodError': Method sun.misc.Unsafe.prefetchRead(Ljava/lang/Object;J)V name or signature does not match> (0x00000000eab07fa8) thrown at [/ssd/Android/AOSP-openjdk/external/jetbrains/jdk/hotspot/src/share/vm/prims/jni.cpp, li

Events (10 events):
Event: 0,302 loading class java/lang/NoSuchFieldError
Event: 0,302 loading class java/lang/NoSuchFieldError done
Event: 0,302 loading class com/android/dx/util/ByteArrayAnnotatedOutput
Event: 0,302 loading class com/android/dx/util/ByteArrayAnnotatedOutput done
Event: 0,314 loading class com/android/dex/EncodedValueCodec
Event: 0,314 loading class com/android/dex/EncodedValueCodec done
Event: 0,340 loading class com/android/dx/dex/file/MapItem
Event: 0,340 loading class com/android/dx/dex/file/MapItem done
Event: 0,340 loading class com/android/dx/dex/file/UniformListItem
Event: 0,340 loading class com/android/dx/dex/file/UniformListItem done


Dynamic libraries:
00400000-00401000 r-xp 00000000 08:01 117965799                          /usr/local/android-studio/jre/bin/java
00600000-00601000 r--p 00000000 08:01 117965799                          /usr/local/android-studio/jre/bin/java
00601000-00602000 rw-p 00001000 08:01 117965799                          /usr/local/android-studio/jre/bin/java
008c2000-008e3000 rw-p 00000000 00:00 0                                  [heap]
c0000000-ca800000 rw-p 00000000 00:00 0 
ca800000-eab00000 ---p 00000000 00:00 0 
eab00000-eff00000 rw-p 00000000 00:00 0 
eff00000-100000000 ---p 00000000 00:00 0 
100000000-100080000 rw-p 00000000 00:00 0 
100080000-140000000 ---p 00000000 00:00 0 
7fd67c000000-7fd67c021000 rw-p 00000000 00:00 0 
7fd67c021000-7fd680000000 ---p 00000000 00:00 0 
7fd684000000-7fd684021000 rw-p 00000000 00:00 0 
7fd684021000-7fd688000000 ---p 00000000 00:00 0 
7fd688000000-7fd688021000 rw-p 00000000 00:00 0 
7fd688021000-7fd68c000000 ---p 00000000 00:00 0 
7fd68c000000-7fd68c021000 rw-p 00000000 00:00 0 
7fd68c021000-7fd690000000 ---p 00000000 00:00 0 
7fd690000000-7fd690290000 rw-p 00000000 00:00 0 
7fd690290000-7fd694000000 ---p 00000000 00:00 0 
7fd694000000-7fd694021000 rw-p 00000000 00:00 0 
7fd694021000-7fd698000000 ---p 00000000 00:00 0 
7fd698000000-7fd698021000 rw-p 00000000 00:00 0 
7fd698021000-7fd69c000000 ---p 00000000 00:00 0 
7fd69c000000-7fd69c021000 rw-p 00000000 00:00 0 
7fd69c021000-7fd6a0000000 ---p 00000000 00:00 0 
7fd6a0000000-7fd6a01c1000 rw-p 00000000 00:00 0 
7fd6a01c1000-7fd6a4000000 ---p 00000000 00:00 0 
7fd6a4000000-7fd6a4021000 rw-p 00000000 00:00 0 
7fd6a4021000-7fd6a8000000 ---p 00000000 00:00 0 
7fd6a8000000-7fd6a8077000 rw-p 00000000 00:00 0 
7fd6a8077000-7fd6ac000000 ---p 00000000 00:00 0 
7fd6ac000000-7fd6ac021000 rw-p 00000000 00:00 0 
7fd6ac021000-7fd6b0000000 ---p 00000000 00:00 0 
7fd6b303b000-7fd6b303e000 ---p 00000000 00:00 0 
7fd6b303e000-7fd6b313c000 rw-p 00000000 00:00 0 
7fd6b313c000-7fd6b313f000 ---p 00000000 00:00 0 
7fd6b313f000-7fd6b323d000 rw-p 00000000 00:00 0 
7fd6b323d000-7fd6b3240000 ---p 00000000 00:00 0 
7fd6b3240000-7fd6b333e000 rw-p 00000000 00:00 0 
7fd6b333e000-7fd6b3341000 ---p 00000000 00:00 0 
7fd6b3341000-7fd6b343f000 rw-p 00000000 00:00 0 
7fd6b343f000-7fd6b3442000 ---p 00000000 00:00 0 
7fd6b3442000-7fd6b3540000 rw-p 00000000 00:00 0 
7fd6b3540000-7fd6b3541000 ---p 00000000 00:00 0 
7fd6b3541000-7fd6b3641000 rw-p 00000000 00:00 0 
7fd6b3641000-7fd6b4000000 r--p 00000000 08:01 3939084                    /usr/lib/locale/locale-archive
7fd6b4000000-7fd6b4021000 rw-p 00000000 00:00 0 
7fd6b4021000-7fd6b8000000 ---p 00000000 00:00 0 
7fd6b8000000-7fd6b8021000 rw-p 00000000 00:00 0 
7fd6b8021000-7fd6bc000000 ---p 00000000 00:00 0 
7fd6bc000000-7fd6bc021000 rw-p 00000000 00:00 0 
7fd6bc021000-7fd6c0000000 ---p 00000000 00:00 0 
7fd6c0000000-7fd6c0021000 rw-p 00000000 00:00 0 
7fd6c0021000-7fd6c4000000 ---p 00000000 00:00 0 
7fd6c4000000-7fd6c4021000 rw-p 00000000 00:00 0 
7fd6c4021000-7fd6c8000000 ---p 00000000 00:00 0 
7fd6c8000000-7fd6c8021000 rw-p 00000000 00:00 0 
7fd6c8021000-7fd6cc000000 ---p 00000000 00:00 0 
7fd6cc000000-7fd6cc021000 rw-p 00000000 00:00 0 
7fd6cc021000-7fd6d0000000 ---p 00000000 00:00 0 
7fd6d0000000-7fd6d0021000 rw-p 00000000 00:00 0 
7fd6d0021000-7fd6d4000000 ---p 00000000 00:00 0 
7fd6d40a9000-7fd6d40ac000 ---p 00000000 00:00 0 
7fd6d40ac000-7fd6d41aa000 rw-p 00000000 00:00 0 
7fd6d41aa000-7fd6d41ad000 ---p 00000000 00:00 0 
7fd6d41ad000-7fd6d42ab000 rw-p 00000000 00:00 0 
7fd6d42ab000-7fd6d42ae000 ---p 00000000 00:00 0 
7fd6d42ae000-7fd6d43ac000 rw-p 00000000 00:00 0 
7fd6d43ac000-7fd6d43af000 ---p 00000000 00:00 0 
7fd6d43af000-7fd6d44ad000 rw-p 00000000 00:00 0 
7fd6d44ad000-7fd6d44b0000 ---p 00000000 00:00 0 
7fd6d44b0000-7fd6d45ae000 rw-p 00000000 00:00 0 
7fd6d45ae000-7fd6d45b1000 ---p 00000000 00:00 0 
7fd6d45b1000-7fd6d46af000 rw-p 00000000 00:00 0 
7fd6d46af000-7fd6d46b2000 ---p 00000000 00:00 0 
7fd6d46b2000-7fd6d47b0000 rw-p 00000000 00:00 0 
7fd6d47b0000-7fd6d47b1000 ---p 00000000 00:00 0 
7fd6d47b1000-7fd6d5eb8000 rw-p 00000000 00:00 0 
7fd6d5eb8000-7fd6d6085000 r--s 03bec000 08:01 117965856                  /usr/local/android-studio/jre/jre/lib/rt.jar
7fd6d6085000-7fd6d65bb000 rw-p 00000000 00:00 0 
7fd6d65bb000-7fd6d68fb000 ---p 00000000 00:00 0 
7fd6d68fb000-7fd6d8afb000 rw-p 00000000 00:00 0 
7fd6d8afb000-7fd6d8afc000 ---p 00000000 00:00 0 
7fd6d8afc000-7fd6d8bfc000 rw-p 00000000 00:00 0 
7fd6d8bfc000-7fd6d8bfd000 ---p 00000000 00:00 0 
7fd6d8bfd000-7fd6d8cfd000 rw-p 00000000 00:00 0 
7fd6d8cfd000-7fd6d8cfe000 ---p 00000000 00:00 0 
7fd6d8cfe000-7fd6d8dfe000 rw-p 00000000 00:00 0 
7fd6d8dfe000-7fd6d8dff000 ---p 00000000 00:00 0 
7fd6d8dff000-7fd6d8eff000 rw-p 00000000 00:00 0 
7fd6d8eff000-7fd6d8f00000 ---p 00000000 00:00 0 
7fd6d8f00000-7fd6d9000000 rw-p 00000000 00:00 0 
7fd6d9000000-7fd6d9270000 rwxp 00000000 00:00 0 
7fd6d9270000-7fd6e8000000 ---p 00000000 00:00 0 
7fd6e8000000-7fd6e8395000 rw-p 00000000 00:00 0 
7fd6e8395000-7fd6ec000000 ---p 00000000 00:00 0 
7fd6ec012000-7fd6ec013000 ---p 00000000 00:00 0 
7fd6ec013000-7fd6ec167000 rw-p 00000000 00:00 0 
7fd6ec167000-7fd6ec269000 ---p 00000000 00:00 0 
7fd6ec269000-7fd6ec2bd000 rw-p 00000000 00:00 0 
7fd6ec2bd000-7fd6ec3be000 ---p 00000000 00:00 0 
7fd6ec3be000-7fd6ec3e9000 rw-p 00000000 00:00 0 
7fd6ec3e9000-7fd6ec469000 ---p 00000000 00:00 0 
7fd6ec469000-7fd6ec474000 rw-p 00000000 00:00 0 
7fd6ec474000-7fd6ec82a000 ---p 00000000 00:00 0 
7fd6ec82a000-7fd6ec844000 r-xp 00000000 08:01 117965883                  /usr/local/android-studio/jre/jre/lib/amd64/libzip.so
7fd6ec844000-7fd6eca44000 ---p 0001a000 08:01 117965883                  /usr/local/android-studio/jre/jre/lib/amd64/libzip.so
7fd6eca44000-7fd6eca45000 r--p 0001a000 08:01 117965883                  /usr/local/android-studio/jre/jre/lib/amd64/libzip.so
7fd6eca45000-7fd6eca46000 rw-p 0001b000 08:01 117965883                  /usr/local/android-studio/jre/jre/lib/amd64/libzip.so
7fd6eca46000-7fd6eca51000 r-xp 00000000 08:01 22286722                   /lib/x86_64-linux-gnu/libnss_files-2.23.so
7fd6eca51000-7fd6ecc50000 ---p 0000b000 08:01 22286722                   /lib/x86_64-linux-gnu/libnss_files-2.23.so
7fd6ecc50000-7fd6ecc51000 r--p 0000a000 08:01 22286722                   /lib/x86_64-linux-gnu/libnss_files-2.23.so
7fd6ecc51000-7fd6ecc52000 rw-p 0000b000 08:01 22286722                   /lib/x86_64-linux-gnu/libnss_files-2.23.so
7fd6ecc52000-7fd6ecc58000 rw-p 00000000 00:00 0 
7fd6ecc58000-7fd6ecc63000 r-xp 00000000 08:01 22286732                   /lib/x86_64-linux-gnu/libnss_nis-2.23.so
7fd6ecc63000-7fd6ece62000 ---p 0000b000 08:01 22286732                   /lib/x86_64-linux-gnu/libnss_nis-2.23.so
7fd6ece62000-7fd6ece63000 r--p 0000a000 08:01 22286732                   /lib/x86_64-linux-gnu/libnss_nis-2.23.so
7fd6ece63000-7fd6ece64000 rw-p 0000b000 08:01 22286732                   /lib/x86_64-linux-gnu/libnss_nis-2.23.so
7fd6ece64000-7fd6ece7a000 r-xp 00000000 08:01 22286716                   /lib/x86_64-linux-gnu/libnsl-2.23.so
7fd6ece7a000-7fd6ed079000 ---p 00016000 08:01 22286716                   /lib/x86_64-linux-gnu/libnsl-2.23.so
7fd6ed079000-7fd6ed07a000 r--p 00015000 08:01 22286716                   /lib/x86_64-linux-gnu/libnsl-2.23.so
7fd6ed07a000-7fd6ed07b000 rw-p 00016000 08:01 22286716                   /lib/x86_64-linux-gnu/libnsl-2.23.so
7fd6ed07b000-7fd6ed07d000 rw-p 00000000 00:00 0 
7fd6ed07d000-7fd6ed085000 r-xp 00000000 08:01 22286718                   /lib/x86_64-linux-gnu/libnss_compat-2.23.so
7fd6ed085000-7fd6ed284000 ---p 00008000 08:01 22286718                   /lib/x86_64-linux-gnu/libnss_compat-2.23.so
7fd6ed284000-7fd6ed285000 r--p 00007000 08:01 22286718                   /lib/x86_64-linux-gnu/libnss_compat-2.23.so
7fd6ed285000-7fd6ed286000 rw-p 00008000 08:01 22286718                   /lib/x86_64-linux-gnu/libnss_compat-2.23.so
7fd6ed286000-7fd6ed2b3000 r-xp 00000000 08:01 117965893                  /usr/local/android-studio/jre/jre/lib/amd64/libjava.so
7fd6ed2b3000-7fd6ed4b2000 ---p 0002d000 08:01 117965893                  /usr/local/android-studio/jre/jre/lib/amd64/libjava.so
7fd6ed4b2000-7fd6ed4b3000 r--p 0002c000 08:01 117965893                  /usr/local/android-studio/jre/jre/lib/amd64/libjava.so
7fd6ed4b3000-7fd6ed4b5000 rw-p 0002d000 08:01 117965893                  /usr/local/android-studio/jre/jre/lib/amd64/libjava.so
7fd6ed4b5000-7fd6ed4c5000 r-xp 00000000 08:01 117965909                  /usr/local/android-studio/jre/jre/lib/amd64/libverify.so
7fd6ed4c5000-7fd6ed6c4000 ---p 00010000 08:01 117965909                  /usr/local/android-studio/jre/jre/lib/amd64/libverify.so
7fd6ed6c4000-7fd6ed6c6000 r--p 0000f000 08:01 117965909                  /usr/local/android-studio/jre/jre/lib/amd64/libverify.so
7fd6ed6c6000-7fd6ed6c7000 rw-p 00011000 08:01 117965909                  /usr/local/android-studio/jre/jre/lib/amd64/libverify.so
7fd6ed6c7000-7fd6ed6ce000 r-xp 00000000 08:01 22286777                   /lib/x86_64-linux-gnu/librt-2.23.so
7fd6ed6ce000-7fd6ed8cd000 ---p 00007000 08:01 22286777                   /lib/x86_64-linux-gnu/librt-2.23.so
7fd6ed8cd000-7fd6ed8ce000 r--p 00006000 08:01 22286777                   /lib/x86_64-linux-gnu/librt-2.23.so
7fd6ed8ce000-7fd6ed8cf000 rw-p 00007000 08:01 22286777                   /lib/x86_64-linux-gnu/librt-2.23.so
7fd6ed8cf000-7fd6ed9d7000 r-xp 00000000 08:01 22286693                   /lib/x86_64-linux-gnu/libm-2.23.so
7fd6ed9d7000-7fd6edbd6000 ---p 00108000 08:01 22286693                   /lib/x86_64-linux-gnu/libm-2.23.so
7fd6edbd6000-7fd6edbd7000 r--p 00107000 08:01 22286693                   /lib/x86_64-linux-gnu/libm-2.23.so
7fd6edbd7000-7fd6edbd8000 rw-p 00108000 08:01 22286693                   /lib/x86_64-linux-gnu/libm-2.23.so
7fd6edbd8000-7fd6ee7be000 r-xp 00000000 08:01 117965913                  /usr/local/android-studio/jre/jre/lib/amd64/server/libjvm.so
7fd6ee7be000-7fd6ee9be000 ---p 00be6000 08:01 117965913                  /usr/local/android-studio/jre/jre/lib/amd64/server/libjvm.so
7fd6ee9be000-7fd6eea5d000 r--p 00be6000 08:01 117965913                  /usr/local/android-studio/jre/jre/lib/amd64/server/libjvm.so
7fd6eea5d000-7fd6eea86000 rw-p 00c85000 08:01 117965913                  /usr/local/android-studio/jre/jre/lib/amd64/server/libjvm.so
7fd6eea86000-7fd6eeac8000 rw-p 00000000 00:00 0 
7fd6eeac8000-7fd6eeae0000 r-xp 00000000 08:01 22286769                   /lib/x86_64-linux-gnu/libpthread-2.23.so
7fd6eeae0000-7fd6eecdf000 ---p 00018000 08:01 22286769                   /lib/x86_64-linux-gnu/libpthread-2.23.so
7fd6eecdf000-7fd6eece0000 r--p 00017000 08:01 22286769                   /lib/x86_64-linux-gnu/libpthread-2.23.so
7fd6eece0000-7fd6eece1000 rw-p 00018000 08:01 22286769                   /lib/x86_64-linux-gnu/libpthread-2.23.so
7fd6eece1000-7fd6eece5000 rw-p 00000000 00:00 0 
7fd6eece5000-7fd6eece8000 r-xp 00000000 08:01 22286647                   /lib/x86_64-linux-gnu/libdl-2.23.so
7fd6eece8000-7fd6eeee7000 ---p 00003000 08:01 22286647                   /lib/x86_64-linux-gnu/libdl-2.23.so
7fd6eeee7000-7fd6eeee8000 r--p 00002000 08:01 22286647                   /lib/x86_64-linux-gnu/libdl-2.23.so
7fd6eeee8000-7fd6eeee9000 rw-p 00003000 08:01 22286647                   /lib/x86_64-linux-gnu/libdl-2.23.so
7fd6eeee9000-7fd6ef0a9000 r-xp 00000000 08:01 22286623                   /lib/x86_64-linux-gnu/libc-2.23.so
7fd6ef0a9000-7fd6ef2a8000 ---p 001c0000 08:01 22286623                   /lib/x86_64-linux-gnu/libc-2.23.so
7fd6ef2a8000-7fd6ef2ac000 r--p 001bf000 08:01 22286623                   /lib/x86_64-linux-gnu/libc-2.23.so
7fd6ef2ac000-7fd6ef2ae000 rw-p 001c3000 08:01 22286623                   /lib/x86_64-linux-gnu/libc-2.23.so
7fd6ef2ae000-7fd6ef2b2000 rw-p 00000000 00:00 0 
7fd6ef2b2000-7fd6ef2c8000 r-xp 00000000 08:01 117965773                  /usr/local/android-studio/jre/lib/amd64/jli/libjli.so
7fd6ef2c8000-7fd6ef4c7000 ---p 00016000 08:01 117965773                  /usr/local/android-studio/jre/lib/amd64/jli/libjli.so
7fd6ef4c7000-7fd6ef4c8000 r--p 00015000 08:01 117965773                  /usr/local/android-studio/jre/lib/amd64/jli/libjli.so
7fd6ef4c8000-7fd6ef4c9000 rw-p 00016000 08:01 117965773                  /usr/local/android-studio/jre/lib/amd64/jli/libjli.so
7fd6ef4c9000-7fd6ef4ef000 r-xp 00000000 08:01 22286595                   /lib/x86_64-linux-gnu/ld-2.23.so
7fd6ef4f3000-7fd6ef5cc000 rw-p 00000000 00:00 0 
7fd6ef5cc000-7fd6ef5cf000 ---p 00000000 00:00 0 
7fd6ef5cf000-7fd6ef6d1000 rw-p 00000000 00:00 0 
7fd6ef6d4000-7fd6ef6e2000 r--s 000e0000 08:01 106696168                  /home/n3v10t/Android/Sdk/build-tools/24.0.1/lib/dx.jar
7fd6ef6e2000-7fd6ef6ea000 rw-s 00000000 08:01 107089016                  /tmp/hsperfdata_n3v10t/20660
7fd6ef6ea000-7fd6ef6eb000 rw-p 00000000 00:00 0 
7fd6ef6eb000-7fd6ef6ec000 r--p 00000000 00:00 0 
7fd6ef6ec000-7fd6ef6ee000 rw-p 00000000 00:00 0 
7fd6ef6ee000-7fd6ef6ef000 r--p 00025000 08:01 22286595                   /lib/x86_64-linux-gnu/ld-2.23.so
7fd6ef6ef000-7fd6ef6f0000 rw-p 00026000 08:01 22286595                   /lib/x86_64-linux-gnu/ld-2.23.so
7fd6ef6f0000-7fd6ef6f1000 rw-p 00000000 00:00 0 
7fff97752000-7fff97774000 rw-p 00000000 00:00 0                          [stack]
7fff977e9000-7fff977eb000 r--p 00000000 00:00 0                          [vvar]
7fff977eb000-7fff977ed000 r-xp 00000000 00:00 0                          [vdso]
ffffffffff600000-ffffffffff601000 r-xp 00000000 00:00 0                  [vsyscall]

VM Arguments:
jvm_args: -Djava.awt.headless=true -Xmx1024M -Dfile.encoding=UTF-8 -Duser.country=US -Duser.language=en -Duser.variant 
java_command: com.android.dx.command.Main --dex --force-jumbo --num-threads=4 --multi-dex --output /home/n3v10t/Android-Projects/BumbleBeeM/app/build/intermediates/transforms/dex/debug/folders/1000/10/support-annotations-24.2.1_80623e7388d4b58520fb64afd38013e034fcb874 /home/n3v10t/Android/Sdk/extras/android/m2repository/com/android/support/support-annotations/24.2.1/support-annotations-24.2.1.jar
java_class_path (initial): /home/n3v10t/Android/Sdk/build-tools/24.0.1/lib/dx.jar
Launcher Type: SUN_STANDARD

Environment Variables:
PATH=/home/n3v10t/bin:/home/n3v10t/.local/bin:/usr/local/sbin:/usr/local/bin:/usr/sbin:/usr/bin:/sbin:/bin:/usr/games:/usr/local/games:/snap/bin
LD_LIBRARY_PATH=.:
SHELL=/bin/bash
DISPLAY=:0

Signal Handlers:
SIGSEGV: [libjvm.so+0x9daac0], sa_mask[0]=11111111011111111101111111111110, sa_flags=SA_RESTART|SA_SIGINFO
SIGBUS: [libjvm.so+0x9daac0], sa_mask[0]=11111111011111111101111111111110, sa_flags=SA_RESTART|SA_SIGINFO
SIGFPE: [libjvm.so+0x840d90], sa_mask[0]=11111111011111111101111111111110, sa_flags=SA_RESTART|SA_SIGINFO
SIGPIPE: [libjvm.so+0x840d90], sa_mask[0]=11111111011111111101111111111110, sa_flags=SA_RESTART|SA_SIGINFO
SIGXFSZ: [libjvm.so+0x840d90], sa_mask[0]=11111111011111111101111111111110, sa_flags=SA_RESTART|SA_SIGINFO
SIGILL: [libjvm.so+0x840d90], sa_mask[0]=11111111011111111101111111111110, sa_flags=SA_RESTART|SA_SIGINFO
SIGUSR1: SIG_DFL, sa_mask[0]=00000000000000000000000000000000, sa_flags=none
SIGUSR2: [libjvm.so+0x840c60], sa_mask[0]=00100000000000000000000000000000, sa_flags=SA_RESTART|SA_SIGINFO
SIGHUP: [libjvm.so+0x840e50], sa_mask[0]=11111111011111111101111111111110, sa_flags=SA_RESTART|SA_SIGINFO
SIGINT: [libjvm.so+0x840e50], sa_mask[0]=11111111011111111101111111111110, sa_flags=SA_RESTART|SA_SIGINFO
SIGTERM: [libjvm.so+0x840e50], sa_mask[0]=11111111011111111101111111111110, sa_flags=SA_RESTART|SA_SIGINFO
SIGQUIT: [libjvm.so+0x840e50], sa_mask[0]=11111111011111111101111111111110, sa_flags=SA_RESTART|SA_SIGINFO


---------------  S Y S T E M  ---------------

OS:DISTRIB_ID=Ubuntu
DISTRIB_RELEASE=16.04
DISTRIB_CODENAME=xenial
DISTRIB_DESCRIPTION="Ubuntu 16.04.1 LTS"

uname:Linux 4.4.0-42-generic #62-Ubuntu SMP Fri Oct 7 23:11:45 UTC 2016 x86_64
libc:glibc 2.23 NPTL 2.23 
rlimit: STACK 8192k, CORE 0k, NPROC 63770, NOFILE 65536, AS infinity
load average:0,45 0,23 0,35

/proc/meminfo:
MemTotal:       16431440 kB
MemFree:         5711096 kB
MemAvailable:   12790276 kB
Buffers:          275012 kB
Cached:          6803412 kB
SwapCached:            0 kB
Active:          7997416 kB
Inactive:        2121928 kB
Active(anon):    3042664 kB
Inactive(anon):    62572 kB
Active(file):    4954752 kB
Inactive(file):  2059356 kB
Unevictable:          64 kB
Mlocked:              64 kB
SwapTotal:      16774140 kB
SwapFree:       16774140 kB
Dirty:             22732 kB
Writeback:             0 kB
AnonPages:       3041220 kB
Mapped:           366180 kB
Shmem:             64320 kB
Slab:             447356 kB
SReclaimable:     402360 kB
SUnreclaim:        44996 kB
KernelStack:       13744 kB
PageTables:        49916 kB
NFS_Unstable:          0 kB
Bounce:                0 kB
WritebackTmp:          0 kB
CommitLimit:    24989860 kB
Committed_AS:    9410496 kB
VmallocTotal:   34359738367 kB
VmallocUsed:           0 kB
VmallocChunk:          0 kB
HardwareCorrupted:     0 kB
AnonHugePages:   1820672 kB
CmaTotal:              0 kB
CmaFree:               0 kB
HugePages_Total:       0
HugePages_Free:        0
HugePages_Rsvd:        0
HugePages_Surp:        0
Hugepagesize:       2048 kB
DirectMap4k:      209472 kB
DirectMap2M:     6080512 kB
DirectMap1G:    10485760 kB


CPU:total 6 (6 cores per cpu, 1 threads per core) family 16 model 10 stepping 0, cmov, cx8, fxsr, mmx, sse, sse2, sse3, popcnt, mmxext, 3dnowpref, lzcnt, sse4a, tsc, tscinvbit, tscinv

/proc/cpuinfo:
processor	: 0
vendor_id	: AuthenticAMD
cpu family	: 16
model		: 10
model name	: AMD Phenom(tm) II X6 1090T Processor
stepping	: 0
microcode	: 0x10000bf
cpu MHz		: 3200.000
cache size	: 512 KB
physical id	: 0
siblings	: 6
core id		: 0
cpu cores	: 6
apicid		: 0
initial apicid	: 0
fpu		: yes
fpu_exception	: yes
cpuid level	: 6
wp		: yes
flags		: fpu vme de pse tsc msr pae mce cx8 apic sep mtrr pge mca cmov pat pse36 clflush mmx fxsr sse sse2 ht syscall nx mmxext fxsr_opt pdpe1gb rdtscp lm 3dnowext 3dnow constant_tsc rep_good nopl nonstop_tsc extd_apicid aperfmperf pni monitor cx16 popcnt lahf_lm cmp_legacy svm extapic cr8_legacy abm sse4a misalignsse 3dnowprefetch osvw ibs skinit wdt cpb hw_pstate vmmcall npt lbrv svm_lock nrip_save pausefilter
bugs		: tlb_mmatch apic_c1e fxsave_leak sysret_ss_attrs
bogomips	: 7449.35
TLB size	: 1024 4K pages
clflush size	: 64
cache_alignment	: 64
address sizes	: 48 bits physical, 48 bits virtual
power management: ts ttp tm stc 100mhzsteps hwpstate cpb

processor	: 1
vendor_id	: AuthenticAMD
cpu family	: 16
model		: 10
model name	: AMD Phenom(tm) II X6 1090T Processor
stepping	: 0
microcode	: 0x10000bf
cpu MHz		: 3200.000
cache size	: 512 KB
physical id	: 0
siblings	: 6
core id		: 1
cpu cores	: 6
apicid		: 1
initial apicid	: 1
fpu		: yes
fpu_exception	: yes
cpuid level	: 6
wp		: yes
flags		: fpu vme de pse tsc msr pae mce cx8 apic sep mtrr pge mca cmov pat pse36 clflush mmx fxsr sse sse2 ht syscall nx mmxext fxsr_opt pdpe1gb rdtscp lm 3dnowext 3dnow constant_tsc rep_good nopl nonstop_tsc extd_apicid aperfmperf pni monitor cx16 popcnt lahf_lm cmp_legacy svm extapic cr8_legacy abm sse4a misalignsse 3dnowprefetch osvw ibs skinit wdt cpb hw_pstate vmmcall npt lbrv svm_lock nrip_save pausefilter
bugs		: tlb_mmatch apic_c1e fxsave_leak sysret_ss_attrs
bogomips	: 7449.35
TLB size	: 1024 4K pages
clflush size	: 64
cache_alignment	: 64
address sizes	: 48 bits physical, 48 bits virtual
power management: ts ttp tm stc 100mhzsteps hwpstate cpb

processor	: 2
vendor_id	: AuthenticAMD
cpu family	: 16
model		: 10
model name	: AMD Phenom(tm) II X6 1090T Processor
stepping	: 0
microcode	: 0x10000bf
cpu MHz		: 3200.000
cache size	: 512 KB
physical id	: 0
siblings	: 6
core id		: 2
cpu cores	: 6
apicid		: 2
initial apicid	: 2
fpu		: yes
fpu_exception	: yes
cpuid level	: 6
wp		: yes
flags		: fpu vme de pse tsc msr pae mce cx8 apic sep mtrr pge mca cmov pat pse36 clflush mmx fxsr sse sse2 ht syscall nx mmxext fxsr_opt pdpe1gb rdtscp lm 3dnowext 3dnow constant_tsc rep_good nopl nonstop_tsc extd_apicid aperfmperf pni monitor cx16 popcnt lahf_lm cmp_legacy svm extapic cr8_legacy abm sse4a misalignsse 3dnowprefetch osvw ibs skinit wdt cpb hw_pstate vmmcall npt lbrv svm_lock nrip_save pausefilter
bugs		: tlb_mmatch apic_c1e fxsave_leak sysret_ss_attrs
bogomips	: 7449.35
TLB size	: 1024 4K pages
clflush size	: 64
cache_alignment	: 64
address sizes	: 48 bits physical, 48 bits virtual
power management: ts ttp tm stc 100mhzsteps hwpstate cpb

processor	: 3
vendor_id	: AuthenticAMD
cpu family	: 16
model		: 10
model name	: AMD Phenom(tm) II X6 1090T Processor
stepping	: 0
microcode	: 0x10000bf
cpu MHz		: 3200.000
cache size	: 512 KB
physical id	: 0
siblings	: 6
core id		: 3
cpu cores	: 6
apicid		: 3
initial apicid	: 3
fpu		: yes
fpu_exception	: yes
cpuid level	: 6
wp		: yes
flags		: fpu vme de pse tsc msr pae mce cx8 apic sep mtrr pge mca cmov pat pse36 clflush mmx fxsr sse sse2 ht syscall nx mmxext fxsr_opt pdpe1gb rdtscp lm 3dnowext 3dnow constant_tsc rep_good nopl nonstop_tsc extd_apicid aperfmperf pni monitor cx16 popcnt lahf_lm cmp_legacy svm extapic cr8_legacy abm sse4a misalignsse 3dnowprefetch osvw ibs skinit wdt cpb hw_pstate vmmcall npt lbrv svm_lock nrip_save pausefilter
bugs		: tlb_mmatch apic_c1e fxsave_leak sysret_ss_attrs
bogomips	: 7449.35
TLB size	: 1024 4K pages
clflush size	: 64
cache_alignment	: 64
address sizes	: 48 bits physical, 48 bits virtual
power management: ts ttp tm stc 100mhzsteps hwpstate cpb

processor	: 4
vendor_id	: AuthenticAMD
cpu family	: 16
model		: 10
model name	: AMD Phenom(tm) II X6 1090T Processor
stepping	: 0
microcode	: 0x10000bf
cpu MHz		: 3200.000
cache size	: 512 KB
physical id	: 0
siblings	: 6
core id		: 4
cpu cores	: 6
apicid		: 4
initial apicid	: 4
fpu		: yes
fpu_exception	: yes
cpuid level	: 6
wp		: yes
flags		: fpu vme de pse tsc msr pae mce cx8 apic sep mtrr pge mca cmov pat pse36 clflush mmx fxsr sse sse2 ht syscall nx mmxext fxsr_opt pdpe1gb rdtscp lm 3dnowext 3dnow constant_tsc rep_good nopl nonstop_tsc extd_apicid aperfmperf pni monitor cx16 popcnt lahf_lm cmp_legacy svm extapic cr8_legacy abm sse4a misalignsse 3dnowprefetch osvw ibs skinit wdt cpb hw_pstate vmmcall npt lbrv svm_lock nrip_save pausefilter
bugs		: tlb_mmatch apic_c1e fxsave_leak sysret_ss_attrs
bogomips	: 7449.35
TLB size	: 1024 4K pages
clflush size	: 64
cache_alignment	: 64
address sizes	: 48 bits physical, 48 bits virtual
power management: ts ttp tm stc 100mhzsteps hwpstate cpb

processor	: 5
vendor_id	: AuthenticAMD
cpu family	: 16
model		: 10
model name	: AMD Phenom(tm) II X6 1090T Processor
stepping	: 0
microcode	: 0x10000bf
cpu MHz		: 3200.000
cache size	: 512 KB
physical id	: 0
siblings	: 6
core id		: 5
cpu cores	: 6
apicid		: 5
initial apicid	: 5
fpu		: yes
fpu_exception	: yes
cpuid level	: 6
wp		: yes
flags		: fpu vme de pse tsc msr pae mce cx8 apic sep mtrr pge mca cmov pat pse36 clflush mmx fxsr sse sse2 ht syscall nx mmxext fxsr_opt pdpe1gb rdtscp lm 3dnowext 3dnow constant_tsc rep_good nopl nonstop_tsc extd_apicid aperfmperf pni monitor cx16 popcnt lahf_lm cmp_legacy svm extapic cr8_legacy abm sse4a misalignsse 3dnowprefetch osvw ibs skinit wdt cpb hw_pstate vmmcall npt lbrv svm_lock nrip_save pausefilter
bugs		: tlb_mmatch apic_c1e fxsave_leak sysret_ss_attrs
bogomips	: 7449.35
TLB size	: 1024 4K pages
clflush size	: 64
cache_alignment	: 64
address sizes	: 48 bits physical, 48 bits virtual
power management: ts ttp tm stc 100mhzsteps hwpstate cpb



Memory: 4k page, physical 16431440k(5711096k free), swap 16774140k(16774140k free)

vm_info: OpenJDK 64-Bit Server VM (25.76-b03) for linux-amd64 JRE (1.8.0_76-release-b03), built on Jun 29 2016 09:39:19 by "builder" with gcc 4.8.4

time: Thu Oct 20 13:05:30 2016
elapsed time: 0 seconds (0d 0h 0m 0s)

