#
# A fatal error has been detected by the Java Runtime Environment:
#
#  SIGSEGV (0xb) at pc=0x00007fbd3901fa6e, pid=14551, tid=0x00007fbd519eb700
#
# JRE version: OpenJDK Runtime Environment (8.0_76-b03) (build 1.8.0_76-release-b03)
# Java VM: OpenJDK 64-Bit Server VM (25.76-b03 mixed mode linux-amd64 compressed oops)
# Problematic frame:
# j  com.android.dx.ssa.ConstCollector.updateConstUses(Ljava/util/HashMap;I)V+64
#
# Failed to write core dump. Core dumps have been disabled. To enable core dumping, try "ulimit -c unlimited" before starting Java again
#
# If you would like to submit a bug report, please visit:
#   http://bugreport.java.com/bugreport/crash.jsp
#

---------------  T H R E A D  ---------------

Current thread (0x00007fbd4800a000):  JavaThread "main" [_thread_in_Java, id=14557, stack(0x00007fbd518eb000,0x00007fbd519ec000)]

siginfo: si_signo: 11 (SIGSEGV), si_code: 1 (SEGV_MAPERR), si_addr: 0x00000000200036f7

Registers:
RAX=0x0000000100063038, RBX=0x0000000000000003, RCX=0x00000000200036ef, RDX=0x0000000000000001
RSP=0x00007fbd519e9950, RBP=0x00007fbd519e99a0, RSI=0x00000000ebea9df0, RDI=0x0000000100081948
R8 =0x0000000000000000, R9 =0x0000000000000000, R10=0x00007fbd50dca200, R11=0x00007fbd391d1f00
R12=0x0000000000000000, R13=0x00007fbd4d9589c8, R14=0x00007fbd519e9a18, R15=0x00007fbd4800a000
RIP=0x00007fbd3901fa6e, EFLAGS=0x0000000000010246, CSGSFS=0x4026000000000033, ERR=0x0000000000000004
  TRAPNO=0x000000000000000e

Top of Stack: (sp=0x00007fbd519e9950)
0x00007fbd519e9950:   00007fbd390071a5 00000000200036ef
0x00007fbd519e9960:   00007fbd519e9960 00007fbd4d9589c8
0x00007fbd519e9970:   00007fbd519e9a18 00007fbd4d9592a8
0x00007fbd519e9980:   0000000000000000 00007fbd4d958b50
0x00007fbd519e9990:   0000000000000000 00007fbd519e9a08
0x00007fbd519e99a0:   00007fbd519e9a60 00007fbd3900798d
0x00007fbd519e99b0:   0000000000000000 0000000000000000
0x00007fbd519e99c0:   0000000000000000 0000000000000000
0x00007fbd519e99d0:   0000000000000000 00000000200036ef
0x00007fbd519e99e0:   00000000ebea9df0 00000000ec24d2e8
0x00007fbd519e99f0:   0000000000000000 00000000ec266ff0
0x00007fbd519e9a00:   00000000ec264f70 0000000000000061
0x00007fbd519e9a10:   00000000ec264e80 00000000ec264aa0
0x00007fbd519e9a20:   00007fbd519e9a20 00007fbd4d9582c8
0x00007fbd519e9a30:   00007fbd519e9ae0 00007fbd4d9592a8
0x00007fbd519e9a40:   0000000000000000 00007fbd4d9583b0
0x00007fbd519e9a50:   00007fbd519e9a08 00007fbd519e9ae0
0x00007fbd519e9a60:   00007fbd519e9b28 00007fbd3900798d
0x00007fbd519e9a70:   0000000000000000 0000000000000000
0x00007fbd519e9a80:   0000000000000000 0000000000000000
0x00007fbd519e9a90:   0000000000000000 00000000eb962ec0
0x00007fbd519e9aa0:   00000000ec264eb0 00000000eb6c7d98
0x00007fbd519e9ab0:   0000000000000001 00000000ec264e80
0x00007fbd519e9ac0:   00000000ec23f270 0000000000000001
0x00007fbd519e9ad0:   00000000ec264de0 0000000000000061
0x00007fbd519e9ae0:   00000000ec264aa0 00007fbd519e9ae8
0x00007fbd519e9af0:   00007fbd4d95807a 00007fbd519e9b40
0x00007fbd519e9b00:   00007fbd4d9592a8 0000000000000000
0x00007fbd519e9b10:   00007fbd4d9580a0 00007fbd519e9ae0
0x00007fbd519e9b20:   00007fbd519e9b40 00007fbd519e9b88
0x00007fbd519e9b30:   00007fbd3900798d 00000000ec264aa0
0x00007fbd519e9b40:   00000000ec2325c0 00007fbd519e9b48 

Instructions: (pc=0x00007fbd3901fa6e)
0x00007fbd3901fa4e:   d8 41 83 ed 04 41 c1 e5 03 49 03 d5 48 89 55 e0
0x00007fbd3901fa5e:   4c 8d 6c 24 08 4c 89 6d f0 ff 63 50 4c 8b 75 d0
0x00007fbd3901fa6e:   8b 51 08 48 c1 e2 03 4c 8b 6d e0 4d 85 ed 0f 84
0x00007fbd3901fa7e:   97 00 00 00 4d 8b 75 10 4c 3b f2 0f 85 0f 00 00 

Register to memory mapping:

RAX=0x0000000100063038 is pointing into metadata
RBX=0x0000000000000003 is an unknown value
RCX=0x00000000200036ef is an unknown value
RDX=0x0000000000000001 is an unknown value
RSP=0x00007fbd519e9950 is pointing into the stack for thread: 0x00007fbd4800a000
RBP=0x00007fbd519e99a0 is pointing into the stack for thread: 0x00007fbd4800a000
RSI=0x00000000ebea9df0 is an oop

[error occurred during error reporting (printing register info), id 0xb]

Stack: [0x00007fbd518eb000,0x00007fbd519ec000],  sp=0x00007fbd519e9950,  free space=1018k
Native frames: (J=compiled Java code, j=interpreted, Vv=VM code, C=native code)
j  com.android.dx.ssa.ConstCollector.updateConstUses(Ljava/util/HashMap;I)V+64
j  com.android.dx.ssa.ConstCollector.run()V+232
j  com.android.dx.ssa.ConstCollector.process(Lcom/android/dx/ssa/SsaMethod;)V+10
j  com.android.dx.ssa.Optimizer.runSsaFormSteps(Lcom/android/dx/ssa/SsaMethod;Ljava/util/EnumSet;)V+95
j  com.android.dx.ssa.Optimizer.optimize(Lcom/android/dx/rop/code/RopMethod;IZZLcom/android/dx/rop/code/TranslationAdvice;Ljava/util/EnumSet;)Lcom/android/dx/rop/code/RopMethod;+24
j  com.android.dx.ssa.Optimizer.optimize(Lcom/android/dx/rop/code/RopMethod;IZZLcom/android/dx/rop/code/TranslationAdvice;)Lcom/android/dx/rop/code/RopMethod;+11
j  com.android.dx.dex.cf.CfTranslator.processMethods(Lcom/android/dx/cf/direct/DirectClassFile;Lcom/android/dx/dex/cf/CfOptions;Lcom/android/dx/dex/DexOptions;Lcom/android/dx/dex/file/ClassDefItem;Lcom/android/dx/dex/file/DexFile;)V+265
j  com.android.dx.dex.cf.CfTranslator.translate0(Lcom/android/dx/cf/direct/DirectClassFile;[BLcom/android/dx/dex/cf/CfOptions;Lcom/android/dx/dex/DexOptions;Lcom/android/dx/dex/file/DexFile;)Lcom/android/dx/dex/file/ClassDefItem;+120
j  com.android.dx.dex.cf.CfTranslator.translate(Lcom/android/dx/cf/direct/DirectClassFile;[BLcom/android/dx/dex/cf/CfOptions;Lcom/android/dx/dex/DexOptions;Lcom/android/dx/dex/file/DexFile;)Lcom/android/dx/dex/file/ClassDefItem;+6
j  com.android.dx.command.dexer.Main.translateClass([BLcom/android/dx/cf/direct/DirectClassFile;)Lcom/android/dx/dex/file/ClassDefItem;+17
j  com.android.dx.command.dexer.Main.access$2700([BLcom/android/dx/cf/direct/DirectClassFile;)Lcom/android/dx/dex/file/ClassDefItem;+2
j  com.android.dx.command.dexer.Main$ClassTranslatorTask.call()Lcom/android/dx/dex/file/ClassDefItem;+8
j  com.android.dx.command.dexer.Main$ClassTranslatorTask.call()Ljava/lang/Object;+1
j  java.util.concurrent.FutureTask.run()V+42
j  java.util.concurrent.ThreadPoolExecutor$CallerRunsPolicy.rejectedExecution(Ljava/lang/Runnable;Ljava/util/concurrent/ThreadPoolExecutor;)V+8
j  java.util.concurrent.ThreadPoolExecutor.reject(Ljava/lang/Runnable;)V+6
j  java.util.concurrent.ThreadPoolExecutor.execute(Ljava/lang/Runnable;)V+128
j  java.util.concurrent.AbstractExecutorService.submit(Ljava/util/concurrent/Callable;)Ljava/util/concurrent/Future;+20
j  com.android.dx.command.dexer.Main$DirectClassFileConsumer.call(Lcom/android/dx/cf/direct/DirectClassFile;)Ljava/lang/Boolean;+303
j  com.android.dx.command.dexer.Main$DirectClassFileConsumer.access$700(Lcom/android/dx/command/dexer/Main$DirectClassFileConsumer;Lcom/android/dx/cf/direct/DirectClassFile;)Ljava/lang/Boolean;+2
j  com.android.dx.command.dexer.Main.processClass(Ljava/lang/String;[B)Z+37
j  com.android.dx.command.dexer.Main.processFileBytes(Ljava/lang/String;J[B)Z+188
j  com.android.dx.command.dexer.Main.access$1200(Ljava/lang/String;J[B)Z+3
j  com.android.dx.command.dexer.Main$FileBytesConsumer.processFileBytes(Ljava/lang/String;J[B)Z+4
j  com.android.dx.cf.direct.ClassPathOpener.processArchive(Ljava/io/File;)Z+203
j  com.android.dx.cf.direct.ClassPathOpener.processOne(Ljava/io/File;Z)Z+48
j  com.android.dx.cf.direct.ClassPathOpener.process()Z+15
j  com.android.dx.command.dexer.Main.processOne(Ljava/lang/String;Lcom/android/dx/cf/direct/ClassPathOpener$FileNameFilter;)V+20
j  com.android.dx.command.dexer.Main.processAllFiles()Z+272
j  com.android.dx.command.dexer.Main.runMultiDex()I+66
j  com.android.dx.command.dexer.Main.run(Lcom/android/dx/command/dexer/Main$Arguments;)I+66
j  com.android.dx.command.dexer.Main.main([Ljava/lang/String;)V+14
j  com.android.dx.command.Main.main([Ljava/lang/String;)V+61
v  ~StubRoutines::call_stub
V  [libjvm.so+0x6257fa]  JavaCalls::call_helper(JavaValue*, methodHandle*, JavaCallArguments*, Thread*)+0xeea
V  [libjvm.so+0x635eca]  jni_invoke_static(JNIEnv_*, JavaValue*, _jobject*, JNICallType, _jmethodID*, JNI_ArgumentPusher*, Thread*) [clone .isra.200]+0x2fa
V  [libjvm.so+0x646f7e]  jni_CallStaticVoidMethod+0x16e
C  [libjli.so+0x8149]  JavaMain+0xa09
C  [libpthread.so.0+0x76fa]  start_thread+0xca


---------------  P R O C E S S  ---------------

Java Threads: ( => current thread )
  0x00007fbd48180000 JavaThread "pool-2-thread-4" [_thread_in_Java, id=14608, stack(0x00007fbd3532e000,0x00007fbd3542f000)]
  0x00007fbd4817e800 JavaThread "pool-2-thread-3" [_thread_blocked, id=14605, stack(0x00007fbd3542f000,0x00007fbd35530000)]
  0x00007fbd4817c800 JavaThread "pool-2-thread-2" [_thread_blocked, id=14601, stack(0x00007fbd35530000,0x00007fbd35631000)]
  0x00007fbd4817b000 JavaThread "pool-3-thread-1" [_thread_blocked, id=14600, stack(0x00007fbd35631000,0x00007fbd35732000)]
  0x00007fbd48145800 JavaThread "pool-2-thread-1" [_thread_in_Java, id=14599, stack(0x00007fbd35732000,0x00007fbd35833000)]
  0x00007fbd480c4800 JavaThread "Service Thread" daemon [_thread_blocked, id=14578, stack(0x00007fbd35934000,0x00007fbd35a35000)]
  0x00007fbd480c1800 JavaThread "C1 CompilerThread2" daemon [_thread_blocked, id=14577, stack(0x00007fbd35a35000,0x00007fbd35b36000)]
  0x00007fbd480c0000 JavaThread "C2 CompilerThread1" daemon [_thread_blocked, id=14576, stack(0x00007fbd35b36000,0x00007fbd35c37000)]
  0x00007fbd480bd000 JavaThread "C2 CompilerThread0" daemon [_thread_blocked, id=14575, stack(0x00007fbd35c37000,0x00007fbd35d38000)]
  0x00007fbd480bb800 JavaThread "Signal Dispatcher" daemon [_thread_blocked, id=14574, stack(0x00007fbd35d38000,0x00007fbd35e39000)]
  0x00007fbd48087800 JavaThread "Finalizer" daemon [_thread_blocked, id=14571, stack(0x00007fbd367f8000,0x00007fbd368f9000)]
  0x00007fbd48083000 JavaThread "Reference Handler" daemon [_thread_blocked, id=14570, stack(0x00007fbd368f9000,0x00007fbd369fa000)]
=>0x00007fbd4800a000 JavaThread "main" [_thread_in_Java, id=14557, stack(0x00007fbd518eb000,0x00007fbd519ec000)]

Other Threads:
  0x00007fbd4807b800 VMThread [stack: 0x00007fbd369fa000,0x00007fbd36afb000] [id=14566]
  0x00007fbd480c7000 WatcherThread [stack: 0x00007fbd35833000,0x00007fbd35934000] [id=14579]

VM state:not at safepoint (normal execution)

VM Mutex/Monitor currently owned by a thread: None

Heap:
 PSYoungGen      total 75264K, used 27100K [0x00000000eab00000, 0x00000000eff00000, 0x0000000100000000)
  eden space 64512K, 42% used [0x00000000eab00000,0x00000000ec577290,0x00000000eea00000)
  from space 10752K, 0% used [0x00000000ef480000,0x00000000ef480000,0x00000000eff00000)
  to   space 10752K, 0% used [0x00000000eea00000,0x00000000eea00000,0x00000000ef480000)
 ParOldGen       total 172032K, used 0K [0x00000000c0000000, 0x00000000ca800000, 0x00000000eab00000)
  object space 172032K, 0% used [0x00000000c0000000,0x00000000c0000000,0x00000000ca800000)
 Metaspace       used 5516K, capacity 6704K, committed 6784K, reserved 1056768K
  class space    used 557K, capacity 616K, committed 640K, reserved 1048576K

Card table byte_map: [0x00007fbd4e588000,0x00007fbd4e789000] byte_map_base: 0x00007fbd4df88000

Marking Bits: (ParMarkBitMap*) 0x00007fbd50dba1a0
 Begin Bits: [0x00007fbd37000000, 0x00007fbd38000000)
 End Bits:   [0x00007fbd38000000, 0x00007fbd39000000)

Polling page: 0x00007fbd51a0a000

CodeCache: size=245760Kb used=2519Kb max_used=2519Kb free=243240Kb
 bounds [0x00007fbd39000000, 0x00007fbd39280000, 0x00007fbd48000000]
 total_blobs=922 nmethods=662 adapters=176
 compilation: enabled

Compilation events (10 events):
Event: 0,520 Thread 0x00007fbd480c1800 nmethod 703 0x00007fbd39270990 code [0x00007fbd39270b40, 0x00007fbd39271088]
Event: 0,520 Thread 0x00007fbd480c1800  704       3       com.android.dx.ssa.SsaBasicBlock::addLiveOut (32 bytes)
Event: 0,521 Thread 0x00007fbd480c1800 nmethod 704 0x00007fbd39271310 code [0x00007fbd392714e0, 0x00007fbd39271b88]
Event: 0,521 Thread 0x00007fbd480c1800  546       3       com.android.dx.ssa.back.LivenessAnalyzer::liveOutAtBlock (68 bytes)
Event: 0,521 Thread 0x00007fbd480c1800 nmethod 546 0x00007fbd39271f50 code [0x00007fbd39272160, 0x00007fbd39272c08]
Event: 0,521 Thread 0x00007fbd480c1800  548       3       com.android.dx.ssa.back.FirstFitLocalCombiningAllocator$1::processInsn (169 bytes)
Event: 0,523 Thread 0x00007fbd480c1800 nmethod 548 0x00007fbd39273210 code [0x00007fbd392735e0, 0x00007fbd39275ac8]
Event: 0,523 Thread 0x00007fbd480c1800  706       3       com.android.dx.ssa.SsaRenamer$BlockRenamer::processResultReg (56 bytes)
Event: 0,523 Thread 0x00007fbd480c1800 nmethod 706 0x00007fbd39276d10 code [0x00007fbd39276ee0, 0x00007fbd39277798]
Event: 0,523 Thread 0x00007fbd480c1800  543       3       com.android.dx.ssa.LiteralOpUpgrader$1::visitNonMoveInsn (203 bytes)

GC Heap History (0 events):
No events

Deoptimization events (10 events):
Event: 0,196 Thread 0x00007fbd4800a000 Uncommon trap: reason=unstable_if action=reinterpret pc=0x00007fbd39138b08 method=java.lang.String.indexOf(II)I @ 49
Event: 0,232 Thread 0x00007fbd48180000 Uncommon trap: reason=unstable_if action=reinterpret pc=0x00007fbd39155928 method=java.lang.String.compareTo(Ljava/lang/String;)I @ 38
Event: 0,468 Thread 0x00007fbd4817e800 Uncommon trap: reason=class_check action=maybe_recompile pc=0x00007fbd3922e298 method=com.android.dx.rop.type.Type.equals(Ljava/lang/Object;)Z @ 8
Event: 0,468 Thread 0x00007fbd4817e800 Uncommon trap: reason=class_check action=maybe_recompile pc=0x00007fbd3922e298 method=com.android.dx.rop.type.Type.equals(Ljava/lang/Object;)Z @ 8
Event: 0,472 Thread 0x00007fbd4817e800 Uncommon trap: reason=class_check action=maybe_recompile pc=0x00007fbd3922e298 method=com.android.dx.rop.type.Type.equals(Ljava/lang/Object;)Z @ 8
Event: 0,472 Thread 0x00007fbd4817e800 Uncommon trap: reason=class_check action=maybe_recompile pc=0x00007fbd3922e298 method=com.android.dx.rop.type.Type.equals(Ljava/lang/Object;)Z @ 8
Event: 0,473 Thread 0x00007fbd48180000 Uncommon trap: reason=unstable_if action=reinterpret pc=0x00007fbd391d2f68 method=java.util.HashMap.getNode(ILjava/lang/Object;)Ljava/util/HashMap$Node; @ 129
Event: 0,474 Thread 0x00007fbd4800a000 Uncommon trap: reason=unstable_if action=reinterpret pc=0x00007fbd391d3bec method=java.util.BitSet.nextSetBit(I)I @ 87
Event: 0,478 Thread 0x00007fbd48180000 Uncommon trap: reason=unstable_if action=reinterpret pc=0x00007fbd39216a78 method=java.util.BitSet.ensureCapacity(I)V @ 6
Event: 0,512 Thread 0x00007fbd48180000 Uncommon trap: reason=unstable_if action=reinterpret pc=0x00007fbd3922615c method=com.android.dx.rop.cst.Constant.compareTo(Lcom/android/dx/rop/cst/Constant;)I @ 12

Internal exceptions (2 events):
Event: 0,045 Thread 0x00007fbd4800a000 Exception <a 'java/lang/NoSuchMethodError': Method sun.misc.Unsafe.defineClass(Ljava/lang/String;[BII)Ljava/lang/Class; name or signature does not match> (0x00000000eab07cc0) thrown at [/ssd/Android/AOSP-openjdk/external/jetbrains/jdk/hotspot/src/share/vm
Event: 0,045 Thread 0x00007fbd4800a000 Exception <a 'java/lang/NoSuchMethodError': Method sun.misc.Unsafe.prefetchRead(Ljava/lang/Object;J)V name or signature does not match> (0x00000000eab07fa8) thrown at [/ssd/Android/AOSP-openjdk/external/jetbrains/jdk/hotspot/src/share/vm/prims/jni.cpp, li

Events (10 events):
Event: 0,506 loading class com/android/dx/dex/file/ParameterAnnotationStruct done
Event: 0,506 loading class com/android/dx/dex/file/UniformListItem
Event: 0,506 loading class com/android/dx/dex/file/UniformListItem done
Event: 0,507 loading class com/android/dx/dex/file/AnnotationSetRefItem
Event: 0,507 loading class com/android/dx/dex/file/AnnotationSetRefItem done
Event: 0,512 Thread 0x00007fbd48180000 Uncommon trap: trap_request=0xffffff65 fr.pc=0x00007fbd3922615c
Event: 0,512 Thread 0x00007fbd48180000 DEOPT PACKING pc=0x00007fbd3922615c sp=0x00007fbd3542ce70
Event: 0,512 Thread 0x00007fbd48180000 DEOPT UNPACKING pc=0x00007fbd39004f69 sp=0x00007fbd3542ce30 mode 2
Event: 0,528 Executing VM operation: ForceSafepoint
Event: 0,538 Executing VM operation: ForceSafepoint done


Dynamic libraries:
00400000-00401000 r-xp 00000000 08:01 117965799                          /usr/local/android-studio/jre/bin/java
00600000-00601000 r--p 00000000 08:01 117965799                          /usr/local/android-studio/jre/bin/java
00601000-00602000 rw-p 00001000 08:01 117965799                          /usr/local/android-studio/jre/bin/java
023ff000-02420000 rw-p 00000000 00:00 0                                  [heap]
c0000000-ca800000 rw-p 00000000 00:00 0 
ca800000-eab00000 ---p 00000000 00:00 0 
eab00000-eff00000 rw-p 00000000 00:00 0 
eff00000-100000000 ---p 00000000 00:00 0 
100000000-1000a0000 rw-p 00000000 00:00 0 
1000a0000-140000000 ---p 00000000 00:00 0 
7fbce0000000-7fbce003e000 rw-p 00000000 00:00 0 
7fbce003e000-7fbce4000000 ---p 00000000 00:00 0 
7fbce8000000-7fbce8021000 rw-p 00000000 00:00 0 
7fbce8021000-7fbcec000000 ---p 00000000 00:00 0 
7fbcec000000-7fbcec021000 rw-p 00000000 00:00 0 
7fbcec021000-7fbcf0000000 ---p 00000000 00:00 0 
7fbcf0000000-7fbcf0037000 rw-p 00000000 00:00 0 
7fbcf0037000-7fbcf4000000 ---p 00000000 00:00 0 
7fbcf4000000-7fbcf4021000 rw-p 00000000 00:00 0 
7fbcf4021000-7fbcf8000000 ---p 00000000 00:00 0 
7fbcf8000000-7fbcf8021000 rw-p 00000000 00:00 0 
7fbcf8021000-7fbcfc000000 ---p 00000000 00:00 0 
7fbcfc000000-7fbcfc021000 rw-p 00000000 00:00 0 
7fbcfc021000-7fbd00000000 ---p 00000000 00:00 0 
7fbd00000000-7fbd0024a000 rw-p 00000000 00:00 0 
7fbd0024a000-7fbd04000000 ---p 00000000 00:00 0 
7fbd04000000-7fbd04312000 rw-p 00000000 00:00 0 
7fbd04312000-7fbd08000000 ---p 00000000 00:00 0 
7fbd08000000-7fbd08021000 rw-p 00000000 00:00 0 
7fbd08021000-7fbd0c000000 ---p 00000000 00:00 0 
7fbd0c000000-7fbd0c185000 rw-p 00000000 00:00 0 
7fbd0c185000-7fbd10000000 ---p 00000000 00:00 0 
7fbd10000000-7fbd10021000 rw-p 00000000 00:00 0 
7fbd10021000-7fbd14000000 ---p 00000000 00:00 0 
7fbd14000000-7fbd14021000 rw-p 00000000 00:00 0 
7fbd14021000-7fbd18000000 ---p 00000000 00:00 0 
7fbd18000000-7fbd18021000 rw-p 00000000 00:00 0 
7fbd18021000-7fbd1c000000 ---p 00000000 00:00 0 
7fbd1c000000-7fbd1c021000 rw-p 00000000 00:00 0 
7fbd1c021000-7fbd20000000 ---p 00000000 00:00 0 
7fbd20000000-7fbd20021000 rw-p 00000000 00:00 0 
7fbd20021000-7fbd24000000 ---p 00000000 00:00 0 
7fbd24000000-7fbd24021000 rw-p 00000000 00:00 0 
7fbd24021000-7fbd28000000 ---p 00000000 00:00 0 
7fbd28000000-7fbd28021000 rw-p 00000000 00:00 0 
7fbd28021000-7fbd2c000000 ---p 00000000 00:00 0 
7fbd2c000000-7fbd2c021000 rw-p 00000000 00:00 0 
7fbd2c021000-7fbd30000000 ---p 00000000 00:00 0 
7fbd30000000-7fbd30021000 rw-p 00000000 00:00 0 
7fbd30021000-7fbd34000000 ---p 00000000 00:00 0 
7fbd3532e000-7fbd35331000 ---p 00000000 00:00 0 
7fbd35331000-7fbd3542f000 rw-p 00000000 00:00 0 
7fbd3542f000-7fbd35432000 ---p 00000000 00:00 0 
7fbd35432000-7fbd35530000 rw-p 00000000 00:00 0 
7fbd35530000-7fbd35533000 ---p 00000000 00:00 0 
7fbd35533000-7fbd35631000 rw-p 00000000 00:00 0 
7fbd35631000-7fbd35634000 ---p 00000000 00:00 0 
7fbd35634000-7fbd35732000 rw-p 00000000 00:00 0 
7fbd35732000-7fbd35735000 ---p 00000000 00:00 0 
7fbd35735000-7fbd35833000 rw-p 00000000 00:00 0 
7fbd35833000-7fbd35834000 ---p 00000000 00:00 0 
7fbd35834000-7fbd35934000 rw-p 00000000 00:00 0 
7fbd35934000-7fbd35937000 ---p 00000000 00:00 0 
7fbd35937000-7fbd35a35000 rw-p 00000000 00:00 0 
7fbd35a35000-7fbd35a38000 ---p 00000000 00:00 0 
7fbd35a38000-7fbd35b36000 rw-p 00000000 00:00 0 
7fbd35b36000-7fbd35b39000 ---p 00000000 00:00 0 
7fbd35b39000-7fbd35c37000 rw-p 00000000 00:00 0 
7fbd35c37000-7fbd35c3a000 ---p 00000000 00:00 0 
7fbd35c3a000-7fbd35d38000 rw-p 00000000 00:00 0 
7fbd35d38000-7fbd35d3b000 ---p 00000000 00:00 0 
7fbd35d3b000-7fbd35e39000 rw-p 00000000 00:00 0 
7fbd35e39000-7fbd367f8000 r--p 00000000 08:01 3939084                    /usr/lib/locale/locale-archive
7fbd367f8000-7fbd367fb000 ---p 00000000 00:00 0 
7fbd367fb000-7fbd368f9000 rw-p 00000000 00:00 0 
7fbd368f9000-7fbd368fc000 ---p 00000000 00:00 0 
7fbd368fc000-7fbd369fa000 rw-p 00000000 00:00 0 
7fbd369fa000-7fbd369fb000 ---p 00000000 00:00 0 
7fbd369fb000-7fbd39000000 rw-p 00000000 00:00 0 
7fbd39000000-7fbd39280000 rwxp 00000000 00:00 0 
7fbd39280000-7fbd48000000 ---p 00000000 00:00 0 
7fbd48000000-7fbd48425000 rw-p 00000000 00:00 0 
7fbd48425000-7fbd4c000000 ---p 00000000 00:00 0 
7fbd4c0df000-7fbd4c0e7000 r--s 00032000 08:01 119669444                  /home/n3v10t/Android-Projects/BumbleBeeM/app/build/intermediates/exploded-aar/com.android.support/support-compat/24.2.1/jars/libs/internal_impl-24.2.1.jar
7fbd4c0e7000-7fbd4d1e9000 rw-p 00000000 00:00 0 
7fbd4d1e9000-7fbd4d3b6000 r--s 03bec000 08:01 117965856                  /usr/local/android-studio/jre/jre/lib/rt.jar
7fbd4d3b6000-7fbd4da2c000 rw-p 00000000 00:00 0 
7fbd4da2c000-7fbd4dc2c000 ---p 00000000 00:00 0 
7fbd4dc2c000-7fbd4de2c000 rw-p 00000000 00:00 0 
7fbd4de2c000-7fbd4de2d000 ---p 00000000 00:00 0 
7fbd4de2d000-7fbd4df2d000 rw-p 00000000 00:00 0 
7fbd4df2d000-7fbd4df2e000 ---p 00000000 00:00 0 
7fbd4df2e000-7fbd4e02e000 rw-p 00000000 00:00 0 
7fbd4e02e000-7fbd4e02f000 ---p 00000000 00:00 0 
7fbd4e02f000-7fbd4e12f000 rw-p 00000000 00:00 0 
7fbd4e12f000-7fbd4e130000 ---p 00000000 00:00 0 
7fbd4e130000-7fbd4e230000 rw-p 00000000 00:00 0 
7fbd4e230000-7fbd4e231000 ---p 00000000 00:00 0 
7fbd4e231000-7fbd4e331000 rw-p 00000000 00:00 0 
7fbd4e331000-7fbd4e332000 ---p 00000000 00:00 0 
7fbd4e332000-7fbd4e486000 rw-p 00000000 00:00 0 
7fbd4e486000-7fbd4e588000 ---p 00000000 00:00 0 
7fbd4e588000-7fbd4e5dc000 rw-p 00000000 00:00 0 
7fbd4e5dc000-7fbd4e6dd000 ---p 00000000 00:00 0 
7fbd4e6dd000-7fbd4e708000 rw-p 00000000 00:00 0 
7fbd4e708000-7fbd4e788000 ---p 00000000 00:00 0 
7fbd4e788000-7fbd4e793000 rw-p 00000000 00:00 0 
7fbd4e793000-7fbd4eb49000 ---p 00000000 00:00 0 
7fbd4eb49000-7fbd4eb63000 r-xp 00000000 08:01 117965883                  /usr/local/android-studio/jre/jre/lib/amd64/libzip.so
7fbd4eb63000-7fbd4ed63000 ---p 0001a000 08:01 117965883                  /usr/local/android-studio/jre/jre/lib/amd64/libzip.so
7fbd4ed63000-7fbd4ed64000 r--p 0001a000 08:01 117965883                  /usr/local/android-studio/jre/jre/lib/amd64/libzip.so
7fbd4ed64000-7fbd4ed65000 rw-p 0001b000 08:01 117965883                  /usr/local/android-studio/jre/jre/lib/amd64/libzip.so
7fbd4ed65000-7fbd4ed70000 r-xp 00000000 08:01 22286722                   /lib/x86_64-linux-gnu/libnss_files-2.23.so
7fbd4ed70000-7fbd4ef6f000 ---p 0000b000 08:01 22286722                   /lib/x86_64-linux-gnu/libnss_files-2.23.so
7fbd4ef6f000-7fbd4ef70000 r--p 0000a000 08:01 22286722                   /lib/x86_64-linux-gnu/libnss_files-2.23.so
7fbd4ef70000-7fbd4ef71000 rw-p 0000b000 08:01 22286722                   /lib/x86_64-linux-gnu/libnss_files-2.23.so
7fbd4ef71000-7fbd4ef77000 rw-p 00000000 00:00 0 
7fbd4ef77000-7fbd4ef82000 r-xp 00000000 08:01 22286732                   /lib/x86_64-linux-gnu/libnss_nis-2.23.so
7fbd4ef82000-7fbd4f181000 ---p 0000b000 08:01 22286732                   /lib/x86_64-linux-gnu/libnss_nis-2.23.so
7fbd4f181000-7fbd4f182000 r--p 0000a000 08:01 22286732                   /lib/x86_64-linux-gnu/libnss_nis-2.23.so
7fbd4f182000-7fbd4f183000 rw-p 0000b000 08:01 22286732                   /lib/x86_64-linux-gnu/libnss_nis-2.23.so
7fbd4f183000-7fbd4f199000 r-xp 00000000 08:01 22286716                   /lib/x86_64-linux-gnu/libnsl-2.23.so
7fbd4f199000-7fbd4f398000 ---p 00016000 08:01 22286716                   /lib/x86_64-linux-gnu/libnsl-2.23.so
7fbd4f398000-7fbd4f399000 r--p 00015000 08:01 22286716                   /lib/x86_64-linux-gnu/libnsl-2.23.so
7fbd4f399000-7fbd4f39a000 rw-p 00016000 08:01 22286716                   /lib/x86_64-linux-gnu/libnsl-2.23.so
7fbd4f39a000-7fbd4f39c000 rw-p 00000000 00:00 0 
7fbd4f39c000-7fbd4f3a4000 r-xp 00000000 08:01 22286718                   /lib/x86_64-linux-gnu/libnss_compat-2.23.so
7fbd4f3a4000-7fbd4f5a3000 ---p 00008000 08:01 22286718                   /lib/x86_64-linux-gnu/libnss_compat-2.23.so
7fbd4f5a3000-7fbd4f5a4000 r--p 00007000 08:01 22286718                   /lib/x86_64-linux-gnu/libnss_compat-2.23.so
7fbd4f5a4000-7fbd4f5a5000 rw-p 00008000 08:01 22286718                   /lib/x86_64-linux-gnu/libnss_compat-2.23.so
7fbd4f5a5000-7fbd4f5d2000 r-xp 00000000 08:01 117965893                  /usr/local/android-studio/jre/jre/lib/amd64/libjava.so
7fbd4f5d2000-7fbd4f7d1000 ---p 0002d000 08:01 117965893                  /usr/local/android-studio/jre/jre/lib/amd64/libjava.so
7fbd4f7d1000-7fbd4f7d2000 r--p 0002c000 08:01 117965893                  /usr/local/android-studio/jre/jre/lib/amd64/libjava.so
7fbd4f7d2000-7fbd4f7d4000 rw-p 0002d000 08:01 117965893                  /usr/local/android-studio/jre/jre/lib/amd64/libjava.so
7fbd4f7d4000-7fbd4f7e4000 r-xp 00000000 08:01 117965909                  /usr/local/android-studio/jre/jre/lib/amd64/libverify.so
7fbd4f7e4000-7fbd4f9e3000 ---p 00010000 08:01 117965909                  /usr/local/android-studio/jre/jre/lib/amd64/libverify.so
7fbd4f9e3000-7fbd4f9e5000 r--p 0000f000 08:01 117965909                  /usr/local/android-studio/jre/jre/lib/amd64/libverify.so
7fbd4f9e5000-7fbd4f9e6000 rw-p 00011000 08:01 117965909                  /usr/local/android-studio/jre/jre/lib/amd64/libverify.so
7fbd4f9e6000-7fbd4f9ed000 r-xp 00000000 08:01 22286777                   /lib/x86_64-linux-gnu/librt-2.23.so
7fbd4f9ed000-7fbd4fbec000 ---p 00007000 08:01 22286777                   /lib/x86_64-linux-gnu/librt-2.23.so
7fbd4fbec000-7fbd4fbed000 r--p 00006000 08:01 22286777                   /lib/x86_64-linux-gnu/librt-2.23.so
7fbd4fbed000-7fbd4fbee000 rw-p 00007000 08:01 22286777                   /lib/x86_64-linux-gnu/librt-2.23.so
7fbd4fbee000-7fbd4fcf6000 r-xp 00000000 08:01 22286693                   /lib/x86_64-linux-gnu/libm-2.23.so
7fbd4fcf6000-7fbd4fef5000 ---p 00108000 08:01 22286693                   /lib/x86_64-linux-gnu/libm-2.23.so
7fbd4fef5000-7fbd4fef6000 r--p 00107000 08:01 22286693                   /lib/x86_64-linux-gnu/libm-2.23.so
7fbd4fef6000-7fbd4fef7000 rw-p 00108000 08:01 22286693                   /lib/x86_64-linux-gnu/libm-2.23.so
7fbd4fef7000-7fbd50add000 r-xp 00000000 08:01 117965913                  /usr/local/android-studio/jre/jre/lib/amd64/server/libjvm.so
7fbd50add000-7fbd50cdd000 ---p 00be6000 08:01 117965913                  /usr/local/android-studio/jre/jre/lib/amd64/server/libjvm.so
7fbd50cdd000-7fbd50d7c000 r--p 00be6000 08:01 117965913                  /usr/local/android-studio/jre/jre/lib/amd64/server/libjvm.so
7fbd50d7c000-7fbd50da5000 rw-p 00c85000 08:01 117965913                  /usr/local/android-studio/jre/jre/lib/amd64/server/libjvm.so
7fbd50da5000-7fbd50de7000 rw-p 00000000 00:00 0 
7fbd50de7000-7fbd50dff000 r-xp 00000000 08:01 22286769                   /lib/x86_64-linux-gnu/libpthread-2.23.so
7fbd50dff000-7fbd50ffe000 ---p 00018000 08:01 22286769                   /lib/x86_64-linux-gnu/libpthread-2.23.so
7fbd50ffe000-7fbd50fff000 r--p 00017000 08:01 22286769                   /lib/x86_64-linux-gnu/libpthread-2.23.so
7fbd50fff000-7fbd51000000 rw-p 00018000 08:01 22286769                   /lib/x86_64-linux-gnu/libpthread-2.23.so
7fbd51000000-7fbd51004000 rw-p 00000000 00:00 0 
7fbd51004000-7fbd51007000 r-xp 00000000 08:01 22286647                   /lib/x86_64-linux-gnu/libdl-2.23.so
7fbd51007000-7fbd51206000 ---p 00003000 08:01 22286647                   /lib/x86_64-linux-gnu/libdl-2.23.so
7fbd51206000-7fbd51207000 r--p 00002000 08:01 22286647                   /lib/x86_64-linux-gnu/libdl-2.23.so
7fbd51207000-7fbd51208000 rw-p 00003000 08:01 22286647                   /lib/x86_64-linux-gnu/libdl-2.23.so
7fbd51208000-7fbd513c8000 r-xp 00000000 08:01 22286623                   /lib/x86_64-linux-gnu/libc-2.23.so
7fbd513c8000-7fbd515c7000 ---p 001c0000 08:01 22286623                   /lib/x86_64-linux-gnu/libc-2.23.so
7fbd515c7000-7fbd515cb000 r--p 001bf000 08:01 22286623                   /lib/x86_64-linux-gnu/libc-2.23.so
7fbd515cb000-7fbd515cd000 rw-p 001c3000 08:01 22286623                   /lib/x86_64-linux-gnu/libc-2.23.so
7fbd515cd000-7fbd515d1000 rw-p 00000000 00:00 0 
7fbd515d1000-7fbd515e7000 r-xp 00000000 08:01 117965773                  /usr/local/android-studio/jre/lib/amd64/jli/libjli.so
7fbd515e7000-7fbd517e6000 ---p 00016000 08:01 117965773                  /usr/local/android-studio/jre/lib/amd64/jli/libjli.so
7fbd517e6000-7fbd517e7000 r--p 00015000 08:01 117965773                  /usr/local/android-studio/jre/lib/amd64/jli/libjli.so
7fbd517e7000-7fbd517e8000 rw-p 00016000 08:01 117965773                  /usr/local/android-studio/jre/lib/amd64/jli/libjli.so
7fbd517e8000-7fbd5180e000 r-xp 00000000 08:01 22286595                   /lib/x86_64-linux-gnu/ld-2.23.so
7fbd51812000-7fbd518eb000 rw-p 00000000 00:00 0 
7fbd518eb000-7fbd518ee000 ---p 00000000 00:00 0 
7fbd518ee000-7fbd519f0000 rw-p 00000000 00:00 0 
7fbd519f3000-7fbd51a01000 r--s 000e0000 08:01 106696168                  /home/n3v10t/Android/Sdk/build-tools/24.0.1/lib/dx.jar
7fbd51a01000-7fbd51a09000 rw-s 00000000 08:01 106827183                  /tmp/hsperfdata_n3v10t/14551
7fbd51a09000-7fbd51a0a000 rw-p 00000000 00:00 0 
7fbd51a0a000-7fbd51a0b000 r--p 00000000 00:00 0 
7fbd51a0b000-7fbd51a0d000 rw-p 00000000 00:00 0 
7fbd51a0d000-7fbd51a0e000 r--p 00025000 08:01 22286595                   /lib/x86_64-linux-gnu/ld-2.23.so
7fbd51a0e000-7fbd51a0f000 rw-p 00026000 08:01 22286595                   /lib/x86_64-linux-gnu/ld-2.23.so
7fbd51a0f000-7fbd51a10000 rw-p 00000000 00:00 0 
7fffa0ca2000-7fffa0cc4000 rw-p 00000000 00:00 0                          [stack]
7fffa0cdc000-7fffa0cde000 r--p 00000000 00:00 0                          [vvar]
7fffa0cde000-7fffa0ce0000 r-xp 00000000 00:00 0                          [vdso]
ffffffffff600000-ffffffffff601000 r-xp 00000000 00:00 0                  [vsyscall]

VM Arguments:
jvm_args: -Djava.awt.headless=true -Xmx1024M -Dfile.encoding=UTF-8 -Duser.country=US -Duser.language=en -Duser.variant 
java_command: com.android.dx.command.Main --dex --force-jumbo --num-threads=4 --multi-dex --output /home/n3v10t/Android-Projects/BumbleBeeM/app/build/intermediates/transforms/dex/debug/folders/1000/10/internal_impl-24.2.1_0a14654b3a6c28f261365ecfeb4e26ef3fb18e63 /home/n3v10t/Android-Projects/BumbleBeeM/app/build/intermediates/exploded-aar/com.android.support/support-compat/24.2.1/jars/libs/internal_impl-24.2.1.jar
java_class_path (initial): /home/n3v10t/Android/Sdk/build-tools/24.0.1/lib/dx.jar
Launcher Type: SUN_STANDARD

Environment Variables:
PATH=/home/n3v10t/bin:/home/n3v10t/.local/bin:/usr/local/sbin:/usr/local/bin:/usr/sbin:/usr/bin:/sbin:/bin:/usr/games:/usr/local/games:/snap/bin
LD_LIBRARY_PATH=.:
SHELL=/bin/bash
DISPLAY=:0

Signal Handlers:
SIGSEGV: [libjvm.so+0x9daac0], sa_mask[0]=11111111011111111101111111111110, sa_flags=SA_RESTART|SA_SIGINFO
SIGBUS: [libjvm.so+0x9daac0], sa_mask[0]=11111111011111111101111111111110, sa_flags=SA_RESTART|SA_SIGINFO
SIGFPE: [libjvm.so+0x840d90], sa_mask[0]=11111111011111111101111111111110, sa_flags=SA_RESTART|SA_SIGINFO
SIGPIPE: [libjvm.so+0x840d90], sa_mask[0]=11111111011111111101111111111110, sa_flags=SA_RESTART|SA_SIGINFO
SIGXFSZ: [libjvm.so+0x840d90], sa_mask[0]=11111111011111111101111111111110, sa_flags=SA_RESTART|SA_SIGINFO
SIGILL: [libjvm.so+0x840d90], sa_mask[0]=11111111011111111101111111111110, sa_flags=SA_RESTART|SA_SIGINFO
SIGUSR1: SIG_DFL, sa_mask[0]=00000000000000000000000000000000, sa_flags=none
SIGUSR2: [libjvm.so+0x840c60], sa_mask[0]=00100000000000000000000000000000, sa_flags=SA_RESTART|SA_SIGINFO
SIGHUP: [libjvm.so+0x840e50], sa_mask[0]=11111111011111111101111111111110, sa_flags=SA_RESTART|SA_SIGINFO
SIGINT: [libjvm.so+0x840e50], sa_mask[0]=11111111011111111101111111111110, sa_flags=SA_RESTART|SA_SIGINFO
SIGTERM: [libjvm.so+0x840e50], sa_mask[0]=11111111011111111101111111111110, sa_flags=SA_RESTART|SA_SIGINFO
SIGQUIT: [libjvm.so+0x840e50], sa_mask[0]=11111111011111111101111111111110, sa_flags=SA_RESTART|SA_SIGINFO


---------------  S Y S T E M  ---------------

OS:DISTRIB_ID=Ubuntu
DISTRIB_RELEASE=16.04
DISTRIB_CODENAME=xenial
DISTRIB_DESCRIPTION="Ubuntu 16.04.1 LTS"

uname:Linux 4.4.0-38-generic #57-Ubuntu SMP Tue Sep 6 15:42:33 UTC 2016 x86_64
libc:glibc 2.23 NPTL 2.23 
rlimit: STACK 8192k, CORE 0k, NPROC 63772, NOFILE 65536, AS infinity
load average:2,50 0,95 0,63

/proc/meminfo:
MemTotal:       16431444 kB
MemFree:         5279984 kB
MemAvailable:    9068416 kB
Buffers:          209304 kB
Cached:          4094392 kB
SwapCached:            0 kB
Active:          8386420 kB
Inactive:        2279512 kB
Active(anon):    6363764 kB
Inactive(anon):   430056 kB
Active(file):    2022656 kB
Inactive(file):  1849456 kB
Unevictable:          64 kB
Mlocked:              64 kB
SwapTotal:      16774140 kB
SwapFree:       16774140 kB
Dirty:             38844 kB
Writeback:             0 kB
AnonPages:       6368640 kB
Mapped:           805600 kB
Shmem:            431588 kB
Slab:             303368 kB
SReclaimable:     253632 kB
SUnreclaim:        49736 kB
KernelStack:       16576 kB
PageTables:        71480 kB
NFS_Unstable:          0 kB
Bounce:                0 kB
WritebackTmp:          0 kB
CommitLimit:    24989860 kB
Committed_AS:   15855320 kB
VmallocTotal:   34359738367 kB
VmallocUsed:           0 kB
VmallocChunk:          0 kB
HardwareCorrupted:     0 kB
AnonHugePages:   4040704 kB
CmaTotal:              0 kB
CmaFree:               0 kB
HugePages_Total:       0
HugePages_Free:        0
HugePages_Rsvd:        0
HugePages_Surp:        0
Hugepagesize:       2048 kB
DirectMap4k:      213568 kB
DirectMap2M:    10270720 kB
DirectMap1G:     6291456 kB


CPU:total 6 (6 cores per cpu, 1 threads per core) family 16 model 10 stepping 0, cmov, cx8, fxsr, mmx, sse, sse2, sse3, popcnt, mmxext, 3dnowpref, lzcnt, sse4a, tsc, tscinvbit, tscinv

/proc/cpuinfo:
processor	: 0
vendor_id	: AuthenticAMD
cpu family	: 16
model		: 10
model name	: AMD Phenom(tm) II X6 1090T Processor
stepping	: 0
microcode	: 0x10000bf
cpu MHz		: 3200.000
cache size	: 512 KB
physical id	: 0
siblings	: 6
core id		: 0
cpu cores	: 6
apicid		: 0
initial apicid	: 0
fpu		: yes
fpu_exception	: yes
cpuid level	: 6
wp		: yes
flags		: fpu vme de pse tsc msr pae mce cx8 apic sep mtrr pge mca cmov pat pse36 clflush mmx fxsr sse sse2 ht syscall nx mmxext fxsr_opt pdpe1gb rdtscp lm 3dnowext 3dnow constant_tsc rep_good nopl nonstop_tsc extd_apicid aperfmperf pni monitor cx16 popcnt lahf_lm cmp_legacy svm extapic cr8_legacy abm sse4a misalignsse 3dnowprefetch osvw ibs skinit wdt cpb hw_pstate vmmcall npt lbrv svm_lock nrip_save pausefilter
bugs		: tlb_mmatch apic_c1e fxsave_leak sysret_ss_attrs
bogomips	: 7449.34
TLB size	: 1024 4K pages
clflush size	: 64
cache_alignment	: 64
address sizes	: 48 bits physical, 48 bits virtual
power management: ts ttp tm stc 100mhzsteps hwpstate cpb

processor	: 1
vendor_id	: AuthenticAMD
cpu family	: 16
model		: 10
model name	: AMD Phenom(tm) II X6 1090T Processor
stepping	: 0
microcode	: 0x10000bf
cpu MHz		: 3200.000
cache size	: 512 KB
physical id	: 0
siblings	: 6
core id		: 1
cpu cores	: 6
apicid		: 1
initial apicid	: 1
fpu		: yes
fpu_exception	: yes
cpuid level	: 6
wp		: yes
flags		: fpu vme de pse tsc msr pae mce cx8 apic sep mtrr pge mca cmov pat pse36 clflush mmx fxsr sse sse2 ht syscall nx mmxext fxsr_opt pdpe1gb rdtscp lm 3dnowext 3dnow constant_tsc rep_good nopl nonstop_tsc extd_apicid aperfmperf pni monitor cx16 popcnt lahf_lm cmp_legacy svm extapic cr8_legacy abm sse4a misalignsse 3dnowprefetch osvw ibs skinit wdt cpb hw_pstate vmmcall npt lbrv svm_lock nrip_save pausefilter
bugs		: tlb_mmatch apic_c1e fxsave_leak sysret_ss_attrs
bogomips	: 7449.34
TLB size	: 1024 4K pages
clflush size	: 64
cache_alignment	: 64
address sizes	: 48 bits physical, 48 bits virtual
power management: ts ttp tm stc 100mhzsteps hwpstate cpb

processor	: 2
vendor_id	: AuthenticAMD
cpu family	: 16
model		: 10
model name	: AMD Phenom(tm) II X6 1090T Processor
stepping	: 0
microcode	: 0x10000bf
cpu MHz		: 3200.000
cache size	: 512 KB
physical id	: 0
siblings	: 6
core id		: 2
cpu cores	: 6
apicid		: 2
initial apicid	: 2
fpu		: yes
fpu_exception	: yes
cpuid level	: 6
wp		: yes
flags		: fpu vme de pse tsc msr pae mce cx8 apic sep mtrr pge mca cmov pat pse36 clflush mmx fxsr sse sse2 ht syscall nx mmxext fxsr_opt pdpe1gb rdtscp lm 3dnowext 3dnow constant_tsc rep_good nopl nonstop_tsc extd_apicid aperfmperf pni monitor cx16 popcnt lahf_lm cmp_legacy svm extapic cr8_legacy abm sse4a misalignsse 3dnowprefetch osvw ibs skinit wdt cpb hw_pstate vmmcall npt lbrv svm_lock nrip_save pausefilter
bugs		: tlb_mmatch apic_c1e fxsave_leak sysret_ss_attrs
bogomips	: 7449.34
TLB size	: 1024 4K pages
clflush size	: 64
cache_alignment	: 64
address sizes	: 48 bits physical, 48 bits virtual
power management: ts ttp tm stc 100mhzsteps hwpstate cpb

processor	: 3
vendor_id	: AuthenticAMD
cpu family	: 16
model		: 10
model name	: AMD Phenom(tm) II X6 1090T Processor
stepping	: 0
microcode	: 0x10000bf
cpu MHz		: 3200.000
cache size	: 512 KB
physical id	: 0
siblings	: 6
core id		: 3
cpu cores	: 6
apicid		: 3
initial apicid	: 3
fpu		: yes
fpu_exception	: yes
cpuid level	: 6
wp		: yes
flags		: fpu vme de pse tsc msr pae mce cx8 apic sep mtrr pge mca cmov pat pse36 clflush mmx fxsr sse sse2 ht syscall nx mmxext fxsr_opt pdpe1gb rdtscp lm 3dnowext 3dnow constant_tsc rep_good nopl nonstop_tsc extd_apicid aperfmperf pni monitor cx16 popcnt lahf_lm cmp_legacy svm extapic cr8_legacy abm sse4a misalignsse 3dnowprefetch osvw ibs skinit wdt cpb hw_pstate vmmcall npt lbrv svm_lock nrip_save pausefilter
bugs		: tlb_mmatch apic_c1e fxsave_leak sysret_ss_attrs
bogomips	: 7449.34
TLB size	: 1024 4K pages
clflush size	: 64
cache_alignment	: 64
address sizes	: 48 bits physical, 48 bits virtual
power management: ts ttp tm stc 100mhzsteps hwpstate cpb

processor	: 4
vendor_id	: AuthenticAMD
cpu family	: 16
model		: 10
model name	: AMD Phenom(tm) II X6 1090T Processor
stepping	: 0
microcode	: 0x10000bf
cpu MHz		: 3200.000
cache size	: 512 KB
physical id	: 0
siblings	: 6
core id		: 4
cpu cores	: 6
apicid		: 4
initial apicid	: 4
fpu		: yes
fpu_exception	: yes
cpuid level	: 6
wp		: yes
flags		: fpu vme de pse tsc msr pae mce cx8 apic sep mtrr pge mca cmov pat pse36 clflush mmx fxsr sse sse2 ht syscall nx mmxext fxsr_opt pdpe1gb rdtscp lm 3dnowext 3dnow constant_tsc rep_good nopl nonstop_tsc extd_apicid aperfmperf pni monitor cx16 popcnt lahf_lm cmp_legacy svm extapic cr8_legacy abm sse4a misalignsse 3dnowprefetch osvw ibs skinit wdt cpb hw_pstate vmmcall npt lbrv svm_lock nrip_save pausefilter
bugs		: tlb_mmatch apic_c1e fxsave_leak sysret_ss_attrs
bogomips	: 7449.34
TLB size	: 1024 4K pages
clflush size	: 64
cache_alignment	: 64
address sizes	: 48 bits physical, 48 bits virtual
power management: ts ttp tm stc 100mhzsteps hwpstate cpb

processor	: 5
vendor_id	: AuthenticAMD
cpu family	: 16
model		: 10
model name	: AMD Phenom(tm) II X6 1090T Processor
stepping	: 0
microcode	: 0x10000bf
cpu MHz		: 3200.000
cache size	: 512 KB
physical id	: 0
siblings	: 6
core id		: 5
cpu cores	: 6
apicid		: 5
initial apicid	: 5
fpu		: yes
fpu_exception	: yes
cpuid level	: 6
wp		: yes
flags		: fpu vme de pse tsc msr pae mce cx8 apic sep mtrr pge mca cmov pat pse36 clflush mmx fxsr sse sse2 ht syscall nx mmxext fxsr_opt pdpe1gb rdtscp lm 3dnowext 3dnow constant_tsc rep_good nopl nonstop_tsc extd_apicid aperfmperf pni monitor cx16 popcnt lahf_lm cmp_legacy svm extapic cr8_legacy abm sse4a misalignsse 3dnowprefetch osvw ibs skinit wdt cpb hw_pstate vmmcall npt lbrv svm_lock nrip_save pausefilter
bugs		: tlb_mmatch apic_c1e fxsave_leak sysret_ss_attrs
bogomips	: 7449.34
TLB size	: 1024 4K pages
clflush size	: 64
cache_alignment	: 64
address sizes	: 48 bits physical, 48 bits virtual
power management: ts ttp tm stc 100mhzsteps hwpstate cpb



Memory: 4k page, physical 16431444k(5279984k free), swap 16774140k(16774140k free)

vm_info: OpenJDK 64-Bit Server VM (25.76-b03) for linux-amd64 JRE (1.8.0_76-release-b03), built on Jun 29 2016 09:39:19 by "builder" with gcc 4.8.4

time: Thu Oct  6 17:51:40 2016
elapsed time: 0 seconds (0d 0h 0m 0s)

