#
# A fatal error has been detected by the Java Runtime Environment:
#
#  SIGSEGV (0xb) at pc=0x00007f6f91303fe3, pid=20493, tid=0x00007f6f90101700
#
# JRE version: OpenJDK Runtime Environment (8.0_76-b03) (build 1.8.0_76-release-b03)
# Java VM: OpenJDK 64-Bit Server VM (25.76-b03 mixed mode linux-amd64 compressed oops)
# Problematic frame:
# V  [libjvm.so+0x8affe3]  oopDesc* PSPromotionManager::copy_to_survivor_space<false>(oopDesc*)+0x2c3
#
# Failed to write core dump. Core dumps have been disabled. To enable core dumping, try "ulimit -c unlimited" before starting Java again
#
# If you would like to submit a bug report, please visit:
#   http://bugreport.java.com/bugreport/crash.jsp
#

---------------  T H R E A D  ---------------

Current thread (0x00007f6f8c01f000):  GCTaskThread [stack: 0x00007f6f90001000,0x00007f6f90102000] [id=20499]

siginfo: si_signo: 11 (SIGSEGV), si_code: 1 (SEGV_MAPERR), si_addr: 0x00000000490006c0

Registers:
RAX=0x0000000000000001, RBX=0x00000000ee24c599, RCX=0x0000000000000003, RDX=0x00007f6f918edb80
RSP=0x00007f6f90100cc0, RBP=0x00007f6f90100d20, RSI=0x00000000ee24c599, RDI=0x00000000490006b8
R8 =0x7a00000000000000, R9 =0x00007f6f8c0785d8, R10=0x0000000000000003, R11=0x00007f6f919176c0
R12=0x00000000eeac7fb0, R13=0x0000000000000000, R14=0x00007f6f8c078540, R15=0x00007f6f918edb90
RIP=0x00007f6f91303fe3, EFLAGS=0x0000000000010206, CSGSFS=0x0000000000000033, ERR=0x0000000000000004
  TRAPNO=0x000000000000000e

Top of Stack: (sp=0x00007f6f90100cc0)
0x00007f6f90100cc0:   0000000000000008 00007f6f8c073ec0
0x00007f6f90100cd0:   00007f6f8c073ec0 00000000eeac7fa0
0x00007f6f90100ce0:   00000000eeac0000 0000000000001000
0x00007f6f90100cf0:   00007f6f90100d10 00007f6f8c078540
0x00007f6f90100d00:   00000000eeac7fb0 0000000000000000
0x00007f6f90100d10:   00007f6f8c0785d8 00007f6f918edb90
0x00007f6f90100d20:   00007f6f90100d90 00007f6f91303808
0x00007f6f90100d30:   0303030303030303 00007f6f8c0785a8
0x00007f6f90100d40:   00007f6f90100e00 00007f6f8c198800
0x00007f6f90100d50:   00007f6f8c020701 00007f6f8c01ea01
0x00007f6f90100d60:   00007f6f918d3150 00007f6f90100da0
0x00007f6f90100d70:   00007f6f8c02a4c0 00007f6f8c078540
0x00007f6f90100d80:   00007f6f8c01f000 00007f6f9190c4d8
0x00007f6f90100d90:   00007f6f90100e00 00007f6f9130745e
0x00007f6f90100da0:   00007f6f918d3150 00007f6f8c01ea00
0x00007f6f90100db0:   00007f6f8c078540 00007f6f9125d41b
0x00007f6f90100dc0:   00007f6f918cb740 00007f6f8c02a400
0x00007f6f90100dd0:   00007f6f90100da0 00007f6f90fd1501
0x00007f6f90100de0:   0000000000000001 0000000000000001
0x00007f6f90100df0:   00007f6f8c02a4c0 00007f6f914b137b
0x00007f6f90100e00:   00007f6f90100f10 00007f6f90fd2f02
0x00007f6f90100e10:   00000000000003d8 00007f6f8c01fc18
0x00007f6f90100e20:   00007f6f8c01f840 00007f6f90100ea0
0x00007f6f90100e30:   00007f6f8c01f7f0 00007f6f8c01f830
0x00007f6f90100e40:   00007f6f90100e50 0000000000000000
0x00007f6f90100e50:   0000000000000000 00007f6f8c020400
0x00007f6f90100e60:   00007f6f8c01f000 00007f6f8c01fc20
0x00007f6f90100e70:   00007f6f8c01fc60 00007f6f8c01fc70
0x00007f6f90100e80:   00007f6f8c01fd48 00000000000000d8
0x00007f6f90100e90:   00007f6f8c01fe80 00007f6f8c0207f0
0x00007f6f90100ea0:   00007f6f8c01f000 00007f6f8c01fc20
0x00007f6f90100eb0:   00007f6f8c01fc60 00007f6f8c01fc70 

Instructions: (pc=0x00007f6f91303fe3)
0x00007f6f91303fc3:   e9 3d fe ff ff 0f 1f 84 00 00 00 00 00 48 8d 15
0x00007f6f91303fd3:   a9 9b 5e 00 8b 7e 08 8b 4a 08 48 d3 e7 48 03 3a
0x00007f6f91303fe3:   8b 4f 08 83 f9 00 0f 8f 7d fd ff ff 0f 85 3b 02
0x00007f6f91303ff3:   00 00 0f 1f 00 48 8b 07 4c 89 45 b8 48 89 de ff 

Register to memory mapping:

RAX=0x0000000000000001 is an unknown value
RBX=0x00000000ee24c599 is an unknown value
RCX=0x0000000000000003 is an unknown value
RDX=0x00007f6f918edb80: <offset 0xe99b80> in /usr/local/android-studio/jre/jre/lib/amd64/server/libjvm.so at 0x00007f6f90a54000
RSP=0x00007f6f90100cc0 is an unknown value
RBP=0x00007f6f90100d20 is an unknown value
RSI=0x00000000ee24c599 is an unknown value
RDI=0x00000000490006b8 is an unknown value
R8 =0x7a00000000000000 is an unknown value
R9 =0x00007f6f8c0785d8 is an unknown value
R10=0x0000000000000003 is an unknown value
R11=0x00007f6f919176c0: <offset 0xec36c0> in /usr/local/android-studio/jre/jre/lib/amd64/server/libjvm.so at 0x00007f6f90a54000
R12=0x00000000eeac7fb0 is an oop

[error occurred during error reporting (printing register info), id 0xb]

Stack: [0x00007f6f90001000,0x00007f6f90102000],  sp=0x00007f6f90100cc0,  free space=1023k
Native frames: (J=compiled Java code, j=interpreted, Vv=VM code, C=native code)
V  [libjvm.so+0x8affe3]  oopDesc* PSPromotionManager::copy_to_survivor_space<false>(oopDesc*)+0x2c3
V  [libjvm.so+0x8af808]  PSPromotionManager::drain_stacks_depth(bool)+0x6f8
V  [libjvm.so+0x8b345e]  ThreadRootsTask::do_it(GCTaskManager*, unsigned int)+0x8e
V  [libjvm.so+0x57ef02]  GCTaskThread::run()+0x162
V  [libjvm.so+0x8425b2]  java_start(Thread*)+0xf2


---------------  P R O C E S S  ---------------

Java Threads: ( => current thread )
  0x00007f6f8c198800 JavaThread "pool-2-thread-4" [_thread_blocked, id=20551, stack(0x00007f6f61f2a000,0x00007f6f6202b000)]
  0x00007f6f8c196800 JavaThread "pool-2-thread-3" [_thread_blocked, id=20550, stack(0x00007f6f6202b000,0x00007f6f6212c000)]
  0x00007f6f8c195000 JavaThread "pool-2-thread-2" [_thread_blocked, id=20549, stack(0x00007f6f6212c000,0x00007f6f6222d000)]
  0x00007f6f8c193800 JavaThread "pool-3-thread-1" [_thread_blocked, id=20548, stack(0x00007f6f6222d000,0x00007f6f6232e000)]
  0x00007f6f8c192800 JavaThread "pool-2-thread-1" [_thread_blocked, id=20545, stack(0x00007f6f6232e000,0x00007f6f6242f000)]
  0x00007f6f8c0c4800 JavaThread "Service Thread" daemon [_thread_blocked, id=20518, stack(0x00007f6f62530000,0x00007f6f62631000)]
  0x00007f6f8c0c1800 JavaThread "C1 CompilerThread2" daemon [_thread_blocked, id=20517, stack(0x00007f6f62631000,0x00007f6f62732000)]
  0x00007f6f8c0c0000 JavaThread "C2 CompilerThread1" daemon [_thread_blocked, id=20516, stack(0x00007f6f62732000,0x00007f6f62833000)]
  0x00007f6f8c0bd000 JavaThread "C2 CompilerThread0" daemon [_thread_blocked, id=20514, stack(0x00007f6f62833000,0x00007f6f62934000)]
  0x00007f6f8c0bb800 JavaThread "Signal Dispatcher" daemon [_thread_blocked, id=20512, stack(0x00007f6f62934000,0x00007f6f62a35000)]
  0x00007f6f8c087800 JavaThread "Finalizer" daemon [_thread_blocked, id=20510, stack(0x00007f6f633f4000,0x00007f6f634f5000)]
  0x00007f6f8c083000 JavaThread "Reference Handler" daemon [_thread_blocked, id=20508, stack(0x00007f6f634f5000,0x00007f6f635f6000)]
  0x00007f6f8c00a000 JavaThread "main" [_thread_blocked, id=20498, stack(0x00007f6f92448000,0x00007f6f92549000)]

Other Threads:
  0x00007f6f8c07b800 VMThread [stack: 0x00007f6f635f6000,0x00007f6f636f7000] [id=20506]
  0x00007f6f8c0c7000 WatcherThread [stack: 0x00007f6f6242f000,0x00007f6f62530000] [id=20519]

=>0x00007f6f8c01f000 (exited) GCTaskThread [stack: 0x00007f6f90001000,0x00007f6f90102000] [id=20499]

VM state:at safepoint (normal execution)

VM Mutex/Monitor currently owned by a thread:  ([mutex/lock_event])
[0x00007f6f8c006620] Threads_lock - owner thread: 0x00007f6f8c07b800
[0x00007f6f8c006b20] Heap_lock - owner thread: 0x00007f6f8c192800

Heap:
 PSYoungGen      total 75264K, used 64512K [0x00000000eab00000, 0x00000000eff00000, 0x0000000100000000)
  eden space 64512K, 100% used [0x00000000eab00000,0x00000000eea00000,0x00000000eea00000)
  from space 10752K, 0% used [0x00000000ef480000,0x00000000ef480000,0x00000000eff00000)
  to   space 10752K, 55% used [0x00000000eea00000,0x00000000eefddc70,0x00000000ef480000)
 ParOldGen       total 172032K, used 24K [0x00000000c0000000, 0x00000000ca800000, 0x00000000eab00000)
  object space 172032K, 0% used [0x00000000c0000000,0x00000000c0006000,0x00000000ca800000)
 Metaspace       used 5697K, capacity 6896K, committed 7040K, reserved 1056768K
  class space    used 560K, capacity 616K, committed 640K, reserved 1048576K

Card table byte_map: [0x00007f6f7bfe3000,0x00007f6f7c1e4000] byte_map_base: 0x00007f6f7b9e3000

Marking Bits: (ParMarkBitMap*) 0x00007f6f919171a0
 Begin Bits: [0x00007f6f79988000, 0x00007f6f7a988000)
 End Bits:   [0x00007f6f7a988000, 0x00007f6f7b988000)

Polling page: 0x00007f6f92567000

CodeCache: size=245760Kb used=3934Kb max_used=3934Kb free=241825Kb
 bounds [0x00007f6f7c5a4000, 0x00007f6f7c984000, 0x00007f6f8b5a4000]
 total_blobs=1384 nmethods=1124 adapters=176
 compilation: enabled

Compilation events (10 events):
Event: 1,566 Thread 0x00007f6f8c0c1800 nmethod 1181 0x00007f6f7c978e10 code [0x00007f6f7c978f80, 0x00007f6f7c979108]
Event: 1,566 Thread 0x00007f6f8c0c1800 1127       2       com.android.dx.cf.attrib.AttLineNumberTable::byteLength (13 bytes)
Event: 1,566 Thread 0x00007f6f8c0c1800 nmethod 1127 0x00007f6f7c9791d0 code [0x00007f6f7c979340, 0x00007f6f7c9794b0]
Event: 1,566 Thread 0x00007f6f8c0c1800 1183       2       com.android.dx.rop.type.Prototype::getParameterFrameTypes (96 bytes)
Event: 1,566 Thread 0x00007f6f8c0c1800 nmethod 1183 0x00007f6f7c979590 code [0x00007f6f7c979780, 0x00007f6f7c979e58]
Event: 1,566 Thread 0x00007f6f8c0c1800 1184       3       com.android.dx.ssa.SsaMethod::getUseListCopy (56 bytes)
Event: 1,567 Thread 0x00007f6f8c0c1800 nmethod 1184 0x00007f6f7c97a750 code [0x00007f6f7c97a900, 0x00007f6f7c97ae18]
Event: 1,567 Thread 0x00007f6f8c0c1800 1186       2       com.android.dx.ssa.SsaConverter::placePhiFunctions (394 bytes)
Event: 1,574 Thread 0x00007f6f8c0c1800 nmethod 1186 0x00007f6f7c97b050 code [0x00007f6f7c97b420, 0x00007f6f7c97caa8]
Event: 1,574 Thread 0x00007f6f8c0c1800 1185       2       com.android.dx.ssa.SsaConverter::edgeSplitSuccessors (98 bytes)

GC Heap History (1 events):
Event: 1,578 GC heap before
{Heap before GC invocations=1 (full 0):
 PSYoungGen      total 75264K, used 64512K [0x00000000eab00000, 0x00000000eff00000, 0x0000000100000000)
  eden space 64512K, 100% used [0x00000000eab00000,0x00000000eea00000,0x00000000eea00000)
  from space 10752K, 0% used [0x00000000ef480000,0x00000000ef480000,0x00000000eff00000)
  to   space 10752K, 0% used [0x00000000eea00000,0x00000000eea00000,0x00000000ef480000)
 ParOldGen       total 172032K, used 0K [0x00000000c0000000, 0x00000000ca800000, 0x00000000eab00000)
  object space 172032K, 0% used [0x00000000c0000000,0x00000000c0000000,0x00000000ca800000)
 Metaspace       used 5697K, capacity 6896K, committed 7040K, reserved 1056768K
  class space    used 560K, capacity 616K, committed 640K, reserved 1048576K

Deoptimization events (10 events):
Event: 0,808 Thread 0x00007f6f8c198800 Uncommon trap: reason=class_check action=maybe_recompile pc=0x00007f6f7c7d3c98 method=com.android.dx.rop.type.Type.equals(Ljava/lang/Object;)Z @ 8
Event: 0,809 Thread 0x00007f6f8c198800 Uncommon trap: reason=class_check action=maybe_recompile pc=0x00007f6f7c7d3c98 method=com.android.dx.rop.type.Type.equals(Ljava/lang/Object;)Z @ 8
Event: 0,809 Thread 0x00007f6f8c198800 Uncommon trap: reason=class_check action=maybe_recompile pc=0x00007f6f7c7d3c98 method=com.android.dx.rop.type.Type.equals(Ljava/lang/Object;)Z @ 8
Event: 0,810 Thread 0x00007f6f8c198800 Uncommon trap: reason=class_check action=maybe_recompile pc=0x00007f6f7c7d2050 method=com.android.dx.rop.type.Type.equals(Ljava/lang/Object;)Z @ 8
Event: 0,851 Thread 0x00007f6f8c198800 Uncommon trap: reason=unstable_if action=reinterpret pc=0x00007f6f7c7aa1f8 method=java.util.BitSet.ensureCapacity(I)V @ 6
Event: 0,852 Thread 0x00007f6f8c198800 Uncommon trap: reason=unstable_if action=reinterpret pc=0x00007f6f7c78e9ac method=java.util.BitSet.nextSetBit(I)I @ 87
Event: 0,870 Thread 0x00007f6f8c198800 Uncommon trap: reason=unstable_if action=reinterpret pc=0x00007f6f7c7d281c method=com.android.dx.rop.cst.Constant.compareTo(Lcom/android/dx/rop/cst/Constant;)I @ 12
Event: 1,032 Thread 0x00007f6f8c00a000 Uncommon trap: reason=class_check action=maybe_recompile pc=0x00007f6f7c86ad08 method=com.android.dx.rop.type.Type.equals(Ljava/lang/Object;)Z @ 8
Event: 1,033 Thread 0x00007f6f8c00a000 Uncommon trap: reason=unstable_if action=reinterpret pc=0x00007f6f7c79af00 method=java.util.HashMap.getNode(ILjava/lang/Object;)Ljava/util/HashMap$Node; @ 129
Event: 1,482 Thread 0x00007f6f8c195000 Uncommon trap: reason=null_check action=make_not_entrant pc=0x00007f6f7c8791d0 method=com.android.dx.rop.type.Type.equals(Ljava/lang/Object;)Z @ 8

Internal exceptions (3 events):
Event: 0,048 Thread 0x00007f6f8c00a000 Exception <a 'java/lang/NoSuchMethodError': Method sun.misc.Unsafe.defineClass(Ljava/lang/String;[BII)Ljava/lang/Class; name or signature does not match> (0x00000000eab07cc0) thrown at [/ssd/Android/AOSP-openjdk/external/jetbrains/jdk/hotspot/src/share/vm
Event: 0,048 Thread 0x00007f6f8c00a000 Exception <a 'java/lang/NoSuchMethodError': Method sun.misc.Unsafe.prefetchRead(Ljava/lang/Object;J)V name or signature does not match> (0x00000000eab07fa8) thrown at [/ssd/Android/AOSP-openjdk/external/jetbrains/jdk/hotspot/src/share/vm/prims/jni.cpp, li
Event: 1,482 Thread 0x00007f6f8c195000 Implicit null exception at 0x00007f6f7c879122 to 0x00007f6f7c8791c2

Events (10 events):
Event: 1,462 loading class com/android/dx/cf/code/SwitchList
Event: 1,462 loading class com/android/dx/cf/code/SwitchList done
Event: 1,482 Thread 0x00007f6f8c195000 Uncommon trap: trap_request=0xfffffff4 fr.pc=0x00007f6f7c8791d0
Event: 1,482 Thread 0x00007f6f8c195000 DEOPT PACKING pc=0x00007f6f7c8791d0 sp=0x00007f6f6222ae00
Event: 1,482 Thread 0x00007f6f8c195000 DEOPT UNPACKING pc=0x00007f6f7c5a8f69 sp=0x00007f6f6222ada8 mode 2
Event: 1,498 Thread 0x00007f6f8c192800 DEOPT PACKING pc=0x00007f6f7c8cbb4b sp=0x00007f6f6242d010
Event: 1,498 Thread 0x00007f6f8c192800 DEOPT UNPACKING pc=0x00007f6f7c5eaf73 sp=0x00007f6f6242cdc8 mode 0
Event: 1,561 Thread 0x00007f6f8c198800 DEOPT PACKING pc=0x00007f6f7c7fdf03 sp=0x00007f6f62029110
Event: 1,561 Thread 0x00007f6f8c198800 DEOPT UNPACKING pc=0x00007f6f7c5eaf73 sp=0x00007f6f62028e88 mode 0
Event: 1,575 Executing VM operation: ParallelGCFailedAllocation


Dynamic libraries:
00400000-00401000 r-xp 00000000 08:01 117965799                          /usr/local/android-studio/jre/bin/java
00600000-00601000 r--p 00000000 08:01 117965799                          /usr/local/android-studio/jre/bin/java
00601000-00602000 rw-p 00001000 08:01 117965799                          /usr/local/android-studio/jre/bin/java
00e0a000-00e2b000 rw-p 00000000 00:00 0                                  [heap]
c0000000-ca800000 rw-p 00000000 00:00 0 
ca800000-eab00000 ---p 00000000 00:00 0 
eab00000-eff00000 rw-p 00000000 00:00 0 
eff00000-100000000 ---p 00000000 00:00 0 
100000000-1000a0000 rw-p 00000000 00:00 0 
1000a0000-140000000 ---p 00000000 00:00 0 
7f6f24000000-7f6f24021000 rw-p 00000000 00:00 0 
7f6f24021000-7f6f28000000 ---p 00000000 00:00 0 
7f6f28000000-7f6f28021000 rw-p 00000000 00:00 0 
7f6f28021000-7f6f2c000000 ---p 00000000 00:00 0 
7f6f2c000000-7f6f2c021000 rw-p 00000000 00:00 0 
7f6f2c021000-7f6f30000000 ---p 00000000 00:00 0 
7f6f30000000-7f6f30023000 rw-p 00000000 00:00 0 
7f6f30023000-7f6f34000000 ---p 00000000 00:00 0 
7f6f34000000-7f6f34021000 rw-p 00000000 00:00 0 
7f6f34021000-7f6f38000000 ---p 00000000 00:00 0 
7f6f38000000-7f6f38028000 rw-p 00000000 00:00 0 
7f6f38028000-7f6f3c000000 ---p 00000000 00:00 0 
7f6f3c000000-7f6f3c399000 rw-p 00000000 00:00 0 
7f6f3c399000-7f6f40000000 ---p 00000000 00:00 0 
7f6f40000000-7f6f40021000 rw-p 00000000 00:00 0 
7f6f40021000-7f6f44000000 ---p 00000000 00:00 0 
7f6f44000000-7f6f4438f000 rw-p 00000000 00:00 0 
7f6f4438f000-7f6f48000000 ---p 00000000 00:00 0 
7f6f48000000-7f6f48363000 rw-p 00000000 00:00 0 
7f6f48363000-7f6f4c000000 ---p 00000000 00:00 0 
7f6f4c000000-7f6f4c021000 rw-p 00000000 00:00 0 
7f6f4c021000-7f6f50000000 ---p 00000000 00:00 0 
7f6f50000000-7f6f50021000 rw-p 00000000 00:00 0 
7f6f50021000-7f6f54000000 ---p 00000000 00:00 0 
7f6f54000000-7f6f54021000 rw-p 00000000 00:00 0 
7f6f54021000-7f6f58000000 ---p 00000000 00:00 0 
7f6f58000000-7f6f58021000 rw-p 00000000 00:00 0 
7f6f58021000-7f6f5c000000 ---p 00000000 00:00 0 
7f6f5c000000-7f6f5c021000 rw-p 00000000 00:00 0 
7f6f5c021000-7f6f60000000 ---p 00000000 00:00 0 
7f6f61f2a000-7f6f61f2d000 ---p 00000000 00:00 0 
7f6f61f2d000-7f6f6202b000 rw-p 00000000 00:00 0 
7f6f6202b000-7f6f6202e000 ---p 00000000 00:00 0 
7f6f6202e000-7f6f6212c000 rw-p 00000000 00:00 0 
7f6f6212c000-7f6f6212f000 ---p 00000000 00:00 0 
7f6f6212f000-7f6f6222d000 rw-p 00000000 00:00 0 
7f6f6222d000-7f6f62230000 ---p 00000000 00:00 0 
7f6f62230000-7f6f6232e000 rw-p 00000000 00:00 0 
7f6f6232e000-7f6f62331000 ---p 00000000 00:00 0 
7f6f62331000-7f6f6242f000 rw-p 00000000 00:00 0 
7f6f6242f000-7f6f62430000 ---p 00000000 00:00 0 
7f6f62430000-7f6f62530000 rw-p 00000000 00:00 0 
7f6f62530000-7f6f62533000 ---p 00000000 00:00 0 
7f6f62533000-7f6f62631000 rw-p 00000000 00:00 0 
7f6f62631000-7f6f62634000 ---p 00000000 00:00 0 
7f6f62634000-7f6f62732000 rw-p 00000000 00:00 0 
7f6f62732000-7f6f62735000 ---p 00000000 00:00 0 
7f6f62735000-7f6f62833000 rw-p 00000000 00:00 0 
7f6f62833000-7f6f62836000 ---p 00000000 00:00 0 
7f6f62836000-7f6f62934000 rw-p 00000000 00:00 0 
7f6f62934000-7f6f62937000 ---p 00000000 00:00 0 
7f6f62937000-7f6f62a35000 rw-p 00000000 00:00 0 
7f6f62a35000-7f6f633f4000 r--p 00000000 08:01 3939084                    /usr/lib/locale/locale-archive
7f6f633f4000-7f6f633f7000 ---p 00000000 00:00 0 
7f6f633f7000-7f6f634f5000 rw-p 00000000 00:00 0 
7f6f634f5000-7f6f634f8000 ---p 00000000 00:00 0 
7f6f634f8000-7f6f635f6000 rw-p 00000000 00:00 0 
7f6f635f6000-7f6f635f7000 ---p 00000000 00:00 0 
7f6f635f7000-7f6f64000000 rw-p 00000000 00:00 0 
7f6f64000000-7f6f64021000 rw-p 00000000 00:00 0 
7f6f64021000-7f6f68000000 ---p 00000000 00:00 0 
7f6f68000000-7f6f68021000 rw-p 00000000 00:00 0 
7f6f68021000-7f6f6c000000 ---p 00000000 00:00 0 
7f6f6c000000-7f6f6c021000 rw-p 00000000 00:00 0 
7f6f6c021000-7f6f70000000 ---p 00000000 00:00 0 
7f6f70000000-7f6f70021000 rw-p 00000000 00:00 0 
7f6f70021000-7f6f74000000 ---p 00000000 00:00 0 
7f6f74000000-7f6f74280000 rw-p 00000000 00:00 0 
7f6f74280000-7f6f78000000 ---p 00000000 00:00 0 
7f6f7803f000-7f6f78047000 r--s 00032000 08:01 119799844                  /home/n3v10t/Android-Projects/BumbleBeeM/app/build/intermediates/exploded-aar/com.android.support/support-compat/24.2.1/jars/libs/internal_impl-24.2.1.jar
7f6f78047000-7f6f78d45000 rw-p 00000000 00:00 0 
7f6f78d45000-7f6f78f12000 r--s 03bec000 08:01 117965856                  /usr/local/android-studio/jre/jre/lib/rt.jar
7f6f78f12000-7f6f795c8000 rw-p 00000000 00:00 0 
7f6f795c8000-7f6f79788000 ---p 00000000 00:00 0 
7f6f79788000-7f6f7b988000 rw-p 00000000 00:00 0 
7f6f7b988000-7f6f7b989000 ---p 00000000 00:00 0 
7f6f7b989000-7f6f7ba89000 rw-p 00000000 00:00 0 
7f6f7ba89000-7f6f7ba8a000 ---p 00000000 00:00 0 
7f6f7ba8a000-7f6f7bb8a000 rw-p 00000000 00:00 0 
7f6f7bb8a000-7f6f7bb8b000 ---p 00000000 00:00 0 
7f6f7bb8b000-7f6f7bc8b000 rw-p 00000000 00:00 0 
7f6f7bc8b000-7f6f7bc8c000 ---p 00000000 00:00 0 
7f6f7bc8c000-7f6f7bd8c000 rw-p 00000000 00:00 0 
7f6f7bd8c000-7f6f7bd8d000 ---p 00000000 00:00 0 
7f6f7bd8d000-7f6f7bee1000 rw-p 00000000 00:00 0 
7f6f7bee1000-7f6f7bfe3000 ---p 00000000 00:00 0 
7f6f7bfe3000-7f6f7c037000 rw-p 00000000 00:00 0 
7f6f7c037000-7f6f7c138000 ---p 00000000 00:00 0 
7f6f7c138000-7f6f7c163000 rw-p 00000000 00:00 0 
7f6f7c163000-7f6f7c1e3000 ---p 00000000 00:00 0 
7f6f7c1e3000-7f6f7c1f4000 rw-p 00000000 00:00 0 
7f6f7c1f4000-7f6f7c5a4000 ---p 00000000 00:00 0 
7f6f7c5a4000-7f6f7c984000 rwxp 00000000 00:00 0 
7f6f7c984000-7f6f8b5a4000 ---p 00000000 00:00 0 
7f6f8b5a4000-7f6f8b5be000 r-xp 00000000 08:01 117965883                  /usr/local/android-studio/jre/jre/lib/amd64/libzip.so
7f6f8b5be000-7f6f8b7be000 ---p 0001a000 08:01 117965883                  /usr/local/android-studio/jre/jre/lib/amd64/libzip.so
7f6f8b7be000-7f6f8b7bf000 r--p 0001a000 08:01 117965883                  /usr/local/android-studio/jre/jre/lib/amd64/libzip.so
7f6f8b7bf000-7f6f8b7c0000 rw-p 0001b000 08:01 117965883                  /usr/local/android-studio/jre/jre/lib/amd64/libzip.so
7f6f8b7c0000-7f6f8b7cb000 r-xp 00000000 08:01 22286722                   /lib/x86_64-linux-gnu/libnss_files-2.23.so
7f6f8b7cb000-7f6f8b9ca000 ---p 0000b000 08:01 22286722                   /lib/x86_64-linux-gnu/libnss_files-2.23.so
7f6f8b9ca000-7f6f8b9cb000 r--p 0000a000 08:01 22286722                   /lib/x86_64-linux-gnu/libnss_files-2.23.so
7f6f8b9cb000-7f6f8b9cc000 rw-p 0000b000 08:01 22286722                   /lib/x86_64-linux-gnu/libnss_files-2.23.so
7f6f8b9cc000-7f6f8b9d2000 rw-p 00000000 00:00 0 
7f6f8b9d2000-7f6f8b9dd000 r-xp 00000000 08:01 22286732                   /lib/x86_64-linux-gnu/libnss_nis-2.23.so
7f6f8b9dd000-7f6f8bbdc000 ---p 0000b000 08:01 22286732                   /lib/x86_64-linux-gnu/libnss_nis-2.23.so
7f6f8bbdc000-7f6f8bbdd000 r--p 0000a000 08:01 22286732                   /lib/x86_64-linux-gnu/libnss_nis-2.23.so
7f6f8bbdd000-7f6f8bbde000 rw-p 0000b000 08:01 22286732                   /lib/x86_64-linux-gnu/libnss_nis-2.23.so
7f6f8bbde000-7f6f8bbf4000 r-xp 00000000 08:01 22286716                   /lib/x86_64-linux-gnu/libnsl-2.23.so
7f6f8bbf4000-7f6f8bdf3000 ---p 00016000 08:01 22286716                   /lib/x86_64-linux-gnu/libnsl-2.23.so
7f6f8bdf3000-7f6f8bdf4000 r--p 00015000 08:01 22286716                   /lib/x86_64-linux-gnu/libnsl-2.23.so
7f6f8bdf4000-7f6f8bdf5000 rw-p 00016000 08:01 22286716                   /lib/x86_64-linux-gnu/libnsl-2.23.so
7f6f8bdf5000-7f6f8bdf7000 rw-p 00000000 00:00 0 
7f6f8bdf7000-7f6f8bdff000 r-xp 00000000 08:01 22286718                   /lib/x86_64-linux-gnu/libnss_compat-2.23.so
7f6f8bdff000-7f6f8bffe000 ---p 00008000 08:01 22286718                   /lib/x86_64-linux-gnu/libnss_compat-2.23.so
7f6f8bffe000-7f6f8bfff000 r--p 00007000 08:01 22286718                   /lib/x86_64-linux-gnu/libnss_compat-2.23.so
7f6f8bfff000-7f6f8c000000 rw-p 00008000 08:01 22286718                   /lib/x86_64-linux-gnu/libnss_compat-2.23.so
7f6f8c000000-7f6f8c3d9000 rw-p 00000000 00:00 0 
7f6f8c3d9000-7f6f90000000 ---p 00000000 00:00 0 
7f6f90001000-7f6f90002000 ---p 00000000 00:00 0 
7f6f90002000-7f6f90102000 rw-p 00000000 00:00 0 
7f6f90102000-7f6f9012f000 r-xp 00000000 08:01 117965893                  /usr/local/android-studio/jre/jre/lib/amd64/libjava.so
7f6f9012f000-7f6f9032e000 ---p 0002d000 08:01 117965893                  /usr/local/android-studio/jre/jre/lib/amd64/libjava.so
7f6f9032e000-7f6f9032f000 r--p 0002c000 08:01 117965893                  /usr/local/android-studio/jre/jre/lib/amd64/libjava.so
7f6f9032f000-7f6f90331000 rw-p 0002d000 08:01 117965893                  /usr/local/android-studio/jre/jre/lib/amd64/libjava.so
7f6f90331000-7f6f90341000 r-xp 00000000 08:01 117965909                  /usr/local/android-studio/jre/jre/lib/amd64/libverify.so
7f6f90341000-7f6f90540000 ---p 00010000 08:01 117965909                  /usr/local/android-studio/jre/jre/lib/amd64/libverify.so
7f6f90540000-7f6f90542000 r--p 0000f000 08:01 117965909                  /usr/local/android-studio/jre/jre/lib/amd64/libverify.so
7f6f90542000-7f6f90543000 rw-p 00011000 08:01 117965909                  /usr/local/android-studio/jre/jre/lib/amd64/libverify.so
7f6f90543000-7f6f9054a000 r-xp 00000000 08:01 22286777                   /lib/x86_64-linux-gnu/librt-2.23.so
7f6f9054a000-7f6f90749000 ---p 00007000 08:01 22286777                   /lib/x86_64-linux-gnu/librt-2.23.so
7f6f90749000-7f6f9074a000 r--p 00006000 08:01 22286777                   /lib/x86_64-linux-gnu/librt-2.23.so
7f6f9074a000-7f6f9074b000 rw-p 00007000 08:01 22286777                   /lib/x86_64-linux-gnu/librt-2.23.so
7f6f9074b000-7f6f90853000 r-xp 00000000 08:01 22286693                   /lib/x86_64-linux-gnu/libm-2.23.so
7f6f90853000-7f6f90a52000 ---p 00108000 08:01 22286693                   /lib/x86_64-linux-gnu/libm-2.23.so
7f6f90a52000-7f6f90a53000 r--p 00107000 08:01 22286693                   /lib/x86_64-linux-gnu/libm-2.23.so
7f6f90a53000-7f6f90a54000 rw-p 00108000 08:01 22286693                   /lib/x86_64-linux-gnu/libm-2.23.so
7f6f90a54000-7f6f9163a000 r-xp 00000000 08:01 117965913                  /usr/local/android-studio/jre/jre/lib/amd64/server/libjvm.so
7f6f9163a000-7f6f9183a000 ---p 00be6000 08:01 117965913                  /usr/local/android-studio/jre/jre/lib/amd64/server/libjvm.so
7f6f9183a000-7f6f918d9000 r--p 00be6000 08:01 117965913                  /usr/local/android-studio/jre/jre/lib/amd64/server/libjvm.so
7f6f918d9000-7f6f91902000 rw-p 00c85000 08:01 117965913                  /usr/local/android-studio/jre/jre/lib/amd64/server/libjvm.so
7f6f91902000-7f6f91944000 rw-p 00000000 00:00 0 
7f6f91944000-7f6f9195c000 r-xp 00000000 08:01 22286769                   /lib/x86_64-linux-gnu/libpthread-2.23.so
7f6f9195c000-7f6f91b5b000 ---p 00018000 08:01 22286769                   /lib/x86_64-linux-gnu/libpthread-2.23.so
7f6f91b5b000-7f6f91b5c000 r--p 00017000 08:01 22286769                   /lib/x86_64-linux-gnu/libpthread-2.23.so
7f6f91b5c000-7f6f91b5d000 rw-p 00018000 08:01 22286769                   /lib/x86_64-linux-gnu/libpthread-2.23.so
7f6f91b5d000-7f6f91b61000 rw-p 00000000 00:00 0 
7f6f91b61000-7f6f91b64000 r-xp 00000000 08:01 22286647                   /lib/x86_64-linux-gnu/libdl-2.23.so
7f6f91b64000-7f6f91d63000 ---p 00003000 08:01 22286647                   /lib/x86_64-linux-gnu/libdl-2.23.so
7f6f91d63000-7f6f91d64000 r--p 00002000 08:01 22286647                   /lib/x86_64-linux-gnu/libdl-2.23.so
7f6f91d64000-7f6f91d65000 rw-p 00003000 08:01 22286647                   /lib/x86_64-linux-gnu/libdl-2.23.so
7f6f91d65000-7f6f91f25000 r-xp 00000000 08:01 22286623                   /lib/x86_64-linux-gnu/libc-2.23.so
7f6f91f25000-7f6f92124000 ---p 001c0000 08:01 22286623                   /lib/x86_64-linux-gnu/libc-2.23.so
7f6f92124000-7f6f92128000 r--p 001bf000 08:01 22286623                   /lib/x86_64-linux-gnu/libc-2.23.so
7f6f92128000-7f6f9212a000 rw-p 001c3000 08:01 22286623                   /lib/x86_64-linux-gnu/libc-2.23.so
7f6f9212a000-7f6f9212e000 rw-p 00000000 00:00 0 
7f6f9212e000-7f6f92144000 r-xp 00000000 08:01 117965773                  /usr/local/android-studio/jre/lib/amd64/jli/libjli.so
7f6f92144000-7f6f92343000 ---p 00016000 08:01 117965773                  /usr/local/android-studio/jre/lib/amd64/jli/libjli.so
7f6f92343000-7f6f92344000 r--p 00015000 08:01 117965773                  /usr/local/android-studio/jre/lib/amd64/jli/libjli.so
7f6f92344000-7f6f92345000 rw-p 00016000 08:01 117965773                  /usr/local/android-studio/jre/lib/amd64/jli/libjli.so
7f6f92345000-7f6f9236b000 r-xp 00000000 08:01 22286595                   /lib/x86_64-linux-gnu/ld-2.23.so
7f6f9236f000-7f6f92448000 rw-p 00000000 00:00 0 
7f6f92448000-7f6f9244b000 ---p 00000000 00:00 0 
7f6f9244b000-7f6f9254d000 rw-p 00000000 00:00 0 
7f6f92550000-7f6f9255e000 r--s 000e0000 08:01 106696168                  /home/n3v10t/Android/Sdk/build-tools/24.0.1/lib/dx.jar
7f6f9255e000-7f6f92566000 rw-s 00000000 08:01 107089016                  /tmp/hsperfdata_n3v10t/20493
7f6f92566000-7f6f92567000 rw-p 00000000 00:00 0 
7f6f92567000-7f6f92568000 ---p 00000000 00:00 0 
7f6f92568000-7f6f9256a000 rw-p 00000000 00:00 0 
7f6f9256a000-7f6f9256b000 r--p 00025000 08:01 22286595                   /lib/x86_64-linux-gnu/ld-2.23.so
7f6f9256b000-7f6f9256c000 rw-p 00026000 08:01 22286595                   /lib/x86_64-linux-gnu/ld-2.23.so
7f6f9256c000-7f6f9256d000 rw-p 00000000 00:00 0 
7fff9dfca000-7fff9dfec000 rw-p 00000000 00:00 0                          [stack]
7fff9dfed000-7fff9dfef000 r--p 00000000 00:00 0                          [vvar]
7fff9dfef000-7fff9dff1000 r-xp 00000000 00:00 0                          [vdso]
ffffffffff600000-ffffffffff601000 r-xp 00000000 00:00 0                  [vsyscall]

VM Arguments:
jvm_args: -Djava.awt.headless=true -Xmx1024M -Dfile.encoding=UTF-8 -Duser.country=US -Duser.language=en -Duser.variant 
java_command: com.android.dx.command.Main --dex --force-jumbo --num-threads=4 --multi-dex --output /home/n3v10t/Android-Projects/BumbleBeeM/app/build/intermediates/transforms/dex/debug/folders/1000/10/internal_impl-24.2.1_0a14654b3a6c28f261365ecfeb4e26ef3fb18e63 /home/n3v10t/Android-Projects/BumbleBeeM/app/build/intermediates/exploded-aar/com.android.support/support-compat/24.2.1/jars/libs/internal_impl-24.2.1.jar
java_class_path (initial): /home/n3v10t/Android/Sdk/build-tools/24.0.1/lib/dx.jar
Launcher Type: SUN_STANDARD

Environment Variables:
PATH=/home/n3v10t/bin:/home/n3v10t/.local/bin:/usr/local/sbin:/usr/local/bin:/usr/sbin:/usr/bin:/sbin:/bin:/usr/games:/usr/local/games:/snap/bin
LD_LIBRARY_PATH=.:
SHELL=/bin/bash
DISPLAY=:0

Signal Handlers:
SIGSEGV: [libjvm.so+0x9daac0], sa_mask[0]=11111111011111111101111111111110, sa_flags=SA_RESTART|SA_SIGINFO
SIGBUS: [libjvm.so+0x9daac0], sa_mask[0]=11111111011111111101111111111110, sa_flags=SA_RESTART|SA_SIGINFO
SIGFPE: [libjvm.so+0x840d90], sa_mask[0]=11111111011111111101111111111110, sa_flags=SA_RESTART|SA_SIGINFO
SIGPIPE: [libjvm.so+0x840d90], sa_mask[0]=11111111011111111101111111111110, sa_flags=SA_RESTART|SA_SIGINFO
SIGXFSZ: [libjvm.so+0x840d90], sa_mask[0]=11111111011111111101111111111110, sa_flags=SA_RESTART|SA_SIGINFO
SIGILL: [libjvm.so+0x840d90], sa_mask[0]=11111111011111111101111111111110, sa_flags=SA_RESTART|SA_SIGINFO
SIGUSR1: SIG_DFL, sa_mask[0]=00000000000000000000000000000000, sa_flags=none
SIGUSR2: [libjvm.so+0x840c60], sa_mask[0]=00100000000000000000000000000000, sa_flags=SA_RESTART|SA_SIGINFO
SIGHUP: [libjvm.so+0x840e50], sa_mask[0]=11111111011111111101111111111110, sa_flags=SA_RESTART|SA_SIGINFO
SIGINT: [libjvm.so+0x840e50], sa_mask[0]=11111111011111111101111111111110, sa_flags=SA_RESTART|SA_SIGINFO
SIGTERM: [libjvm.so+0x840e50], sa_mask[0]=11111111011111111101111111111110, sa_flags=SA_RESTART|SA_SIGINFO
SIGQUIT: [libjvm.so+0x840e50], sa_mask[0]=11111111011111111101111111111110, sa_flags=SA_RESTART|SA_SIGINFO


---------------  S Y S T E M  ---------------

OS:DISTRIB_ID=Ubuntu
DISTRIB_RELEASE=16.04
DISTRIB_CODENAME=xenial
DISTRIB_DESCRIPTION="Ubuntu 16.04.1 LTS"

uname:Linux 4.4.0-42-generic #62-Ubuntu SMP Fri Oct 7 23:11:45 UTC 2016 x86_64
libc:glibc 2.23 NPTL 2.23 
rlimit: STACK 8192k, CORE 0k, NPROC 63770, NOFILE 65536, AS infinity
load average:0,45 0,23 0,35

/proc/meminfo:
MemTotal:       16431440 kB
MemFree:         5521248 kB
MemAvailable:   12600268 kB
Buffers:          275004 kB
Cached:          6803252 kB
SwapCached:            0 kB
Active:          8176984 kB
Inactive:        2122244 kB
Active(anon):    3222716 kB
Inactive(anon):    62572 kB
Active(file):    4954268 kB
Inactive(file):  2059672 kB
Unevictable:          64 kB
Mlocked:              64 kB
SwapTotal:      16774140 kB
SwapFree:       16774140 kB
Dirty:             22584 kB
Writeback:             0 kB
AnonPages:       3229464 kB
Mapped:           370152 kB
Shmem:             64320 kB
Slab:             447332 kB
SReclaimable:     402368 kB
SUnreclaim:        44964 kB
KernelStack:       13696 kB
PageTables:        50440 kB
NFS_Unstable:          0 kB
Bounce:                0 kB
WritebackTmp:          0 kB
CommitLimit:    24989860 kB
Committed_AS:    9423580 kB
VmallocTotal:   34359738367 kB
VmallocUsed:           0 kB
VmallocChunk:          0 kB
HardwareCorrupted:     0 kB
AnonHugePages:   1957888 kB
CmaTotal:              0 kB
CmaFree:               0 kB
HugePages_Total:       0
HugePages_Free:        0
HugePages_Rsvd:        0
HugePages_Surp:        0
Hugepagesize:       2048 kB
DirectMap4k:      209472 kB
DirectMap2M:     6080512 kB
DirectMap1G:    10485760 kB


CPU:total 6 (6 cores per cpu, 1 threads per core) family 16 model 10 stepping 0, cmov, cx8, fxsr, mmx, sse, sse2, sse3, popcnt, mmxext, 3dnowpref, lzcnt, sse4a, tsc, tscinvbit, tscinv

/proc/cpuinfo:
processor	: 0
vendor_id	: AuthenticAMD
cpu family	: 16
model		: 10
model name	: AMD Phenom(tm) II X6 1090T Processor
stepping	: 0
microcode	: 0x10000bf
cpu MHz		: 3200.000
cache size	: 512 KB
physical id	: 0
siblings	: 6
core id		: 0
cpu cores	: 6
apicid		: 0
initial apicid	: 0
fpu		: yes
fpu_exception	: yes
cpuid level	: 6
wp		: yes
flags		: fpu vme de pse tsc msr pae mce cx8 apic sep mtrr pge mca cmov pat pse36 clflush mmx fxsr sse sse2 ht syscall nx mmxext fxsr_opt pdpe1gb rdtscp lm 3dnowext 3dnow constant_tsc rep_good nopl nonstop_tsc extd_apicid aperfmperf pni monitor cx16 popcnt lahf_lm cmp_legacy svm extapic cr8_legacy abm sse4a misalignsse 3dnowprefetch osvw ibs skinit wdt cpb hw_pstate vmmcall npt lbrv svm_lock nrip_save pausefilter
bugs		: tlb_mmatch apic_c1e fxsave_leak sysret_ss_attrs
bogomips	: 7449.35
TLB size	: 1024 4K pages
clflush size	: 64
cache_alignment	: 64
address sizes	: 48 bits physical, 48 bits virtual
power management: ts ttp tm stc 100mhzsteps hwpstate cpb

processor	: 1
vendor_id	: AuthenticAMD
cpu family	: 16
model		: 10
model name	: AMD Phenom(tm) II X6 1090T Processor
stepping	: 0
microcode	: 0x10000bf
cpu MHz		: 3200.000
cache size	: 512 KB
physical id	: 0
siblings	: 6
core id		: 1
cpu cores	: 6
apicid		: 1
initial apicid	: 1
fpu		: yes
fpu_exception	: yes
cpuid level	: 6
wp		: yes
flags		: fpu vme de pse tsc msr pae mce cx8 apic sep mtrr pge mca cmov pat pse36 clflush mmx fxsr sse sse2 ht syscall nx mmxext fxsr_opt pdpe1gb rdtscp lm 3dnowext 3dnow constant_tsc rep_good nopl nonstop_tsc extd_apicid aperfmperf pni monitor cx16 popcnt lahf_lm cmp_legacy svm extapic cr8_legacy abm sse4a misalignsse 3dnowprefetch osvw ibs skinit wdt cpb hw_pstate vmmcall npt lbrv svm_lock nrip_save pausefilter
bugs		: tlb_mmatch apic_c1e fxsave_leak sysret_ss_attrs
bogomips	: 7449.35
TLB size	: 1024 4K pages
clflush size	: 64
cache_alignment	: 64
address sizes	: 48 bits physical, 48 bits virtual
power management: ts ttp tm stc 100mhzsteps hwpstate cpb

processor	: 2
vendor_id	: AuthenticAMD
cpu family	: 16
model		: 10
model name	: AMD Phenom(tm) II X6 1090T Processor
stepping	: 0
microcode	: 0x10000bf
cpu MHz		: 3200.000
cache size	: 512 KB
physical id	: 0
siblings	: 6
core id		: 2
cpu cores	: 6
apicid		: 2
initial apicid	: 2
fpu		: yes
fpu_exception	: yes
cpuid level	: 6
wp		: yes
flags		: fpu vme de pse tsc msr pae mce cx8 apic sep mtrr pge mca cmov pat pse36 clflush mmx fxsr sse sse2 ht syscall nx mmxext fxsr_opt pdpe1gb rdtscp lm 3dnowext 3dnow constant_tsc rep_good nopl nonstop_tsc extd_apicid aperfmperf pni monitor cx16 popcnt lahf_lm cmp_legacy svm extapic cr8_legacy abm sse4a misalignsse 3dnowprefetch osvw ibs skinit wdt cpb hw_pstate vmmcall npt lbrv svm_lock nrip_save pausefilter
bugs		: tlb_mmatch apic_c1e fxsave_leak sysret_ss_attrs
bogomips	: 7449.35
TLB size	: 1024 4K pages
clflush size	: 64
cache_alignment	: 64
address sizes	: 48 bits physical, 48 bits virtual
power management: ts ttp tm stc 100mhzsteps hwpstate cpb

processor	: 3
vendor_id	: AuthenticAMD
cpu family	: 16
model		: 10
model name	: AMD Phenom(tm) II X6 1090T Processor
stepping	: 0
microcode	: 0x10000bf
cpu MHz		: 3200.000
cache size	: 512 KB
physical id	: 0
siblings	: 6
core id		: 3
cpu cores	: 6
apicid		: 3
initial apicid	: 3
fpu		: yes
fpu_exception	: yes
cpuid level	: 6
wp		: yes
flags		: fpu vme de pse tsc msr pae mce cx8 apic sep mtrr pge mca cmov pat pse36 clflush mmx fxsr sse sse2 ht syscall nx mmxext fxsr_opt pdpe1gb rdtscp lm 3dnowext 3dnow constant_tsc rep_good nopl nonstop_tsc extd_apicid aperfmperf pni monitor cx16 popcnt lahf_lm cmp_legacy svm extapic cr8_legacy abm sse4a misalignsse 3dnowprefetch osvw ibs skinit wdt cpb hw_pstate vmmcall npt lbrv svm_lock nrip_save pausefilter
bugs		: tlb_mmatch apic_c1e fxsave_leak sysret_ss_attrs
bogomips	: 7449.35
TLB size	: 1024 4K pages
clflush size	: 64
cache_alignment	: 64
address sizes	: 48 bits physical, 48 bits virtual
power management: ts ttp tm stc 100mhzsteps hwpstate cpb

processor	: 4
vendor_id	: AuthenticAMD
cpu family	: 16
model		: 10
model name	: AMD Phenom(tm) II X6 1090T Processor
stepping	: 0
microcode	: 0x10000bf
cpu MHz		: 3200.000
cache size	: 512 KB
physical id	: 0
siblings	: 6
core id		: 4
cpu cores	: 6
apicid		: 4
initial apicid	: 4
fpu		: yes
fpu_exception	: yes
cpuid level	: 6
wp		: yes
flags		: fpu vme de pse tsc msr pae mce cx8 apic sep mtrr pge mca cmov pat pse36 clflush mmx fxsr sse sse2 ht syscall nx mmxext fxsr_opt pdpe1gb rdtscp lm 3dnowext 3dnow constant_tsc rep_good nopl nonstop_tsc extd_apicid aperfmperf pni monitor cx16 popcnt lahf_lm cmp_legacy svm extapic cr8_legacy abm sse4a misalignsse 3dnowprefetch osvw ibs skinit wdt cpb hw_pstate vmmcall npt lbrv svm_lock nrip_save pausefilter
bugs		: tlb_mmatch apic_c1e fxsave_leak sysret_ss_attrs
bogomips	: 7449.35
TLB size	: 1024 4K pages
clflush size	: 64
cache_alignment	: 64
address sizes	: 48 bits physical, 48 bits virtual
power management: ts ttp tm stc 100mhzsteps hwpstate cpb

processor	: 5
vendor_id	: AuthenticAMD
cpu family	: 16
model		: 10
model name	: AMD Phenom(tm) II X6 1090T Processor
stepping	: 0
microcode	: 0x10000bf
cpu MHz		: 3200.000
cache size	: 512 KB
physical id	: 0
siblings	: 6
core id		: 5
cpu cores	: 6
apicid		: 5
initial apicid	: 5
fpu		: yes
fpu_exception	: yes
cpuid level	: 6
wp		: yes
flags		: fpu vme de pse tsc msr pae mce cx8 apic sep mtrr pge mca cmov pat pse36 clflush mmx fxsr sse sse2 ht syscall nx mmxext fxsr_opt pdpe1gb rdtscp lm 3dnowext 3dnow constant_tsc rep_good nopl nonstop_tsc extd_apicid aperfmperf pni monitor cx16 popcnt lahf_lm cmp_legacy svm extapic cr8_legacy abm sse4a misalignsse 3dnowprefetch osvw ibs skinit wdt cpb hw_pstate vmmcall npt lbrv svm_lock nrip_save pausefilter
bugs		: tlb_mmatch apic_c1e fxsave_leak sysret_ss_attrs
bogomips	: 7449.35
TLB size	: 1024 4K pages
clflush size	: 64
cache_alignment	: 64
address sizes	: 48 bits physical, 48 bits virtual
power management: ts ttp tm stc 100mhzsteps hwpstate cpb



Memory: 4k page, physical 16431440k(5521248k free), swap 16774140k(16774140k free)

vm_info: OpenJDK 64-Bit Server VM (25.76-b03) for linux-amd64 JRE (1.8.0_76-release-b03), built on Jun 29 2016 09:39:19 by "builder" with gcc 4.8.4

time: Thu Oct 20 13:05:29 2016
elapsed time: 1 seconds (0d 0h 0m 1s)

