#
# A fatal error has been detected by the Java Runtime Environment:
#
#  SIGSEGV (0xb) at pc=0x00007f0fb4a75002, pid=22364, tid=0x00007f0fb24fd700
#
# JRE version: OpenJDK Runtime Environment (8.0_76-b03) (build 1.8.0_76-release-b03)
# Java VM: OpenJDK 64-Bit Server VM (25.76-b03 mixed mode linux-amd64 compressed oops)
# Problematic frame:
# V  [libjvm.so+0x8b0002]  oopDesc* PSPromotionManager::copy_to_survivor_space<false>(oopDesc*)+0x2e2
#
# Failed to write core dump. Core dumps have been disabled. To enable core dumping, try "ulimit -c unlimited" before starting Java again
#
# If you would like to submit a bug report, please visit:
#   http://bugreport.java.com/bugreport/crash.jsp
#

---------------  T H R E A D  ---------------

Current thread (0x00007f0fac022800):  GCTaskThread [stack: 0x00007f0fb23fd000,0x00007f0fb24fe000] [id=22379]

siginfo: si_signo: 11 (SIGSEGV), si_code: 1 (SEGV_MAPERR), si_addr: 0x00000000000000e8

Registers:
RAX=0x0000000000000000, RBX=0x00000000eda4fe30, RCX=0x0000000000000000, RDX=0x00007f0fb505eb80
RSP=0x00007f0fb24fccb0, RBP=0x00007f0fb24fcd10, RSI=0x00000000eda4fe30, RDI=0x0000000100083408
R8 =0x0000000000000001, R9 =0x00007f0fac078998, R10=0x0000000000000000, R11=0x00007f0fb50886c0
R12=0x00000000ef0ab5a4, R13=0x0000000000000001, R14=0x00007f0fac078900, R15=0x00007f0fb505eb90
RIP=0x00007f0fb4a75002, EFLAGS=0x0000000000010246, CSGSFS=0x0000000000000033, ERR=0x0000000000000004
  TRAPNO=0x000000000000000e

Top of Stack: (sp=0x00007f0fb24fccb0)
0x00007f0fb24fccb0:   00007f0fb24fcd10 00007f0fb47a42d1
0x00007f0fb24fccc0:   0000000000000000 0000000000000001
0x00007f0fb24fccd0:   00000000ef0a6ac8 0000000000001000
0x00007f0fb24fcce0:   0000000000000000 00007f0fac078900
0x00007f0fb24fccf0:   00000000ef0ab5a4 0000000000000001
0x00007f0fb24fcd00:   00007f0fac078998 00007f0fb505eb90
0x00007f0fb24fcd10:   00007f0fb24fcd80 00007f0fb4a747e8
0x00007f0fb24fcd20:   00007f0fb24fcd80 00007f0fac078968
0x00007f0fb24fcd30:   0000000000000000 00000000eef26ac8
0x00007f0fb24fcd40:   0000000100000000 0000000000001000
0x00007f0fb24fcd50:   00007f0fac023f00 0000000000000002
0x00007f0fb24fcd60:   00007f0fb24fcdb0 00007f0fb24fcdc0
0x00007f0fb24fcd70:   0000000000000001 00007f0fac0791f0
0x00007f0fb24fcd80:   00007f0fb24fce00 00007f0fb4a788ca
0x00007f0fb24fcd90:   00007f0fb505eb90 00000000eef194cc
0x00007f0fb24fcda0:   00007f0f68275270 00007f0fac078900
0x00007f0fb24fcdb0:   00007f0f6605ced1 00007f0fb4a0f3d1
0x00007f0fb24fcdc0:   00000000eef194cd 00007f0f68275270
0x00007f0fb24fcdd0:   00007f0fb24fce00 0000000000000001
0x00007f0fb24fcde0:   00007f0f68275270 00007f0fb4c2238d
0x00007f0fb24fcdf0:   00007f0fac022800 00007f0fb507d4d8
0x00007f0fb24fce00:   00007f0fb24fcf10 00007f0fb4743f02
0x00007f0fb24fce10:   00000000000003d8 00007f0fac023418
0x00007f0fb24fce20:   00007f0fac023040 00007f0fb24fcea0
0x00007f0fb24fce30:   00007f0fac022ff0 00007f0fac023030
0x00007f0fb24fce40:   00007f0fb24fce50 0000000000000000
0x00007f0fb24fce50:   0000000000000000 00007f0fac023c00
0x00007f0fb24fce60:   00007f0fac022800 00007f0fac023420
0x00007f0fb24fce70:   00007f0fac023460 00007f0fac023470
0x00007f0fb24fce80:   00007f0fac023548 00000000000000d8
0x00007f0fb24fce90:   00007f0fac023680 00007f0fac023ff0
0x00007f0fb24fcea0:   00007f0fac022800 00007f0fac023420 

Instructions: (pc=0x00007f0fb4a75002)
0x00007f0fb4a74fe2:   3a 8b 4f 08 83 f9 00 0f 8f 7d fd ff ff 0f 85 3b
0x00007f0fb4a74ff2:   02 00 00 0f 1f 00 48 8b 07 4c 89 45 b8 48 89 de
0x00007f0fb4a75002:   ff 90 e8 00 00 00 4c 8b 45 b8 e9 69 fd ff ff 0f
0x00007f0fb4a75012:   1f 80 00 00 00 00 41 80 7e 59 00 75 6e 48 8d 05 

Register to memory mapping:

RAX=0x0000000000000000 is an unknown value
RBX=0x00000000eda4fe30 is an oop

[error occurred during error reporting (printing register info), id 0xb]

Stack: [0x00007f0fb23fd000,0x00007f0fb24fe000],  sp=0x00007f0fb24fccb0,  free space=1023k
Native frames: (J=compiled Java code, j=interpreted, Vv=VM code, C=native code)
V  [libjvm.so+0x8b0002]  oopDesc* PSPromotionManager::copy_to_survivor_space<false>(oopDesc*)+0x2e2
V  [libjvm.so+0x8af7e8]  PSPromotionManager::drain_stacks_depth(bool)+0x6d8
V  [libjvm.so+0x8b38ca]  StealTask::do_it(GCTaskManager*, unsigned int)+0x18a
V  [libjvm.so+0x57ef02]  GCTaskThread::run()+0x162
V  [libjvm.so+0x8425b2]  java_start(Thread*)+0xf2


---------------  P R O C E S S  ---------------

Java Threads: ( => current thread )
  0x00007f0fac19c000 JavaThread "pool-2-thread-4" [_thread_blocked, id=22431, stack(0x00007f0f8d6bf000,0x00007f0f8d7c0000)]
  0x00007f0fac19a800 JavaThread "pool-2-thread-3" [_thread_blocked, id=22430, stack(0x00007f0f8d7c0000,0x00007f0f8d8c1000)]
  0x00007f0fac198800 JavaThread "pool-2-thread-2" [_thread_blocked, id=22429, stack(0x00007f0f8d8c1000,0x00007f0f8d9c2000)]
  0x00007f0fac192800 JavaThread "pool-3-thread-1" [_thread_blocked, id=22425, stack(0x00007f0f8d9c2000,0x00007f0f8dac3000)]
  0x00007f0fac191000 JavaThread "pool-2-thread-1" [_thread_blocked, id=22424, stack(0x00007f0f8dac3000,0x00007f0f8dbc4000)]
  0x00007f0fac0c4800 JavaThread "Service Thread" daemon [_thread_blocked, id=22398, stack(0x00007f0f8dcc5000,0x00007f0f8ddc6000)]
  0x00007f0fac0c1800 JavaThread "C1 CompilerThread2" daemon [_thread_in_native, id=22397, stack(0x00007f0f8ddc6000,0x00007f0f8dec7000)]
  0x00007f0fac0c0000 JavaThread "C2 CompilerThread1" daemon [_thread_blocked, id=22396, stack(0x00007f0f8dec7000,0x00007f0f8dfc8000)]
  0x00007f0fac0bd000 JavaThread "C2 CompilerThread0" daemon [_thread_blocked, id=22393, stack(0x00007f0f8dfc8000,0x00007f0f8e0c9000)]
  0x00007f0fac0bb800 JavaThread "Signal Dispatcher" daemon [_thread_blocked, id=22392, stack(0x00007f0f8e0c9000,0x00007f0f8e1ca000)]
  0x00007f0fac087800 JavaThread "Finalizer" daemon [_thread_blocked, id=22389, stack(0x00007f0f8eb89000,0x00007f0f8ec8a000)]
  0x00007f0fac083000 JavaThread "Reference Handler" daemon [_thread_blocked, id=22388, stack(0x00007f0f8ec8a000,0x00007f0f8ed8b000)]
  0x00007f0fac00a000 JavaThread "main" [_thread_blocked, id=22367, stack(0x00007f0fb5bb9000,0x00007f0fb5cba000)]

Other Threads:
  0x00007f0fac07b800 VMThread [stack: 0x00007f0f8ed8b000,0x00007f0f8ee8c000] [id=22387]
  0x00007f0fac0c7000 WatcherThread [stack: 0x00007f0f8dbc4000,0x00007f0f8dcc5000] [id=22405]

=>0x00007f0fac022800 (exited) GCTaskThread [stack: 0x00007f0fb23fd000,0x00007f0fb24fe000] [id=22379]

VM state:at safepoint (normal execution)

VM Mutex/Monitor currently owned by a thread:  ([mutex/lock_event])
[0x00007f0fac006640] Threads_lock - owner thread: 0x00007f0fac07b800
[0x00007f0fac006b40] Heap_lock - owner thread: 0x00007f0fac191000

Heap:
 PSYoungGen      total 75264K, used 64512K [0x00000000eab00000, 0x00000000eff00000, 0x0000000100000000)
  eden space 64512K, 100% used [0x00000000eab00000,0x00000000eea00000,0x00000000eea00000)
  from space 10752K, 0% used [0x00000000ef480000,0x00000000ef480000,0x00000000eff00000)
  to   space 10752K, 89% used [0x00000000eea00000,0x00000000ef366ac8,0x00000000ef480000)
 ParOldGen       total 172032K, used 8K [0x00000000c0000000, 0x00000000ca800000, 0x00000000eab00000)
  object space 172032K, 0% used [0x00000000c0000000,0x00000000c0002000,0x00000000ca800000)
 Metaspace       used 5698K, capacity 6896K, committed 7040K, reserved 1056768K
  class space    used 560K, capacity 616K, committed 640K, reserved 1048576K

Card table byte_map: [0x00007f0fb2856000,0x00007f0fb2a57000] byte_map_base: 0x00007f0fb2256000

Marking Bits: (ParMarkBitMap*) 0x00007f0fb50881a0
 Begin Bits: [0x00007f0fb00fa000, 0x00007f0fb10fa000)
 End Bits:   [0x00007f0fb10fa000, 0x00007f0fb20fa000)

Polling page: 0x00007f0fb5cd8000

CodeCache: size=245760Kb used=4100Kb max_used=4100Kb free=241659Kb
 bounds [0x00007f0f9d000000, 0x00007f0f9d410000, 0x00007f0fac000000]
 total_blobs=1436 nmethods=1176 adapters=176
 compilation: enabled

Compilation events (10 events):
Event: 1,289 Thread 0x00007f0fac0bd000 1205       4       com.android.dx.util.LabeledList::set (45 bytes)
Event: 1,292 Thread 0x00007f0fac0c0000 nmethod 1203 0x00007f0f9d3fba90 code [0x00007f0f9d3fbc00, 0x00007f0f9d3fbe38]
Event: 1,292 Thread 0x00007f0fac0c0000 1219       4       com.android.dx.rop.cst.CstBaseMethodRef::compareTo0 (29 bytes)
Event: 1,300 Thread 0x00007f0fac0bd000 nmethod 1205 0x00007f0f9d3fc9d0 code [0x00007f0f9d3fcb80, 0x00007f0f9d3fd248]
Event: 1,300 Thread 0x00007f0fac0bd000 1233       4       com.android.dx.ssa.SsaBasicBlock::forEachInsn (37 bytes)
Event: 1,306 Thread 0x00007f0fac0c1800 1239       2       com.android.dx.rop.cst.Constant::compareTo (33 bytes)
Event: 1,306 Thread 0x00007f0fac0c1800 nmethod 1239 0x00007f0f9d3fc410 code [0x00007f0f9d3fc5a0, 0x00007f0f9d3fc818]
Event: 1,306 Thread 0x00007f0fac0c1800 1234 %     3       com.android.dx.rop.code.LocalVariableExtractor::processBlock @ 68 (327 bytes)
Event: 1,308 Thread 0x00007f0fac0c1800 nmethod 1234% 0x00007f0f9d400c10 code [0x00007f0f9d4010a0, 0x00007f0f9d404cb8]
Event: 1,308 Thread 0x00007f0fac0c1800 1231 %     3       com.android.dx.ssa.DeadCodeRemover::pruneDeadInstructions @ 26 (246 bytes)

GC Heap History (1 events):
Event: 1,309 GC heap before
{Heap before GC invocations=1 (full 0):
 PSYoungGen      total 75264K, used 64512K [0x00000000eab00000, 0x00000000eff00000, 0x0000000100000000)
  eden space 64512K, 100% used [0x00000000eab00000,0x00000000eea00000,0x00000000eea00000)
  from space 10752K, 0% used [0x00000000ef480000,0x00000000ef480000,0x00000000eff00000)
  to   space 10752K, 0% used [0x00000000eea00000,0x00000000eea00000,0x00000000ef480000)
 ParOldGen       total 172032K, used 0K [0x00000000c0000000, 0x00000000ca800000, 0x00000000eab00000)
  object space 172032K, 0% used [0x00000000c0000000,0x00000000c0000000,0x00000000ca800000)
 Metaspace       used 5698K, capacity 6896K, committed 7040K, reserved 1056768K
  class space    used 560K, capacity 616K, committed 640K, reserved 1048576K

Deoptimization events (9 events):
Event: 0,188 Thread 0x00007f0fac00a000 Uncommon trap: reason=unstable_if action=reinterpret pc=0x00007f0f9d1465d0 method=java.lang.String.indexOf(II)I @ 49
Event: 0,420 Thread 0x00007f0fac19c000 Uncommon trap: reason=unstable_if action=reinterpret pc=0x00007f0f9d1dd194 method=java.util.HashMap.getNode(ILjava/lang/Object;)Ljava/util/HashMap$Node; @ 62
Event: 1,093 Thread 0x00007f0fac198800 Uncommon trap: reason=class_check action=maybe_recompile pc=0x00007f0f9d2fe564 method=com.android.dx.ssa.NormalSsaInsn.accept(Lcom/android/dx/ssa/SsaInsn$Visitor;)V @ 9
Event: 1,093 Thread 0x00007f0fac198800 Uncommon trap: reason=class_check action=maybe_recompile pc=0x00007f0f9d2dc4bc method=com.android.dx.ssa.NormalSsaInsn.accept(Lcom/android/dx/ssa/SsaInsn$Visitor;)V @ 9
Event: 1,093 Thread 0x00007f0fac198800 Uncommon trap: reason=class_check action=maybe_recompile pc=0x00007f0f9d2dc4bc method=com.android.dx.ssa.NormalSsaInsn.accept(Lcom/android/dx/ssa/SsaInsn$Visitor;)V @ 9
Event: 1,093 Thread 0x00007f0fac198800 Uncommon trap: reason=class_check action=maybe_recompile pc=0x00007f0f9d2dc4bc method=com.android.dx.ssa.NormalSsaInsn.accept(Lcom/android/dx/ssa/SsaInsn$Visitor;)V @ 9
Event: 1,102 Thread 0x00007f0fac19a800 Uncommon trap: reason=class_check action=maybe_recompile pc=0x00007f0f9d2fe564 method=com.android.dx.ssa.NormalSsaInsn.accept(Lcom/android/dx/ssa/SsaInsn$Visitor;)V @ 9
Event: 1,158 Thread 0x00007f0fac198800 Uncommon trap: reason=unstable_if action=reinterpret pc=0x00007f0f9d3293b8 method=com.android.dx.rop.code.RegisterSpecSet.put(Lcom/android/dx/rop/code/RegisterSpec;)V @ 77
Event: 1,303 Thread 0x00007f0fac19a800 Uncommon trap: reason=unstable_if action=reinterpret pc=0x00007f0f9d327a5c method=com.android.dx.rop.cst.Constant.compareTo(Lcom/android/dx/rop/cst/Constant;)I @ 12

Internal exceptions (2 events):
Event: 0,030 Thread 0x00007f0fac00a000 Exception <a 'java/lang/NoSuchMethodError': Method sun.misc.Unsafe.defineClass(Ljava/lang/String;[BII)Ljava/lang/Class; name or signature does not match> (0x00000000eab07cc0) thrown at [/ssd/Android/AOSP-openjdk/external/jetbrains/jdk/hotspot/src/share/vm
Event: 0,030 Thread 0x00007f0fac00a000 Exception <a 'java/lang/NoSuchMethodError': Method sun.misc.Unsafe.prefetchRead(Ljava/lang/Object;J)V name or signature does not match> (0x00000000eab07fa8) thrown at [/ssd/Android/AOSP-openjdk/external/jetbrains/jdk/hotspot/src/share/vm/prims/jni.cpp, li

Events (10 events):
Event: 1,227 Thread 0x00007f0fac19a800 DEOPT PACKING pc=0x00007f0f9d3685cb sp=0x00007f0f8d8bf010
Event: 1,227 Thread 0x00007f0fac19a800 DEOPT UNPACKING pc=0x00007f0f9d046f73 sp=0x00007f0f8d8bedc8 mode 0
Event: 1,252 Thread 0x00007f0fac19c000 DEOPT PACKING pc=0x00007f0f9d313f9d sp=0x00007f0f8d7be560
Event: 1,252 Thread 0x00007f0fac19c000 DEOPT UNPACKING pc=0x00007f0f9d046f73 sp=0x00007f0f8d7be298 mode 0
Event: 1,257 loading class com/android/dx/rop/code/RegOps
Event: 1,257 loading class com/android/dx/rop/code/RegOps done
Event: 1,303 Thread 0x00007f0fac19a800 Uncommon trap: trap_request=0xffffff65 fr.pc=0x00007f0f9d327a5c
Event: 1,303 Thread 0x00007f0fac19a800 DEOPT PACKING pc=0x00007f0f9d327a5c sp=0x00007f0f8d8bee90
Event: 1,303 Thread 0x00007f0fac19a800 DEOPT UNPACKING pc=0x00007f0f9d004f69 sp=0x00007f0f8d8bee50 mode 2
Event: 1,309 Executing VM operation: ParallelGCFailedAllocation


Dynamic libraries:
00400000-00401000 r-xp 00000000 08:01 117965799                          /usr/local/android-studio/jre/bin/java
00600000-00601000 r--p 00000000 08:01 117965799                          /usr/local/android-studio/jre/bin/java
00601000-00602000 rw-p 00001000 08:01 117965799                          /usr/local/android-studio/jre/bin/java
01713000-01734000 rw-p 00000000 00:00 0                                  [heap]
c0000000-ca800000 rw-p 00000000 00:00 0 
ca800000-eab00000 ---p 00000000 00:00 0 
eab00000-eff00000 rw-p 00000000 00:00 0 
eff00000-100000000 ---p 00000000 00:00 0 
100000000-1000a0000 rw-p 00000000 00:00 0 
1000a0000-140000000 ---p 00000000 00:00 0 
7f0f48000000-7f0f48021000 rw-p 00000000 00:00 0 
7f0f48021000-7f0f4c000000 ---p 00000000 00:00 0 
7f0f4c000000-7f0f4c021000 rw-p 00000000 00:00 0 
7f0f4c021000-7f0f50000000 ---p 00000000 00:00 0 
7f0f50000000-7f0f50021000 rw-p 00000000 00:00 0 
7f0f50021000-7f0f54000000 ---p 00000000 00:00 0 
7f0f54000000-7f0f54021000 rw-p 00000000 00:00 0 
7f0f54021000-7f0f58000000 ---p 00000000 00:00 0 
7f0f58000000-7f0f58021000 rw-p 00000000 00:00 0 
7f0f58021000-7f0f5c000000 ---p 00000000 00:00 0 
7f0f5c000000-7f0f5c03e000 rw-p 00000000 00:00 0 
7f0f5c03e000-7f0f60000000 ---p 00000000 00:00 0 
7f0f60000000-7f0f60697000 rw-p 00000000 00:00 0 
7f0f60697000-7f0f64000000 ---p 00000000 00:00 0 
7f0f64000000-7f0f64021000 rw-p 00000000 00:00 0 
7f0f64021000-7f0f68000000 ---p 00000000 00:00 0 
7f0f68000000-7f0f685d3000 rw-p 00000000 00:00 0 
7f0f685d3000-7f0f6c000000 ---p 00000000 00:00 0 
7f0f6c000000-7f0f6c4dc000 rw-p 00000000 00:00 0 
7f0f6c4dc000-7f0f70000000 ---p 00000000 00:00 0 
7f0f70000000-7f0f70021000 rw-p 00000000 00:00 0 
7f0f70021000-7f0f74000000 ---p 00000000 00:00 0 
7f0f74000000-7f0f74021000 rw-p 00000000 00:00 0 
7f0f74021000-7f0f78000000 ---p 00000000 00:00 0 
7f0f78000000-7f0f78021000 rw-p 00000000 00:00 0 
7f0f78021000-7f0f7c000000 ---p 00000000 00:00 0 
7f0f7c000000-7f0f7c021000 rw-p 00000000 00:00 0 
7f0f7c021000-7f0f80000000 ---p 00000000 00:00 0 
7f0f80000000-7f0f8027c000 rw-p 00000000 00:00 0 
7f0f8027c000-7f0f84000000 ---p 00000000 00:00 0 
7f0f84000000-7f0f84021000 rw-p 00000000 00:00 0 
7f0f84021000-7f0f88000000 ---p 00000000 00:00 0 
7f0f88000000-7f0f88021000 rw-p 00000000 00:00 0 
7f0f88021000-7f0f8c000000 ---p 00000000 00:00 0 
7f0f8d6bf000-7f0f8d6c2000 ---p 00000000 00:00 0 
7f0f8d6c2000-7f0f8d7c0000 rw-p 00000000 00:00 0 
7f0f8d7c0000-7f0f8d7c3000 ---p 00000000 00:00 0 
7f0f8d7c3000-7f0f8d8c1000 rw-p 00000000 00:00 0 
7f0f8d8c1000-7f0f8d8c4000 ---p 00000000 00:00 0 
7f0f8d8c4000-7f0f8d9c2000 rw-p 00000000 00:00 0 
7f0f8d9c2000-7f0f8d9c5000 ---p 00000000 00:00 0 
7f0f8d9c5000-7f0f8dac3000 rw-p 00000000 00:00 0 
7f0f8dac3000-7f0f8dac6000 ---p 00000000 00:00 0 
7f0f8dac6000-7f0f8dbc4000 rw-p 00000000 00:00 0 
7f0f8dbc4000-7f0f8dbc5000 ---p 00000000 00:00 0 
7f0f8dbc5000-7f0f8dcc5000 rw-p 00000000 00:00 0 
7f0f8dcc5000-7f0f8dcc8000 ---p 00000000 00:00 0 
7f0f8dcc8000-7f0f8ddc6000 rw-p 00000000 00:00 0 
7f0f8ddc6000-7f0f8ddc9000 ---p 00000000 00:00 0 
7f0f8ddc9000-7f0f8dec7000 rw-p 00000000 00:00 0 
7f0f8dec7000-7f0f8deca000 ---p 00000000 00:00 0 
7f0f8deca000-7f0f8dfc8000 rw-p 00000000 00:00 0 
7f0f8dfc8000-7f0f8dfcb000 ---p 00000000 00:00 0 
7f0f8dfcb000-7f0f8e0c9000 rw-p 00000000 00:00 0 
7f0f8e0c9000-7f0f8e0cc000 ---p 00000000 00:00 0 
7f0f8e0cc000-7f0f8e1ca000 rw-p 00000000 00:00 0 
7f0f8e1ca000-7f0f8eb89000 r--p 00000000 08:01 3939084                    /usr/lib/locale/locale-archive
7f0f8eb89000-7f0f8eb8c000 ---p 00000000 00:00 0 
7f0f8eb8c000-7f0f8ec8a000 rw-p 00000000 00:00 0 
7f0f8ec8a000-7f0f8ec8d000 ---p 00000000 00:00 0 
7f0f8ec8d000-7f0f8ed8b000 rw-p 00000000 00:00 0 
7f0f8ed8b000-7f0f8ed8c000 ---p 00000000 00:00 0 
7f0f8ed8c000-7f0f90000000 rw-p 00000000 00:00 0 
7f0f90000000-7f0f90021000 rw-p 00000000 00:00 0 
7f0f90021000-7f0f94000000 ---p 00000000 00:00 0 
7f0f94000000-7f0f94021000 rw-p 00000000 00:00 0 
7f0f94021000-7f0f98000000 ---p 00000000 00:00 0 
7f0f98000000-7f0f98021000 rw-p 00000000 00:00 0 
7f0f98021000-7f0f9c000000 ---p 00000000 00:00 0 
7f0f9c00e000-7f0f9c433000 rw-p 00000000 00:00 0 
7f0f9c433000-7f0f9c600000 r--s 03bec000 08:01 117965856                  /usr/local/android-studio/jre/jre/lib/rt.jar
7f0f9c600000-7f0f9cc40000 rw-p 00000000 00:00 0 
7f0f9cc40000-7f0f9ce00000 ---p 00000000 00:00 0 
7f0f9ce00000-7f0f9d000000 rw-p 00000000 00:00 0 
7f0f9d000000-7f0f9d410000 rwxp 00000000 00:00 0 
7f0f9d410000-7f0fac000000 ---p 00000000 00:00 0 
7f0fac000000-7f0fac3a4000 rw-p 00000000 00:00 0 
7f0fac3a4000-7f0fb0000000 ---p 00000000 00:00 0 
7f0fb0010000-7f0fb0016000 r--s 0002f000 08:01 119799937                  /home/n3v10t/Android-Projects/BumbleBeeM/app/build/intermediates/exploded-aar/com.android.support/support-media-compat/24.2.1/jars/classes.jar
7f0fb0016000-7f0fb20fa000 rw-p 00000000 00:00 0 
7f0fb20fa000-7f0fb20fb000 ---p 00000000 00:00 0 
7f0fb20fb000-7f0fb21fb000 rw-p 00000000 00:00 0 
7f0fb21fb000-7f0fb21fc000 ---p 00000000 00:00 0 
7f0fb21fc000-7f0fb22fc000 rw-p 00000000 00:00 0 
7f0fb22fc000-7f0fb22fd000 ---p 00000000 00:00 0 
7f0fb22fd000-7f0fb23fd000 rw-p 00000000 00:00 0 
7f0fb23fd000-7f0fb23fe000 ---p 00000000 00:00 0 
7f0fb23fe000-7f0fb24fe000 rw-p 00000000 00:00 0 
7f0fb24fe000-7f0fb24ff000 ---p 00000000 00:00 0 
7f0fb24ff000-7f0fb25ff000 rw-p 00000000 00:00 0 
7f0fb25ff000-7f0fb2600000 ---p 00000000 00:00 0 
7f0fb2600000-7f0fb2754000 rw-p 00000000 00:00 0 
7f0fb2754000-7f0fb2856000 ---p 00000000 00:00 0 
7f0fb2856000-7f0fb28aa000 rw-p 00000000 00:00 0 
7f0fb28aa000-7f0fb29ab000 ---p 00000000 00:00 0 
7f0fb29ab000-7f0fb29d6000 rw-p 00000000 00:00 0 
7f0fb29d6000-7f0fb2a56000 ---p 00000000 00:00 0 
7f0fb2a56000-7f0fb2a68000 rw-p 00000000 00:00 0 
7f0fb2a68000-7f0fb2e17000 ---p 00000000 00:00 0 
7f0fb2e17000-7f0fb2e31000 r-xp 00000000 08:01 117965883                  /usr/local/android-studio/jre/jre/lib/amd64/libzip.so
7f0fb2e31000-7f0fb3031000 ---p 0001a000 08:01 117965883                  /usr/local/android-studio/jre/jre/lib/amd64/libzip.so
7f0fb3031000-7f0fb3032000 r--p 0001a000 08:01 117965883                  /usr/local/android-studio/jre/jre/lib/amd64/libzip.so
7f0fb3032000-7f0fb3033000 rw-p 0001b000 08:01 117965883                  /usr/local/android-studio/jre/jre/lib/amd64/libzip.so
7f0fb3033000-7f0fb303e000 r-xp 00000000 08:01 22286722                   /lib/x86_64-linux-gnu/libnss_files-2.23.so
7f0fb303e000-7f0fb323d000 ---p 0000b000 08:01 22286722                   /lib/x86_64-linux-gnu/libnss_files-2.23.so
7f0fb323d000-7f0fb323e000 r--p 0000a000 08:01 22286722                   /lib/x86_64-linux-gnu/libnss_files-2.23.so
7f0fb323e000-7f0fb323f000 rw-p 0000b000 08:01 22286722                   /lib/x86_64-linux-gnu/libnss_files-2.23.so
7f0fb323f000-7f0fb3245000 rw-p 00000000 00:00 0 
7f0fb3245000-7f0fb3250000 r-xp 00000000 08:01 22286732                   /lib/x86_64-linux-gnu/libnss_nis-2.23.so
7f0fb3250000-7f0fb344f000 ---p 0000b000 08:01 22286732                   /lib/x86_64-linux-gnu/libnss_nis-2.23.so
7f0fb344f000-7f0fb3450000 r--p 0000a000 08:01 22286732                   /lib/x86_64-linux-gnu/libnss_nis-2.23.so
7f0fb3450000-7f0fb3451000 rw-p 0000b000 08:01 22286732                   /lib/x86_64-linux-gnu/libnss_nis-2.23.so
7f0fb3451000-7f0fb3467000 r-xp 00000000 08:01 22286716                   /lib/x86_64-linux-gnu/libnsl-2.23.so
7f0fb3467000-7f0fb3666000 ---p 00016000 08:01 22286716                   /lib/x86_64-linux-gnu/libnsl-2.23.so
7f0fb3666000-7f0fb3667000 r--p 00015000 08:01 22286716                   /lib/x86_64-linux-gnu/libnsl-2.23.so
7f0fb3667000-7f0fb3668000 rw-p 00016000 08:01 22286716                   /lib/x86_64-linux-gnu/libnsl-2.23.so
7f0fb3668000-7f0fb366a000 rw-p 00000000 00:00 0 
7f0fb366a000-7f0fb3672000 r-xp 00000000 08:01 22286718                   /lib/x86_64-linux-gnu/libnss_compat-2.23.so
7f0fb3672000-7f0fb3871000 ---p 00008000 08:01 22286718                   /lib/x86_64-linux-gnu/libnss_compat-2.23.so
7f0fb3871000-7f0fb3872000 r--p 00007000 08:01 22286718                   /lib/x86_64-linux-gnu/libnss_compat-2.23.so
7f0fb3872000-7f0fb3873000 rw-p 00008000 08:01 22286718                   /lib/x86_64-linux-gnu/libnss_compat-2.23.so
7f0fb3873000-7f0fb38a0000 r-xp 00000000 08:01 117965893                  /usr/local/android-studio/jre/jre/lib/amd64/libjava.so
7f0fb38a0000-7f0fb3a9f000 ---p 0002d000 08:01 117965893                  /usr/local/android-studio/jre/jre/lib/amd64/libjava.so
7f0fb3a9f000-7f0fb3aa0000 r--p 0002c000 08:01 117965893                  /usr/local/android-studio/jre/jre/lib/amd64/libjava.so
7f0fb3aa0000-7f0fb3aa2000 rw-p 0002d000 08:01 117965893                  /usr/local/android-studio/jre/jre/lib/amd64/libjava.so
7f0fb3aa2000-7f0fb3ab2000 r-xp 00000000 08:01 117965909                  /usr/local/android-studio/jre/jre/lib/amd64/libverify.so
7f0fb3ab2000-7f0fb3cb1000 ---p 00010000 08:01 117965909                  /usr/local/android-studio/jre/jre/lib/amd64/libverify.so
7f0fb3cb1000-7f0fb3cb3000 r--p 0000f000 08:01 117965909                  /usr/local/android-studio/jre/jre/lib/amd64/libverify.so
7f0fb3cb3000-7f0fb3cb4000 rw-p 00011000 08:01 117965909                  /usr/local/android-studio/jre/jre/lib/amd64/libverify.so
7f0fb3cb4000-7f0fb3cbb000 r-xp 00000000 08:01 22286777                   /lib/x86_64-linux-gnu/librt-2.23.so
7f0fb3cbb000-7f0fb3eba000 ---p 00007000 08:01 22286777                   /lib/x86_64-linux-gnu/librt-2.23.so
7f0fb3eba000-7f0fb3ebb000 r--p 00006000 08:01 22286777                   /lib/x86_64-linux-gnu/librt-2.23.so
7f0fb3ebb000-7f0fb3ebc000 rw-p 00007000 08:01 22286777                   /lib/x86_64-linux-gnu/librt-2.23.so
7f0fb3ebc000-7f0fb3fc4000 r-xp 00000000 08:01 22286693                   /lib/x86_64-linux-gnu/libm-2.23.so
7f0fb3fc4000-7f0fb41c3000 ---p 00108000 08:01 22286693                   /lib/x86_64-linux-gnu/libm-2.23.so
7f0fb41c3000-7f0fb41c4000 r--p 00107000 08:01 22286693                   /lib/x86_64-linux-gnu/libm-2.23.so
7f0fb41c4000-7f0fb41c5000 rw-p 00108000 08:01 22286693                   /lib/x86_64-linux-gnu/libm-2.23.so
7f0fb41c5000-7f0fb4dab000 r-xp 00000000 08:01 117965913                  /usr/local/android-studio/jre/jre/lib/amd64/server/libjvm.so
7f0fb4dab000-7f0fb4fab000 ---p 00be6000 08:01 117965913                  /usr/local/android-studio/jre/jre/lib/amd64/server/libjvm.so
7f0fb4fab000-7f0fb504a000 r--p 00be6000 08:01 117965913                  /usr/local/android-studio/jre/jre/lib/amd64/server/libjvm.so
7f0fb504a000-7f0fb5073000 rw-p 00c85000 08:01 117965913                  /usr/local/android-studio/jre/jre/lib/amd64/server/libjvm.so
7f0fb5073000-7f0fb50b5000 rw-p 00000000 00:00 0 
7f0fb50b5000-7f0fb50cd000 r-xp 00000000 08:01 22286769                   /lib/x86_64-linux-gnu/libpthread-2.23.so
7f0fb50cd000-7f0fb52cc000 ---p 00018000 08:01 22286769                   /lib/x86_64-linux-gnu/libpthread-2.23.so
7f0fb52cc000-7f0fb52cd000 r--p 00017000 08:01 22286769                   /lib/x86_64-linux-gnu/libpthread-2.23.so
7f0fb52cd000-7f0fb52ce000 rw-p 00018000 08:01 22286769                   /lib/x86_64-linux-gnu/libpthread-2.23.so
7f0fb52ce000-7f0fb52d2000 rw-p 00000000 00:00 0 
7f0fb52d2000-7f0fb52d5000 r-xp 00000000 08:01 22286647                   /lib/x86_64-linux-gnu/libdl-2.23.so
7f0fb52d5000-7f0fb54d4000 ---p 00003000 08:01 22286647                   /lib/x86_64-linux-gnu/libdl-2.23.so
7f0fb54d4000-7f0fb54d5000 r--p 00002000 08:01 22286647                   /lib/x86_64-linux-gnu/libdl-2.23.so
7f0fb54d5000-7f0fb54d6000 rw-p 00003000 08:01 22286647                   /lib/x86_64-linux-gnu/libdl-2.23.so
7f0fb54d6000-7f0fb5696000 r-xp 00000000 08:01 22286623                   /lib/x86_64-linux-gnu/libc-2.23.so
7f0fb5696000-7f0fb5895000 ---p 001c0000 08:01 22286623                   /lib/x86_64-linux-gnu/libc-2.23.so
7f0fb5895000-7f0fb5899000 r--p 001bf000 08:01 22286623                   /lib/x86_64-linux-gnu/libc-2.23.so
7f0fb5899000-7f0fb589b000 rw-p 001c3000 08:01 22286623                   /lib/x86_64-linux-gnu/libc-2.23.so
7f0fb589b000-7f0fb589f000 rw-p 00000000 00:00 0 
7f0fb589f000-7f0fb58b5000 r-xp 00000000 08:01 117965773                  /usr/local/android-studio/jre/lib/amd64/jli/libjli.so
7f0fb58b5000-7f0fb5ab4000 ---p 00016000 08:01 117965773                  /usr/local/android-studio/jre/lib/amd64/jli/libjli.so
7f0fb5ab4000-7f0fb5ab5000 r--p 00015000 08:01 117965773                  /usr/local/android-studio/jre/lib/amd64/jli/libjli.so
7f0fb5ab5000-7f0fb5ab6000 rw-p 00016000 08:01 117965773                  /usr/local/android-studio/jre/lib/amd64/jli/libjli.so
7f0fb5ab6000-7f0fb5adc000 r-xp 00000000 08:01 22286595                   /lib/x86_64-linux-gnu/ld-2.23.so
7f0fb5ae0000-7f0fb5bb9000 rw-p 00000000 00:00 0 
7f0fb5bb9000-7f0fb5bbc000 ---p 00000000 00:00 0 
7f0fb5bbc000-7f0fb5cbe000 rw-p 00000000 00:00 0 
7f0fb5cc1000-7f0fb5ccf000 r--s 000e0000 08:01 106696168                  /home/n3v10t/Android/Sdk/build-tools/24.0.1/lib/dx.jar
7f0fb5ccf000-7f0fb5cd7000 rw-s 00000000 08:01 107089016                  /tmp/hsperfdata_n3v10t/22364
7f0fb5cd7000-7f0fb5cd8000 rw-p 00000000 00:00 0 
7f0fb5cd8000-7f0fb5cd9000 ---p 00000000 00:00 0 
7f0fb5cd9000-7f0fb5cdb000 rw-p 00000000 00:00 0 
7f0fb5cdb000-7f0fb5cdc000 r--p 00025000 08:01 22286595                   /lib/x86_64-linux-gnu/ld-2.23.so
7f0fb5cdc000-7f0fb5cdd000 rw-p 00026000 08:01 22286595                   /lib/x86_64-linux-gnu/ld-2.23.so
7f0fb5cdd000-7f0fb5cde000 rw-p 00000000 00:00 0 
7ffc45358000-7ffc4537a000 rw-p 00000000 00:00 0                          [stack]
7ffc4537b000-7ffc4537d000 r--p 00000000 00:00 0                          [vvar]
7ffc4537d000-7ffc4537f000 r-xp 00000000 00:00 0                          [vdso]
ffffffffff600000-ffffffffff601000 r-xp 00000000 00:00 0                  [vsyscall]

VM Arguments:
jvm_args: -Djava.awt.headless=true -Xmx1024M -Dfile.encoding=UTF-8 -Duser.country=US -Duser.language=en -Duser.variant 
java_command: com.android.dx.command.Main --dex --force-jumbo --num-threads=4 --multi-dex --output /home/n3v10t/Android-Projects/BumbleBeeM/app/build/intermediates/transforms/dex/debug/folders/1000/10/com.android.support-support-media-compat-24.2.1_d3941181c659a18a83a6a51727b8e24f6bc9e05f /home/n3v10t/Android-Projects/BumbleBeeM/app/build/intermediates/exploded-aar/com.android.support/support-media-compat/24.2.1/jars/classes.jar
java_class_path (initial): /home/n3v10t/Android/Sdk/build-tools/24.0.1/lib/dx.jar
Launcher Type: SUN_STANDARD

Environment Variables:
PATH=/home/n3v10t/bin:/home/n3v10t/.local/bin:/usr/local/sbin:/usr/local/bin:/usr/sbin:/usr/bin:/sbin:/bin:/usr/games:/usr/local/games:/snap/bin
LD_LIBRARY_PATH=.:
SHELL=/bin/bash
DISPLAY=:0

Signal Handlers:
SIGSEGV: [libjvm.so+0x9daac0], sa_mask[0]=11111111011111111101111111111110, sa_flags=SA_RESTART|SA_SIGINFO
SIGBUS: [libjvm.so+0x9daac0], sa_mask[0]=11111111011111111101111111111110, sa_flags=SA_RESTART|SA_SIGINFO
SIGFPE: [libjvm.so+0x840d90], sa_mask[0]=11111111011111111101111111111110, sa_flags=SA_RESTART|SA_SIGINFO
SIGPIPE: [libjvm.so+0x840d90], sa_mask[0]=11111111011111111101111111111110, sa_flags=SA_RESTART|SA_SIGINFO
SIGXFSZ: [libjvm.so+0x840d90], sa_mask[0]=11111111011111111101111111111110, sa_flags=SA_RESTART|SA_SIGINFO
SIGILL: [libjvm.so+0x840d90], sa_mask[0]=11111111011111111101111111111110, sa_flags=SA_RESTART|SA_SIGINFO
SIGUSR1: SIG_DFL, sa_mask[0]=00000000000000000000000000000000, sa_flags=none
SIGUSR2: [libjvm.so+0x840c60], sa_mask[0]=00100000000000000000000000000000, sa_flags=SA_RESTART|SA_SIGINFO
SIGHUP: [libjvm.so+0x840e50], sa_mask[0]=11111111011111111101111111111110, sa_flags=SA_RESTART|SA_SIGINFO
SIGINT: [libjvm.so+0x840e50], sa_mask[0]=11111111011111111101111111111110, sa_flags=SA_RESTART|SA_SIGINFO
SIGTERM: [libjvm.so+0x840e50], sa_mask[0]=11111111011111111101111111111110, sa_flags=SA_RESTART|SA_SIGINFO
SIGQUIT: [libjvm.so+0x840e50], sa_mask[0]=11111111011111111101111111111110, sa_flags=SA_RESTART|SA_SIGINFO


---------------  S Y S T E M  ---------------

OS:DISTRIB_ID=Ubuntu
DISTRIB_RELEASE=16.04
DISTRIB_CODENAME=xenial
DISTRIB_DESCRIPTION="Ubuntu 16.04.1 LTS"

uname:Linux 4.4.0-42-generic #62-Ubuntu SMP Fri Oct 7 23:11:45 UTC 2016 x86_64
libc:glibc 2.23 NPTL 2.23 
rlimit: STACK 8192k, CORE 0k, NPROC 63770, NOFILE 65536, AS infinity
load average:3,30 1,14 0,80

/proc/meminfo:
MemTotal:       16431440 kB
MemFree:         5662832 kB
MemAvailable:   12782428 kB
Buffers:          279368 kB
Cached:          6838244 kB
SwapCached:            0 kB
Active:          8055016 kB
Inactive:        2112820 kB
Active(anon):    3051968 kB
Inactive(anon):    62952 kB
Active(file):    5003048 kB
Inactive(file):  2049868 kB
Unevictable:          64 kB
Mlocked:              64 kB
SwapTotal:      16774140 kB
SwapFree:       16774140 kB
Dirty:             23352 kB
Writeback:             0 kB
AnonPages:       3050480 kB
Mapped:           368036 kB
Shmem:             64700 kB
Slab:             448868 kB
SReclaimable:     403968 kB
SUnreclaim:        44900 kB
KernelStack:       13744 kB
PageTables:        49860 kB
NFS_Unstable:          0 kB
Bounce:                0 kB
WritebackTmp:          0 kB
CommitLimit:    24989860 kB
Committed_AS:    9437624 kB
VmallocTotal:   34359738367 kB
VmallocUsed:           0 kB
VmallocChunk:          0 kB
HardwareCorrupted:     0 kB
AnonHugePages:   1626112 kB
CmaTotal:              0 kB
CmaFree:               0 kB
HugePages_Total:       0
HugePages_Free:        0
HugePages_Rsvd:        0
HugePages_Surp:        0
Hugepagesize:       2048 kB
DirectMap4k:      209472 kB
DirectMap2M:     6080512 kB
DirectMap1G:    10485760 kB


CPU:total 6 (6 cores per cpu, 1 threads per core) family 16 model 10 stepping 0, cmov, cx8, fxsr, mmx, sse, sse2, sse3, popcnt, mmxext, 3dnowpref, lzcnt, sse4a, tsc, tscinvbit, tscinv

/proc/cpuinfo:
processor	: 0
vendor_id	: AuthenticAMD
cpu family	: 16
model		: 10
model name	: AMD Phenom(tm) II X6 1090T Processor
stepping	: 0
microcode	: 0x10000bf
cpu MHz		: 3200.000
cache size	: 512 KB
physical id	: 0
siblings	: 6
core id		: 0
cpu cores	: 6
apicid		: 0
initial apicid	: 0
fpu		: yes
fpu_exception	: yes
cpuid level	: 6
wp		: yes
flags		: fpu vme de pse tsc msr pae mce cx8 apic sep mtrr pge mca cmov pat pse36 clflush mmx fxsr sse sse2 ht syscall nx mmxext fxsr_opt pdpe1gb rdtscp lm 3dnowext 3dnow constant_tsc rep_good nopl nonstop_tsc extd_apicid aperfmperf pni monitor cx16 popcnt lahf_lm cmp_legacy svm extapic cr8_legacy abm sse4a misalignsse 3dnowprefetch osvw ibs skinit wdt cpb hw_pstate vmmcall npt lbrv svm_lock nrip_save pausefilter
bugs		: tlb_mmatch apic_c1e fxsave_leak sysret_ss_attrs
bogomips	: 7449.35
TLB size	: 1024 4K pages
clflush size	: 64
cache_alignment	: 64
address sizes	: 48 bits physical, 48 bits virtual
power management: ts ttp tm stc 100mhzsteps hwpstate cpb

processor	: 1
vendor_id	: AuthenticAMD
cpu family	: 16
model		: 10
model name	: AMD Phenom(tm) II X6 1090T Processor
stepping	: 0
microcode	: 0x10000bf
cpu MHz		: 3200.000
cache size	: 512 KB
physical id	: 0
siblings	: 6
core id		: 1
cpu cores	: 6
apicid		: 1
initial apicid	: 1
fpu		: yes
fpu_exception	: yes
cpuid level	: 6
wp		: yes
flags		: fpu vme de pse tsc msr pae mce cx8 apic sep mtrr pge mca cmov pat pse36 clflush mmx fxsr sse sse2 ht syscall nx mmxext fxsr_opt pdpe1gb rdtscp lm 3dnowext 3dnow constant_tsc rep_good nopl nonstop_tsc extd_apicid aperfmperf pni monitor cx16 popcnt lahf_lm cmp_legacy svm extapic cr8_legacy abm sse4a misalignsse 3dnowprefetch osvw ibs skinit wdt cpb hw_pstate vmmcall npt lbrv svm_lock nrip_save pausefilter
bugs		: tlb_mmatch apic_c1e fxsave_leak sysret_ss_attrs
bogomips	: 7449.35
TLB size	: 1024 4K pages
clflush size	: 64
cache_alignment	: 64
address sizes	: 48 bits physical, 48 bits virtual
power management: ts ttp tm stc 100mhzsteps hwpstate cpb

processor	: 2
vendor_id	: AuthenticAMD
cpu family	: 16
model		: 10
model name	: AMD Phenom(tm) II X6 1090T Processor
stepping	: 0
microcode	: 0x10000bf
cpu MHz		: 3200.000
cache size	: 512 KB
physical id	: 0
siblings	: 6
core id		: 2
cpu cores	: 6
apicid		: 2
initial apicid	: 2
fpu		: yes
fpu_exception	: yes
cpuid level	: 6
wp		: yes
flags		: fpu vme de pse tsc msr pae mce cx8 apic sep mtrr pge mca cmov pat pse36 clflush mmx fxsr sse sse2 ht syscall nx mmxext fxsr_opt pdpe1gb rdtscp lm 3dnowext 3dnow constant_tsc rep_good nopl nonstop_tsc extd_apicid aperfmperf pni monitor cx16 popcnt lahf_lm cmp_legacy svm extapic cr8_legacy abm sse4a misalignsse 3dnowprefetch osvw ibs skinit wdt cpb hw_pstate vmmcall npt lbrv svm_lock nrip_save pausefilter
bugs		: tlb_mmatch apic_c1e fxsave_leak sysret_ss_attrs
bogomips	: 7449.35
TLB size	: 1024 4K pages
clflush size	: 64
cache_alignment	: 64
address sizes	: 48 bits physical, 48 bits virtual
power management: ts ttp tm stc 100mhzsteps hwpstate cpb

processor	: 3
vendor_id	: AuthenticAMD
cpu family	: 16
model		: 10
model name	: AMD Phenom(tm) II X6 1090T Processor
stepping	: 0
microcode	: 0x10000bf
cpu MHz		: 3200.000
cache size	: 512 KB
physical id	: 0
siblings	: 6
core id		: 3
cpu cores	: 6
apicid		: 3
initial apicid	: 3
fpu		: yes
fpu_exception	: yes
cpuid level	: 6
wp		: yes
flags		: fpu vme de pse tsc msr pae mce cx8 apic sep mtrr pge mca cmov pat pse36 clflush mmx fxsr sse sse2 ht syscall nx mmxext fxsr_opt pdpe1gb rdtscp lm 3dnowext 3dnow constant_tsc rep_good nopl nonstop_tsc extd_apicid aperfmperf pni monitor cx16 popcnt lahf_lm cmp_legacy svm extapic cr8_legacy abm sse4a misalignsse 3dnowprefetch osvw ibs skinit wdt cpb hw_pstate vmmcall npt lbrv svm_lock nrip_save pausefilter
bugs		: tlb_mmatch apic_c1e fxsave_leak sysret_ss_attrs
bogomips	: 7449.35
TLB size	: 1024 4K pages
clflush size	: 64
cache_alignment	: 64
address sizes	: 48 bits physical, 48 bits virtual
power management: ts ttp tm stc 100mhzsteps hwpstate cpb

processor	: 4
vendor_id	: AuthenticAMD
cpu family	: 16
model		: 10
model name	: AMD Phenom(tm) II X6 1090T Processor
stepping	: 0
microcode	: 0x10000bf
cpu MHz		: 3200.000
cache size	: 512 KB
physical id	: 0
siblings	: 6
core id		: 4
cpu cores	: 6
apicid		: 4
initial apicid	: 4
fpu		: yes
fpu_exception	: yes
cpuid level	: 6
wp		: yes
flags		: fpu vme de pse tsc msr pae mce cx8 apic sep mtrr pge mca cmov pat pse36 clflush mmx fxsr sse sse2 ht syscall nx mmxext fxsr_opt pdpe1gb rdtscp lm 3dnowext 3dnow constant_tsc rep_good nopl nonstop_tsc extd_apicid aperfmperf pni monitor cx16 popcnt lahf_lm cmp_legacy svm extapic cr8_legacy abm sse4a misalignsse 3dnowprefetch osvw ibs skinit wdt cpb hw_pstate vmmcall npt lbrv svm_lock nrip_save pausefilter
bugs		: tlb_mmatch apic_c1e fxsave_leak sysret_ss_attrs
bogomips	: 7449.35
TLB size	: 1024 4K pages
clflush size	: 64
cache_alignment	: 64
address sizes	: 48 bits physical, 48 bits virtual
power management: ts ttp tm stc 100mhzsteps hwpstate cpb

processor	: 5
vendor_id	: AuthenticAMD
cpu family	: 16
model		: 10
model name	: AMD Phenom(tm) II X6 1090T Processor
stepping	: 0
microcode	: 0x10000bf
cpu MHz		: 3200.000
cache size	: 512 KB
physical id	: 0
siblings	: 6
core id		: 5
cpu cores	: 6
apicid		: 5
initial apicid	: 5
fpu		: yes
fpu_exception	: yes
cpuid level	: 6
wp		: yes
flags		: fpu vme de pse tsc msr pae mce cx8 apic sep mtrr pge mca cmov pat pse36 clflush mmx fxsr sse sse2 ht syscall nx mmxext fxsr_opt pdpe1gb rdtscp lm 3dnowext 3dnow constant_tsc rep_good nopl nonstop_tsc extd_apicid aperfmperf pni monitor cx16 popcnt lahf_lm cmp_legacy svm extapic cr8_legacy abm sse4a misalignsse 3dnowprefetch osvw ibs skinit wdt cpb hw_pstate vmmcall npt lbrv svm_lock nrip_save pausefilter
bugs		: tlb_mmatch apic_c1e fxsave_leak sysret_ss_attrs
bogomips	: 7449.35
TLB size	: 1024 4K pages
clflush size	: 64
cache_alignment	: 64
address sizes	: 48 bits physical, 48 bits virtual
power management: ts ttp tm stc 100mhzsteps hwpstate cpb



Memory: 4k page, physical 16431440k(5662832k free), swap 16774140k(16774140k free)

vm_info: OpenJDK 64-Bit Server VM (25.76-b03) for linux-amd64 JRE (1.8.0_76-release-b03), built on Jun 29 2016 09:39:19 by "builder" with gcc 4.8.4

time: Thu Oct 20 13:19:58 2016
elapsed time: 1 seconds (0d 0h 0m 1s)

