#
# A fatal error has been detected by the Java Runtime Environment:
#
#  SIGSEGV (0xb) at pc=0x00007feb208c8fe3, pid=22523, tid=0x00007feb1e250700
#
# JRE version: OpenJDK Runtime Environment (8.0_76-b03) (build 1.8.0_76-release-b03)
# Java VM: OpenJDK 64-Bit Server VM (25.76-b03 mixed mode linux-amd64 compressed oops)
# Problematic frame:
# V  [libjvm.so+0x8affe3]  oopDesc* PSPromotionManager::copy_to_survivor_space<false>(oopDesc*)+0x2c3
#
# Failed to write core dump. Core dumps have been disabled. To enable core dumping, try "ulimit -c unlimited" before starting Java again
#
# If you would like to submit a bug report, please visit:
#   http://bugreport.java.com/bugreport/crash.jsp
#

---------------  T H R E A D  ---------------

Current thread (0x00007feb18024800):  GCTaskThread [stack: 0x00007feb1e150000,0x00007feb1e251000] [id=22533]

siginfo: si_signo: 11 (SIGSEGV), si_code: 1 (SEGV_MAPERR), si_addr: 0x0000000581000688

Registers:
RAX=0x0000000000000001, RBX=0x00000000ee44d791, RCX=0x0000000000000003, RDX=0x00007feb20eb2b80
RSP=0x00007feb1e24fc70, RBP=0x00007feb1e24fcd0, RSI=0x00000000ee44d791, RDI=0x0000000581000680
R8 =0xba00000000000000, R9 =0x00007feb18078a98, R10=0x0000000000000000, R11=0x00007feb20edc6c0
R12=0x00000000eed4c2e8, R13=0x0000000000000000, R14=0x00007feb18078a00, R15=0x00007feb20eb2b90
RIP=0x00007feb208c8fe3, EFLAGS=0x0000000000010202, CSGSFS=0x0000000000000033, ERR=0x0000000000000004
  TRAPNO=0x000000000000000e

Top of Stack: (sp=0x00007feb1e24fc70)
0x00007feb1e24fc70:   00007feb20edc6c0 00007feb1e24fdb0
0x00007feb1e24fc80:   0000000000000000 00000000eed4c2d8
0x00007feb1e24fc90:   00000000eed44920 0000000000001000
0x00007feb1e24fca0:   0000000000000000 00007feb18078a00
0x00007feb1e24fcb0:   00000000eed4c2e8 0000000000000000
0x00007feb1e24fcc0:   00007feb18078a98 00007feb20eb2b90
0x00007feb1e24fcd0:   00007feb1e24fd40 00007feb208c8808
0x00007feb1e24fce0:   00007feb1e24fd00 00007feb18078a68
0x00007feb1e24fcf0:   0000000000000000 0000000100000028
0x00007feb1e24fd00:   00007feb1e24fd40 00007feb2044975b
0x00007feb1e24fd10:   00007feb18024800 00007feb18078a00
0x00007feb1e24fd20:   00007feae4000ad0 00007feb20a76367
0x00007feb1e24fd30:   00007feb18024800 00007feb20ed14d8
0x00007feb1e24fd40:   00007feb1e24fe00 00007feb208cc57a
0x00007feb1e24fd50:   00007feb18024800 00007feb20ed14d8
0x00007feb1e24fd60:   00007feb20e98150 00007feb1e24fd00
0x00007feb1e24fd70:   00007feb18078a00 00007feb18078a00
0x00007feb1e24fd80:   00007feb20e981f0 00007feb20ed1400
0x00007feb1e24fd90:   00007feb18078a00 00007feb18024800
0x00007feb1e24fda0:   00007feb20e981c0 00007feb1801ea00
0x00007feb1e24fdb0:   00007feb20e98190 00007feb20822400
0x00007feb1e24fdc0:   00007feb18078a00 0000000000000000
0x00007feb1e24fdd0:   00007feb1e24fe00 0000000000000001
0x00007feb1e24fde0:   00007feae4000ad0 00007feb20a76367
0x00007feb1e24fdf0:   00007feb18024800 00007feb20ed14d8
0x00007feb1e24fe00:   00007feb1e24ff10 00007feb20597f02
0x00007feb1e24fe10:   00000000000003d8 00007feb18024f48
0x00007feb1e24fe20:   00007feb18024b70 00007feb1e24fea0
0x00007feb1e24fe30:   00007feb18024b20 00007feb18024b60
0x00007feb1e24fe40:   00007feb1e24fe50 0000000000000000
0x00007feb1e24fe50:   0000000000000000 00007feb18025700
0x00007feb1e24fe60:   00007feb18024800 00007feb18024f50 

Instructions: (pc=0x00007feb208c8fe3)
0x00007feb208c8fc3:   e9 3d fe ff ff 0f 1f 84 00 00 00 00 00 48 8d 15
0x00007feb208c8fd3:   a9 9b 5e 00 8b 7e 08 8b 4a 08 48 d3 e7 48 03 3a
0x00007feb208c8fe3:   8b 4f 08 83 f9 00 0f 8f 7d fd ff ff 0f 85 3b 02
0x00007feb208c8ff3:   00 00 0f 1f 00 48 8b 07 4c 89 45 b8 48 89 de ff 

Register to memory mapping:

RAX=0x0000000000000001 is an unknown value
RBX=0x00000000ee44d791 is an unknown value
RCX=0x0000000000000003 is an unknown value
RDX=0x00007feb20eb2b80: <offset 0xe99b80> in /usr/local/android-studio/jre/jre/lib/amd64/server/libjvm.so at 0x00007feb20019000
RSP=0x00007feb1e24fc70 is an unknown value
RBP=0x00007feb1e24fcd0 is an unknown value
RSI=0x00000000ee44d791 is an unknown value
RDI=0x0000000581000680 is an unknown value
R8 =0xba00000000000000 is an unknown value
R9 =0x00007feb18078a98 is an unknown value
R10=0x0000000000000000 is an unknown value
R11=0x00007feb20edc6c0: <offset 0xec36c0> in /usr/local/android-studio/jre/jre/lib/amd64/server/libjvm.so at 0x00007feb20019000
R12=0x00000000eed4c2e8 is an oop

[error occurred during error reporting (printing register info), id 0xb]

Stack: [0x00007feb1e150000,0x00007feb1e251000],  sp=0x00007feb1e24fc70,  free space=1023k
Native frames: (J=compiled Java code, j=interpreted, Vv=VM code, C=native code)
V  [libjvm.so+0x8affe3]  oopDesc* PSPromotionManager::copy_to_survivor_space<false>(oopDesc*)+0x2c3
V  [libjvm.so+0x8af808]  PSPromotionManager::drain_stacks_depth(bool)+0x6f8
V  [libjvm.so+0x8b357a]  ScavengeRootsTask::do_it(GCTaskManager*, unsigned int)+0xaa
V  [libjvm.so+0x57ef02]  GCTaskThread::run()+0x162
V  [libjvm.so+0x8425b2]  java_start(Thread*)+0xf2


---------------  P R O C E S S  ---------------

Java Threads: ( => current thread )
  0x00007feb18135000 JavaThread "pool-2-thread-4" [_thread_blocked, id=22582, stack(0x00007feb014f5000,0x00007feb015f6000)]
  0x00007feb18133000 JavaThread "pool-2-thread-3" [_thread_blocked, id=22576, stack(0x00007feb015f6000,0x00007feb016f7000)]
  0x00007feb18131800 JavaThread "pool-2-thread-2" [_thread_blocked, id=22573, stack(0x00007feb016f7000,0x00007feb017f8000)]
  0x00007feb1812f800 JavaThread "pool-3-thread-1" [_thread_blocked, id=22571, stack(0x00007feb017f8000,0x00007feb018f9000)]
  0x00007feb1812c000 JavaThread "pool-2-thread-1" [_thread_blocked, id=22570, stack(0x00007feb018f9000,0x00007feb019fa000)]
  0x00007feb180c4800 JavaThread "Service Thread" daemon [_thread_blocked, id=22557, stack(0x00007feb01afb000,0x00007feb01bfc000)]
  0x00007feb180c1800 JavaThread "C1 CompilerThread2" daemon [_thread_blocked, id=22556, stack(0x00007feb01bfc000,0x00007feb01cfd000)]
  0x00007feb180c0000 JavaThread "C2 CompilerThread1" daemon [_thread_in_native, id=22555, stack(0x00007feb01cfd000,0x00007feb01dfe000)]
  0x00007feb180bd000 JavaThread "C2 CompilerThread0" daemon [_thread_blocked, id=22554, stack(0x00007feb01dfe000,0x00007feb01eff000)]
  0x00007feb180bb800 JavaThread "Signal Dispatcher" daemon [_thread_blocked, id=22550, stack(0x00007feb01eff000,0x00007feb02000000)]
  0x00007feb18087800 JavaThread "Finalizer" daemon [_thread_blocked, id=22548, stack(0x00007feb089fa000,0x00007feb08afb000)]
  0x00007feb18083000 JavaThread "Reference Handler" daemon [_thread_blocked, id=22545, stack(0x00007feb08afb000,0x00007feb08bfc000)]
  0x00007feb1800a000 JavaThread "main" [_thread_blocked, id=22525, stack(0x00007feb21a0d000,0x00007feb21b0e000)]

Other Threads:
  0x00007feb1807b800 VMThread [stack: 0x00007feb08bfc000,0x00007feb08cfd000] [id=22540]
  0x00007feb180c7000 WatcherThread [stack: 0x00007feb019fa000,0x00007feb01afb000] [id=22558]

=>0x00007feb18024800 (exited) GCTaskThread [stack: 0x00007feb1e150000,0x00007feb1e251000] [id=22533]

VM state:at safepoint (normal execution)

VM Mutex/Monitor currently owned by a thread:  ([mutex/lock_event])
[0x00007feb18006580] Threads_lock - owner thread: 0x00007feb1807b800
[0x00007feb18006a80] Heap_lock - owner thread: 0x00007feb1800a000

Heap:
 PSYoungGen      total 75264K, used 64512K [0x00000000eab00000, 0x00000000eff00000, 0x0000000100000000)
  eden space 64512K, 100% used [0x00000000eab00000,0x00000000eea00000,0x00000000eea00000)
  from space 10752K, 0% used [0x00000000ef480000,0x00000000ef480000,0x00000000eff00000)
  to   space 10752K, 99% used [0x00000000eea00000,0x00000000ef4716e0,0x00000000ef480000)
 ParOldGen       total 172032K, used 8K [0x00000000c0000000, 0x00000000ca800000, 0x00000000eab00000)
  object space 172032K, 0% used [0x00000000c0000000,0x00000000c0002000,0x00000000ca800000)
 Metaspace       used 5609K, capacity 6896K, committed 7040K, reserved 1056768K
  class space    used 552K, capacity 616K, committed 640K, reserved 1048576K

Card table byte_map: [0x00007feb1e6aa000,0x00007feb1e8ab000] byte_map_base: 0x00007feb1e0aa000

Marking Bits: (ParMarkBitMap*) 0x00007feb20edc1a0
 Begin Bits: [0x00007feb02000000, 0x00007feb03000000)
 End Bits:   [0x00007feb03000000, 0x00007feb04000000)

Polling page: 0x00007feb21b2c000

CodeCache: size=245760Kb used=3724Kb max_used=3724Kb free=242035Kb
 bounds [0x00007feb09000000, 0x00007feb093b0000, 0x00007feb18000000]
 total_blobs=1332 nmethods=1073 adapters=175
 compilation: enabled

Compilation events (10 events):
Event: 1,616 Thread 0x00007feb180c1800 nmethod 1124 0x00007feb093a1ed0 code [0x00007feb093a20a0, 0x00007feb093a2518]
Event: 1,616 Thread 0x00007feb180c1800 1120       2       com.android.dx.rop.type.Type::isCategory2 (36 bytes)
Event: 1,616 Thread 0x00007feb180c1800 nmethod 1120 0x00007feb093a2890 code [0x00007feb093a29e0, 0x00007feb093a2b50]
Event: 1,616 Thread 0x00007feb180c1800 1117       2       com.android.dx.rop.type.Type::internClassName (56 bytes)
Event: 1,616 Thread 0x00007feb180c1800 nmethod 1117 0x00007feb093a2bd0 code [0x00007feb093a2dc0, 0x00007feb093a32f8]
Event: 1,616 Thread 0x00007feb180c1800 1137       2       com.android.dx.ssa.back.FirstFitLocalCombiningAllocator::tryMapRegs (110 bytes)
Event: 1,617 Thread 0x00007feb180c1800 nmethod 1137 0x00007feb093a3790 code [0x00007feb093a3960, 0x00007feb093a3e38]
Event: 1,617 Thread 0x00007feb180c1800 1133       2       com.android.dx.ssa.back.FirstFitLocalCombiningAllocator::tryMapReg (41 bytes)
Event: 1,617 Thread 0x00007feb180c1800 nmethod 1133 0x00007feb093a4310 code [0x00007feb093a44e0, 0x00007feb093a48a8]
Event: 1,617 Thread 0x00007feb180c1800 1131       2       com.android.dx.ssa.back.FirstFitLocalCombiningAllocator::getAlignment (32 bytes)

GC Heap History (1 events):
Event: 1,626 GC heap before
{Heap before GC invocations=1 (full 0):
 PSYoungGen      total 75264K, used 64512K [0x00000000eab00000, 0x00000000eff00000, 0x0000000100000000)
  eden space 64512K, 100% used [0x00000000eab00000,0x00000000eea00000,0x00000000eea00000)
  from space 10752K, 0% used [0x00000000ef480000,0x00000000ef480000,0x00000000eff00000)
  to   space 10752K, 0% used [0x00000000eea00000,0x00000000eea00000,0x00000000ef480000)
 ParOldGen       total 172032K, used 0K [0x00000000c0000000, 0x00000000ca800000, 0x00000000eab00000)
  object space 172032K, 0% used [0x00000000c0000000,0x00000000c0000000,0x00000000ca800000)
 Metaspace       used 5609K, capacity 6896K, committed 7040K, reserved 1056768K
  class space    used 552K, capacity 616K, committed 640K, reserved 1048576K

Deoptimization events (10 events):
Event: 0,670 Thread 0x00007feb1800a000 Uncommon trap: reason=unstable_if action=reinterpret pc=0x00007feb091d04ac method=java.util.BitSet.nextSetBit(I)I @ 87
Event: 0,675 Thread 0x00007feb18135000 Uncommon trap: reason=unstable_if action=reinterpret pc=0x00007feb091a28a4 method=com.android.dx.rop.cst.CstFieldRef.compareTo0(Lcom/android/dx/rop/cst/Constant;)I @ 7
Event: 0,746 Thread 0x00007feb1800a000 Uncommon trap: reason=unstable_if action=reinterpret pc=0x00007feb091ef80c method=java.util.BitSet.ensureCapacity(I)V @ 6
Event: 0,795 Thread 0x00007feb1800a000 Uncommon trap: reason=unstable_if action=reinterpret pc=0x00007feb091a1a40 method=java.lang.String.<init>([CII)V @ 18
Event: 0,916 Thread 0x00007feb1812c000 Uncommon trap: reason=unstable_if action=reinterpret pc=0x00007feb091f095c method=com.android.dx.rop.code.RegisterSpec.equals(ILcom/android/dx/rop/type/TypeBearer;Lcom/android/dx/rop/code/LocalItem;)Z @ 24
Event: 1,006 Thread 0x00007feb1812c000 Uncommon trap: reason=unstable_if action=reinterpret pc=0x00007feb092a5388 method=com.android.dx.rop.code.RegisterSpec.equals(ILcom/android/dx/rop/type/TypeBearer;Lcom/android/dx/rop/code/LocalItem;)Z @ 16
Event: 1,008 Thread 0x00007feb1812c000 Uncommon trap: reason=unloaded action=reinterpret pc=0x00007feb0927b86c method=com.android.dx.ssa.SsaRenamer$BlockRenamer.visitMoveInsn(Lcom/android/dx/ssa/NormalSsaInsn;)V @ 208
Event: 1,035 Thread 0x00007feb18133000 Uncommon trap: reason=unstable_if action=reinterpret pc=0x00007feb0917929c method=com.android.dx.rop.cst.Constant.compareTo(Lcom/android/dx/rop/cst/Constant;)I @ 12
Event: 1,042 Thread 0x00007feb1800a000 Uncommon trap: reason=unloaded action=reinterpret pc=0x00007feb092ae348 method=com.android.dx.ssa.SsaRenamer$BlockRenamer.visitMoveInsn(Lcom/android/dx/ssa/NormalSsaInsn;)V @ 208
Event: 1,057 Thread 0x00007feb18131800 Uncommon trap: reason=unstable_if action=reinterpret pc=0x00007feb091dd0fc method=java.util.BitSet.ensureCapacity(I)V @ 6

Internal exceptions (2 events):
Event: 0,059 Thread 0x00007feb1800a000 Exception <a 'java/lang/NoSuchMethodError': Method sun.misc.Unsafe.defineClass(Ljava/lang/String;[BII)Ljava/lang/Class; name or signature does not match> (0x00000000eab07cc0) thrown at [/ssd/Android/AOSP-openjdk/external/jetbrains/jdk/hotspot/src/share/vm
Event: 0,059 Thread 0x00007feb1800a000 Exception <a 'java/lang/NoSuchMethodError': Method sun.misc.Unsafe.prefetchRead(Ljava/lang/Object;J)V name or signature does not match> (0x00000000eab07fa8) thrown at [/ssd/Android/AOSP-openjdk/external/jetbrains/jdk/hotspot/src/share/vm/prims/jni.cpp, li

Events (10 events):
Event: 1,152 Thread 0x00007feb1800a000 DEOPT UNPACKING pc=0x00007feb09046f73 sp=0x00007feb21b0b548 mode 0
Event: 1,214 loading class java/util/TreeMap$EntrySet
Event: 1,214 loading class java/util/TreeMap$EntrySet done
Event: 1,214 loading class java/util/TreeMap$EntryIterator
Event: 1,230 loading class java/util/TreeMap$EntryIterator done
Event: 1,256 Thread 0x00007feb1800a000 DEOPT PACKING pc=0x00007feb0911e98a sp=0x00007feb21b0b860
Event: 1,256 Thread 0x00007feb1800a000 DEOPT UNPACKING pc=0x00007feb09046f73 sp=0x00007feb21b0b5d8 mode 0
Event: 1,403 Thread 0x00007feb1800a000 DEOPT PACKING pc=0x00007feb0911e98a sp=0x00007feb21b0b860
Event: 1,403 Thread 0x00007feb1800a000 DEOPT UNPACKING pc=0x00007feb09046f73 sp=0x00007feb21b0b5d8 mode 0
Event: 1,617 Executing VM operation: ParallelGCFailedAllocation


Dynamic libraries:
00400000-00401000 r-xp 00000000 08:01 117965799                          /usr/local/android-studio/jre/bin/java
00600000-00601000 r--p 00000000 08:01 117965799                          /usr/local/android-studio/jre/bin/java
00601000-00602000 rw-p 00001000 08:01 117965799                          /usr/local/android-studio/jre/bin/java
01238000-01259000 rw-p 00000000 00:00 0                                  [heap]
c0000000-ca800000 rw-p 00000000 00:00 0 
ca800000-eab00000 ---p 00000000 00:00 0 
eab00000-eff00000 rw-p 00000000 00:00 0 
eff00000-100000000 ---p 00000000 00:00 0 
100000000-1000a0000 rw-p 00000000 00:00 0 
1000a0000-140000000 ---p 00000000 00:00 0 
7feab4000000-7feab4021000 rw-p 00000000 00:00 0 
7feab4021000-7feab8000000 ---p 00000000 00:00 0 
7feab8000000-7feab8021000 rw-p 00000000 00:00 0 
7feab8021000-7feabc000000 ---p 00000000 00:00 0 
7feabc000000-7feabc021000 rw-p 00000000 00:00 0 
7feabc021000-7feac0000000 ---p 00000000 00:00 0 
7feac0000000-7feac0033000 rw-p 00000000 00:00 0 
7feac0033000-7feac4000000 ---p 00000000 00:00 0 
7feac4000000-7feac4021000 rw-p 00000000 00:00 0 
7feac4021000-7feac8000000 ---p 00000000 00:00 0 
7feac8000000-7feac804b000 rw-p 00000000 00:00 0 
7feac804b000-7feacc000000 ---p 00000000 00:00 0 
7feacc000000-7feacca71000 rw-p 00000000 00:00 0 
7feacca71000-7fead0000000 ---p 00000000 00:00 0 
7fead0000000-7fead0021000 rw-p 00000000 00:00 0 
7fead0021000-7fead4000000 ---p 00000000 00:00 0 
7fead4000000-7fead441e000 rw-p 00000000 00:00 0 
7fead441e000-7fead8000000 ---p 00000000 00:00 0 
7fead8000000-7fead86ef000 rw-p 00000000 00:00 0 
7fead86ef000-7feadc000000 ---p 00000000 00:00 0 
7feadc000000-7feadc021000 rw-p 00000000 00:00 0 
7feadc021000-7feae0000000 ---p 00000000 00:00 0 
7feae0000000-7feae0021000 rw-p 00000000 00:00 0 
7feae0021000-7feae4000000 ---p 00000000 00:00 0 
7feae4000000-7feae4021000 rw-p 00000000 00:00 0 
7feae4021000-7feae8000000 ---p 00000000 00:00 0 
7feae8000000-7feae8021000 rw-p 00000000 00:00 0 
7feae8021000-7feaec000000 ---p 00000000 00:00 0 
7feaec000000-7feaec021000 rw-p 00000000 00:00 0 
7feaec021000-7feaf0000000 ---p 00000000 00:00 0 
7feaf0000000-7feaf0021000 rw-p 00000000 00:00 0 
7feaf0021000-7feaf4000000 ---p 00000000 00:00 0 
7feaf4000000-7feaf4021000 rw-p 00000000 00:00 0 
7feaf4021000-7feaf8000000 ---p 00000000 00:00 0 
7feaf8000000-7feaf8284000 rw-p 00000000 00:00 0 
7feaf8284000-7feafc000000 ---p 00000000 00:00 0 
7feafc000000-7feafc021000 rw-p 00000000 00:00 0 
7feafc021000-7feb00000000 ---p 00000000 00:00 0 
7feb014f5000-7feb014f8000 ---p 00000000 00:00 0 
7feb014f8000-7feb015f6000 rw-p 00000000 00:00 0 
7feb015f6000-7feb015f9000 ---p 00000000 00:00 0 
7feb015f9000-7feb016f7000 rw-p 00000000 00:00 0 
7feb016f7000-7feb016fa000 ---p 00000000 00:00 0 
7feb016fa000-7feb017f8000 rw-p 00000000 00:00 0 
7feb017f8000-7feb017fb000 ---p 00000000 00:00 0 
7feb017fb000-7feb018f9000 rw-p 00000000 00:00 0 
7feb018f9000-7feb018fc000 ---p 00000000 00:00 0 
7feb018fc000-7feb019fa000 rw-p 00000000 00:00 0 
7feb019fa000-7feb019fb000 ---p 00000000 00:00 0 
7feb019fb000-7feb01afb000 rw-p 00000000 00:00 0 
7feb01afb000-7feb01afe000 ---p 00000000 00:00 0 
7feb01afe000-7feb01bfc000 rw-p 00000000 00:00 0 
7feb01bfc000-7feb01bff000 ---p 00000000 00:00 0 
7feb01bff000-7feb01cfd000 rw-p 00000000 00:00 0 
7feb01cfd000-7feb01d00000 ---p 00000000 00:00 0 
7feb01d00000-7feb01dfe000 rw-p 00000000 00:00 0 
7feb01dfe000-7feb01e01000 ---p 00000000 00:00 0 
7feb01e01000-7feb01eff000 rw-p 00000000 00:00 0 
7feb01eff000-7feb01f02000 ---p 00000000 00:00 0 
7feb01f02000-7feb04000000 rw-p 00000000 00:00 0 
7feb04000000-7feb04021000 rw-p 00000000 00:00 0 
7feb04021000-7feb08000000 ---p 00000000 00:00 0 
7feb0803b000-7feb089fa000 r--p 00000000 08:01 3939084                    /usr/lib/locale/locale-archive
7feb089fa000-7feb089fd000 ---p 00000000 00:00 0 
7feb089fd000-7feb08afb000 rw-p 00000000 00:00 0 
7feb08afb000-7feb08afe000 ---p 00000000 00:00 0 
7feb08afe000-7feb08bfc000 rw-p 00000000 00:00 0 
7feb08bfc000-7feb08bfd000 ---p 00000000 00:00 0 
7feb08bfd000-7feb09000000 rw-p 00000000 00:00 0 
7feb09000000-7feb093b0000 rwxp 00000000 00:00 0 
7feb093b0000-7feb18000000 ---p 00000000 00:00 0 
7feb18000000-7feb1838c000 rw-p 00000000 00:00 0 
7feb1838c000-7feb1c000000 ---p 00000000 00:00 0 
7feb1c007000-7feb1d30b000 rw-p 00000000 00:00 0 
7feb1d30b000-7feb1d4d8000 r--s 03bec000 08:01 117965856                  /usr/local/android-studio/jre/jre/lib/rt.jar
7feb1d4d8000-7feb1db8e000 rw-p 00000000 00:00 0 
7feb1db8e000-7feb1dd4e000 ---p 00000000 00:00 0 
7feb1dd4e000-7feb1df4e000 rw-p 00000000 00:00 0 
7feb1df4e000-7feb1df4f000 ---p 00000000 00:00 0 
7feb1df4f000-7feb1e04f000 rw-p 00000000 00:00 0 
7feb1e04f000-7feb1e050000 ---p 00000000 00:00 0 
7feb1e050000-7feb1e150000 rw-p 00000000 00:00 0 
7feb1e150000-7feb1e151000 ---p 00000000 00:00 0 
7feb1e151000-7feb1e251000 rw-p 00000000 00:00 0 
7feb1e251000-7feb1e252000 ---p 00000000 00:00 0 
7feb1e252000-7feb1e352000 rw-p 00000000 00:00 0 
7feb1e352000-7feb1e353000 ---p 00000000 00:00 0 
7feb1e353000-7feb1e453000 rw-p 00000000 00:00 0 
7feb1e453000-7feb1e454000 ---p 00000000 00:00 0 
7feb1e454000-7feb1e5a8000 rw-p 00000000 00:00 0 
7feb1e5a8000-7feb1e6aa000 ---p 00000000 00:00 0 
7feb1e6aa000-7feb1e6fe000 rw-p 00000000 00:00 0 
7feb1e6fe000-7feb1e7ff000 ---p 00000000 00:00 0 
7feb1e7ff000-7feb1e82a000 rw-p 00000000 00:00 0 
7feb1e82a000-7feb1e8aa000 ---p 00000000 00:00 0 
7feb1e8aa000-7feb1e8ba000 rw-p 00000000 00:00 0 
7feb1e8ba000-7feb1ec6b000 ---p 00000000 00:00 0 
7feb1ec6b000-7feb1ec85000 r-xp 00000000 08:01 117965883                  /usr/local/android-studio/jre/jre/lib/amd64/libzip.so
7feb1ec85000-7feb1ee85000 ---p 0001a000 08:01 117965883                  /usr/local/android-studio/jre/jre/lib/amd64/libzip.so
7feb1ee85000-7feb1ee86000 r--p 0001a000 08:01 117965883                  /usr/local/android-studio/jre/jre/lib/amd64/libzip.so
7feb1ee86000-7feb1ee87000 rw-p 0001b000 08:01 117965883                  /usr/local/android-studio/jre/jre/lib/amd64/libzip.so
7feb1ee87000-7feb1ee92000 r-xp 00000000 08:01 22286722                   /lib/x86_64-linux-gnu/libnss_files-2.23.so
7feb1ee92000-7feb1f091000 ---p 0000b000 08:01 22286722                   /lib/x86_64-linux-gnu/libnss_files-2.23.so
7feb1f091000-7feb1f092000 r--p 0000a000 08:01 22286722                   /lib/x86_64-linux-gnu/libnss_files-2.23.so
7feb1f092000-7feb1f093000 rw-p 0000b000 08:01 22286722                   /lib/x86_64-linux-gnu/libnss_files-2.23.so
7feb1f093000-7feb1f099000 rw-p 00000000 00:00 0 
7feb1f099000-7feb1f0a4000 r-xp 00000000 08:01 22286732                   /lib/x86_64-linux-gnu/libnss_nis-2.23.so
7feb1f0a4000-7feb1f2a3000 ---p 0000b000 08:01 22286732                   /lib/x86_64-linux-gnu/libnss_nis-2.23.so
7feb1f2a3000-7feb1f2a4000 r--p 0000a000 08:01 22286732                   /lib/x86_64-linux-gnu/libnss_nis-2.23.so
7feb1f2a4000-7feb1f2a5000 rw-p 0000b000 08:01 22286732                   /lib/x86_64-linux-gnu/libnss_nis-2.23.so
7feb1f2a5000-7feb1f2bb000 r-xp 00000000 08:01 22286716                   /lib/x86_64-linux-gnu/libnsl-2.23.so
7feb1f2bb000-7feb1f4ba000 ---p 00016000 08:01 22286716                   /lib/x86_64-linux-gnu/libnsl-2.23.so
7feb1f4ba000-7feb1f4bb000 r--p 00015000 08:01 22286716                   /lib/x86_64-linux-gnu/libnsl-2.23.so
7feb1f4bb000-7feb1f4bc000 rw-p 00016000 08:01 22286716                   /lib/x86_64-linux-gnu/libnsl-2.23.so
7feb1f4bc000-7feb1f4be000 rw-p 00000000 00:00 0 
7feb1f4be000-7feb1f4c6000 r-xp 00000000 08:01 22286718                   /lib/x86_64-linux-gnu/libnss_compat-2.23.so
7feb1f4c6000-7feb1f6c5000 ---p 00008000 08:01 22286718                   /lib/x86_64-linux-gnu/libnss_compat-2.23.so
7feb1f6c5000-7feb1f6c6000 r--p 00007000 08:01 22286718                   /lib/x86_64-linux-gnu/libnss_compat-2.23.so
7feb1f6c6000-7feb1f6c7000 rw-p 00008000 08:01 22286718                   /lib/x86_64-linux-gnu/libnss_compat-2.23.so
7feb1f6c7000-7feb1f6f4000 r-xp 00000000 08:01 117965893                  /usr/local/android-studio/jre/jre/lib/amd64/libjava.so
7feb1f6f4000-7feb1f8f3000 ---p 0002d000 08:01 117965893                  /usr/local/android-studio/jre/jre/lib/amd64/libjava.so
7feb1f8f3000-7feb1f8f4000 r--p 0002c000 08:01 117965893                  /usr/local/android-studio/jre/jre/lib/amd64/libjava.so
7feb1f8f4000-7feb1f8f6000 rw-p 0002d000 08:01 117965893                  /usr/local/android-studio/jre/jre/lib/amd64/libjava.so
7feb1f8f6000-7feb1f906000 r-xp 00000000 08:01 117965909                  /usr/local/android-studio/jre/jre/lib/amd64/libverify.so
7feb1f906000-7feb1fb05000 ---p 00010000 08:01 117965909                  /usr/local/android-studio/jre/jre/lib/amd64/libverify.so
7feb1fb05000-7feb1fb07000 r--p 0000f000 08:01 117965909                  /usr/local/android-studio/jre/jre/lib/amd64/libverify.so
7feb1fb07000-7feb1fb08000 rw-p 00011000 08:01 117965909                  /usr/local/android-studio/jre/jre/lib/amd64/libverify.so
7feb1fb08000-7feb1fb0f000 r-xp 00000000 08:01 22286777                   /lib/x86_64-linux-gnu/librt-2.23.so
7feb1fb0f000-7feb1fd0e000 ---p 00007000 08:01 22286777                   /lib/x86_64-linux-gnu/librt-2.23.so
7feb1fd0e000-7feb1fd0f000 r--p 00006000 08:01 22286777                   /lib/x86_64-linux-gnu/librt-2.23.so
7feb1fd0f000-7feb1fd10000 rw-p 00007000 08:01 22286777                   /lib/x86_64-linux-gnu/librt-2.23.so
7feb1fd10000-7feb1fe18000 r-xp 00000000 08:01 22286693                   /lib/x86_64-linux-gnu/libm-2.23.so
7feb1fe18000-7feb20017000 ---p 00108000 08:01 22286693                   /lib/x86_64-linux-gnu/libm-2.23.so
7feb20017000-7feb20018000 r--p 00107000 08:01 22286693                   /lib/x86_64-linux-gnu/libm-2.23.so
7feb20018000-7feb20019000 rw-p 00108000 08:01 22286693                   /lib/x86_64-linux-gnu/libm-2.23.so
7feb20019000-7feb20bff000 r-xp 00000000 08:01 117965913                  /usr/local/android-studio/jre/jre/lib/amd64/server/libjvm.so
7feb20bff000-7feb20dff000 ---p 00be6000 08:01 117965913                  /usr/local/android-studio/jre/jre/lib/amd64/server/libjvm.so
7feb20dff000-7feb20e9e000 r--p 00be6000 08:01 117965913                  /usr/local/android-studio/jre/jre/lib/amd64/server/libjvm.so
7feb20e9e000-7feb20ec7000 rw-p 00c85000 08:01 117965913                  /usr/local/android-studio/jre/jre/lib/amd64/server/libjvm.so
7feb20ec7000-7feb20f09000 rw-p 00000000 00:00 0 
7feb20f09000-7feb20f21000 r-xp 00000000 08:01 22286769                   /lib/x86_64-linux-gnu/libpthread-2.23.so
7feb20f21000-7feb21120000 ---p 00018000 08:01 22286769                   /lib/x86_64-linux-gnu/libpthread-2.23.so
7feb21120000-7feb21121000 r--p 00017000 08:01 22286769                   /lib/x86_64-linux-gnu/libpthread-2.23.so
7feb21121000-7feb21122000 rw-p 00018000 08:01 22286769                   /lib/x86_64-linux-gnu/libpthread-2.23.so
7feb21122000-7feb21126000 rw-p 00000000 00:00 0 
7feb21126000-7feb21129000 r-xp 00000000 08:01 22286647                   /lib/x86_64-linux-gnu/libdl-2.23.so
7feb21129000-7feb21328000 ---p 00003000 08:01 22286647                   /lib/x86_64-linux-gnu/libdl-2.23.so
7feb21328000-7feb21329000 r--p 00002000 08:01 22286647                   /lib/x86_64-linux-gnu/libdl-2.23.so
7feb21329000-7feb2132a000 rw-p 00003000 08:01 22286647                   /lib/x86_64-linux-gnu/libdl-2.23.so
7feb2132a000-7feb214ea000 r-xp 00000000 08:01 22286623                   /lib/x86_64-linux-gnu/libc-2.23.so
7feb214ea000-7feb216e9000 ---p 001c0000 08:01 22286623                   /lib/x86_64-linux-gnu/libc-2.23.so
7feb216e9000-7feb216ed000 r--p 001bf000 08:01 22286623                   /lib/x86_64-linux-gnu/libc-2.23.so
7feb216ed000-7feb216ef000 rw-p 001c3000 08:01 22286623                   /lib/x86_64-linux-gnu/libc-2.23.so
7feb216ef000-7feb216f3000 rw-p 00000000 00:00 0 
7feb216f3000-7feb21709000 r-xp 00000000 08:01 117965773                  /usr/local/android-studio/jre/lib/amd64/jli/libjli.so
7feb21709000-7feb21908000 ---p 00016000 08:01 117965773                  /usr/local/android-studio/jre/lib/amd64/jli/libjli.so
7feb21908000-7feb21909000 r--p 00015000 08:01 117965773                  /usr/local/android-studio/jre/lib/amd64/jli/libjli.so
7feb21909000-7feb2190a000 rw-p 00016000 08:01 117965773                  /usr/local/android-studio/jre/lib/amd64/jli/libjli.so
7feb2190a000-7feb21930000 r-xp 00000000 08:01 22286595                   /lib/x86_64-linux-gnu/ld-2.23.so
7feb21934000-7feb21a0d000 rw-p 00000000 00:00 0 
7feb21a0d000-7feb21a10000 ---p 00000000 00:00 0 
7feb21a10000-7feb21b12000 rw-p 00000000 00:00 0 
7feb21b15000-7feb21b23000 r--s 000e0000 08:01 106696168                  /home/n3v10t/Android/Sdk/build-tools/24.0.1/lib/dx.jar
7feb21b23000-7feb21b2b000 rw-s 00000000 08:01 107088978                  /tmp/hsperfdata_n3v10t/22523
7feb21b2b000-7feb21b2c000 rw-p 00000000 00:00 0 
7feb21b2c000-7feb21b2d000 ---p 00000000 00:00 0 
7feb21b2d000-7feb21b2f000 rw-p 00000000 00:00 0 
7feb21b2f000-7feb21b30000 r--p 00025000 08:01 22286595                   /lib/x86_64-linux-gnu/ld-2.23.so
7feb21b30000-7feb21b31000 rw-p 00026000 08:01 22286595                   /lib/x86_64-linux-gnu/ld-2.23.so
7feb21b31000-7feb21b32000 rw-p 00000000 00:00 0 
7ffeb36c9000-7ffeb36eb000 rw-p 00000000 00:00 0                          [stack]
7ffeb372b000-7ffeb372d000 r--p 00000000 00:00 0                          [vvar]
7ffeb372d000-7ffeb372f000 r-xp 00000000 00:00 0                          [vdso]
ffffffffff600000-ffffffffff601000 r-xp 00000000 00:00 0                  [vsyscall]

VM Arguments:
jvm_args: -Djava.awt.headless=true -Xmx1024M -Dfile.encoding=UTF-8 -Duser.country=US -Duser.language=en -Duser.variant 
java_command: com.android.dx.command.Main --dex --force-jumbo --num-threads=4 --multi-dex --output /home/n3v10t/Android-Projects/BumbleBeeM/app/build/intermediates/transforms/dex/debug/folders/1000/5/slice_4 /home/n3v10t/Android-Projects/BumbleBeeM/app/build/intermediates/transforms/instantRunSlicer/debug/folders/1/5/slice_4
java_class_path (initial): /home/n3v10t/Android/Sdk/build-tools/24.0.1/lib/dx.jar
Launcher Type: SUN_STANDARD

Environment Variables:
PATH=/home/n3v10t/bin:/home/n3v10t/.local/bin:/usr/local/sbin:/usr/local/bin:/usr/sbin:/usr/bin:/sbin:/bin:/usr/games:/usr/local/games:/snap/bin
LD_LIBRARY_PATH=.:
SHELL=/bin/bash
DISPLAY=:0

Signal Handlers:
SIGSEGV: [libjvm.so+0x9daac0], sa_mask[0]=11111111011111111101111111111110, sa_flags=SA_RESTART|SA_SIGINFO
SIGBUS: [libjvm.so+0x9daac0], sa_mask[0]=11111111011111111101111111111110, sa_flags=SA_RESTART|SA_SIGINFO
SIGFPE: [libjvm.so+0x840d90], sa_mask[0]=11111111011111111101111111111110, sa_flags=SA_RESTART|SA_SIGINFO
SIGPIPE: [libjvm.so+0x840d90], sa_mask[0]=11111111011111111101111111111110, sa_flags=SA_RESTART|SA_SIGINFO
SIGXFSZ: [libjvm.so+0x840d90], sa_mask[0]=11111111011111111101111111111110, sa_flags=SA_RESTART|SA_SIGINFO
SIGILL: [libjvm.so+0x840d90], sa_mask[0]=11111111011111111101111111111110, sa_flags=SA_RESTART|SA_SIGINFO
SIGUSR1: SIG_DFL, sa_mask[0]=00000000000000000000000000000000, sa_flags=none
SIGUSR2: [libjvm.so+0x840c60], sa_mask[0]=00100000000000000000000000000000, sa_flags=SA_RESTART|SA_SIGINFO
SIGHUP: [libjvm.so+0x840e50], sa_mask[0]=11111111011111111101111111111110, sa_flags=SA_RESTART|SA_SIGINFO
SIGINT: [libjvm.so+0x840e50], sa_mask[0]=11111111011111111101111111111110, sa_flags=SA_RESTART|SA_SIGINFO
SIGTERM: [libjvm.so+0x840e50], sa_mask[0]=11111111011111111101111111111110, sa_flags=SA_RESTART|SA_SIGINFO
SIGQUIT: [libjvm.so+0x840e50], sa_mask[0]=11111111011111111101111111111110, sa_flags=SA_RESTART|SA_SIGINFO


---------------  S Y S T E M  ---------------

OS:DISTRIB_ID=Ubuntu
DISTRIB_RELEASE=16.04
DISTRIB_CODENAME=xenial
DISTRIB_DESCRIPTION="Ubuntu 16.04.1 LTS"

uname:Linux 4.4.0-42-generic #62-Ubuntu SMP Fri Oct 7 23:11:45 UTC 2016 x86_64
libc:glibc 2.23 NPTL 2.23 
rlimit: STACK 8192k, CORE 0k, NPROC 63770, NOFILE 65536, AS infinity
load average:3,30 1,14 0,80

/proc/meminfo:
MemTotal:       16431440 kB
MemFree:         5575624 kB
MemAvailable:   12695412 kB
Buffers:          279376 kB
Cached:          6838380 kB
SwapCached:            0 kB
Active:          8137332 kB
Inactive:        2112744 kB
Active(anon):    3134064 kB
Inactive(anon):    62916 kB
Active(file):    5003268 kB
Inactive(file):  2049828 kB
Unevictable:          64 kB
Mlocked:              64 kB
SwapTotal:      16774140 kB
SwapFree:       16774140 kB
Dirty:             24700 kB
Writeback:             0 kB
AnonPages:       3136664 kB
Mapped:           368004 kB
Shmem:             64664 kB
Slab:             448884 kB
SReclaimable:     403980 kB
SUnreclaim:        44904 kB
KernelStack:       13808 kB
PageTables:        49588 kB
NFS_Unstable:          0 kB
Bounce:                0 kB
WritebackTmp:          0 kB
CommitLimit:    24989860 kB
Committed_AS:    9427860 kB
VmallocTotal:   34359738367 kB
VmallocUsed:           0 kB
VmallocChunk:          0 kB
HardwareCorrupted:     0 kB
AnonHugePages:   1591296 kB
CmaTotal:              0 kB
CmaFree:               0 kB
HugePages_Total:       0
HugePages_Free:        0
HugePages_Rsvd:        0
HugePages_Surp:        0
Hugepagesize:       2048 kB
DirectMap4k:      209472 kB
DirectMap2M:     6080512 kB
DirectMap1G:    10485760 kB


CPU:total 6 (6 cores per cpu, 1 threads per core) family 16 model 10 stepping 0, cmov, cx8, fxsr, mmx, sse, sse2, sse3, popcnt, mmxext, 3dnowpref, lzcnt, sse4a, tsc, tscinvbit, tscinv

/proc/cpuinfo:
processor	: 0
vendor_id	: AuthenticAMD
cpu family	: 16
model		: 10
model name	: AMD Phenom(tm) II X6 1090T Processor
stepping	: 0
microcode	: 0x10000bf
cpu MHz		: 3200.000
cache size	: 512 KB
physical id	: 0
siblings	: 6
core id		: 0
cpu cores	: 6
apicid		: 0
initial apicid	: 0
fpu		: yes
fpu_exception	: yes
cpuid level	: 6
wp		: yes
flags		: fpu vme de pse tsc msr pae mce cx8 apic sep mtrr pge mca cmov pat pse36 clflush mmx fxsr sse sse2 ht syscall nx mmxext fxsr_opt pdpe1gb rdtscp lm 3dnowext 3dnow constant_tsc rep_good nopl nonstop_tsc extd_apicid aperfmperf pni monitor cx16 popcnt lahf_lm cmp_legacy svm extapic cr8_legacy abm sse4a misalignsse 3dnowprefetch osvw ibs skinit wdt cpb hw_pstate vmmcall npt lbrv svm_lock nrip_save pausefilter
bugs		: tlb_mmatch apic_c1e fxsave_leak sysret_ss_attrs
bogomips	: 7449.35
TLB size	: 1024 4K pages
clflush size	: 64
cache_alignment	: 64
address sizes	: 48 bits physical, 48 bits virtual
power management: ts ttp tm stc 100mhzsteps hwpstate cpb

processor	: 1
vendor_id	: AuthenticAMD
cpu family	: 16
model		: 10
model name	: AMD Phenom(tm) II X6 1090T Processor
stepping	: 0
microcode	: 0x10000bf
cpu MHz		: 3200.000
cache size	: 512 KB
physical id	: 0
siblings	: 6
core id		: 1
cpu cores	: 6
apicid		: 1
initial apicid	: 1
fpu		: yes
fpu_exception	: yes
cpuid level	: 6
wp		: yes
flags		: fpu vme de pse tsc msr pae mce cx8 apic sep mtrr pge mca cmov pat pse36 clflush mmx fxsr sse sse2 ht syscall nx mmxext fxsr_opt pdpe1gb rdtscp lm 3dnowext 3dnow constant_tsc rep_good nopl nonstop_tsc extd_apicid aperfmperf pni monitor cx16 popcnt lahf_lm cmp_legacy svm extapic cr8_legacy abm sse4a misalignsse 3dnowprefetch osvw ibs skinit wdt cpb hw_pstate vmmcall npt lbrv svm_lock nrip_save pausefilter
bugs		: tlb_mmatch apic_c1e fxsave_leak sysret_ss_attrs
bogomips	: 7449.35
TLB size	: 1024 4K pages
clflush size	: 64
cache_alignment	: 64
address sizes	: 48 bits physical, 48 bits virtual
power management: ts ttp tm stc 100mhzsteps hwpstate cpb

processor	: 2
vendor_id	: AuthenticAMD
cpu family	: 16
model		: 10
model name	: AMD Phenom(tm) II X6 1090T Processor
stepping	: 0
microcode	: 0x10000bf
cpu MHz		: 3200.000
cache size	: 512 KB
physical id	: 0
siblings	: 6
core id		: 2
cpu cores	: 6
apicid		: 2
initial apicid	: 2
fpu		: yes
fpu_exception	: yes
cpuid level	: 6
wp		: yes
flags		: fpu vme de pse tsc msr pae mce cx8 apic sep mtrr pge mca cmov pat pse36 clflush mmx fxsr sse sse2 ht syscall nx mmxext fxsr_opt pdpe1gb rdtscp lm 3dnowext 3dnow constant_tsc rep_good nopl nonstop_tsc extd_apicid aperfmperf pni monitor cx16 popcnt lahf_lm cmp_legacy svm extapic cr8_legacy abm sse4a misalignsse 3dnowprefetch osvw ibs skinit wdt cpb hw_pstate vmmcall npt lbrv svm_lock nrip_save pausefilter
bugs		: tlb_mmatch apic_c1e fxsave_leak sysret_ss_attrs
bogomips	: 7449.35
TLB size	: 1024 4K pages
clflush size	: 64
cache_alignment	: 64
address sizes	: 48 bits physical, 48 bits virtual
power management: ts ttp tm stc 100mhzsteps hwpstate cpb

processor	: 3
vendor_id	: AuthenticAMD
cpu family	: 16
model		: 10
model name	: AMD Phenom(tm) II X6 1090T Processor
stepping	: 0
microcode	: 0x10000bf
cpu MHz		: 3200.000
cache size	: 512 KB
physical id	: 0
siblings	: 6
core id		: 3
cpu cores	: 6
apicid		: 3
initial apicid	: 3
fpu		: yes
fpu_exception	: yes
cpuid level	: 6
wp		: yes
flags		: fpu vme de pse tsc msr pae mce cx8 apic sep mtrr pge mca cmov pat pse36 clflush mmx fxsr sse sse2 ht syscall nx mmxext fxsr_opt pdpe1gb rdtscp lm 3dnowext 3dnow constant_tsc rep_good nopl nonstop_tsc extd_apicid aperfmperf pni monitor cx16 popcnt lahf_lm cmp_legacy svm extapic cr8_legacy abm sse4a misalignsse 3dnowprefetch osvw ibs skinit wdt cpb hw_pstate vmmcall npt lbrv svm_lock nrip_save pausefilter
bugs		: tlb_mmatch apic_c1e fxsave_leak sysret_ss_attrs
bogomips	: 7449.35
TLB size	: 1024 4K pages
clflush size	: 64
cache_alignment	: 64
address sizes	: 48 bits physical, 48 bits virtual
power management: ts ttp tm stc 100mhzsteps hwpstate cpb

processor	: 4
vendor_id	: AuthenticAMD
cpu family	: 16
model		: 10
model name	: AMD Phenom(tm) II X6 1090T Processor
stepping	: 0
microcode	: 0x10000bf
cpu MHz		: 3200.000
cache size	: 512 KB
physical id	: 0
siblings	: 6
core id		: 4
cpu cores	: 6
apicid		: 4
initial apicid	: 4
fpu		: yes
fpu_exception	: yes
cpuid level	: 6
wp		: yes
flags		: fpu vme de pse tsc msr pae mce cx8 apic sep mtrr pge mca cmov pat pse36 clflush mmx fxsr sse sse2 ht syscall nx mmxext fxsr_opt pdpe1gb rdtscp lm 3dnowext 3dnow constant_tsc rep_good nopl nonstop_tsc extd_apicid aperfmperf pni monitor cx16 popcnt lahf_lm cmp_legacy svm extapic cr8_legacy abm sse4a misalignsse 3dnowprefetch osvw ibs skinit wdt cpb hw_pstate vmmcall npt lbrv svm_lock nrip_save pausefilter
bugs		: tlb_mmatch apic_c1e fxsave_leak sysret_ss_attrs
bogomips	: 7449.35
TLB size	: 1024 4K pages
clflush size	: 64
cache_alignment	: 64
address sizes	: 48 bits physical, 48 bits virtual
power management: ts ttp tm stc 100mhzsteps hwpstate cpb

processor	: 5
vendor_id	: AuthenticAMD
cpu family	: 16
model		: 10
model name	: AMD Phenom(tm) II X6 1090T Processor
stepping	: 0
microcode	: 0x10000bf
cpu MHz		: 3200.000
cache size	: 512 KB
physical id	: 0
siblings	: 6
core id		: 5
cpu cores	: 6
apicid		: 5
initial apicid	: 5
fpu		: yes
fpu_exception	: yes
cpuid level	: 6
wp		: yes
flags		: fpu vme de pse tsc msr pae mce cx8 apic sep mtrr pge mca cmov pat pse36 clflush mmx fxsr sse sse2 ht syscall nx mmxext fxsr_opt pdpe1gb rdtscp lm 3dnowext 3dnow constant_tsc rep_good nopl nonstop_tsc extd_apicid aperfmperf pni monitor cx16 popcnt lahf_lm cmp_legacy svm extapic cr8_legacy abm sse4a misalignsse 3dnowprefetch osvw ibs skinit wdt cpb hw_pstate vmmcall npt lbrv svm_lock nrip_save pausefilter
bugs		: tlb_mmatch apic_c1e fxsave_leak sysret_ss_attrs
bogomips	: 7449.35
TLB size	: 1024 4K pages
clflush size	: 64
cache_alignment	: 64
address sizes	: 48 bits physical, 48 bits virtual
power management: ts ttp tm stc 100mhzsteps hwpstate cpb



Memory: 4k page, physical 16431440k(5575624k free), swap 16774140k(16774140k free)

vm_info: OpenJDK 64-Bit Server VM (25.76-b03) for linux-amd64 JRE (1.8.0_76-release-b03), built on Jun 29 2016 09:39:19 by "builder" with gcc 4.8.4

time: Thu Oct 20 13:19:59 2016
elapsed time: 1 seconds (0d 0h 0m 1s)

